#
# There is insufficient memory for the Java Runtime Environment to continue.
# Native memory allocation (malloc) failed to allocate 1123376 bytes for Chunk::new
# Possible reasons:
#   The system is out of physical RAM or swap space
#   The process is running with CompressedOops enabled, and the Java Heap may be blocking the growth of the native heap
# Possible solutions:
#   Reduce memory load on the system
#   Increase physical memory or swap space
#   Check if swap backing store is full
#   Decrease Java heap size (-Xmx/-Xms)
#   Decrease number of Java threads
#   Decrease Java thread stack sizes (-Xss)
#   Set larger code cache with -XX:ReservedCodeCacheSize=
#   JVM is running with Unscaled Compressed Oops mode in which the Java heap is
#     placed in the first 4GB address space. The Java Heap base address is the
#     maximum limit for the native heap growth. Please use -XX:HeapBaseMinAddress
#     to set the Java Heap base and to place the Java Heap above 4GB virtual address.
# This output file may be truncated or incomplete.
#
#  Out of Memory Error (arena.cpp:189), pid=19712, tid=27468
#
# JRE version: OpenJDK Runtime Environment Microsoft-8035246 (17.0.8+7) (build 17.0.8+7-LTS)
# Java VM: OpenJDK 64-Bit Server VM Microsoft-8035246 (17.0.8+7-LTS, mixed mode, sharing, tiered, compressed oops, compressed class ptrs, g1 gc, windows-amd64)
# No core dump will be written. Minidumps are not enabled by default on client versions of Windows
#

---------------  S U M M A R Y ------------

Command Line: -XX:MaxMetaspaceSize=512m --add-opens=java.base/java.util=ALL-UNNAMED --add-opens=java.base/java.lang=ALL-UNNAMED --add-opens=java.base/java.lang.invoke=ALL-UNNAMED --add-opens=java.prefs/java.util.prefs=ALL-UNNAMED --add-opens=java.base/java.nio.charset=ALL-UNNAMED --add-opens=java.base/java.net=ALL-UNNAMED --add-opens=java.base/java.util.concurrent.atomic=ALL-UNNAMED -Xmx2048m -Dfile.encoding=utf8 -Duser.country=IN -Duser.language=en -Duser.variant -javaagent:C:\Users\ASIM GOPE\.gradle\wrapper\dists\gradle-8.6-all\3mbtmo166bl6vumsh5k2lkq5h\gradle-8.6\lib\agents\gradle-instrumentation-agent-8.6.jar org.gradle.launcher.daemon.bootstrap.GradleDaemon 8.6

Host: Intel(R) Core(TM) i5-9300H CPU @ 2.40GHz, 8 cores, 7G,  Windows 11 , 64 bit Build 22621 (10.0.22621.3672)
Time: Tue Jul 23 17:29:09 2024 India Standard Time elapsed time: 67.674467 seconds (0d 0h 1m 7s)

---------------  T H R E A D  ---------------

Current thread (0x000001f87f105110):  JavaThread "C2 CompilerThread0" daemon [_thread_in_native, id=27468, stack(0x000000260d600000,0x000000260d700000)]


Current CompileTask:
C2:  67674 14741       4       org.gradle.internal.service.DefaultServiceRegistry$SingletonService::get (5 bytes)

Stack: [0x000000260d600000,0x000000260d700000]
Native frames: (J=compiled Java code, j=interpreted, Vv=VM code, C=native code)
V  [jvm.dll+0x67bf3a]
V  [jvm.dll+0x83a024]
V  [jvm.dll+0x83b7ce]
V  [jvm.dll+0x83be33]
V  [jvm.dll+0x24785f]
V  [jvm.dll+0xac3bc]
V  [jvm.dll+0xac98c]
V  [jvm.dll+0x3680b2]
V  [jvm.dll+0x332451]
V  [jvm.dll+0x3318fa]
V  [jvm.dll+0x21a131]
V  [jvm.dll+0x219551]
V  [jvm.dll+0x1a56b6]
V  [jvm.dll+0x2291ea]
V  [jvm.dll+0x22724c]
V  [jvm.dll+0x7efd0c]
V  [jvm.dll+0x7ea13a]
V  [jvm.dll+0x67ad85]
C  [ucrtbase.dll+0x29333]
C  [KERNEL32.DLL+0x1257d]
C  [ntdll.dll+0x5af28]


---------------  P R O C E S S  ---------------

Threads class SMR info:
_java_thread_list=0x000001f838676510, length=105, elements={
0x000001f86fc70260, 0x000001f87f0ca660, 0x000001f87f0cb4e0, 0x000001f87f0dea40,
0x000001f87f0e1420, 0x000001f87f0e2600, 0x000001f87f1037f0, 0x000001f87f105110,
0x000001f87f1071e0, 0x000001f87f10a620, 0x000001f87f311d30, 0x000001f87f4ac480,
0x000001f82e9750a0, 0x000001f82eabb090, 0x000001f82ef8a430, 0x000001f82f1a19e0,
0x000001f82f1a1ec0, 0x000001f82f1e56a0, 0x000001f82f1e6ae0, 0x000001f82f1e5bb0,
0x000001f82f1e4c80, 0x000001f82f1e65d0, 0x000001f82f1e4260, 0x000001f82f1e6ff0,
0x000001f82f1e7500, 0x000001f82f1e3d50, 0x000001f82f1e4770, 0x000001f82f2e7bd0,
0x000001f82f2e8b00, 0x000001f82f2e76c0, 0x000001f82f2ea960, 0x000001f82f2e9a30,
0x000001f82f2e9f40, 0x000001f82f2ebda0, 0x000001f82f2e9010, 0x000001f82f2eae70,
0x000001f82f2e6280, 0x000001f82f2ea450, 0x000001f82f2eb380, 0x000001f82f2eb890,
0x000001f82f2ec7c0, 0x000001f82f2e6ca0, 0x000001f82f2e5350, 0x000001f82f2eccd0,
0x000001f831e43910, 0x000001f831e45770, 0x000001f831e45260, 0x000001f831e46bb0,
0x000001f831e466a0, 0x000001f831e44840, 0x000001f831e43400, 0x000001f831e44d50,
0x000001f831e43e20, 0x000001f831e44330, 0x000001f830bfc740, 0x000001f830bfe090,
0x000001f830bf8a80, 0x000001f830bf94a0, 0x000001f830bfdb80, 0x000001f830bfeab0,
0x000001f830bfb300, 0x000001f830bfd670, 0x000001f830bff4d0, 0x000001f830bfefc0,
0x000001f830bfd160, 0x000001f830bf8060, 0x000001f830bf8f90, 0x000001f830bfbd20,
0x000001f830bfc230, 0x000001f830bfb810, 0x000001f830bfcc50, 0x000001f830bfe5a0,
0x000001f830bff9e0, 0x000001f830bf8570, 0x000001f830bf99b0, 0x000001f830bf9ec0,
0x000001f830bfa3d0, 0x000001f830bfa8e0, 0x000001f830bfadf0, 0x000001f8319b5ec0,
0x000001f8319b63d0, 0x000001f8319b08b0, 0x000001f8319afe90, 0x000001f8319b68e0,
0x000001f8319b3130, 0x000001f8319af470, 0x000001f8319b2200, 0x000001f8319b12d0,
0x000001f8319b3640, 0x000001f8319b0dc0, 0x000001f8319b6df0, 0x000001f8319af980,
0x000001f8319b4060, 0x000001f8319b1cf0, 0x000001f8319b2710, 0x000001f8319b4570,
0x000001f8319b54a0, 0x000001f8319b4a80, 0x000001f8319b59b0, 0x000001f82f1e60c0,
0x000001f87f423a40, 0x000001f87f423f50, 0x000001f87f420290, 0x000001f87f425390,
0x000001f83280dd10
}

Java Threads: ( => current thread )
  0x000001f86fc70260 JavaThread "main" [_thread_blocked, id=17688, stack(0x000000260c900000,0x000000260ca00000)]
  0x000001f87f0ca660 JavaThread "Reference Handler" daemon [_thread_blocked, id=19296, stack(0x000000260d000000,0x000000260d100000)]
  0x000001f87f0cb4e0 JavaThread "Finalizer" daemon [_thread_blocked, id=22184, stack(0x000000260d100000,0x000000260d200000)]
  0x000001f87f0dea40 JavaThread "Signal Dispatcher" daemon [_thread_blocked, id=7532, stack(0x000000260d200000,0x000000260d300000)]
  0x000001f87f0e1420 JavaThread "Attach Listener" daemon [_thread_blocked, id=7160, stack(0x000000260d300000,0x000000260d400000)]
  0x000001f87f0e2600 JavaThread "Service Thread" daemon [_thread_blocked, id=23608, stack(0x000000260d400000,0x000000260d500000)]
  0x000001f87f1037f0 JavaThread "Monitor Deflation Thread" daemon [_thread_blocked, id=21852, stack(0x000000260d500000,0x000000260d600000)]
=>0x000001f87f105110 JavaThread "C2 CompilerThread0" daemon [_thread_in_native, id=27468, stack(0x000000260d600000,0x000000260d700000)]
  0x000001f87f1071e0 JavaThread "C1 CompilerThread0" daemon [_thread_blocked, id=15548, stack(0x000000260d700000,0x000000260d800000)]
  0x000001f87f10a620 JavaThread "Sweeper thread" daemon [_thread_blocked, id=15820, stack(0x000000260d800000,0x000000260d900000)]
  0x000001f87f311d30 JavaThread "Common-Cleaner" daemon [_thread_blocked, id=296, stack(0x000000260d900000,0x000000260da00000)]
  0x000001f87f4ac480 JavaThread "Notification Thread" daemon [_thread_blocked, id=9988, stack(0x000000260da00000,0x000000260db00000)]
  0x000001f82e9750a0 JavaThread "Daemon health stats" [_thread_blocked, id=4520, stack(0x000000260e000000,0x000000260e100000)]
  0x000001f82eabb090 JavaThread "Incoming local TCP Connector on port 58125" [_thread_in_native, id=4812, stack(0x000000260e100000,0x000000260e200000)]
  0x000001f82ef8a430 JavaThread "Daemon periodic checks" [_thread_blocked, id=16656, stack(0x000000260e200000,0x000000260e300000)]
  0x000001f82f1a19e0 JavaThread "Daemon" [_thread_blocked, id=17748, stack(0x000000260e300000,0x000000260e400000)]
  0x000001f82f1a1ec0 JavaThread "Handler for socket connection from /127.0.0.1:58125 to /127.0.0.1:58126" [_thread_in_native, id=5200, stack(0x000000260e400000,0x000000260e500000)]
  0x000001f82f1e56a0 JavaThread "Cancel handler" [_thread_blocked, id=18228, stack(0x000000260e500000,0x000000260e600000)]
  0x000001f82f1e6ae0 JavaThread "Daemon worker" [_thread_in_vm, id=23128, stack(0x000000260e600000,0x000000260e700000)]
  0x000001f82f1e5bb0 JavaThread "Asynchronous log dispatcher for DefaultDaemonConnection: socket connection from /127.0.0.1:58125 to /127.0.0.1:58126" [_thread_blocked, id=23344, stack(0x000000260e700000,0x000000260e800000)]
  0x000001f82f1e4c80 JavaThread "Daemon client event forwarder" [_thread_blocked, id=27120, stack(0x000000260e900000,0x000000260ea00000)]
  0x000001f82f1e65d0 JavaThread "Cache worker for journal cache (C:\Users\ASIM GOPE\.gradle\caches\journal-1)" [_thread_blocked, id=26808, stack(0x000000260ea00000,0x000000260eb00000)]
  0x000001f82f1e4260 JavaThread "File lock request listener" [_thread_in_native, id=5968, stack(0x000000260eb00000,0x000000260ec00000)]
  0x000001f82f1e6ff0 JavaThread "Cache worker for file hash cache (C:\Users\ASIM GOPE\.gradle\caches\8.6\fileHashes)" [_thread_blocked, id=13668, stack(0x000000260ec00000,0x000000260ed00000)]
  0x000001f82f1e7500 JavaThread "File watcher server" daemon [_thread_in_native, id=18456, stack(0x000000260f000000,0x000000260f100000)]
  0x000001f82f1e3d50 JavaThread "File watcher consumer" daemon [_thread_blocked, id=16488, stack(0x000000260f100000,0x000000260f200000)]
  0x000001f82f1e4770 JavaThread "jar transforms" [_thread_blocked, id=9832, stack(0x000000260f300000,0x000000260f400000)]
  0x000001f82f2e7bd0 JavaThread "jar transforms Thread 2" [_thread_blocked, id=10264, stack(0x000000260f400000,0x000000260f500000)]
  0x000001f82f2e8b00 JavaThread "jar transforms Thread 3" [_thread_blocked, id=9780, stack(0x000000260f500000,0x000000260f600000)]
  0x000001f82f2e76c0 JavaThread "Cache worker for checksums cache (A:\dev--\Saswatsir\Protime2\ProtimeESS\android\.gradle\8.6\checksums)" [_thread_blocked, id=16780, stack(0x000000260f700000,0x000000260f800000)]
  0x000001f82f2ea960 JavaThread "Cache worker for file hash cache (A:\dev--\Saswatsir\Protime2\ProtimeESS\android\.gradle\8.6\fileHashes)" [_thread_blocked, id=13276, stack(0x000000260f800000,0x000000260f900000)]
  0x000001f82f2e9a30 JavaThread "Cache worker for cache directory md-supplier (C:\Users\ASIM GOPE\.gradle\caches\8.6\md-supplier)" [_thread_blocked, id=24044, stack(0x000000260f900000,0x000000260fa00000)]
  0x000001f82f2e9f40 JavaThread "Cache worker for cache directory md-rule (C:\Users\ASIM GOPE\.gradle\caches\8.6\md-rule)" [_thread_blocked, id=10416, stack(0x000000260fa00000,0x000000260fb00000)]
  0x000001f82f2ebda0 JavaThread "Cache worker for file content cache (C:\Users\ASIM GOPE\.gradle\caches\8.6\fileContent)" [_thread_blocked, id=21640, stack(0x000000260fb00000,0x000000260fc00000)]
  0x000001f82f2e9010 JavaThread "jar transforms Thread 4" [_thread_blocked, id=24784, stack(0x000000260fc00000,0x000000260fd00000)]
  0x000001f82f2eae70 JavaThread "jar transforms Thread 5" [_thread_blocked, id=25372, stack(0x000000260fd00000,0x000000260fe00000)]
  0x000001f82f2e6280 JavaThread "jar transforms Thread 6" [_thread_blocked, id=19384, stack(0x000000260fe00000,0x000000260ff00000)]
  0x000001f82f2ea450 JavaThread "jar transforms Thread 7" [_thread_blocked, id=25556, stack(0x000000260ff00000,0x0000002610000000)]
  0x000001f82f2eb380 JavaThread "jar transforms Thread 8" [_thread_blocked, id=21864, stack(0x0000002610000000,0x0000002610100000)]
  0x000001f82f2eb890 JavaThread "Exec process" [_thread_blocked, id=26180, stack(0x0000002610100000,0x0000002610200000)]
  0x000001f82f2ec7c0 JavaThread "Exec process Thread 2" [_thread_blocked, id=6032, stack(0x0000002610200000,0x0000002610300000)]
  0x000001f82f2e6ca0 JavaThread "Exec process Thread 3" [_thread_blocked, id=21020, stack(0x0000002610300000,0x0000002610400000)]
  0x000001f82f2e5350 JavaThread "Unconstrained build operations" [_thread_blocked, id=27708, stack(0x000000260f600000,0x000000260f700000)]
  0x000001f82f2eccd0 JavaThread "Unconstrained build operations Thread 2" [_thread_blocked, id=27712, stack(0x0000002610400000,0x0000002610500000)]
  0x000001f831e43910 JavaThread "Cache worker for Build Output Cleanup Cache (A:\dev--\Saswatsir\Protime2\ProtimeESS\node_modules\@react-native\gradle-plugin\.gradle\buildOutputCleanup)" [_thread_blocked, id=28500, stack(0x0000002610600000,0x0000002610700000)]
  0x000001f831e45770 JavaThread "Unconstrained build operations Thread 3" [_thread_blocked, id=28532, stack(0x0000002610700000,0x0000002610800000)]
  0x000001f831e45260 JavaThread "Unconstrained build operations Thread 4" [_thread_blocked, id=28536, stack(0x0000002610800000,0x0000002610900000)]
  0x000001f831e46bb0 JavaThread "Unconstrained build operations Thread 5" [_thread_blocked, id=28540, stack(0x0000002610900000,0x0000002610a00000)]
  0x000001f831e466a0 JavaThread "Unconstrained build operations Thread 6" [_thread_blocked, id=28544, stack(0x0000002610a00000,0x0000002610b00000)]
  0x000001f831e44840 JavaThread "Unconstrained build operations Thread 7" [_thread_blocked, id=28548, stack(0x0000002610b00000,0x0000002610c00000)]
  0x000001f831e43400 JavaThread "Unconstrained build operations Thread 8" [_thread_blocked, id=28552, stack(0x0000002610c00000,0x0000002610d00000)]
  0x000001f831e44d50 JavaThread "Unconstrained build operations Thread 9" [_thread_blocked, id=28556, stack(0x0000002610d00000,0x0000002610e00000)]
  0x000001f831e43e20 JavaThread "build event listener" [_thread_blocked, id=27760, stack(0x0000002610e00000,0x0000002610f00000)]
  0x000001f831e44330 JavaThread "Memory manager" [_thread_blocked, id=27784, stack(0x0000002611100000,0x0000002611200000)]
  0x000001f830bfc740 JavaThread "Cache worker for Build Output Cleanup Cache (A:\dev--\Saswatsir\Protime2\ProtimeESS\android\.gradle\buildOutputCleanup)" [_thread_blocked, id=27924, stack(0x0000002611200000,0x0000002611300000)]
  0x000001f830bfe090 JavaThread "ForkJoinPool.commonPool-worker-1" daemon [_thread_blocked, id=27928, stack(0x0000002611300000,0x0000002611400000)]
  0x000001f830bf8a80 JavaThread "ForkJoinPool.commonPool-worker-2" daemon [_thread_blocked, id=27932, stack(0x0000002611400000,0x0000002611500000)]
  0x000001f830bf94a0 JavaThread "ForkJoinPool.commonPool-worker-3" daemon [_thread_blocked, id=27936, stack(0x0000002611500000,0x0000002611600000)]
  0x000001f830bfdb80 JavaThread "ForkJoinPool.commonPool-worker-4" daemon [_thread_blocked, id=27944, stack(0x0000002611600000,0x0000002611700000)]
  0x000001f830bfeab0 JavaThread "ForkJoinPool.commonPool-worker-5" daemon [_thread_blocked, id=27948, stack(0x0000002611700000,0x0000002611800000)]
  0x000001f830bfb300 JavaThread "ForkJoinPool.commonPool-worker-6" daemon [_thread_blocked, id=27952, stack(0x0000002611800000,0x0000002611900000)]
  0x000001f830bfd670 JavaThread "ForkJoinPool.commonPool-worker-7" daemon [_thread_blocked, id=27956, stack(0x0000002611900000,0x0000002611a00000)]
  0x000001f830bff4d0 JavaThread "included builds" [_thread_blocked, id=28008, stack(0x0000002611a00000,0x0000002611b00000)]
  0x000001f830bfefc0 JavaThread "Execution worker" [_thread_blocked, id=28144, stack(0x0000002611b00000,0x0000002611c00000)]
  0x000001f830bfd160 JavaThread "Execution worker Thread 2" [_thread_blocked, id=28168, stack(0x0000002611c00000,0x0000002611d00000)]
  0x000001f830bf8060 JavaThread "Execution worker Thread 3" [_thread_blocked, id=28172, stack(0x0000002611d00000,0x0000002611e00000)]
  0x000001f830bf8f90 JavaThread "Execution worker Thread 4" [_thread_blocked, id=28164, stack(0x0000002611e00000,0x0000002611f00000)]
  0x000001f830bfbd20 JavaThread "Execution worker Thread 5" [_thread_blocked, id=28276, stack(0x0000002611f00000,0x0000002612000000)]
  0x000001f830bfc230 JavaThread "Execution worker Thread 6" [_thread_blocked, id=28280, stack(0x0000002612000000,0x0000002612100000)]
  0x000001f830bfb810 JavaThread "Execution worker Thread 7" [_thread_blocked, id=28156, stack(0x0000002612100000,0x0000002612200000)]
  0x000001f830bfcc50 JavaThread "Cache worker for execution history cache (A:\dev--\Saswatsir\Protime2\ProtimeESS\node_modules\@react-native\gradle-plugin\.gradle\8.6\executionHistory)" [_thread_blocked, id=28196, stack(0x0000002612200000,0x0000002612300000)]
  0x000001f830bfe5a0 JavaThread "Unconstrained build operations Thread 10" [_thread_blocked, id=28468, stack(0x0000002612300000,0x0000002612400000)]
  0x000001f830bff9e0 JavaThread "Unconstrained build operations Thread 11" [_thread_blocked, id=28472, stack(0x0000002612400000,0x0000002612500000)]
  0x000001f830bf8570 JavaThread "Unconstrained build operations Thread 12" [_thread_blocked, id=28348, stack(0x0000002612500000,0x0000002612600000)]
  0x000001f830bf99b0 JavaThread "Unconstrained build operations Thread 13" [_thread_blocked, id=28388, stack(0x0000002612600000,0x0000002612700000)]
  0x000001f830bf9ec0 JavaThread "Unconstrained build operations Thread 14" [_thread_blocked, id=28384, stack(0x0000002612700000,0x0000002612800000)]
  0x000001f830bfa3d0 JavaThread "Unconstrained build operations Thread 15" [_thread_blocked, id=28380, stack(0x0000002612800000,0x0000002612900000)]
  0x000001f830bfa8e0 JavaThread "Unconstrained build operations Thread 16" [_thread_blocked, id=28396, stack(0x0000002612900000,0x0000002612a00000)]
  0x000001f830bfadf0 JavaThread "Unconstrained build operations Thread 17" [_thread_blocked, id=28400, stack(0x0000002612a00000,0x0000002612b00000)]
  0x000001f8319b5ec0 JavaThread "Unconstrained build operations Thread 18" [_thread_blocked, id=28404, stack(0x0000002612b00000,0x0000002612c00000)]
  0x000001f8319b63d0 JavaThread "Unconstrained build operations Thread 19" [_thread_blocked, id=28408, stack(0x0000002612c00000,0x0000002612d00000)]
  0x000001f8319b08b0 JavaThread "Unconstrained build operations Thread 20" [_thread_blocked, id=28412, stack(0x0000002612d00000,0x0000002612e00000)]
  0x000001f8319afe90 JavaThread "Unconstrained build operations Thread 21" [_thread_blocked, id=28420, stack(0x0000002612e00000,0x0000002612f00000)]
  0x000001f8319b68e0 JavaThread "Unconstrained build operations Thread 22" [_thread_blocked, id=28424, stack(0x0000002612f00000,0x0000002613000000)]
  0x000001f8319b3130 JavaThread "Unconstrained build operations Thread 23" [_thread_blocked, id=28428, stack(0x0000002613000000,0x0000002613100000)]
  0x000001f8319af470 JavaThread "Unconstrained build operations Thread 24" [_thread_blocked, id=28432, stack(0x0000002613100000,0x0000002613200000)]
  0x000001f8319b2200 JavaThread "Unconstrained build operations Thread 25" [_thread_blocked, id=28436, stack(0x0000002613200000,0x0000002613300000)]
  0x000001f8319b12d0 JavaThread "WorkerExecutor Queue" [_thread_blocked, id=28444, stack(0x0000002613300000,0x0000002613400000)]
  0x000001f8319b3640 JavaThread "RMI Scheduler(0)" daemon [_thread_blocked, id=28620, stack(0x0000002613400000,0x0000002613500000)]
  0x000001f8319b0dc0 JavaThread "RMI GC Daemon" daemon [_thread_blocked, id=28628, stack(0x0000002613600000,0x0000002613700000)]
  0x000001f8319b6df0 JavaThread "RMI TCP Accept-0" daemon [_thread_in_native, id=28640, stack(0x0000002613700000,0x0000002613800000)]
  0x000001f8319af980 JavaThread "RMI Reaper" [_thread_blocked, id=28644, stack(0x0000002613800000,0x0000002613900000)]
  0x000001f8319b4060 JavaThread "RMI TCP Connection(idle)" daemon [_thread_blocked, id=28652, stack(0x0000002613900000,0x0000002613a00000)]
  0x000001f8319b1cf0 JavaThread "Unconstrained build operations Thread 26" [_thread_blocked, id=20044, stack(0x0000002613a00000,0x0000002613b00000)]
  0x000001f8319b2710 JavaThread "Unconstrained build operations Thread 27" [_thread_blocked, id=24512, stack(0x0000002613b00000,0x0000002613c00000)]
  0x000001f8319b4570 JavaThread "Unconstrained build operations Thread 28" [_thread_blocked, id=3844, stack(0x0000002613c00000,0x0000002613d00000)]
  0x000001f8319b54a0 JavaThread "Unconstrained build operations Thread 29" [_thread_blocked, id=14200, stack(0x0000002613d00000,0x0000002613e00000)]
  0x000001f8319b4a80 JavaThread "Unconstrained build operations Thread 30" [_thread_blocked, id=27328, stack(0x0000002613e00000,0x0000002613f00000)]
  0x000001f8319b59b0 JavaThread "Unconstrained build operations Thread 31" [_thread_blocked, id=26032, stack(0x0000002613f00000,0x0000002614000000)]
  0x000001f82f1e60c0 JavaThread "Unconstrained build operations Thread 32" [_thread_blocked, id=8220, stack(0x0000002614000000,0x0000002614100000)]
  0x000001f87f423a40 JavaThread "build event listener" [_thread_blocked, id=28124, stack(0x000000260c600000,0x000000260c700000)]
  0x000001f87f423f50 JavaThread "Unconstrained build operations Thread 33" [_thread_blocked, id=28000, stack(0x000000260c700000,0x000000260c800000)]
  0x000001f87f420290 JavaThread "Unconstrained build operations Thread 34" [_thread_blocked, id=28160, stack(0x000000260c800000,0x000000260c900000)]
  0x000001f87f425390 JavaThread "Cache worker for execution history cache (A:\dev--\Saswatsir\Protime2\ProtimeESS\android\.gradle\8.6\executionHistory)" [_thread_blocked, id=28572, stack(0x000000260e800000,0x000000260e900000)]
  0x000001f83280dd10 JavaThread "C2 CompilerThread1" daemon [_thread_in_native, id=28452, stack(0x0000002613500000,0x0000002613600000)]

Other Threads:
  0x000001f87f0c5680 VMThread "VM Thread" [stack: 0x000000260cf00000,0x000000260d000000] [id=27536]
  0x000001f86fd034c0 WatcherThread [stack: 0x000000260db00000,0x000000260dc00000] [id=8624]
  0x000001f86fccd730 GCTaskThread "GC Thread#0" [stack: 0x000000260ca00000,0x000000260cb00000] [id=2160]
  0x000001f87fd5a470 GCTaskThread "GC Thread#1" [stack: 0x000000260dc00000,0x000000260dd00000] [id=27444]
  0x000001f87fd5a730 GCTaskThread "GC Thread#2" [stack: 0x000000260dd00000,0x000000260de00000] [id=18876]
  0x000001f87f8cf5e0 GCTaskThread "GC Thread#3" [stack: 0x000000260de00000,0x000000260df00000] [id=17020]
  0x000001f82e1e2d40 GCTaskThread "GC Thread#4" [stack: 0x000000260df00000,0x000000260e000000] [id=9796]
  0x000001f82f8d8820 GCTaskThread "GC Thread#5" [stack: 0x000000260ed00000,0x000000260ee00000] [id=21528]
  0x000001f82f538bf0 GCTaskThread "GC Thread#6" [stack: 0x000000260ee00000,0x000000260ef00000] [id=18900]
  0x000001f82e2eec60 GCTaskThread "GC Thread#7" [stack: 0x000000260ef00000,0x000000260f000000] [id=26904]
  0x000001f86fcde680 ConcurrentGCThread "G1 Main Marker" [stack: 0x000000260cb00000,0x000000260cc00000] [id=24388]
  0x000001f86fce0840 ConcurrentGCThread "G1 Conc#0" [stack: 0x000000260cc00000,0x000000260cd00000] [id=24504]
  0x000001f82f80acd0 ConcurrentGCThread "G1 Conc#1" [stack: 0x000000260f200000,0x000000260f300000] [id=23288]
  0x000001f87ef7c520 ConcurrentGCThread "G1 Refine#0" [stack: 0x000000260cd00000,0x000000260ce00000] [id=24844]
  0x000001f87fc45120 ConcurrentGCThread "G1 Refine#1" [stack: 0x0000002610500000,0x0000002610600000] [id=28148]
  0x000001f87ef7cd60 ConcurrentGCThread "G1 Service" [stack: 0x000000260ce00000,0x000000260cf00000] [id=9708]

Threads with active compile tasks:
C2 CompilerThread0    67704 14741       4       org.gradle.internal.service.DefaultServiceRegistry$SingletonService::get (5 bytes)
C2 CompilerThread1    67704 14742   !   4       org.gradle.internal.service.DefaultServiceRegistry$ManagedObjectServiceProvider::getInstance (47 bytes)

VM state: not at safepoint (normal execution)

VM Mutex/Monitor currently owned by a thread: None

Heap address: 0x0000000080000000, size: 2048 MB, Compressed Oops mode: 32-bit

CDS archive(s) mapped at: [0x000001f80f000000-0x000001f80fbd0000-0x000001f80fbd0000), size 12386304, SharedBaseAddress: 0x000001f80f000000, ArchiveRelocationMode: 1.
Compressed class space mapped at: 0x000001f810000000-0x000001f82a000000, reserved size: 436207616
Narrow klass base: 0x000001f80f000000, Narrow klass shift: 0, Narrow klass range: 0x100000000

GC Precious Log:
 CPUs: 8 total, 8 available
 Memory: 8036M
 Large Page Support: Disabled
 NUMA Support: Disabled
 Compressed Oops: Enabled (32-bit)
 Heap Region Size: 1M
 Heap Min Capacity: 8M
 Heap Initial Capacity: 126M
 Heap Max Capacity: 2G
 Pre-touch: Disabled
 Parallel Workers: 8
 Concurrent Workers: 2
 Concurrent Refinement Workers: 8
 Periodic GC: Disabled

Heap:
 garbage-first heap   total 233472K, used 167990K [0x0000000080000000, 0x0000000100000000)
  region size 1024K, 51 young (52224K), 5 survivors (5120K)
 Metaspace       used 113415K, committed 114368K, reserved 557056K
  class space    used 15797K, committed 16256K, reserved 425984K

Heap Regions: E=young(eden), S=young(survivor), O=old, HS=humongous(starts), HC=humongous(continues), CS=collection set, F=free, OA=open archive, CA=closed archive, TAMS=top-at-mark-start (previous, next)
|   0|0x0000000080000000, 0x0000000080100000, 0x0000000080100000|100%|HS|  |TAMS 0x0000000080100000, 0x0000000080000000| Complete 
|   1|0x0000000080100000, 0x0000000080200000, 0x0000000080200000|100%|HC|  |TAMS 0x0000000080200000, 0x0000000080100000| Complete 
|   2|0x0000000080200000, 0x0000000080300000, 0x0000000080300000|100%|HC|  |TAMS 0x0000000080300000, 0x0000000080200000| Complete 
|   3|0x0000000080300000, 0x0000000080400000, 0x0000000080400000|100%|HC|  |TAMS 0x0000000080400000, 0x0000000080300000| Complete 
|   4|0x0000000080400000, 0x0000000080500000, 0x0000000080500000|100%| O|  |TAMS 0x0000000080500000, 0x0000000080400000| Untracked 
|   5|0x0000000080500000, 0x0000000080600000, 0x0000000080600000|100%| O|  |TAMS 0x0000000080600000, 0x0000000080500000| Untracked 
|   6|0x0000000080600000, 0x0000000080700000, 0x0000000080700000|100%| O|  |TAMS 0x0000000080700000, 0x0000000080600000| Untracked 
|   7|0x0000000080700000, 0x0000000080800000, 0x0000000080800000|100%| O|  |TAMS 0x0000000080800000, 0x0000000080700000| Untracked 
|   8|0x0000000080800000, 0x0000000080900000, 0x0000000080900000|100%| O|  |TAMS 0x0000000080900000, 0x0000000080800000| Untracked 
|   9|0x0000000080900000, 0x0000000080a00000, 0x0000000080a00000|100%| O|  |TAMS 0x0000000080a00000, 0x0000000080900000| Untracked 
|  10|0x0000000080a00000, 0x0000000080b00000, 0x0000000080b00000|100%| O|  |TAMS 0x0000000080b00000, 0x0000000080a00000| Untracked 
|  11|0x0000000080b00000, 0x0000000080c00000, 0x0000000080c00000|100%| O|  |TAMS 0x0000000080c00000, 0x0000000080b00000| Untracked 
|  12|0x0000000080c00000, 0x0000000080d00000, 0x0000000080d00000|100%| O|  |TAMS 0x0000000080d00000, 0x0000000080c00000| Untracked 
|  13|0x0000000080d00000, 0x0000000080e00000, 0x0000000080e00000|100%| O|  |TAMS 0x0000000080e00000, 0x0000000080d00000| Untracked 
|  14|0x0000000080e00000, 0x0000000080f00000, 0x0000000080f00000|100%| O|  |TAMS 0x0000000080f00000, 0x0000000080e00000| Untracked 
|  15|0x0000000080f00000, 0x0000000081000000, 0x0000000081000000|100%| O|  |TAMS 0x0000000081000000, 0x0000000080f00000| Untracked 
|  16|0x0000000081000000, 0x0000000081100000, 0x0000000081100000|100%| O|  |TAMS 0x0000000081100000, 0x0000000081000000| Untracked 
|  17|0x0000000081100000, 0x0000000081200000, 0x0000000081200000|100%| O|  |TAMS 0x0000000081200000, 0x0000000081100000| Untracked 
|  18|0x0000000081200000, 0x0000000081300000, 0x0000000081300000|100%| O|  |TAMS 0x0000000081300000, 0x0000000081200000| Untracked 
|  19|0x0000000081300000, 0x00000000813dac00, 0x0000000081400000| 85%| O|  |TAMS 0x00000000813dac00, 0x0000000081300000| Untracked 
|  20|0x0000000081400000, 0x0000000081500000, 0x0000000081500000|100%| O|  |TAMS 0x0000000081500000, 0x0000000081400000| Untracked 
|  21|0x0000000081500000, 0x0000000081600000, 0x0000000081600000|100%| O|  |TAMS 0x0000000081600000, 0x0000000081500000| Untracked 
|  22|0x0000000081600000, 0x0000000081700000, 0x0000000081700000|100%| O|  |TAMS 0x0000000081700000, 0x0000000081600000| Untracked 
|  23|0x0000000081700000, 0x0000000081800000, 0x0000000081800000|100%| O|  |TAMS 0x0000000081800000, 0x0000000081700000| Untracked 
|  24|0x0000000081800000, 0x0000000081900000, 0x0000000081900000|100%| O|  |TAMS 0x0000000081900000, 0x0000000081800000| Untracked 
|  25|0x0000000081900000, 0x0000000081a00000, 0x0000000081a00000|100%| O|  |TAMS 0x0000000081a00000, 0x0000000081900000| Untracked 
|  26|0x0000000081a00000, 0x0000000081b00000, 0x0000000081b00000|100%| O|  |TAMS 0x0000000081b00000, 0x0000000081a00000| Untracked 
|  27|0x0000000081b00000, 0x0000000081c00000, 0x0000000081c00000|100%| O|  |TAMS 0x0000000081c00000, 0x0000000081b00000| Untracked 
|  28|0x0000000081c00000, 0x0000000081d00000, 0x0000000081d00000|100%| O|  |TAMS 0x0000000081d00000, 0x0000000081c00000| Untracked 
|  29|0x0000000081d00000, 0x0000000081e00000, 0x0000000081e00000|100%| O|  |TAMS 0x0000000081e00000, 0x0000000081d00000| Untracked 
|  30|0x0000000081e00000, 0x0000000081f00000, 0x0000000081f00000|100%| O|  |TAMS 0x0000000081f00000, 0x0000000081e00000| Complete 
|  31|0x0000000081f00000, 0x0000000082000000, 0x0000000082000000|100%| O|  |TAMS 0x0000000082000000, 0x0000000081f00000| Untracked 
|  32|0x0000000082000000, 0x0000000082100000, 0x0000000082100000|100%| O|  |TAMS 0x0000000082100000, 0x0000000082000000| Untracked 
|  33|0x0000000082100000, 0x0000000082200000, 0x0000000082200000|100%| O|  |TAMS 0x0000000082200000, 0x0000000082100000| Untracked 
|  34|0x0000000082200000, 0x0000000082300000, 0x0000000082300000|100%| O|  |TAMS 0x0000000082300000, 0x0000000082200000| Untracked 
|  35|0x0000000082300000, 0x0000000082400000, 0x0000000082400000|100%| O|  |TAMS 0x0000000082400000, 0x0000000082300000| Untracked 
|  36|0x0000000082400000, 0x0000000082500000, 0x0000000082500000|100%| O|  |TAMS 0x0000000082500000, 0x0000000082400000| Untracked 
|  37|0x0000000082500000, 0x0000000082600000, 0x0000000082600000|100%| O|  |TAMS 0x0000000082600000, 0x0000000082500000| Untracked 
|  38|0x0000000082600000, 0x0000000082700000, 0x0000000082700000|100%| O|  |TAMS 0x0000000082700000, 0x0000000082600000| Untracked 
|  39|0x0000000082700000, 0x0000000082800000, 0x0000000082800000|100%|HS|  |TAMS 0x0000000082800000, 0x0000000082700000| Complete 
|  40|0x0000000082800000, 0x0000000082900000, 0x0000000082900000|100%|HC|  |TAMS 0x0000000082900000, 0x0000000082800000| Complete 
|  41|0x0000000082900000, 0x0000000082a00000, 0x0000000082a00000|100%|HS|  |TAMS 0x0000000082a00000, 0x0000000082900000| Complete 
|  42|0x0000000082a00000, 0x0000000082b00000, 0x0000000082b00000|100%|HC|  |TAMS 0x0000000082b00000, 0x0000000082a00000| Complete 
|  43|0x0000000082b00000, 0x0000000082c00000, 0x0000000082c00000|100%| O|  |TAMS 0x0000000082c00000, 0x0000000082b00000| Untracked 
|  44|0x0000000082c00000, 0x0000000082d00000, 0x0000000082d00000|100%| O|  |TAMS 0x0000000082d00000, 0x0000000082c00000| Untracked 
|  45|0x0000000082d00000, 0x0000000082e00000, 0x0000000082e00000|100%| O|  |TAMS 0x0000000082e00000, 0x0000000082d00000| Untracked 
|  46|0x0000000082e00000, 0x0000000082f00000, 0x0000000082f00000|100%| O|  |TAMS 0x0000000082f00000, 0x0000000082e00000| Untracked 
|  47|0x0000000082f00000, 0x0000000083000000, 0x0000000083000000|100%|HS|  |TAMS 0x0000000083000000, 0x0000000082f00000| Complete 
|  48|0x0000000083000000, 0x0000000083100000, 0x0000000083100000|100%| O|  |TAMS 0x0000000083100000, 0x0000000083000000| Untracked 
|  49|0x0000000083100000, 0x0000000083200000, 0x0000000083200000|100%|HS|  |TAMS 0x0000000083200000, 0x0000000083100000| Complete 
|  50|0x0000000083200000, 0x0000000083300000, 0x0000000083300000|100%|HC|  |TAMS 0x0000000083300000, 0x0000000083200000| Complete 
|  51|0x0000000083300000, 0x0000000083400000, 0x0000000083400000|100%|HC|  |TAMS 0x0000000083400000, 0x0000000083300000| Complete 
|  52|0x0000000083400000, 0x0000000083500000, 0x0000000083500000|100%|HC|  |TAMS 0x0000000083500000, 0x0000000083400000| Complete 
|  53|0x0000000083500000, 0x0000000083600000, 0x0000000083600000|100%|HS|  |TAMS 0x0000000083600000, 0x0000000083500000| Complete 
|  54|0x0000000083600000, 0x0000000083700000, 0x0000000083700000|100%|HC|  |TAMS 0x0000000083700000, 0x0000000083600000| Complete 
|  55|0x0000000083700000, 0x0000000083800000, 0x0000000083800000|100%|HC|  |TAMS 0x0000000083800000, 0x0000000083700000| Complete 
|  56|0x0000000083800000, 0x0000000083900000, 0x0000000083900000|100%|HC|  |TAMS 0x0000000083900000, 0x0000000083800000| Complete 
|  57|0x0000000083900000, 0x0000000083a00000, 0x0000000083a00000|100%| O|  |TAMS 0x0000000083a00000, 0x0000000083900000| Untracked 
|  58|0x0000000083a00000, 0x0000000083b00000, 0x0000000083b00000|100%| O|  |TAMS 0x0000000083b00000, 0x0000000083a00000| Untracked 
|  59|0x0000000083b00000, 0x0000000083c00000, 0x0000000083c00000|100%| O|  |TAMS 0x0000000083c00000, 0x0000000083b00000| Untracked 
|  60|0x0000000083c00000, 0x0000000083d00000, 0x0000000083d00000|100%| O|  |TAMS 0x0000000083c00000, 0x0000000083c00000| Untracked 
|  61|0x0000000083d00000, 0x0000000083e00000, 0x0000000083e00000|100%| O|  |TAMS 0x0000000083e00000, 0x0000000083d00000| Untracked 
|  62|0x0000000083e00000, 0x0000000083f00000, 0x0000000083f00000|100%| O|  |TAMS 0x0000000083f00000, 0x0000000083e00000| Untracked 
|  63|0x0000000083f00000, 0x0000000084000000, 0x0000000084000000|100%| O|  |TAMS 0x0000000084000000, 0x0000000083f00000| Untracked 
|  64|0x0000000084000000, 0x0000000084100000, 0x0000000084100000|100%| O|  |TAMS 0x0000000084100000, 0x0000000084000000| Untracked 
|  65|0x0000000084100000, 0x0000000084200000, 0x0000000084200000|100%| O|  |TAMS 0x0000000084200000, 0x0000000084100000| Untracked 
|  66|0x0000000084200000, 0x0000000084300000, 0x0000000084300000|100%| O|  |TAMS 0x0000000084300000, 0x0000000084200000| Untracked 
|  67|0x0000000084300000, 0x0000000084400000, 0x0000000084400000|100%| O|  |TAMS 0x0000000084400000, 0x0000000084300000| Untracked 
|  68|0x0000000084400000, 0x0000000084500000, 0x0000000084500000|100%| O|  |TAMS 0x0000000084500000, 0x0000000084400000| Untracked 
|  69|0x0000000084500000, 0x0000000084600000, 0x0000000084600000|100%| O|  |TAMS 0x0000000084600000, 0x0000000084500000| Untracked 
|  70|0x0000000084600000, 0x0000000084700000, 0x0000000084700000|100%| O|  |TAMS 0x0000000084700000, 0x0000000084600000| Untracked 
|  71|0x0000000084700000, 0x0000000084800000, 0x0000000084800000|100%| O|  |TAMS 0x0000000084800000, 0x0000000084700000| Untracked 
|  72|0x0000000084800000, 0x0000000084900000, 0x0000000084900000|100%| O|  |TAMS 0x0000000084900000, 0x0000000084800000| Untracked 
|  73|0x0000000084900000, 0x0000000084a00000, 0x0000000084a00000|100%| O|  |TAMS 0x0000000084a00000, 0x0000000084900000| Untracked 
|  74|0x0000000084a00000, 0x0000000084b00000, 0x0000000084b00000|100%|HS|  |TAMS 0x0000000084b00000, 0x0000000084a00000| Complete 
|  75|0x0000000084b00000, 0x0000000084c00000, 0x0000000084c00000|100%|HS|  |TAMS 0x0000000084c00000, 0x0000000084b00000| Complete 
|  76|0x0000000084c00000, 0x0000000084d00000, 0x0000000084d00000|100%|HS|  |TAMS 0x0000000084d00000, 0x0000000084c00000| Complete 
|  77|0x0000000084d00000, 0x0000000084e00000, 0x0000000084e00000|100%| O|  |TAMS 0x0000000084e00000, 0x0000000084d00000| Untracked 
|  78|0x0000000084e00000, 0x0000000084f00000, 0x0000000084f00000|100%| O|  |TAMS 0x0000000084f00000, 0x0000000084e00000| Untracked 
|  79|0x0000000084f00000, 0x0000000085000000, 0x0000000085000000|100%| O|  |TAMS 0x0000000085000000, 0x0000000084f00000| Untracked 
|  80|0x0000000085000000, 0x0000000085100000, 0x0000000085100000|100%| O|  |TAMS 0x0000000085100000, 0x0000000085000000| Untracked 
|  81|0x0000000085100000, 0x0000000085200000, 0x0000000085200000|100%| O|  |TAMS 0x0000000085200000, 0x0000000085100000| Untracked 
|  82|0x0000000085200000, 0x0000000085300000, 0x0000000085300000|100%| O|  |TAMS 0x0000000085300000, 0x0000000085200000| Untracked 
|  83|0x0000000085300000, 0x0000000085400000, 0x0000000085400000|100%| O|  |TAMS 0x0000000085400000, 0x0000000085300000| Untracked 
|  84|0x0000000085400000, 0x0000000085500000, 0x0000000085500000|100%| O|  |TAMS 0x0000000085500000, 0x0000000085400000| Untracked 
|  85|0x0000000085500000, 0x0000000085600000, 0x0000000085600000|100%| O|  |TAMS 0x0000000085600000, 0x0000000085500000| Untracked 
|  86|0x0000000085600000, 0x0000000085700000, 0x0000000085700000|100%| O|  |TAMS 0x0000000085700000, 0x0000000085600000| Untracked 
|  87|0x0000000085700000, 0x0000000085800000, 0x0000000085800000|100%| O|  |TAMS 0x0000000085800000, 0x0000000085700000| Untracked 
|  88|0x0000000085800000, 0x0000000085900000, 0x0000000085900000|100%| O|  |TAMS 0x0000000085800000, 0x0000000085800000| Untracked 
|  89|0x0000000085900000, 0x0000000085a00000, 0x0000000085a00000|100%| O|  |TAMS 0x0000000085a00000, 0x0000000085900000| Complete 
|  90|0x0000000085a00000, 0x0000000085b00000, 0x0000000085b00000|100%|HS|  |TAMS 0x0000000085b00000, 0x0000000085a00000| Complete 
|  91|0x0000000085b00000, 0x0000000085c00000, 0x0000000085c00000|100%| O|  |TAMS 0x0000000085c00000, 0x0000000085b00000| Untracked 
|  92|0x0000000085c00000, 0x0000000085d00000, 0x0000000085d00000|100%| O|  |TAMS 0x0000000085d00000, 0x0000000085c00000| Untracked 
|  93|0x0000000085d00000, 0x0000000085e00000, 0x0000000085e00000|100%| O|  |TAMS 0x0000000085e00000, 0x0000000085d00000| Untracked 
|  94|0x0000000085e00000, 0x0000000085f00000, 0x0000000085f00000|100%| O|  |TAMS 0x0000000085f00000, 0x0000000085e00000| Untracked 
|  95|0x0000000085f00000, 0x0000000086000000, 0x0000000086000000|100%| O|  |TAMS 0x0000000086000000, 0x0000000085f00000| Untracked 
|  96|0x0000000086000000, 0x0000000086100000, 0x0000000086100000|100%| O|  |TAMS 0x0000000086100000, 0x0000000086000000| Untracked 
|  97|0x0000000086100000, 0x0000000086200000, 0x0000000086200000|100%| O|  |TAMS 0x0000000086200000, 0x0000000086100000| Untracked 
|  98|0x0000000086200000, 0x0000000086300000, 0x0000000086300000|100%| O|  |TAMS 0x0000000086300000, 0x0000000086200000| Untracked 
|  99|0x0000000086300000, 0x0000000086400000, 0x0000000086400000|100%| O|  |TAMS 0x0000000086400000, 0x0000000086300000| Untracked 
| 100|0x0000000086400000, 0x0000000086500000, 0x0000000086500000|100%| O|  |TAMS 0x0000000086500000, 0x0000000086400000| Untracked 
| 101|0x0000000086500000, 0x0000000086600000, 0x0000000086600000|100%| O|  |TAMS 0x0000000086600000, 0x0000000086500000| Untracked 
| 102|0x0000000086600000, 0x0000000086700000, 0x0000000086700000|100%| O|  |TAMS 0x0000000086700000, 0x0000000086600000| Untracked 
| 103|0x0000000086700000, 0x0000000086800000, 0x0000000086800000|100%| O|  |TAMS 0x0000000086800000, 0x0000000086700000| Untracked 
| 104|0x0000000086800000, 0x0000000086900000, 0x0000000086900000|100%| O|  |TAMS 0x0000000086900000, 0x0000000086800000| Untracked 
| 105|0x0000000086900000, 0x0000000086a00000, 0x0000000086a00000|100%| O|  |TAMS 0x0000000086a00000, 0x0000000086900000| Untracked 
| 106|0x0000000086a00000, 0x0000000086b00000, 0x0000000086b00000|100%| O|  |TAMS 0x0000000086b00000, 0x0000000086a00000| Untracked 
| 107|0x0000000086b00000, 0x0000000086c00000, 0x0000000086c00000|100%| O|  |TAMS 0x0000000086c00000, 0x0000000086b00000| Untracked 
| 108|0x0000000086c00000, 0x0000000086d00000, 0x0000000086d00000|100%| O|  |TAMS 0x0000000086d00000, 0x0000000086c00000| Untracked 
| 109|0x0000000086d00000, 0x0000000086e00000, 0x0000000086e00000|100%| O|  |TAMS 0x0000000086e00000, 0x0000000086d00000| Untracked 
| 110|0x0000000086e00000, 0x0000000086f00000, 0x0000000086f00000|100%| O|  |TAMS 0x0000000086f00000, 0x0000000086e00000| Untracked 
| 111|0x0000000086f00000, 0x0000000087000000, 0x0000000087000000|100%| O|  |TAMS 0x0000000086fe7e00, 0x0000000086f00000| Untracked 
| 112|0x0000000087000000, 0x0000000087100000, 0x0000000087100000|100%| O|  |TAMS 0x0000000087000000, 0x0000000087000000| Untracked 
| 113|0x0000000087100000, 0x0000000087140400, 0x0000000087200000| 25%| O|  |TAMS 0x0000000087100000, 0x0000000087100000| Untracked 
| 114|0x0000000087200000, 0x0000000087300000, 0x0000000087300000|100%|HS|  |TAMS 0x0000000087200000, 0x0000000087200000| Complete 
| 115|0x0000000087300000, 0x0000000087300000, 0x0000000087400000|  0%| F|  |TAMS 0x0000000087300000, 0x0000000087300000| Untracked 
| 116|0x0000000087400000, 0x0000000087400000, 0x0000000087500000|  0%| F|  |TAMS 0x0000000087400000, 0x0000000087400000| Untracked 
| 117|0x0000000087500000, 0x0000000087500000, 0x0000000087600000|  0%| F|  |TAMS 0x0000000087500000, 0x0000000087500000| Untracked 
| 118|0x0000000087600000, 0x0000000087600000, 0x0000000087700000|  0%| F|  |TAMS 0x0000000087600000, 0x0000000087600000| Untracked 
| 119|0x0000000087700000, 0x0000000087700000, 0x0000000087800000|  0%| F|  |TAMS 0x0000000087700000, 0x0000000087700000| Untracked 
| 120|0x0000000087800000, 0x0000000087800000, 0x0000000087900000|  0%| F|  |TAMS 0x0000000087800000, 0x0000000087800000| Untracked 
| 121|0x0000000087900000, 0x0000000087900000, 0x0000000087a00000|  0%| F|  |TAMS 0x0000000087900000, 0x0000000087900000| Untracked 
| 122|0x0000000087a00000, 0x0000000087a00000, 0x0000000087b00000|  0%| F|  |TAMS 0x0000000087a00000, 0x0000000087a00000| Untracked 
| 123|0x0000000087b00000, 0x0000000087b00000, 0x0000000087c00000|  0%| F|  |TAMS 0x0000000087b00000, 0x0000000087b00000| Untracked 
| 124|0x0000000087c00000, 0x0000000087c00000, 0x0000000087d00000|  0%| F|  |TAMS 0x0000000087c00000, 0x0000000087c00000| Untracked 
| 125|0x0000000087d00000, 0x0000000087d00000, 0x0000000087e00000|  0%| F|  |TAMS 0x0000000087d00000, 0x0000000087d00000| Untracked 
| 126|0x0000000087e00000, 0x0000000087e00000, 0x0000000087f00000|  0%| F|  |TAMS 0x0000000087e00000, 0x0000000087e00000| Untracked 
| 127|0x0000000087f00000, 0x0000000087f00000, 0x0000000088000000|  0%| F|  |TAMS 0x0000000087f00000, 0x0000000087f00000| Untracked 
| 128|0x0000000088000000, 0x0000000088000000, 0x0000000088100000|  0%| F|  |TAMS 0x0000000088000000, 0x0000000088000000| Untracked 
| 129|0x0000000088100000, 0x0000000088100000, 0x0000000088200000|  0%| F|  |TAMS 0x0000000088100000, 0x0000000088100000| Untracked 
| 130|0x0000000088200000, 0x0000000088200000, 0x0000000088300000|  0%| F|  |TAMS 0x0000000088200000, 0x0000000088200000| Untracked 
| 131|0x0000000088300000, 0x0000000088300000, 0x0000000088400000|  0%| F|  |TAMS 0x0000000088300000, 0x0000000088300000| Untracked 
| 132|0x0000000088400000, 0x0000000088400000, 0x0000000088500000|  0%| F|  |TAMS 0x0000000088400000, 0x0000000088400000| Untracked 
| 133|0x0000000088500000, 0x0000000088500000, 0x0000000088600000|  0%| F|  |TAMS 0x0000000088500000, 0x0000000088500000| Untracked 
| 134|0x0000000088600000, 0x0000000088600000, 0x0000000088700000|  0%| F|  |TAMS 0x0000000088600000, 0x0000000088600000| Untracked 
| 135|0x0000000088700000, 0x0000000088700000, 0x0000000088800000|  0%| F|  |TAMS 0x0000000088700000, 0x0000000088700000| Untracked 
| 136|0x0000000088800000, 0x0000000088800000, 0x0000000088900000|  0%| F|  |TAMS 0x0000000088800000, 0x0000000088800000| Untracked 
| 137|0x0000000088900000, 0x0000000088900000, 0x0000000088a00000|  0%| F|  |TAMS 0x0000000088900000, 0x0000000088900000| Untracked 
| 138|0x0000000088a00000, 0x0000000088a00000, 0x0000000088b00000|  0%| F|  |TAMS 0x0000000088a00000, 0x0000000088a00000| Untracked 
| 139|0x0000000088b00000, 0x0000000088b00000, 0x0000000088c00000|  0%| F|  |TAMS 0x0000000088b00000, 0x0000000088b00000| Untracked 
| 140|0x0000000088c00000, 0x0000000088c00000, 0x0000000088d00000|  0%| F|  |TAMS 0x0000000088c00000, 0x0000000088c00000| Untracked 
| 141|0x0000000088d00000, 0x0000000088d00000, 0x0000000088e00000|  0%| F|  |TAMS 0x0000000088d00000, 0x0000000088d00000| Untracked 
| 142|0x0000000088e00000, 0x0000000088e00000, 0x0000000088f00000|  0%| F|  |TAMS 0x0000000088e00000, 0x0000000088e00000| Untracked 
| 143|0x0000000088f00000, 0x0000000088f00000, 0x0000000089000000|  0%| F|  |TAMS 0x0000000088f00000, 0x0000000088f00000| Untracked 
| 144|0x0000000089000000, 0x0000000089000000, 0x0000000089100000|  0%| F|  |TAMS 0x0000000089000000, 0x0000000089000000| Untracked 
| 145|0x0000000089100000, 0x0000000089100000, 0x0000000089200000|  0%| F|  |TAMS 0x0000000089100000, 0x0000000089100000| Untracked 
| 146|0x0000000089200000, 0x0000000089200000, 0x0000000089300000|  0%| F|  |TAMS 0x0000000089200000, 0x0000000089200000| Untracked 
| 147|0x0000000089300000, 0x0000000089300000, 0x0000000089400000|  0%| F|  |TAMS 0x0000000089300000, 0x0000000089300000| Untracked 
| 148|0x0000000089400000, 0x0000000089400000, 0x0000000089500000|  0%| F|  |TAMS 0x0000000089400000, 0x0000000089400000| Untracked 
| 149|0x0000000089500000, 0x0000000089500000, 0x0000000089600000|  0%| F|  |TAMS 0x0000000089500000, 0x0000000089500000| Untracked 
| 150|0x0000000089600000, 0x0000000089600000, 0x0000000089700000|  0%| F|  |TAMS 0x0000000089600000, 0x0000000089600000| Untracked 
| 151|0x0000000089700000, 0x0000000089700000, 0x0000000089800000|  0%| F|  |TAMS 0x0000000089700000, 0x0000000089700000| Untracked 
| 152|0x0000000089800000, 0x0000000089800000, 0x0000000089900000|  0%| F|  |TAMS 0x0000000089800000, 0x0000000089800000| Untracked 
| 153|0x0000000089900000, 0x0000000089900000, 0x0000000089a00000|  0%| F|  |TAMS 0x0000000089900000, 0x0000000089900000| Untracked 
| 154|0x0000000089a00000, 0x0000000089a00000, 0x0000000089b00000|  0%| F|  |TAMS 0x0000000089a00000, 0x0000000089a00000| Untracked 
| 155|0x0000000089b00000, 0x0000000089b00000, 0x0000000089c00000|  0%| F|  |TAMS 0x0000000089b00000, 0x0000000089b00000| Untracked 
| 156|0x0000000089c00000, 0x0000000089c00000, 0x0000000089d00000|  0%| F|  |TAMS 0x0000000089c00000, 0x0000000089c00000| Untracked 
| 157|0x0000000089d00000, 0x0000000089d00000, 0x0000000089e00000|  0%| F|  |TAMS 0x0000000089d00000, 0x0000000089d00000| Untracked 
| 158|0x0000000089e00000, 0x0000000089e00000, 0x0000000089f00000|  0%| F|  |TAMS 0x0000000089e00000, 0x0000000089e00000| Untracked 
| 159|0x0000000089f00000, 0x0000000089f00000, 0x000000008a000000|  0%| F|  |TAMS 0x0000000089f00000, 0x0000000089f00000| Untracked 
| 160|0x000000008a000000, 0x000000008a000000, 0x000000008a100000|  0%| F|  |TAMS 0x000000008a000000, 0x000000008a000000| Untracked 
| 161|0x000000008a100000, 0x000000008a100000, 0x000000008a200000|  0%| F|  |TAMS 0x000000008a100000, 0x000000008a100000| Untracked 
| 162|0x000000008a200000, 0x000000008a200000, 0x000000008a300000|  0%| F|  |TAMS 0x000000008a200000, 0x000000008a200000| Untracked 
| 163|0x000000008a300000, 0x000000008a300000, 0x000000008a400000|  0%| F|  |TAMS 0x000000008a300000, 0x000000008a300000| Untracked 
| 164|0x000000008a400000, 0x000000008a400000, 0x000000008a500000|  0%| F|  |TAMS 0x000000008a400000, 0x000000008a400000| Untracked 
| 165|0x000000008a500000, 0x000000008a500000, 0x000000008a600000|  0%| F|  |TAMS 0x000000008a500000, 0x000000008a500000| Untracked 
| 166|0x000000008a600000, 0x000000008a600000, 0x000000008a700000|  0%| F|  |TAMS 0x000000008a600000, 0x000000008a600000| Untracked 
| 167|0x000000008a700000, 0x000000008a700000, 0x000000008a800000|  0%| F|  |TAMS 0x000000008a700000, 0x000000008a700000| Untracked 
| 168|0x000000008a800000, 0x000000008a800000, 0x000000008a900000|  0%| F|  |TAMS 0x000000008a800000, 0x000000008a800000| Untracked 
| 169|0x000000008a900000, 0x000000008a900000, 0x000000008aa00000|  0%| F|  |TAMS 0x000000008a900000, 0x000000008a900000| Untracked 
| 170|0x000000008aa00000, 0x000000008aa00000, 0x000000008ab00000|  0%| F|  |TAMS 0x000000008aa00000, 0x000000008aa00000| Untracked 
| 171|0x000000008ab00000, 0x000000008ab00000, 0x000000008ac00000|  0%| F|  |TAMS 0x000000008ab00000, 0x000000008ab00000| Untracked 
| 172|0x000000008ac00000, 0x000000008ac00000, 0x000000008ad00000|  0%| F|  |TAMS 0x000000008ac00000, 0x000000008ac00000| Untracked 
| 173|0x000000008ad00000, 0x000000008ad00000, 0x000000008ae00000|  0%| F|  |TAMS 0x000000008ad00000, 0x000000008ad00000| Untracked 
| 174|0x000000008ae00000, 0x000000008ae00000, 0x000000008af00000|  0%| F|  |TAMS 0x000000008ae00000, 0x000000008ae00000| Untracked 
| 175|0x000000008af00000, 0x000000008af00000, 0x000000008b000000|  0%| F|  |TAMS 0x000000008af00000, 0x000000008af00000| Untracked 
| 176|0x000000008b000000, 0x000000008b093a88, 0x000000008b100000| 57%| E|  |TAMS 0x000000008b000000, 0x000000008b000000| Complete 
| 177|0x000000008b100000, 0x000000008b200000, 0x000000008b200000|100%| E|CS|TAMS 0x000000008b100000, 0x000000008b100000| Complete 
| 178|0x000000008b200000, 0x000000008b300000, 0x000000008b300000|100%| E|CS|TAMS 0x000000008b200000, 0x000000008b200000| Complete 
| 179|0x000000008b300000, 0x000000008b400000, 0x000000008b400000|100%| E|CS|TAMS 0x000000008b300000, 0x000000008b300000| Complete 
| 180|0x000000008b400000, 0x000000008b500000, 0x000000008b500000|100%| E|CS|TAMS 0x000000008b400000, 0x000000008b400000| Complete 
| 181|0x000000008b500000, 0x000000008b600000, 0x000000008b600000|100%| E|CS|TAMS 0x000000008b500000, 0x000000008b500000| Complete 
| 182|0x000000008b600000, 0x000000008b700000, 0x000000008b700000|100%| E|CS|TAMS 0x000000008b600000, 0x000000008b600000| Complete 
| 183|0x000000008b700000, 0x000000008b800000, 0x000000008b800000|100%| E|CS|TAMS 0x000000008b700000, 0x000000008b700000| Complete 
| 184|0x000000008b800000, 0x000000008b900000, 0x000000008b900000|100%| E|CS|TAMS 0x000000008b800000, 0x000000008b800000| Complete 
| 185|0x000000008b900000, 0x000000008ba00000, 0x000000008ba00000|100%| E|CS|TAMS 0x000000008b900000, 0x000000008b900000| Complete 
| 186|0x000000008ba00000, 0x000000008bb00000, 0x000000008bb00000|100%| E|CS|TAMS 0x000000008ba00000, 0x000000008ba00000| Complete 
| 187|0x000000008bb00000, 0x000000008bc00000, 0x000000008bc00000|100%| E|CS|TAMS 0x000000008bb00000, 0x000000008bb00000| Complete 
| 188|0x000000008bc00000, 0x000000008bd00000, 0x000000008bd00000|100%| E|CS|TAMS 0x000000008bc00000, 0x000000008bc00000| Complete 
| 189|0x000000008bd00000, 0x000000008be00000, 0x000000008be00000|100%| E|CS|TAMS 0x000000008bd00000, 0x000000008bd00000| Complete 
| 190|0x000000008be00000, 0x000000008bf00000, 0x000000008bf00000|100%| E|CS|TAMS 0x000000008be00000, 0x000000008be00000| Complete 
| 191|0x000000008bf00000, 0x000000008c000000, 0x000000008c000000|100%| E|CS|TAMS 0x000000008bf00000, 0x000000008bf00000| Complete 
| 192|0x000000008c000000, 0x000000008c100000, 0x000000008c100000|100%| E|CS|TAMS 0x000000008c000000, 0x000000008c000000| Complete 
| 193|0x000000008c100000, 0x000000008c200000, 0x000000008c200000|100%| E|CS|TAMS 0x000000008c100000, 0x000000008c100000| Complete 
| 194|0x000000008c200000, 0x000000008c300000, 0x000000008c300000|100%| E|CS|TAMS 0x000000008c200000, 0x000000008c200000| Complete 
| 195|0x000000008c300000, 0x000000008c400000, 0x000000008c400000|100%| E|CS|TAMS 0x000000008c300000, 0x000000008c300000| Complete 
| 196|0x000000008c400000, 0x000000008c500000, 0x000000008c500000|100%| E|CS|TAMS 0x000000008c400000, 0x000000008c400000| Complete 
| 197|0x000000008c500000, 0x000000008c600000, 0x000000008c600000|100%| E|CS|TAMS 0x000000008c500000, 0x000000008c500000| Complete 
| 198|0x000000008c600000, 0x000000008c700000, 0x000000008c700000|100%| E|CS|TAMS 0x000000008c600000, 0x000000008c600000| Complete 
| 199|0x000000008c700000, 0x000000008c800000, 0x000000008c800000|100%| E|CS|TAMS 0x000000008c700000, 0x000000008c700000| Complete 
| 200|0x000000008c800000, 0x000000008c900000, 0x000000008c900000|100%| E|CS|TAMS 0x000000008c800000, 0x000000008c800000| Complete 
| 201|0x000000008c900000, 0x000000008ca00000, 0x000000008ca00000|100%| E|CS|TAMS 0x000000008c900000, 0x000000008c900000| Complete 
| 202|0x000000008ca00000, 0x000000008cb00000, 0x000000008cb00000|100%| E|CS|TAMS 0x000000008ca00000, 0x000000008ca00000| Complete 
| 203|0x000000008cb00000, 0x000000008cc00000, 0x000000008cc00000|100%| E|CS|TAMS 0x000000008cb00000, 0x000000008cb00000| Complete 
| 204|0x000000008cc00000, 0x000000008cd00000, 0x000000008cd00000|100%| E|CS|TAMS 0x000000008cc00000, 0x000000008cc00000| Complete 
| 205|0x000000008cd00000, 0x000000008ce00000, 0x000000008ce00000|100%| E|CS|TAMS 0x000000008cd00000, 0x000000008cd00000| Complete 
| 206|0x000000008ce00000, 0x000000008cf00000, 0x000000008cf00000|100%| E|CS|TAMS 0x000000008ce00000, 0x000000008ce00000| Complete 
| 207|0x000000008cf00000, 0x000000008d000000, 0x000000008d000000|100%| E|CS|TAMS 0x000000008cf00000, 0x000000008cf00000| Complete 
| 208|0x000000008d000000, 0x000000008d100000, 0x000000008d100000|100%| E|CS|TAMS 0x000000008d000000, 0x000000008d000000| Complete 
| 209|0x000000008d100000, 0x000000008d200000, 0x000000008d200000|100%| E|CS|TAMS 0x000000008d100000, 0x000000008d100000| Complete 
| 210|0x000000008d200000, 0x000000008d300000, 0x000000008d300000|100%| E|CS|TAMS 0x000000008d200000, 0x000000008d200000| Complete 
| 211|0x000000008d300000, 0x000000008d400000, 0x000000008d400000|100%| E|CS|TAMS 0x000000008d300000, 0x000000008d300000| Complete 
| 212|0x000000008d400000, 0x000000008d4f2b58, 0x000000008d500000| 94%| S|CS|TAMS 0x000000008d400000, 0x000000008d400000| Complete 
| 213|0x000000008d500000, 0x000000008d600000, 0x000000008d600000|100%| S|CS|TAMS 0x000000008d500000, 0x000000008d500000| Complete 
| 214|0x000000008d600000, 0x000000008d700000, 0x000000008d700000|100%| S|CS|TAMS 0x000000008d600000, 0x000000008d600000| Complete 
| 215|0x000000008d700000, 0x000000008d800000, 0x000000008d800000|100%| S|CS|TAMS 0x000000008d700000, 0x000000008d700000| Complete 
| 216|0x000000008d800000, 0x000000008d900000, 0x000000008d900000|100%| S|CS|TAMS 0x000000008d800000, 0x000000008d800000| Complete 
| 217|0x000000008d900000, 0x000000008da00000, 0x000000008da00000|100%| E|CS|TAMS 0x000000008d900000, 0x000000008d900000| Complete 
| 218|0x000000008da00000, 0x000000008db00000, 0x000000008db00000|100%| E|CS|TAMS 0x000000008da00000, 0x000000008da00000| Complete 
| 219|0x000000008db00000, 0x000000008dc00000, 0x000000008dc00000|100%| E|CS|TAMS 0x000000008db00000, 0x000000008db00000| Complete 
| 220|0x000000008dc00000, 0x000000008dd00000, 0x000000008dd00000|100%| E|CS|TAMS 0x000000008dc00000, 0x000000008dc00000| Complete 
| 221|0x000000008dd00000, 0x000000008de00000, 0x000000008de00000|100%| E|CS|TAMS 0x000000008dd00000, 0x000000008dd00000| Complete 
| 222|0x000000008de00000, 0x000000008df00000, 0x000000008df00000|100%| E|CS|TAMS 0x000000008de00000, 0x000000008de00000| Complete 
| 223|0x000000008df00000, 0x000000008e000000, 0x000000008e000000|100%| E|CS|TAMS 0x000000008df00000, 0x000000008df00000| Complete 
| 224|0x000000008e000000, 0x000000008e100000, 0x000000008e100000|100%| E|CS|TAMS 0x000000008e000000, 0x000000008e000000| Complete 
| 225|0x000000008e100000, 0x000000008e200000, 0x000000008e200000|100%| E|CS|TAMS 0x000000008e100000, 0x000000008e100000| Complete 
| 226|0x000000008e200000, 0x000000008e300000, 0x000000008e300000|100%| E|CS|TAMS 0x000000008e200000, 0x000000008e200000| Complete 
| 227|0x000000008e300000, 0x000000008e400000, 0x000000008e400000|100%| E|CS|TAMS 0x000000008e300000, 0x000000008e300000| Complete 

Card table byte_map: [0x000001f877e90000,0x000001f878290000] _byte_map_base: 0x000001f877a90000

Marking Bits (Prev, Next): (CMBitMap*) 0x000001f86fccdd50, (CMBitMap*) 0x000001f86fccdd90
 Prev Bits: [0x000001f878690000, 0x000001f87a690000)
 Next Bits: [0x000001f87a690000, 0x000001f87c690000)

Polling page: 0x000001f86f420000

Metaspace:

Usage:
  Non-class:     95.33 MB used.
      Class:     15.43 MB used.
       Both:    110.76 MB used.

Virtual space:
  Non-class space:      128.00 MB reserved,      95.81 MB ( 75%) committed,  2 nodes.
      Class space:      416.00 MB reserved,      15.88 MB (  4%) committed,  1 nodes.
             Both:      544.00 MB reserved,     111.69 MB ( 21%) committed. 

Chunk freelists:
   Non-Class:  15.77 MB
       Class:  15.95 MB
        Both:  31.72 MB

MaxMetaspaceSize: 512.00 MB
CompressedClassSpaceSize: 416.00 MB
Initial GC threshold: 21.00 MB
Current GC threshold: 183.25 MB
CDS: on
MetaspaceReclaimPolicy: balanced
 - commit_granule_bytes: 65536.
 - commit_granule_words: 8192.
 - virtual_space_node_default_size: 8388608.
 - enlarge_chunks_in_place: 1.
 - new_chunks_are_fully_committed: 0.
 - uncommit_free_chunks: 1.
 - use_allocation_guard: 0.
 - handle_deallocations: 1.


Internal statistics:

num_allocs_failed_limit: 9.
num_arena_births: 1430.
num_arena_deaths: 4.
num_vsnodes_births: 3.
num_vsnodes_deaths: 0.
num_space_committed: 1787.
num_space_uncommitted: 0.
num_chunks_returned_to_freelist: 19.
num_chunks_taken_from_freelist: 6351.
num_chunk_merges: 9.
num_chunk_splits: 4154.
num_chunks_enlarged: 2699.
num_inconsistent_stats: 0.

CodeHeap 'non-profiled nmethods': size=120000Kb used=7708Kb max_used=7708Kb free=112291Kb
 bounds [0x000001f807ad0000, 0x000001f808260000, 0x000001f80f000000]
CodeHeap 'profiled nmethods': size=120000Kb used=25829Kb max_used=25829Kb free=94170Kb
 bounds [0x000001f800000000, 0x000001f801940000, 0x000001f807530000]
CodeHeap 'non-nmethods': size=5760Kb used=2437Kb max_used=2528Kb free=3322Kb
 bounds [0x000001f807530000, 0x000001f8077c0000, 0x000001f807ad0000]
 total_blobs=14009 nmethods=13032 adapters=888
 compilation: enabled
              stopped_count=0, restarted_count=0
 full_count=0

Compilation events (20 events):
Event: 67.610 Thread 0x000001f87f1071e0 14798       3       kotlin.jvm.internal.SpreadBuilder::<init> (17 bytes)
Event: 67.610 Thread 0x000001f87f1071e0 nmethod 14798 0x000001f80191b010 code [0x000001f80191b1c0, 0x000001f80191b428]
Event: 67.610 Thread 0x000001f87f1071e0 14799       3       kotlin.jvm.internal.SpreadBuilder::addSpread (196 bytes)
Event: 67.611 Thread 0x000001f87f1071e0 nmethod 14799 0x000001f80191b510 code [0x000001f80191b920, 0x000001f80191da68]
Event: 67.612 Thread 0x000001f83280dd10 nmethod 14781 0x000001f808250210 code [0x000001f8082504a0, 0x000001f808251360]
Event: 67.612 Thread 0x000001f83280dd10 14800       4       java.lang.reflect.Constructor::getParameterTypes (11 bytes)
Event: 67.612 Thread 0x000001f87f1071e0 14801       3       org.gradle.model.internal.asm.AsmClassGeneratorUtils::visitExceptions (40 bytes)
Event: 67.612 Thread 0x000001f87f1071e0 nmethod 14801 0x000001f80191e310 code [0x000001f80191e4e0, 0x000001f80191e798]
Event: 67.613 Thread 0x000001f83280dd10 nmethod 14800 0x000001f808251f10 code [0x000001f8082520a0, 0x000001f808252218]
Event: 67.613 Thread 0x000001f83280dd10 14791       4       sun.reflect.generics.tree.ClassTypeSignature::accept (8 bytes)
Event: 67.614 Thread 0x000001f83280dd10 nmethod 14791 0x000001f808252310 code [0x000001f8082524a0, 0x000001f808252588]
Event: 67.614 Thread 0x000001f83280dd10 14795       4       org.gradle.api.internal.provider.Collectors$TypedCollector::isProvidedBy (32 bytes)
Event: 67.615 Thread 0x000001f83280dd10 nmethod 14795 0x000001f808252690 code [0x000001f808252820, 0x000001f808252938]
Event: 67.615 Thread 0x000001f83280dd10 14771       4       org.gradle.tooling.internal.provider.runner.PluginApplicationTracker::started (152 bytes)
Event: 67.628 Thread 0x000001f83280dd10 nmethod 14771 0x000001f808252a90 code [0x000001f808252d20, 0x000001f808253a10]
Event: 67.628 Thread 0x000001f83280dd10 14773       4       org.gradle.tooling.internal.provider.runner.TaskOriginTracker::started (62 bytes)
Event: 67.631 Thread 0x000001f83280dd10 nmethod 14773 0x000001f808254510 code [0x000001f8082546e0, 0x000001f808254c78]
Event: 67.632 Thread 0x000001f83280dd10 14669       4       org.gradle.internal.instantiation.generator.AbstractClassGenerator::isNameProperty (44 bytes)
Event: 67.633 Thread 0x000001f83280dd10 nmethod 14669 0x000001f808255090 code [0x000001f808255220, 0x000001f8082554b8]
Event: 67.633 Thread 0x000001f83280dd10 14742   !   4       org.gradle.internal.service.DefaultServiceRegistry$ManagedObjectServiceProvider::getInstance (47 bytes)

GC Heap History (20 events):
Event: 61.167 GC heap before
{Heap before GC invocations=30 (full 0):
 garbage-first heap   total 188416K, used 137713K [0x0000000080000000, 0x0000000100000000)
  region size 1024K, 37 young (37888K), 1 survivors (1024K)
 Metaspace       used 89652K, committed 90496K, reserved 557056K
  class space    used 12456K, committed 12864K, reserved 425984K
}
Event: 61.170 GC heap after
{Heap after GC invocations=31 (full 0):
 garbage-first heap   total 188416K, used 102714K [0x0000000080000000, 0x0000000100000000)
  region size 1024K, 3 young (3072K), 3 survivors (3072K)
 Metaspace       used 89652K, committed 90496K, reserved 557056K
  class space    used 12456K, committed 12864K, reserved 425984K
}
Event: 61.258 GC heap before
{Heap before GC invocations=31 (full 0):
 garbage-first heap   total 188416K, used 107834K [0x0000000080000000, 0x0000000100000000)
  region size 1024K, 9 young (9216K), 3 survivors (3072K)
 Metaspace       used 90196K, committed 91072K, reserved 557056K
  class space    used 12520K, committed 12928K, reserved 425984K
}
Event: 61.261 GC heap after
{Heap after GC invocations=32 (full 0):
 garbage-first heap   total 188416K, used 101959K [0x0000000080000000, 0x0000000100000000)
  region size 1024K, 1 young (1024K), 1 survivors (1024K)
 Metaspace       used 90196K, committed 91072K, reserved 557056K
  class space    used 12520K, committed 12928K, reserved 425984K
}
Event: 61.714 GC heap before
{Heap before GC invocations=32 (full 0):
 garbage-first heap   total 188416K, used 157255K [0x0000000080000000, 0x0000000100000000)
  region size 1024K, 49 young (50176K), 1 survivors (1024K)
 Metaspace       used 93331K, committed 94272K, reserved 557056K
  class space    used 12870K, committed 13312K, reserved 425984K
}
Event: 61.717 GC heap after
{Heap after GC invocations=33 (full 0):
 garbage-first heap   total 188416K, used 106645K [0x0000000080000000, 0x0000000100000000)
  region size 1024K, 5 young (5120K), 5 survivors (5120K)
 Metaspace       used 93331K, committed 94272K, reserved 557056K
  class space    used 12870K, committed 13312K, reserved 425984K
}
Event: 62.098 GC heap before
{Heap before GC invocations=33 (full 0):
 garbage-first heap   total 188416K, used 152725K [0x0000000080000000, 0x0000000100000000)
  region size 1024K, 50 young (51200K), 5 survivors (5120K)
 Metaspace       used 96668K, committed 97600K, reserved 557056K
  class space    used 13308K, committed 13760K, reserved 425984K
}
Event: 62.101 GC heap after
{Heap after GC invocations=34 (full 0):
 garbage-first heap   total 188416K, used 108856K [0x0000000080000000, 0x0000000100000000)
  region size 1024K, 3 young (3072K), 3 survivors (3072K)
 Metaspace       used 96668K, committed 97600K, reserved 557056K
  class space    used 13308K, committed 13760K, reserved 425984K
}
Event: 62.594 GC heap before
{Heap before GC invocations=34 (full 0):
 garbage-first heap   total 188416K, used 154936K [0x0000000080000000, 0x0000000100000000)
  region size 1024K, 48 young (49152K), 3 survivors (3072K)
 Metaspace       used 100089K, committed 100992K, reserved 557056K
  class space    used 13785K, committed 14208K, reserved 425984K
}
Event: 62.598 GC heap after
{Heap after GC invocations=35 (full 0):
 garbage-first heap   total 188416K, used 110213K [0x0000000080000000, 0x0000000100000000)
  region size 1024K, 4 young (4096K), 4 survivors (4096K)
 Metaspace       used 100089K, committed 100992K, reserved 557056K
  class space    used 13785K, committed 14208K, reserved 425984K
}
Event: 62.899 GC heap before
{Heap before GC invocations=36 (full 0):
 garbage-first heap   total 194560K, used 156293K [0x0000000080000000, 0x0000000100000000)
  region size 1024K, 49 young (50176K), 4 survivors (4096K)
 Metaspace       used 101658K, committed 102592K, reserved 557056K
  class space    used 14010K, committed 14464K, reserved 425984K
}
Event: 62.903 GC heap after
{Heap after GC invocations=37 (full 0):
 garbage-first heap   total 194560K, used 113510K [0x0000000080000000, 0x0000000100000000)
  region size 1024K, 5 young (5120K), 5 survivors (5120K)
 Metaspace       used 101658K, committed 102592K, reserved 557056K
  class space    used 14010K, committed 14464K, reserved 425984K
}
Event: 62.917 GC heap before
{Heap before GC invocations=37 (full 0):
 garbage-first heap   total 194560K, used 117606K [0x0000000080000000, 0x0000000100000000)
  region size 1024K, 9 young (9216K), 5 survivors (5120K)
 Metaspace       used 101660K, committed 102592K, reserved 557056K
  class space    used 14010K, committed 14464K, reserved 425984K
}
Event: 62.921 GC heap after
{Heap after GC invocations=38 (full 0):
 garbage-first heap   total 233472K, used 113418K [0x0000000080000000, 0x0000000100000000)
  region size 1024K, 1 young (1024K), 1 survivors (1024K)
 Metaspace       used 101660K, committed 102592K, reserved 557056K
  class space    used 14010K, committed 14464K, reserved 425984K
}
Event: 66.119 GC heap before
{Heap before GC invocations=38 (full 0):
 garbage-first heap   total 233472K, used 190218K [0x0000000080000000, 0x0000000100000000)
  region size 1024K, 75 young (76800K), 1 survivors (1024K)
 Metaspace       used 106254K, committed 107200K, reserved 557056K
  class space    used 14802K, committed 15296K, reserved 425984K
}
Event: 66.122 GC heap after
{Heap after GC invocations=39 (full 0):
 garbage-first heap   total 233472K, used 115904K [0x0000000080000000, 0x0000000100000000)
  region size 1024K, 4 young (4096K), 4 survivors (4096K)
 Metaspace       used 106254K, committed 107200K, reserved 557056K
  class space    used 14802K, committed 15296K, reserved 425984K
}
Event: 66.917 GC heap before
{Heap before GC invocations=39 (full 0):
 garbage-first heap   total 233472K, used 190656K [0x0000000080000000, 0x0000000100000000)
  region size 1024K, 77 young (78848K), 4 survivors (4096K)
 Metaspace       used 110853K, committed 111808K, reserved 557056K
  class space    used 15436K, committed 15872K, reserved 425984K
}
Event: 66.922 GC heap after
{Heap after GC invocations=40 (full 0):
 garbage-first heap   total 233472K, used 120412K [0x0000000080000000, 0x0000000100000000)
  region size 1024K, 8 young (8192K), 8 survivors (8192K)
 Metaspace       used 110853K, committed 111808K, reserved 557056K
  class space    used 15436K, committed 15872K, reserved 425984K
}
Event: 67.159 GC heap before
{Heap before GC invocations=40 (full 0):
 garbage-first heap   total 233472K, used 130652K [0x0000000080000000, 0x0000000100000000)
  region size 1024K, 19 young (19456K), 8 survivors (8192K)
 Metaspace       used 111239K, committed 112192K, reserved 557056K
  class space    used 15491K, committed 15936K, reserved 425984K
}
Event: 67.164 GC heap after
{Heap after GC invocations=41 (full 0):
 garbage-first heap   total 233472K, used 120886K [0x0000000080000000, 0x0000000100000000)
  region size 1024K, 5 young (5120K), 5 survivors (5120K)
 Metaspace       used 111239K, committed 112192K, reserved 557056K
  class space    used 15491K, committed 15936K, reserved 425984K
}

Dll operation events (15 events):
Event: 0.012 Loaded shared library C:\Program Files\Microsoft\jdk-17.0.8.7-hotspot\bin\java.dll
Event: 0.028 Loaded shared library C:\Program Files\Microsoft\jdk-17.0.8.7-hotspot\bin\jsvml.dll
Event: 0.060 Loaded shared library C:\Program Files\Microsoft\jdk-17.0.8.7-hotspot\bin\zip.dll
Event: 0.063 Loaded shared library C:\Program Files\Microsoft\jdk-17.0.8.7-hotspot\bin\instrument.dll
Event: 0.069 Loaded shared library C:\Program Files\Microsoft\jdk-17.0.8.7-hotspot\bin\net.dll
Event: 0.070 Loaded shared library C:\Program Files\Microsoft\jdk-17.0.8.7-hotspot\bin\nio.dll
Event: 0.073 Loaded shared library C:\Program Files\Microsoft\jdk-17.0.8.7-hotspot\bin\zip.dll
Event: 0.219 Loaded shared library C:\Program Files\Microsoft\jdk-17.0.8.7-hotspot\bin\jimage.dll
Event: 0.265 Loaded shared library C:\Program Files\Microsoft\jdk-17.0.8.7-hotspot\bin\verify.dll
Event: 0.375 Loaded shared library C:\Users\ASIM GOPE\.gradle\native\c067742578af261105cb4f569cf0c3c89f3d7b1fecec35dd04571415982c5e48\windows-amd64\native-platform.dll
Event: 0.389 Loaded shared library C:\Users\ASIM GOPE\.gradle\native\38dada09dfb8b06ba9b0570ebf7e218e3eb74d4ef43ca46872605cf95ebc2f47\windows-amd64\native-platform-file-events.dll
Event: 1.371 Loaded shared library C:\Program Files\Microsoft\jdk-17.0.8.7-hotspot\bin\management.dll
Event: 1.404 Loaded shared library C:\Program Files\Microsoft\jdk-17.0.8.7-hotspot\bin\management_ext.dll
Event: 2.929 Loaded shared library C:\Program Files\Microsoft\jdk-17.0.8.7-hotspot\bin\sunmscapi.dll
Event: 35.899 Loaded shared library C:\Program Files\Microsoft\jdk-17.0.8.7-hotspot\bin\rmi.dll

Deoptimization events (20 events):
Event: 66.734 Thread 0x000001f82f1e6ae0 DEOPT PACKING pc=0x000001f80165b89d sp=0x000000260e6fa3b0
Event: 66.734 Thread 0x000001f82f1e6ae0 DEOPT UNPACKING pc=0x000001f807587143 sp=0x000000260e6f98d8 mode 0
Event: 66.734 Thread 0x000001f82f1e6ae0 DEOPT PACKING pc=0x000001f80165b735 sp=0x000000260e6fa520
Event: 66.734 Thread 0x000001f82f1e6ae0 DEOPT UNPACKING pc=0x000001f807587143 sp=0x000000260e6f9a48 mode 0
Event: 66.734 Thread 0x000001f82f1e6ae0 DEOPT PACKING pc=0x000001f80165b89d sp=0x000000260e6f9e50
Event: 66.734 Thread 0x000001f82f1e6ae0 DEOPT UNPACKING pc=0x000001f807587143 sp=0x000000260e6f9378 mode 0
Event: 66.789 Thread 0x000001f82f1e6ae0 DEOPT PACKING pc=0x000001f80165b735 sp=0x000000260e6f87e0
Event: 66.789 Thread 0x000001f82f1e6ae0 DEOPT UNPACKING pc=0x000001f807587143 sp=0x000000260e6f7d08 mode 0
Event: 67.026 Thread 0x000001f82f1e6ae0 Uncommon trap: trap_request=0xffffffde fr.pc=0x000001f807d926f8 relative=0x0000000000000398
Event: 67.026 Thread 0x000001f82f1e6ae0 Uncommon trap: reason=class_check action=maybe_recompile pc=0x000001f807d926f8 method=java.util.stream.AbstractPipeline.copyIntoWithCancel(Ljava/util/stream/Sink;Ljava/util/Spliterator;)Z @ 32 c2
Event: 67.026 Thread 0x000001f82f1e6ae0 DEOPT PACKING pc=0x000001f807d926f8 sp=0x000000260e6fa620
Event: 67.026 Thread 0x000001f82f1e6ae0 DEOPT UNPACKING pc=0x000001f8075869a3 sp=0x000000260e6fa4c8 mode 2
Event: 67.026 Thread 0x000001f82f1e6ae0 Uncommon trap: trap_request=0xffffffde fr.pc=0x000001f807d9195c relative=0x000000000000027c
Event: 67.026 Thread 0x000001f82f1e6ae0 Uncommon trap: reason=class_check action=maybe_recompile pc=0x000001f807d9195c method=java.util.stream.AbstractPipeline.copyIntoWithCancel(Ljava/util/stream/Sink;Ljava/util/Spliterator;)Z @ 32 c2
Event: 67.026 Thread 0x000001f82f1e6ae0 DEOPT PACKING pc=0x000001f807d9195c sp=0x000000260e6fa5a0
Event: 67.026 Thread 0x000001f82f1e6ae0 DEOPT UNPACKING pc=0x000001f8075869a3 sp=0x000000260e6fa4c0 mode 2
Event: 67.613 Thread 0x000001f82f1e6ae0 Uncommon trap: trap_request=0xfffffff4 fr.pc=0x000001f808251120 relative=0x0000000000000c80
Event: 67.613 Thread 0x000001f82f1e6ae0 Uncommon trap: reason=null_check action=make_not_entrant pc=0x000001f808251120 method=org.gradle.cache.internal.DefaultCrossBuildInMemoryCacheFactory$DefaultCrossBuildInMemoryCache.maybeGetRetainedValue(Ljava/lang/Object;)Ljava/lang/Object; @ 10 c2
Event: 67.613 Thread 0x000001f82f1e6ae0 DEOPT PACKING pc=0x000001f808251120 sp=0x000000260e6fa350
Event: 67.613 Thread 0x000001f82f1e6ae0 DEOPT UNPACKING pc=0x000001f8075869a3 sp=0x000000260e6fa2d8 mode 2

Classes unloaded (11 events):
Event: 35.930 Thread 0x000001f87f0c5680 Unloading class 0x000001f8105e0000 '_BuildScript_'
Event: 62.663 Thread 0x000001f87f0c5680 Unloading class 0x000001f810c99b58 '_BuildScript_$_run_closure3'
Event: 62.663 Thread 0x000001f87f0c5680 Unloading class 0x000001f810c99770 '_BuildScript_$_run_closure2$_closure6$_closure9'
Event: 62.663 Thread 0x000001f87f0c5680 Unloading class 0x000001f810c99388 '_BuildScript_$_run_closure2$_closure6$_closure8'
Event: 62.663 Thread 0x000001f87f0c5680 Unloading class 0x000001f810c98fa0 '_BuildScript_$_run_closure2$_closure6'
Event: 62.663 Thread 0x000001f87f0c5680 Unloading class 0x000001f810c98bb8 '_BuildScript_$_run_closure2$_closure5$_closure7'
Event: 62.663 Thread 0x000001f87f0c5680 Unloading class 0x000001f810c987d0 '_BuildScript_$_run_closure2$_closure5'
Event: 62.663 Thread 0x000001f87f0c5680 Unloading class 0x000001f810c983e8 '_BuildScript_$_run_closure2$_closure4'
Event: 62.663 Thread 0x000001f87f0c5680 Unloading class 0x000001f810c98000 '_BuildScript_$_run_closure2'
Event: 62.663 Thread 0x000001f87f0c5680 Unloading class 0x000001f810c94c00 '_BuildScript_$_run_closure1'
Event: 62.663 Thread 0x000001f87f0c5680 Unloading class 0x000001f810c94000 '_BuildScript_'

Classes redefined (0 events):
No events

Internal exceptions (20 events):
Event: 66.392 Thread 0x000001f82f1e6ae0 Exception <a 'java/lang/ClassNotFoundException'{0x000000008c6fbef8}: com/android/build/gradle/internal/api/ApkVariantOutputImplBeanInfo> (0x000000008c6fbef8) 
thrown [s\src\hotspot\share\classfile\systemDictionary.cpp, line 256]
Event: 66.392 Thread 0x000001f82f1e6ae0 Exception <a 'java/lang/ClassNotFoundException'{0x000000008c509470}: com/android/build/gradle/internal/api/BaseVariantOutputImplBeanInfo> (0x000000008c509470) 
thrown [s\src\hotspot\share\classfile\systemDictionary.cpp, line 256]
Event: 66.392 Thread 0x000001f82f1e6ae0 Exception <a 'java/lang/ClassNotFoundException'{0x000000008c516468}: com/android/build/gradle/internal/api/BaseVariantOutputImplCustomizer> (0x000000008c516468) 
thrown [s\src\hotspot\share\classfile\systemDictionary.cpp, line 256]
Event: 66.393 Thread 0x000001f82f1e6ae0 Exception <a 'java/lang/ClassNotFoundException'{0x000000008c536338}: com/android/build/gradle/internal/api/ApkVariantOutputImplCustomizer> (0x000000008c536338) 
thrown [s\src\hotspot\share\classfile\systemDictionary.cpp, line 256]
Event: 66.393 Thread 0x000001f82f1e6ae0 Exception <a 'java/lang/ClassNotFoundException'{0x000000008c551200}: com/android/build/gradle/internal/api/ApkVariantOutputImpl_DecoratedCustomizer> (0x000000008c551200) 
thrown [s\src\hotspot\share\classfile\systemDictionary.cpp, line 256]
Event: 66.456 Thread 0x000001f82f1e6ae0 Exception <a 'java/lang/ClassNotFoundException'{0x000000008be912e0}: com/android/build/gradle/internal/api/ReadOnlyBuildTypeBeanInfo> (0x000000008be912e0) 
thrown [s\src\hotspot\share\classfile\systemDictionary.cpp, line 256]
Event: 66.456 Thread 0x000001f82f1e6ae0 Exception <a 'java/lang/ClassNotFoundException'{0x000000008be9e538}: com/android/build/gradle/internal/api/ReadOnlyBaseConfigBeanInfo> (0x000000008be9e538) 
thrown [s\src\hotspot\share\classfile\systemDictionary.cpp, line 256]
Event: 66.457 Thread 0x000001f82f1e6ae0 Exception <a 'java/lang/ClassNotFoundException'{0x000000008beab510}: com/android/build/gradle/internal/api/ReadOnlyBaseConfigCustomizer> (0x000000008beab510) 
thrown [s\src\hotspot\share\classfile\systemDictionary.cpp, line 256]
Event: 66.457 Thread 0x000001f82f1e6ae0 Exception <a 'java/lang/ClassNotFoundException'{0x000000008bec9098}: com/android/build/gradle/internal/api/ReadOnlyBuildTypeCustomizer> (0x000000008bec9098) 
thrown [s\src\hotspot\share\classfile\systemDictionary.cpp, line 256]
Event: 66.736 Thread 0x000001f82f1e6ae0 Exception <a 'java/lang/ClassNotFoundException'{0x000000008a4a1a80}: org/gradle/api/tasks/util/internal/PatternSets$InternalPatternSetBeanInfo> (0x000000008a4a1a80) 
thrown [s\src\hotspot\share\classfile\systemDictionary.cpp, line 256]
Event: 66.736 Thread 0x000001f82f1e6ae0 Exception <a 'java/lang/ClassNotFoundException'{0x000000008a4a9c30}: org/gradle/api/tasks/util/PatternSetBeanInfo> (0x000000008a4a9c30) 
thrown [s\src\hotspot\share\classfile\systemDictionary.cpp, line 256]
Event: 66.736 Thread 0x000001f82f1e6ae0 Exception <a 'java/lang/ClassNotFoundException'{0x000000008a4b1dc0}: org/gradle/api/tasks/util/PatternSetCustomizer> (0x000000008a4b1dc0) 
thrown [s\src\hotspot\share\classfile\systemDictionary.cpp, line 256]
Event: 66.737 Thread 0x000001f82f1e6ae0 Exception <a 'java/lang/ClassNotFoundException'{0x000000008a4ddfd0}: org/gradle/api/tasks/util/internal/PatternSets$InternalPatternSetCustomizer> (0x000000008a4ddfd0) 
thrown [s\src\hotspot\share\classfile\systemDictionary.cpp, line 256]
Event: 66.741 Thread 0x000001f82f1e6ae0 Exception <a 'java/lang/IncompatibleClassChangeError'{0x000000008a328a38}: Found class java.lang.Object, but interface was expected> (0x000000008a328a38) 
thrown [s\src\hotspot\share\interpreter\linkResolver.cpp, line 826]
Event: 66.741 Thread 0x000001f82f1e6ae0 Exception <a 'java/lang/IncompatibleClassChangeError'{0x000000008a32df30}: Found class java.lang.Object, but interface was expected> (0x000000008a32df30) 
thrown [s\src\hotspot\share\interpreter\linkResolver.cpp, line 826]
Event: 66.779 Thread 0x000001f82f1e6ae0 Exception <a 'java/lang/IncompatibleClassChangeError'{0x0000000089f26070}: Found class java.lang.Object, but interface was expected> (0x0000000089f26070) 
thrown [s\src\hotspot\share\interpreter\linkResolver.cpp, line 826]
Event: 67.111 Thread 0x000001f82f1e6ae0 Exception <a 'java/lang/NoSuchMethodError'{0x000000008dd91990}: 'java.lang.Object java.lang.invoke.DirectMethodHandle$Holder.invokeStatic(java.lang.Object, int, java.lang.Object)'> (0x000000008dd91990) 
thrown [s\src\hotspot\share\interpreter\linkResolver.cpp, line 759]
Event: 67.257 Thread 0x000001f82f1e4c80 Exception <a 'java/lang/NoSuchMethodError'{0x000000008da1df50}: static Lorg/gradle/tooling/internal/provider/PhasedBuildActionResult;.<clinit>()V> (0x000000008da1df50) 
thrown [s\src\hotspot\share\prims\jni.cpp, line 1107]
Event: 67.257 Thread 0x000001f82f1e4c80 Exception <a 'java/lang/NoSuchMethodError'{0x000000008da25d28}: static Lorg/gradle/tooling/internal/provider/serialization/SerializedPayload;.<clinit>()V> (0x000000008da25d28) 
thrown [s\src\hotspot\share\prims\jni.cpp, line 1107]
Event: 67.613 Thread 0x000001f82f1e6ae0 Implicit null exception at 0x000001f8082505f0 to 0x000001f808251114

VM Operations (20 events):
Event: 65.445 Executing VM operation: Cleanup
Event: 65.445 Executing VM operation: Cleanup done
Event: 65.489 Executing VM operation: HandshakeAllThreads
Event: 65.489 Executing VM operation: HandshakeAllThreads done
Event: 65.563 Executing VM operation: HandshakeAllThreads
Event: 65.564 Executing VM operation: HandshakeAllThreads done
Event: 66.119 Executing VM operation: G1CollectForAllocation
Event: 66.122 Executing VM operation: G1CollectForAllocation done
Event: 66.624 Executing VM operation: ICBufferFull
Event: 66.624 Executing VM operation: ICBufferFull done
Event: 66.751 Executing VM operation: ICBufferFull
Event: 66.751 Executing VM operation: ICBufferFull done
Event: 66.917 Executing VM operation: G1CollectForAllocation
Event: 66.922 Executing VM operation: G1CollectForAllocation done
Event: 67.159 Executing VM operation: G1TryInitiateConcMark
Event: 67.164 Executing VM operation: G1TryInitiateConcMark done
Event: 67.262 Executing VM operation: G1PauseRemark
Event: 67.267 Executing VM operation: G1PauseRemark done
Event: 67.314 Executing VM operation: G1PauseCleanup
Event: 67.314 Executing VM operation: G1PauseCleanup done

Events (20 events):
Event: 62.863 loading class java/beans/IntrospectionException
Event: 62.863 loading class java/beans/IntrospectionException done
Event: 63.502 Thread 0x000001f82f1e5190 Thread exited: 0x000001f82f1e5190
Event: 65.426 loading class java/util/regex/MatcherBeanInfo
Event: 65.426 loading class java/util/regex/MatcherBeanInfo done
Event: 65.426 loading class java/util/regex/MatcherBeanInfo
Event: 65.426 loading class java/util/regex/MatcherBeanInfo done
Event: 65.426 loading class java/util/regex/MatcherCustomizer
Event: 65.426 loading class java/util/regex/MatcherCustomizer done
Event: 65.426 loading class java/util/regex/MatcherCustomizer
Event: 65.426 loading class java/util/regex/MatcherCustomizer done
Event: 65.445 Thread 0x000001f87f10a620 flushing nmethod 0x000001f807af4a10
Event: 65.447 Thread 0x000001f87f10a620 flushing nmethod 0x000001f807f13d10
Event: 65.447 Thread 0x000001f87f10a620 flushing nmethod 0x000001f807fd6c90
Event: 66.766 Thread 0x000001f87f423f50 Thread added: 0x000001f87f423f50
Event: 66.767 Thread 0x000001f87f420290 Thread added: 0x000001f87f420290
Event: 67.106 Thread 0x000001f87f425390 Thread added: 0x000001f87f425390
Event: 67.110 loading class java/util/TreeMap$ValueSpliterator
Event: 67.111 loading class java/util/TreeMap$ValueSpliterator done
Event: 67.198 Thread 0x000001f83280dd10 Thread added: 0x000001f83280dd10


Dynamic libraries:
0x00007ff7b36e0000 - 0x00007ff7b36ee000 	C:\Program Files\Microsoft\jdk-17.0.8.7-hotspot\bin\java.exe
0x00007ffccf390000 - 0x00007ffccf5a7000 	C:\WINDOWS\SYSTEM32\ntdll.dll
0x00007ffcce730000 - 0x00007ffcce7f4000 	C:\WINDOWS\System32\KERNEL32.DLL
0x00007ffccc6c0000 - 0x00007ffccca6d000 	C:\WINDOWS\System32\KERNELBASE.dll
0x00007ffccce70000 - 0x00007ffcccf81000 	C:\WINDOWS\System32\ucrtbase.dll
0x00007ffcb7770000 - 0x00007ffcb7787000 	C:\Program Files\Microsoft\jdk-17.0.8.7-hotspot\bin\jli.dll
0x00007ffcb6750000 - 0x00007ffcb676b000 	C:\Program Files\Microsoft\jdk-17.0.8.7-hotspot\bin\VCRUNTIME140.dll
0x00007ffccde40000 - 0x00007ffccdfee000 	C:\WINDOWS\System32\USER32.dll
0x00007ffcccbe0000 - 0x00007ffcccc06000 	C:\WINDOWS\System32\win32u.dll
0x00007ffcac120000 - 0x00007ffcac3b3000 	C:\WINDOWS\WinSxS\amd64_microsoft.windows.common-controls_6595b64144ccf1df_6.0.22621.3672_none_2713b9d173822955\COMCTL32.dll
0x00007ffccf320000 - 0x00007ffccf349000 	C:\WINDOWS\System32\GDI32.dll
0x00007ffccd150000 - 0x00007ffccd1f7000 	C:\WINDOWS\System32\msvcrt.dll
0x00007ffcccd50000 - 0x00007ffccce69000 	C:\WINDOWS\System32\gdi32full.dll
0x00007ffcccc10000 - 0x00007ffccccaa000 	C:\WINDOWS\System32\msvcp_win.dll
0x00007ffcce100000 - 0x00007ffcce131000 	C:\WINDOWS\System32\IMM32.DLL
0x00007ffcc58b0000 - 0x00007ffcc58bc000 	C:\Program Files\Microsoft\jdk-17.0.8.7-hotspot\bin\vcruntime140_1.dll
0x00007ffc4e530000 - 0x00007ffc4e5bd000 	C:\Program Files\Microsoft\jdk-17.0.8.7-hotspot\bin\msvcp140.dll
0x00007ffc3ce50000 - 0x00007ffc3dab5000 	C:\Program Files\Microsoft\jdk-17.0.8.7-hotspot\bin\server\jvm.dll
0x00007ffcceb70000 - 0x00007ffccec22000 	C:\WINDOWS\System32\ADVAPI32.dll
0x00007ffccf120000 - 0x00007ffccf1c9000 	C:\WINDOWS\System32\sechost.dll
0x00007ffccccb0000 - 0x00007ffccccd8000 	C:\WINDOWS\System32\bcrypt.dll
0x00007ffcce5e0000 - 0x00007ffcce6f4000 	C:\WINDOWS\System32\RPCRT4.dll
0x00007ffccbcc0000 - 0x00007ffccbd0d000 	C:\WINDOWS\SYSTEM32\POWRPROF.dll
0x00007ffcc7ef0000 - 0x00007ffcc7ef9000 	C:\WINDOWS\SYSTEM32\WSOCK32.dll
0x00007ffcc8350000 - 0x00007ffcc8384000 	C:\WINDOWS\SYSTEM32\WINMM.dll
0x00007ffccd0d0000 - 0x00007ffccd141000 	C:\WINDOWS\System32\WS2_32.dll
0x00007ffcc8340000 - 0x00007ffcc834a000 	C:\WINDOWS\SYSTEM32\VERSION.dll
0x00007ffccbc70000 - 0x00007ffccbc83000 	C:\WINDOWS\SYSTEM32\UMPDC.dll
0x00007ffccb6f0000 - 0x00007ffccb708000 	C:\WINDOWS\SYSTEM32\kernel.appcore.dll
0x00007ffcb7b90000 - 0x00007ffcb7b9a000 	C:\Program Files\Microsoft\jdk-17.0.8.7-hotspot\bin\jimage.dll
0x00007ffcbab90000 - 0x00007ffcbadc2000 	C:\WINDOWS\SYSTEM32\DBGHELP.DLL
0x00007ffcced90000 - 0x00007ffccf118000 	C:\WINDOWS\System32\combase.dll
0x00007ffccd3b0000 - 0x00007ffccd487000 	C:\WINDOWS\System32\OLEAUT32.dll
0x00007ffc9fb70000 - 0x00007ffc9fba2000 	C:\WINDOWS\SYSTEM32\dbgcore.DLL
0x00007ffccd050000 - 0x00007ffccd0cb000 	C:\WINDOWS\System32\bcryptPrimitives.dll
0x00007ffcc8f20000 - 0x00007ffcc8f2e000 	C:\Program Files\Microsoft\jdk-17.0.8.7-hotspot\bin\instrument.dll
0x00007ffc98e50000 - 0x00007ffc98e75000 	C:\Program Files\Microsoft\jdk-17.0.8.7-hotspot\bin\java.dll
0x00007ffc4c0b0000 - 0x00007ffc4c187000 	C:\Program Files\Microsoft\jdk-17.0.8.7-hotspot\bin\jsvml.dll
0x00007ffccd4e0000 - 0x00007ffccdd3f000 	C:\WINDOWS\System32\SHELL32.dll
0x00007ffcca610000 - 0x00007ffccaf0c000 	C:\WINDOWS\SYSTEM32\windows.storage.dll
0x00007ffcca4d0000 - 0x00007ffcca60f000 	C:\WINDOWS\SYSTEM32\wintypes.dll
0x00007ffccdd40000 - 0x00007ffccde34000 	C:\WINDOWS\System32\SHCORE.dll
0x00007ffccf2c0000 - 0x00007ffccf31e000 	C:\WINDOWS\System32\shlwapi.dll
0x00007ffccc5f0000 - 0x00007ffccc611000 	C:\WINDOWS\SYSTEM32\profapi.dll
0x00007ffcb4c10000 - 0x00007ffcb4c28000 	C:\Program Files\Microsoft\jdk-17.0.8.7-hotspot\bin\zip.dll
0x00007ffcb6600000 - 0x00007ffcb6619000 	C:\Program Files\Microsoft\jdk-17.0.8.7-hotspot\bin\net.dll
0x00007ffcc8b70000 - 0x00007ffcc8ca6000 	C:\WINDOWS\SYSTEM32\WINHTTP.dll
0x00007ffccbbe0000 - 0x00007ffccbc49000 	C:\WINDOWS\system32\mswsock.dll
0x00007ffcb65d0000 - 0x00007ffcb65e6000 	C:\Program Files\Microsoft\jdk-17.0.8.7-hotspot\bin\nio.dll
0x00007ffcb3fd0000 - 0x00007ffcb3fe0000 	C:\Program Files\Microsoft\jdk-17.0.8.7-hotspot\bin\verify.dll
0x00007ffcb0410000 - 0x00007ffcb0437000 	C:\Users\ASIM GOPE\.gradle\native\c067742578af261105cb4f569cf0c3c89f3d7b1fecec35dd04571415982c5e48\windows-amd64\native-platform.dll
0x00007ffc4ee60000 - 0x00007ffc4efa4000 	C:\Users\ASIM GOPE\.gradle\native\38dada09dfb8b06ba9b0570ebf7e218e3eb74d4ef43ca46872605cf95ebc2f47\windows-amd64\native-platform-file-events.dll
0x00007ffcc7f30000 - 0x00007ffcc7f39000 	C:\Program Files\Microsoft\jdk-17.0.8.7-hotspot\bin\management.dll
0x00007ffcc7f20000 - 0x00007ffcc7f2b000 	C:\Program Files\Microsoft\jdk-17.0.8.7-hotspot\bin\management_ext.dll
0x00007ffcce720000 - 0x00007ffcce728000 	C:\WINDOWS\System32\PSAPI.DLL
0x00007ffccbeb0000 - 0x00007ffccbecb000 	C:\WINDOWS\SYSTEM32\CRYPTSP.dll
0x00007ffccb650000 - 0x00007ffccb685000 	C:\WINDOWS\system32\rsaenh.dll
0x00007ffccbd50000 - 0x00007ffccbd78000 	C:\WINDOWS\SYSTEM32\USERENV.dll
0x00007ffccbed0000 - 0x00007ffccbedc000 	C:\WINDOWS\SYSTEM32\CRYPTBASE.dll
0x00007ffccb170000 - 0x00007ffccb19d000 	C:\WINDOWS\SYSTEM32\IPHLPAPI.DLL
0x00007ffcce140000 - 0x00007ffcce149000 	C:\WINDOWS\System32\NSI.dll
0x00007ffcc8b10000 - 0x00007ffcc8b29000 	C:\WINDOWS\SYSTEM32\dhcpcsvc6.DLL
0x00007ffcc8ad0000 - 0x00007ffcc8aef000 	C:\WINDOWS\SYSTEM32\dhcpcsvc.DLL
0x00007ffccb1e0000 - 0x00007ffccb2d8000 	C:\WINDOWS\SYSTEM32\DNSAPI.dll
0x00007ffcb7b00000 - 0x00007ffcb7b0e000 	C:\Program Files\Microsoft\jdk-17.0.8.7-hotspot\bin\sunmscapi.dll
0x00007ffccca70000 - 0x00007ffcccbd7000 	C:\WINDOWS\System32\CRYPT32.dll
0x00007ffccc050000 - 0x00007ffccc07e000 	C:\WINDOWS\SYSTEM32\ncrypt.dll
0x00007ffccc010000 - 0x00007ffccc047000 	C:\WINDOWS\SYSTEM32\NTASN1.dll
0x00007ffcb7a40000 - 0x00007ffcb7a48000 	C:\WINDOWS\system32\wshunix.dll
0x00007ffc9c4e0000 - 0x00007ffc9c4f7000 	C:\WINDOWS\system32\napinsp.dll
0x00007ffc9c300000 - 0x00007ffc9c31b000 	C:\WINDOWS\system32\pnrpnsp.dll
0x00007ffc9c210000 - 0x00007ffc9c221000 	C:\WINDOWS\System32\winrnr.dll
0x00007ffc9c1f0000 - 0x00007ffc9c205000 	C:\WINDOWS\system32\wshbth.dll
0x00007ffc9c1c0000 - 0x00007ffc9c1e7000 	C:\WINDOWS\system32\nlansp_c.dll
0x00007ffcc52e0000 - 0x00007ffcc52ea000 	C:\Windows\System32\rasadhlp.dll
0x00007ffcc7fd0000 - 0x00007ffcc8053000 	C:\WINDOWS\System32\fwpuclnt.dll
0x00007ffcb2b20000 - 0x00007ffcb2b27000 	C:\Program Files\Microsoft\jdk-17.0.8.7-hotspot\bin\rmi.dll

dbghelp: loaded successfully - version: 4.0.5 - missing functions: none
symbol engine: initialized successfully - sym options: 0x614 - pdb path: .;C:\Program Files\Microsoft\jdk-17.0.8.7-hotspot\bin;C:\WINDOWS\SYSTEM32;C:\WINDOWS\WinSxS\amd64_microsoft.windows.common-controls_6595b64144ccf1df_6.0.22621.3672_none_2713b9d173822955;C:\Program Files\Microsoft\jdk-17.0.8.7-hotspot\bin\server;C:\Users\ASIM GOPE\.gradle\native\c067742578af261105cb4f569cf0c3c89f3d7b1fecec35dd04571415982c5e48\windows-amd64;C:\Users\ASIM GOPE\.gradle\native\38dada09dfb8b06ba9b0570ebf7e218e3eb74d4ef43ca46872605cf95ebc2f47\windows-amd64

VM Arguments:
jvm_args: -XX:MaxMetaspaceSize=512m --add-opens=java.base/java.util=ALL-UNNAMED --add-opens=java.base/java.lang=ALL-UNNAMED --add-opens=java.base/java.lang.invoke=ALL-UNNAMED --add-opens=java.prefs/java.util.prefs=ALL-UNNAMED --add-opens=java.base/java.nio.charset=ALL-UNNAMED --add-opens=java.base/java.net=ALL-UNNAMED --add-opens=java.base/java.util.concurrent.atomic=ALL-UNNAMED -Xmx2048m -Dfile.encoding=utf8 -Duser.country=IN -Duser.language=en -Duser.variant -javaagent:C:\Users\ASIM GOPE\.gradle\wrapper\dists\gradle-8.6-all\3mbtmo166bl6vumsh5k2lkq5h\gradle-8.6\lib\agents\gradle-instrumentation-agent-8.6.jar 
java_command: org.gradle.launcher.daemon.bootstrap.GradleDaemon 8.6
java_class_path (initial): C:\Users\ASIM GOPE\.gradle\wrapper\dists\gradle-8.6-all\3mbtmo166bl6vumsh5k2lkq5h\gradle-8.6\lib\gradle-launcher-8.6.jar
Launcher Type: SUN_STANDARD

[Global flags]
     intx CICompilerCount                          = 4                                         {product} {ergonomic}
   size_t CompressedClassSpaceSize                 = 436207616                                 {product} {ergonomic}
     uint ConcGCThreads                            = 2                                         {product} {ergonomic}
     uint G1ConcRefinementThreads                  = 8                                         {product} {ergonomic}
   size_t G1HeapRegionSize                         = 1048576                                   {product} {ergonomic}
    uintx GCDrainStackTargetSize                   = 64                                        {product} {ergonomic}
   size_t InitialHeapSize                          = 132120576                                 {product} {ergonomic}
   size_t MarkStackSize                            = 4194304                                   {product} {ergonomic}
   size_t MaxHeapSize                              = 2147483648                                {product} {command line}
   size_t MaxMetaspaceSize                         = 536870912                                 {product} {command line}
   size_t MaxNewSize                               = 1287651328                                {product} {ergonomic}
   size_t MinHeapDeltaBytes                        = 1048576                                   {product} {ergonomic}
   size_t MinHeapSize                              = 8388608                                   {product} {ergonomic}
    uintx NonNMethodCodeHeapSize                   = 5839372                                {pd product} {ergonomic}
    uintx NonProfiledCodeHeapSize                  = 122909434                              {pd product} {ergonomic}
    uintx ProfiledCodeHeapSize                     = 122909434                              {pd product} {ergonomic}
    uintx ReservedCodeCacheSize                    = 251658240                              {pd product} {ergonomic}
     bool SegmentedCodeCache                       = true                                      {product} {ergonomic}
   size_t SoftMaxHeapSize                          = 2147483648                             {manageable} {ergonomic}
     bool UseCompressedClassPointers               = true                           {product lp64_product} {ergonomic}
     bool UseCompressedOops                        = true                           {product lp64_product} {ergonomic}
     bool UseG1GC                                  = true                                      {product} {ergonomic}
     bool UseLargePagesIndividualAllocation        = false                                  {pd product} {ergonomic}

Logging:
Log output configuration:
 #0: stdout all=warning uptime,level,tags
 #1: stderr all=off uptime,level,tags

Environment Variables:
JAVA_HOME=C:\Program Files\Microsoft\jdk-17.0.8.7-hotspot\
PATH=C:\Program Files\Common Files\Siemens\Automation\Simatic OAM\bin;C:\Program Files\Microsoft\jdk-17.0.8.7-hotspot\bin;C:\Python312\Scripts\;C:\Python312\;C:\oraclexe\app\oracle\product\11.2.0\server\bin;C:\Python310\Scripts\;C:\Python310\;C:\Program Files\Common Files\Oracle\Java\javapath;C:\Windows\system32;C:\Windows;C:\Windows\System32\Wbem;C:\Windows\System32\WindowsPowerShell\v1.0\;C:\Windows\System32\OpenSSH\;C:\Program Files (x86)\NVIDIA Corporation\PhysX\Common;C:\Program Files\NVIDIA Corporation\NVIDIA NvDLISR;C:\Program Files\Java\jdk-15.0.1\bin;C:\Program Files\Java\jdk-15.0.1;C:\MinGW\bin;C:\Program Files\Java\jdk-15.0.1\bin\;A:\asim\PUBGLite\PUBGLite;C:\Users\ASIM GOPE\AppData\Local\Programs\Microsoft VS Code\bin;C:\ProgramData\chocolatey\bin;C:\WINDOWS\system32;C:\WINDOWS;C:\WINDOWS\System32\Wbem;C:\WINDOWS\System32\WindowsPowerShell\v1.0\;C:\WINDOWS\System32\OpenSSH\;C:\Program Files\OpenJDK\openjdk-11.0.13_8\bin;C:\Program Files\Git\cmd;C:\Program Files\Microsoft SQL Server\150\Tools\Binn\;C:\Program Files\nodejs\;A:\bin;C:\Program Files\CMake\bin;C:\Program Files\Common Files\Siemens\Automation\Simatic OAM\bin;C:\Program Files\Microsoft\jdk-17.0.8.7-hotspot\bin;C:\Python312\Scripts\;C:\Python312\;C:\oraclexe\app\oracle\product\11.2.0\server\bin;C:\Python310\Scripts\;C:\Python310\;C:\Program Files\Common Files\Oracle\Java\javapath;C:\Windows\system32;C:\Windows;C:\Windows\System32\Wbem;C:\Windows\System32\WindowsPowerShell\v1.0\;C:\Windows\System32\OpenSSH\;C:\Program Files (x86)\NVIDIA Corporation\PhysX\Common;C:\Program Files\NVIDIA Corporation\NVIDIA NvDLISR;C:\Program Files\Java\jdk-15.0.1\bin;C:\Program Files\Java\jdk-15.0.1;C:\MinGW\bin;C:\Program Files\Java\jdk-15.0.1\bin\;A:\asim\PUBGLite\PUBGLite;C:\Users\ASIM GOPE\AppData\Local\Programs\Microsoft VS Code\bin;C:\ProgramData\chocolatey\bin;C:\WINDOWS\system32;C:\WINDOWS;C:\WINDOWS\System32\Wbem;C:\WINDOWS\System32\WindowsPowerShell\v1.0\;C:\WINDOWS\System32\OpenSSH\;C:\Program Files\OpenJDK\
USERNAME=ASIM GOPE
OS=Windows_NT
PROCESSOR_IDENTIFIER=Intel64 Family 6 Model 158 Stepping 13, GenuineIntel
TMP=C:\Users\ASIMGO~1\AppData\Local\Temp
TEMP=C:\Users\ASIMGO~1\AppData\Local\Temp



---------------  S Y S T E M  ---------------

OS:
 Windows 11 , 64 bit Build 22621 (10.0.22621.3672)
OS uptime: 4 days 7:27 hours

CPU: total 8 (initial active 8) (4 cores per cpu, 2 threads per core) family 6 model 158 stepping 13 microcode 0xde, cx8, cmov, fxsr, ht, mmx, 3dnowpref, sse, sse2, sse3, ssse3, sse4.1, sse4.2, popcnt, lzcnt, tsc, tscinvbit, avx, avx2, aes, erms, clmul, bmi1, bmi2, adx, fma, vzeroupper, clflush, clflushopt
Processor Information for all 8 processors :
  Max Mhz: 2401, Current Mhz: 2400, Mhz Limit: 2376

Memory: 4k page, system-wide physical 8036M (516M free)
TotalPageFile size 32612M (AvailPageFile size 82M)
current process WorkingSet (physical memory assigned to process): 485M, peak: 501M
current process commit charge ("private bytes"): 566M, peak: 569M

vm_info: OpenJDK 64-Bit Server VM (17.0.8+7-LTS) for windows-amd64 JRE (17.0.8+7-LTS), built on Jul  7 2023 17:21:55 by "MicrosoftCorporation" with MS VC++ 16.10 / 16.11 (VS2019)

END.
