#
# There is insufficient memory for the Java Runtime Environment to continue.
# Native memory allocation (malloc) failed to allocate 1669904 bytes for Chunk::new
# Possible reasons:
#   The system is out of physical RAM or swap space
#   The process is running with CompressedOops enabled, and the Java Heap may be blocking the growth of the native heap
# Possible solutions:
#   Reduce memory load on the system
#   Increase physical memory or swap space
#   Check if swap backing store is full
#   Decrease Java heap size (-Xmx/-Xms)
#   Decrease number of Java threads
#   Decrease Java thread stack sizes (-Xss)
#   Set larger code cache with -XX:ReservedCodeCacheSize=
#   JVM is running with Unscaled Compressed Oops mode in which the Java heap is
#     placed in the first 4GB address space. The Java Heap base address is the
#     maximum limit for the native heap growth. Please use -XX:HeapBaseMinAddress
#     to set the Java Heap base and to place the Java Heap above 4GB virtual address.
# This output file may be truncated or incomplete.
#
#  Out of Memory Error (arena.cpp:189), pid=10624, tid=8572
#
# JRE version: OpenJDK Runtime Environment Microsoft-8035246 (17.0.8+7) (build 17.0.8+7-LTS)
# Java VM: OpenJDK 64-Bit Server VM Microsoft-8035246 (17.0.8+7-LTS, mixed mode, sharing, tiered, compressed oops, compressed class ptrs, g1 gc, windows-amd64)
# No core dump will be written. Minidumps are not enabled by default on client versions of Windows
#

---------------  S U M M A R Y ------------

Command Line: -XX:MaxMetaspaceSize=512m --add-opens=java.base/java.util=ALL-UNNAMED --add-opens=java.base/java.lang=ALL-UNNAMED --add-opens=java.base/java.lang.invoke=ALL-UNNAMED --add-opens=java.prefs/java.util.prefs=ALL-UNNAMED --add-opens=java.base/java.nio.charset=ALL-UNNAMED --add-opens=java.base/java.net=ALL-UNNAMED --add-opens=java.base/java.util.concurrent.atomic=ALL-UNNAMED -Xmx2048m -Dfile.encoding=windows-1252 -Duser.country=IN -Duser.language=en -Duser.variant -javaagent:C:\Users\ASIM GOPE\.gradle\wrapper\dists\gradle-8.6-all\3mbtmo166bl6vumsh5k2lkq5h\gradle-8.6\lib\agents\gradle-instrumentation-agent-8.6.jar org.gradle.launcher.daemon.bootstrap.GradleDaemon 8.6

Host: Intel(R) Core(TM) i5-9300H CPU @ 2.40GHz, 8 cores, 7G,  Windows 11 , 64 bit Build 22621 (10.0.22621.3672)
Time: Wed Jul 24 11:30:23 2024 India Standard Time elapsed time: 19.920458 seconds (0d 0h 0m 19s)

---------------  T H R E A D  ---------------

Current thread (0x0000026d7441c070):  JavaThread "C2 CompilerThread0" daemon [_thread_in_native, id=8572, stack(0x0000008787200000,0x0000008787300000)]


Current CompileTask:
C2:  19920 7211       4       org.gradle.internal.instantiation.generator.AbstractClassGenerator::inspectType (560 bytes)

Stack: [0x0000008787200000,0x0000008787300000]
Native frames: (J=compiled Java code, j=interpreted, Vv=VM code, C=native code)
V  [jvm.dll+0x67bf3a]
V  [jvm.dll+0x83a024]
V  [jvm.dll+0x83b7ce]
V  [jvm.dll+0x83be33]
V  [jvm.dll+0x24785f]
V  [jvm.dll+0xac3bc]
V  [jvm.dll+0xac98c]
V  [jvm.dll+0x368107]
V  [jvm.dll+0x1bd6d8]
V  [jvm.dll+0x21a289]
V  [jvm.dll+0x219551]
V  [jvm.dll+0x1a56b6]
V  [jvm.dll+0x2291ea]
V  [jvm.dll+0x22724c]
V  [jvm.dll+0x7efd0c]
V  [jvm.dll+0x7ea13a]
V  [jvm.dll+0x67ad85]
C  [ucrtbase.dll+0x29333]
C  [KERNEL32.DLL+0x1257d]
C  [ntdll.dll+0x5af28]


---------------  P R O C E S S  ---------------

Threads class SMR info:
_java_thread_list=0x0000026d7de41f20, length=57, elements={
0x0000026d53fd6f80, 0x0000026d743f8800, 0x0000026d743f9590, 0x0000026d74411c70,
0x0000026d74414550, 0x0000026d74416e30, 0x0000026d74417700, 0x0000026d7441c070,
0x0000026d7441c980, 0x0000026d7441d290, 0x0000026d7462f2e0, 0x0000026d746eae90,
0x0000026d7b515520, 0x0000026d7a06b6a0, 0x0000026d7aa4b5f0, 0x0000026d7aa12120,
0x0000026d7a315550, 0x0000026d79fda080, 0x0000026d79fdaaa0, 0x0000026d79fd8220,
0x0000026d79fd8c40, 0x0000026d79fd9150, 0x0000026d79fd8730, 0x0000026d79fdafb0,
0x0000026d79fd9660, 0x0000026d79fd9b70, 0x0000026d7c6bc040, 0x0000026d7c6bc550,
0x0000026d7c6c0c30, 0x0000026d7c6be3b0, 0x0000026d7c6bca60, 0x0000026d7c6bfd00,
0x0000026d7c6c0720, 0x0000026d7c6be8c0, 0x0000026d7c6bd990, 0x0000026d7c6bedd0,
0x0000026d7c6bdea0, 0x0000026d7c6c1140, 0x0000026d7c6c1b60, 0x0000026d7c6c2070,
0x0000026d7c6c2fa0, 0x0000026d7c6c2580, 0x0000026d7c6bbb30, 0x0000026d7c6c34b0,
0x0000026d79fdb9d0, 0x0000026d7b55eee0, 0x0000026d7b561760, 0x0000026d7b560830,
0x0000026d7b55daa0, 0x0000026d7b560320, 0x0000026d7b560d40, 0x0000026d7b55f900,
0x0000026d7b55fe10, 0x0000026d7b55c660, 0x0000026d7b562690, 0x0000026d7b55c150,
0x0000026d7b562ba0
}

Java Threads: ( => current thread )
  0x0000026d53fd6f80 JavaThread "main" [_thread_blocked, id=16976, stack(0x0000008786500000,0x0000008786600000)]
  0x0000026d743f8800 JavaThread "Reference Handler" daemon [_thread_blocked, id=12404, stack(0x0000008786c00000,0x0000008786d00000)]
  0x0000026d743f9590 JavaThread "Finalizer" daemon [_thread_blocked, id=6940, stack(0x0000008786d00000,0x0000008786e00000)]
  0x0000026d74411c70 JavaThread "Signal Dispatcher" daemon [_thread_blocked, id=3260, stack(0x0000008786e00000,0x0000008786f00000)]
  0x0000026d74414550 JavaThread "Attach Listener" daemon [_thread_blocked, id=24976, stack(0x0000008786f00000,0x0000008787000000)]
  0x0000026d74416e30 JavaThread "Service Thread" daemon [_thread_blocked, id=19760, stack(0x0000008787000000,0x0000008787100000)]
  0x0000026d74417700 JavaThread "Monitor Deflation Thread" daemon [_thread_blocked, id=13000, stack(0x0000008787100000,0x0000008787200000)]
=>0x0000026d7441c070 JavaThread "C2 CompilerThread0" daemon [_thread_in_native, id=8572, stack(0x0000008787200000,0x0000008787300000)]
  0x0000026d7441c980 JavaThread "C1 CompilerThread0" daemon [_thread_in_native, id=3872, stack(0x0000008787300000,0x0000008787400000)]
  0x0000026d7441d290 JavaThread "Sweeper thread" daemon [_thread_blocked, id=14476, stack(0x0000008787400000,0x0000008787500000)]
  0x0000026d7462f2e0 JavaThread "Common-Cleaner" daemon [_thread_blocked, id=9152, stack(0x0000008787500000,0x0000008787600000)]
  0x0000026d746eae90 JavaThread "Notification Thread" daemon [_thread_blocked, id=20260, stack(0x0000008787700000,0x0000008787800000)]
  0x0000026d7b515520 JavaThread "Daemon health stats" [_thread_blocked, id=1796, stack(0x0000008787d00000,0x0000008787e00000)]
  0x0000026d7a06b6a0 JavaThread "Incoming local TCP Connector on port 59189" [_thread_in_native, id=12556, stack(0x0000008787e00000,0x0000008787f00000)]
  0x0000026d7aa4b5f0 JavaThread "Daemon periodic checks" [_thread_blocked, id=18556, stack(0x0000008787f00000,0x0000008788000000)]
  0x0000026d7aa12120 JavaThread "Daemon" [_thread_blocked, id=11656, stack(0x0000008788000000,0x0000008788100000)]
  0x0000026d7a315550 JavaThread "Handler for socket connection from /127.0.0.1:59189 to /127.0.0.1:59190" [_thread_in_native, id=12324, stack(0x0000008788100000,0x0000008788200000)]
  0x0000026d79fda080 JavaThread "Cancel handler" [_thread_blocked, id=15032, stack(0x0000008788200000,0x0000008788300000)]
  0x0000026d79fdaaa0 JavaThread "Daemon worker" [_thread_in_native, id=2552, stack(0x0000008788300000,0x0000008788400000)]
  0x0000026d79fd8220 JavaThread "Asynchronous log dispatcher for DefaultDaemonConnection: socket connection from /127.0.0.1:59189 to /127.0.0.1:59190" [_thread_blocked, id=25612, stack(0x0000008788400000,0x0000008788500000)]
  0x0000026d79fd8c40 JavaThread "Stdin handler" [_thread_blocked, id=2692, stack(0x0000008788500000,0x0000008788600000)]
  0x0000026d79fd9150 JavaThread "Daemon client event forwarder" [_thread_blocked, id=13560, stack(0x0000008788600000,0x0000008788700000)]
  0x0000026d79fd8730 JavaThread "Cache worker for journal cache (C:\Users\ASIM GOPE\.gradle\caches\journal-1)" [_thread_blocked, id=6452, stack(0x0000008788700000,0x0000008788800000)]
  0x0000026d79fdafb0 JavaThread "File lock request listener" [_thread_in_native, id=22812, stack(0x0000008788800000,0x0000008788900000)]
  0x0000026d79fd9660 JavaThread "Cache worker for file hash cache (C:\Users\ASIM GOPE\.gradle\caches\8.6\fileHashes)" [_thread_blocked, id=3816, stack(0x0000008788900000,0x0000008788a00000)]
  0x0000026d79fd9b70 JavaThread "File watcher server" daemon [_thread_in_native, id=25424, stack(0x0000008788d00000,0x0000008788e00000)]
  0x0000026d7c6bc040 JavaThread "File watcher consumer" daemon [_thread_blocked, id=9028, stack(0x0000008788e00000,0x0000008788f00000)]
  0x0000026d7c6bc550 JavaThread "Cache worker for checksums cache (A:\dev--\Saswatsir\Protime2\ProtimeESS\android\.gradle\8.6\checksums)" [_thread_blocked, id=26028, stack(0x0000008788f00000,0x0000008789000000)]
  0x0000026d7c6c0c30 JavaThread "Cache worker for file hash cache (A:\dev--\Saswatsir\Protime2\ProtimeESS\android\.gradle\8.6\fileHashes)" [_thread_blocked, id=19052, stack(0x0000008789100000,0x0000008789200000)]
  0x0000026d7c6be3b0 JavaThread "Cache worker for cache directory md-supplier (C:\Users\ASIM GOPE\.gradle\caches\8.6\md-supplier)" [_thread_blocked, id=17480, stack(0x0000008789200000,0x0000008789300000)]
  0x0000026d7c6bca60 JavaThread "Cache worker for cache directory md-rule (C:\Users\ASIM GOPE\.gradle\caches\8.6\md-rule)" [_thread_blocked, id=6776, stack(0x0000008789300000,0x0000008789400000)]
  0x0000026d7c6bfd00 JavaThread "Cache worker for file content cache (C:\Users\ASIM GOPE\.gradle\caches\8.6\fileContent)" [_thread_blocked, id=22964, stack(0x0000008789400000,0x0000008789500000)]
  0x0000026d7c6c0720 JavaThread "jar transforms" [_thread_blocked, id=11268, stack(0x0000008789500000,0x0000008789600000)]
  0x0000026d7c6be8c0 JavaThread "jar transforms Thread 2" [_thread_blocked, id=13032, stack(0x0000008789600000,0x0000008789700000)]
  0x0000026d7c6bd990 JavaThread "File lock release action executor" [_thread_blocked, id=24092, stack(0x0000008789700000,0x0000008789800000)]
  0x0000026d7c6bedd0 JavaThread "jar transforms Thread 3" [_thread_blocked, id=25780, stack(0x0000008787600000,0x0000008787700000)]
  0x0000026d7c6bdea0 JavaThread "jar transforms Thread 4" [_thread_blocked, id=26580, stack(0x0000008789800000,0x0000008789900000)]
  0x0000026d7c6c1140 JavaThread "Exec process" [_thread_blocked, id=9372, stack(0x0000008789a00000,0x0000008789b00000)]
  0x0000026d7c6c1b60 JavaThread "Exec process Thread 2" [_thread_blocked, id=24700, stack(0x0000008789b00000,0x0000008789c00000)]
  0x0000026d7c6c2070 JavaThread "Exec process Thread 3" [_thread_blocked, id=9772, stack(0x0000008789c00000,0x0000008789d00000)]
  0x0000026d7c6c2fa0 JavaThread "jar transforms Thread 5" [_thread_blocked, id=26080, stack(0x0000008789d00000,0x0000008789e00000)]
  0x0000026d7c6c2580 JavaThread "jar transforms Thread 6" [_thread_blocked, id=26156, stack(0x0000008789e00000,0x0000008789f00000)]
  0x0000026d7c6bbb30 JavaThread "Unconstrained build operations" [_thread_blocked, id=23640, stack(0x0000008789f00000,0x000000878a000000)]
  0x0000026d7c6c34b0 JavaThread "Unconstrained build operations Thread 2" [_thread_blocked, id=21660, stack(0x000000878a000000,0x000000878a100000)]
  0x0000026d79fdb9d0 JavaThread "jar transforms Thread 7" [_thread_blocked, id=17576, stack(0x000000878a100000,0x000000878a200000)]
  0x0000026d7b55eee0 JavaThread "jar transforms Thread 8" [_thread_blocked, id=8576, stack(0x000000878a200000,0x000000878a300000)]
  0x0000026d7b561760 JavaThread "Cache worker for Build Output Cleanup Cache (A:\dev--\Saswatsir\Protime2\ProtimeESS\node_modules\@react-native\gradle-plugin\.gradle\buildOutputCleanup)" [_thread_blocked, id=13512, stack(0x0000008789900000,0x0000008789a00000)]
  0x0000026d7b560830 JavaThread "Unconstrained build operations Thread 3" [_thread_blocked, id=26436, stack(0x000000878a300000,0x000000878a400000)]
  0x0000026d7b55daa0 JavaThread "Unconstrained build operations Thread 4" [_thread_blocked, id=26392, stack(0x000000878a400000,0x000000878a500000)]
  0x0000026d7b560320 JavaThread "Unconstrained build operations Thread 5" [_thread_blocked, id=18352, stack(0x000000878a500000,0x000000878a600000)]
  0x0000026d7b560d40 JavaThread "Unconstrained build operations Thread 6" [_thread_blocked, id=19712, stack(0x000000878a600000,0x000000878a700000)]
  0x0000026d7b55f900 JavaThread "Unconstrained build operations Thread 7" [_thread_blocked, id=5536, stack(0x000000878a700000,0x000000878a800000)]
  0x0000026d7b55fe10 JavaThread "Unconstrained build operations Thread 8" [_thread_blocked, id=26016, stack(0x000000878a800000,0x000000878a900000)]
  0x0000026d7b55c660 JavaThread "Unconstrained build operations Thread 9" [_thread_blocked, id=4364, stack(0x000000878a900000,0x000000878aa00000)]
  0x0000026d7b562690 JavaThread "build event listener" [_thread_blocked, id=19708, stack(0x000000878aa00000,0x000000878ab00000)]
  0x0000026d7b55c150 JavaThread "Memory manager" [_thread_blocked, id=16768, stack(0x000000878ab00000,0x000000878ac00000)]
  0x0000026d7b562ba0 JavaThread "Cache worker for Build Output Cleanup Cache (A:\dev--\Saswatsir\Protime2\ProtimeESS\android\.gradle\buildOutputCleanup)" [_thread_blocked, id=25872, stack(0x000000878ac00000,0x000000878ad00000)]

Other Threads:
  0x0000026d743f4140 VMThread "VM Thread" [stack: 0x0000008786b00000,0x0000008786c00000] [id=15692]
  0x0000026d747a9090 WatcherThread [stack: 0x0000008787800000,0x0000008787900000] [id=10992]
  0x0000026d54032850 GCTaskThread "GC Thread#0" [stack: 0x0000008786600000,0x0000008786700000] [id=4572]
  0x0000026d79a49510 GCTaskThread "GC Thread#1" [stack: 0x0000008787900000,0x0000008787a00000] [id=13044]
  0x0000026d79a4c440 GCTaskThread "GC Thread#2" [stack: 0x0000008787a00000,0x0000008787b00000] [id=25788]
  0x0000026d79181e50 GCTaskThread "GC Thread#3" [stack: 0x0000008787b00000,0x0000008787c00000] [id=6356]
  0x0000026d79be8730 GCTaskThread "GC Thread#4" [stack: 0x0000008787c00000,0x0000008787d00000] [id=4048]
  0x0000026d7a5664e0 GCTaskThread "GC Thread#5" [stack: 0x0000008788a00000,0x0000008788b00000] [id=1252]
  0x0000026d7a1b4840 GCTaskThread "GC Thread#6" [stack: 0x0000008788b00000,0x0000008788c00000] [id=17868]
  0x0000026d79fb3880 GCTaskThread "GC Thread#7" [stack: 0x0000008788c00000,0x0000008788d00000] [id=24104]
  0x0000026d540436b0 ConcurrentGCThread "G1 Main Marker" [stack: 0x0000008786700000,0x0000008786800000] [id=13080]
  0x0000026d54043fd0 ConcurrentGCThread "G1 Conc#0" [stack: 0x0000008786800000,0x0000008786900000] [id=20336]
  0x0000026d7c0a0d90 ConcurrentGCThread "G1 Conc#1" [stack: 0x0000008789000000,0x0000008789100000] [id=19360]
  0x0000026d5407ecd0 ConcurrentGCThread "G1 Refine#0" [stack: 0x0000008786900000,0x0000008786a00000] [id=18948]
  0x0000026d742b0550 ConcurrentGCThread "G1 Service" [stack: 0x0000008786a00000,0x0000008786b00000] [id=10216]

Threads with active compile tasks:
C2 CompilerThread0    19953 7211       4       org.gradle.internal.instantiation.generator.AbstractClassGenerator::inspectType (560 bytes)

VM state: not at safepoint (normal execution)

VM Mutex/Monitor currently owned by a thread: None

Heap address: 0x0000000080000000, size: 2048 MB, Compressed Oops mode: 32-bit

CDS archive(s) mapped at: [0x0000026d00000000-0x0000026d00bd0000-0x0000026d00bd0000), size 12386304, SharedBaseAddress: 0x0000026d00000000, ArchiveRelocationMode: 1.
Compressed class space mapped at: 0x0000026d01000000-0x0000026d1b000000, reserved size: 436207616
Narrow klass base: 0x0000026d00000000, Narrow klass shift: 0, Narrow klass range: 0x100000000

GC Precious Log:
 CPUs: 8 total, 8 available
 Memory: 8036M
 Large Page Support: Disabled
 NUMA Support: Disabled
 Compressed Oops: Enabled (32-bit)
 Heap Region Size: 1M
 Heap Min Capacity: 8M
 Heap Initial Capacity: 126M
 Heap Max Capacity: 2G
 Pre-touch: Disabled
 Parallel Workers: 8
 Concurrent Workers: 2
 Concurrent Refinement Workers: 8
 Periodic GC: Disabled

Heap:
 garbage-first heap   total 126976K, used 71065K [0x0000000080000000, 0x0000000100000000)
  region size 1024K, 5 young (5120K), 3 survivors (3072K)
 Metaspace       used 63565K, committed 64256K, reserved 491520K
  class space    used 8988K, committed 9344K, reserved 425984K

Heap Regions: E=young(eden), S=young(survivor), O=old, HS=humongous(starts), HC=humongous(continues), CS=collection set, F=free, OA=open archive, CA=closed archive, TAMS=top-at-mark-start (previous, next)
|   0|0x0000000080000000, 0x0000000080100000, 0x0000000080100000|100%|HS|  |TAMS 0x0000000080100000, 0x0000000080000000| Complete 
|   1|0x0000000080100000, 0x0000000080200000, 0x0000000080200000|100%|HC|  |TAMS 0x0000000080200000, 0x0000000080100000| Complete 
|   2|0x0000000080200000, 0x0000000080300000, 0x0000000080300000|100%|HC|  |TAMS 0x0000000080300000, 0x0000000080200000| Complete 
|   3|0x0000000080300000, 0x0000000080400000, 0x0000000080400000|100%|HC|  |TAMS 0x0000000080400000, 0x0000000080300000| Complete 
|   4|0x0000000080400000, 0x0000000080500000, 0x0000000080500000|100%| O|  |TAMS 0x0000000080500000, 0x0000000080400000| Untracked 
|   5|0x0000000080500000, 0x0000000080600000, 0x0000000080600000|100%| O|  |TAMS 0x0000000080600000, 0x0000000080500000| Untracked 
|   6|0x0000000080600000, 0x0000000080700000, 0x0000000080700000|100%| O|  |TAMS 0x0000000080700000, 0x0000000080600000| Untracked 
|   7|0x0000000080700000, 0x0000000080800000, 0x0000000080800000|100%| O|  |TAMS 0x0000000080800000, 0x0000000080700000| Untracked 
|   8|0x0000000080800000, 0x0000000080900000, 0x0000000080900000|100%| O|  |TAMS 0x0000000080900000, 0x0000000080800000| Untracked 
|   9|0x0000000080900000, 0x0000000080a00000, 0x0000000080a00000|100%| O|  |TAMS 0x0000000080a00000, 0x0000000080900000| Untracked 
|  10|0x0000000080a00000, 0x0000000080b00000, 0x0000000080b00000|100%| O|  |TAMS 0x0000000080b00000, 0x0000000080a00000| Untracked 
|  11|0x0000000080b00000, 0x0000000080c00000, 0x0000000080c00000|100%| O|  |TAMS 0x0000000080c00000, 0x0000000080b00000| Untracked 
|  12|0x0000000080c00000, 0x0000000080d00000, 0x0000000080d00000|100%| O|  |TAMS 0x0000000080d00000, 0x0000000080c00000| Untracked 
|  13|0x0000000080d00000, 0x0000000080e00000, 0x0000000080e00000|100%| O|  |TAMS 0x0000000080e00000, 0x0000000080d00000| Untracked 
|  14|0x0000000080e00000, 0x0000000080f00000, 0x0000000080f00000|100%| O|  |TAMS 0x0000000080f00000, 0x0000000080e00000| Untracked 
|  15|0x0000000080f00000, 0x0000000081000000, 0x0000000081000000|100%| O|  |TAMS 0x0000000081000000, 0x0000000080f00000| Untracked 
|  16|0x0000000081000000, 0x0000000081100000, 0x0000000081100000|100%| O|  |TAMS 0x0000000081100000, 0x0000000081000000| Untracked 
|  17|0x0000000081100000, 0x0000000081200000, 0x0000000081200000|100%| O|  |TAMS 0x0000000081200000, 0x0000000081100000| Untracked 
|  18|0x0000000081200000, 0x0000000081300000, 0x0000000081300000|100%| O|  |TAMS 0x0000000081300000, 0x0000000081200000| Untracked 
|  19|0x0000000081300000, 0x0000000081400000, 0x0000000081400000|100%| O|  |TAMS 0x0000000081400000, 0x0000000081300000| Complete 
|  20|0x0000000081400000, 0x0000000081500000, 0x0000000081500000|100%| O|  |TAMS 0x0000000081500000, 0x0000000081400000| Untracked 
|  21|0x0000000081500000, 0x0000000081600000, 0x0000000081600000|100%| O|  |TAMS 0x0000000081600000, 0x0000000081500000| Untracked 
|  22|0x0000000081600000, 0x0000000081700000, 0x0000000081700000|100%| O|  |TAMS 0x0000000081700000, 0x0000000081600000| Untracked 
|  23|0x0000000081700000, 0x0000000081800000, 0x0000000081800000|100%| O|  |TAMS 0x0000000081800000, 0x0000000081700000| Untracked 
|  24|0x0000000081800000, 0x0000000081900000, 0x0000000081900000|100%| O|  |TAMS 0x0000000081900000, 0x0000000081800000| Untracked 
|  25|0x0000000081900000, 0x0000000081a00000, 0x0000000081a00000|100%| O|  |TAMS 0x0000000081a00000, 0x0000000081900000| Untracked 
|  26|0x0000000081a00000, 0x0000000081b00000, 0x0000000081b00000|100%| O|  |TAMS 0x0000000081b00000, 0x0000000081a00000| Untracked 
|  27|0x0000000081b00000, 0x0000000081c00000, 0x0000000081c00000|100%| O|  |TAMS 0x0000000081c00000, 0x0000000081b00000| Untracked 
|  28|0x0000000081c00000, 0x0000000081d00000, 0x0000000081d00000|100%| O|  |TAMS 0x0000000081d00000, 0x0000000081c00000| Untracked 
|  29|0x0000000081d00000, 0x0000000081e00000, 0x0000000081e00000|100%| O|  |TAMS 0x0000000081e00000, 0x0000000081d00000| Untracked 
|  30|0x0000000081e00000, 0x0000000081f00000, 0x0000000081f00000|100%| O|  |TAMS 0x0000000081f00000, 0x0000000081e00000| Untracked 
|  31|0x0000000081f00000, 0x0000000082000000, 0x0000000082000000|100%| O|  |TAMS 0x0000000082000000, 0x0000000081f00000| Untracked 
|  32|0x0000000082000000, 0x0000000082100000, 0x0000000082100000|100%| O|  |TAMS 0x0000000082100000, 0x0000000082000000| Untracked 
|  33|0x0000000082100000, 0x0000000082200000, 0x0000000082200000|100%| O|  |TAMS 0x0000000082200000, 0x0000000082100000| Untracked 
|  34|0x0000000082200000, 0x0000000082300000, 0x0000000082300000|100%|HS|  |TAMS 0x0000000082300000, 0x0000000082200000| Complete 
|  35|0x0000000082300000, 0x0000000082400000, 0x0000000082400000|100%|HC|  |TAMS 0x0000000082400000, 0x0000000082300000| Complete 
|  36|0x0000000082400000, 0x0000000082500000, 0x0000000082500000|100%|HS|  |TAMS 0x0000000082500000, 0x0000000082400000| Complete 
|  37|0x0000000082500000, 0x0000000082600000, 0x0000000082600000|100%|HC|  |TAMS 0x0000000082600000, 0x0000000082500000| Complete 
|  38|0x0000000082600000, 0x0000000082700000, 0x0000000082700000|100%| O|  |TAMS 0x0000000082700000, 0x0000000082600000| Untracked 
|  39|0x0000000082700000, 0x0000000082800000, 0x0000000082800000|100%| O|  |TAMS 0x0000000082800000, 0x0000000082700000| Untracked 
|  40|0x0000000082800000, 0x0000000082900000, 0x0000000082900000|100%| O|  |TAMS 0x0000000082900000, 0x0000000082800000| Untracked 
|  41|0x0000000082900000, 0x0000000082a00000, 0x0000000082a00000|100%| O|  |TAMS 0x0000000082a00000, 0x0000000082900000| Untracked 
|  42|0x0000000082a00000, 0x0000000082b00000, 0x0000000082b00000|100%|HS|  |TAMS 0x0000000082b00000, 0x0000000082a00000| Complete 
|  43|0x0000000082b00000, 0x0000000082c00000, 0x0000000082c00000|100%|HC|  |TAMS 0x0000000082c00000, 0x0000000082b00000| Complete 
|  44|0x0000000082c00000, 0x0000000082d00000, 0x0000000082d00000|100%|HC|  |TAMS 0x0000000082d00000, 0x0000000082c00000| Complete 
|  45|0x0000000082d00000, 0x0000000082e00000, 0x0000000082e00000|100%|HC|  |TAMS 0x0000000082e00000, 0x0000000082d00000| Complete 
|  46|0x0000000082e00000, 0x0000000082f00000, 0x0000000082f00000|100%| O|  |TAMS 0x0000000082f00000, 0x0000000082e00000| Untracked 
|  47|0x0000000082f00000, 0x0000000083000000, 0x0000000083000000|100%| O|  |TAMS 0x0000000083000000, 0x0000000082f00000| Untracked 
|  48|0x0000000083000000, 0x0000000083100000, 0x0000000083100000|100%| O|  |TAMS 0x0000000083100000, 0x0000000083000000| Untracked 
|  49|0x0000000083100000, 0x0000000083200000, 0x0000000083200000|100%| O|  |TAMS 0x0000000083100000, 0x0000000083100000| Untracked 
|  50|0x0000000083200000, 0x0000000083300000, 0x0000000083300000|100%| O|  |TAMS 0x0000000083300000, 0x0000000083200000| Untracked 
|  51|0x0000000083300000, 0x0000000083400000, 0x0000000083400000|100%| O|  |TAMS 0x0000000083400000, 0x0000000083300000| Untracked 
|  52|0x0000000083400000, 0x0000000083500000, 0x0000000083500000|100%|HS|  |TAMS 0x0000000083500000, 0x0000000083400000| Complete 
|  53|0x0000000083500000, 0x0000000083600000, 0x0000000083600000|100%|HC|  |TAMS 0x0000000083600000, 0x0000000083500000| Complete 
|  54|0x0000000083600000, 0x0000000083700000, 0x0000000083700000|100%|HC|  |TAMS 0x0000000083700000, 0x0000000083600000| Complete 
|  55|0x0000000083700000, 0x0000000083800000, 0x0000000083800000|100%|HC|  |TAMS 0x0000000083800000, 0x0000000083700000| Complete 
|  56|0x0000000083800000, 0x0000000083900000, 0x0000000083900000|100%| O|  |TAMS 0x0000000083900000, 0x0000000083800000| Untracked 
|  57|0x0000000083900000, 0x0000000083a00000, 0x0000000083a00000|100%| O|  |TAMS 0x0000000083a00000, 0x0000000083900000| Untracked 
|  58|0x0000000083a00000, 0x0000000083b00000, 0x0000000083b00000|100%| O|  |TAMS 0x0000000083b00000, 0x0000000083a00000| Untracked 
|  59|0x0000000083b00000, 0x0000000083c00000, 0x0000000083c00000|100%| O|  |TAMS 0x0000000083c00000, 0x0000000083b00000| Untracked 
|  60|0x0000000083c00000, 0x0000000083d00000, 0x0000000083d00000|100%| O|  |TAMS 0x0000000083d00000, 0x0000000083c00000| Untracked 
|  61|0x0000000083d00000, 0x0000000083e00000, 0x0000000083e00000|100%| O|  |TAMS 0x0000000083e00000, 0x0000000083d00000| Untracked 
|  62|0x0000000083e00000, 0x0000000083f00000, 0x0000000083f00000|100%| O|  |TAMS 0x0000000083f00000, 0x0000000083e00000| Untracked 
|  63|0x0000000083f00000, 0x0000000084000000, 0x0000000084000000|100%| O|  |TAMS 0x0000000083f00000, 0x0000000083f00000| Untracked 
|  64|0x0000000084000000, 0x0000000084100000, 0x0000000084100000|100%| O|  |TAMS 0x0000000084000000, 0x0000000084000000| Untracked 
|  65|0x0000000084100000, 0x000000008418ac00, 0x0000000084200000| 54%| O|  |TAMS 0x0000000084100000, 0x0000000084100000| Untracked 
|  66|0x0000000084200000, 0x0000000084200000, 0x0000000084300000|  0%| F|  |TAMS 0x0000000084200000, 0x0000000084200000| Untracked 
|  67|0x0000000084300000, 0x0000000084300000, 0x0000000084400000|  0%| F|  |TAMS 0x0000000084300000, 0x0000000084300000| Untracked 
|  68|0x0000000084400000, 0x0000000084400000, 0x0000000084500000|  0%| F|  |TAMS 0x0000000084400000, 0x0000000084400000| Untracked 
|  69|0x0000000084500000, 0x0000000084500000, 0x0000000084600000|  0%| F|  |TAMS 0x0000000084500000, 0x0000000084500000| Untracked 
|  70|0x0000000084600000, 0x0000000084600000, 0x0000000084700000|  0%| F|  |TAMS 0x0000000084600000, 0x0000000084600000| Untracked 
|  71|0x0000000084700000, 0x0000000084700000, 0x0000000084800000|  0%| F|  |TAMS 0x0000000084700000, 0x0000000084700000| Untracked 
|  72|0x0000000084800000, 0x0000000084800000, 0x0000000084900000|  0%| F|  |TAMS 0x0000000084800000, 0x0000000084800000| Untracked 
|  73|0x0000000084900000, 0x0000000084900000, 0x0000000084a00000|  0%| F|  |TAMS 0x0000000084900000, 0x0000000084900000| Untracked 
|  74|0x0000000084a00000, 0x0000000084a00000, 0x0000000084b00000|  0%| F|  |TAMS 0x0000000084a00000, 0x0000000084a00000| Untracked 
|  75|0x0000000084b00000, 0x0000000084b00000, 0x0000000084c00000|  0%| F|  |TAMS 0x0000000084b00000, 0x0000000084b00000| Untracked 
|  76|0x0000000084c00000, 0x0000000084c00000, 0x0000000084d00000|  0%| F|  |TAMS 0x0000000084c00000, 0x0000000084c00000| Untracked 
|  77|0x0000000084d00000, 0x0000000084d00000, 0x0000000084e00000|  0%| F|  |TAMS 0x0000000084d00000, 0x0000000084d00000| Untracked 
|  78|0x0000000084e00000, 0x0000000084e00000, 0x0000000084f00000|  0%| F|  |TAMS 0x0000000084e00000, 0x0000000084e00000| Untracked 
|  79|0x0000000084f00000, 0x0000000084f00000, 0x0000000085000000|  0%| F|  |TAMS 0x0000000084f00000, 0x0000000084f00000| Untracked 
|  80|0x0000000085000000, 0x0000000085000000, 0x0000000085100000|  0%| F|  |TAMS 0x0000000085000000, 0x0000000085000000| Untracked 
|  81|0x0000000085100000, 0x0000000085100000, 0x0000000085200000|  0%| F|  |TAMS 0x0000000085100000, 0x0000000085100000| Untracked 
|  82|0x0000000085200000, 0x0000000085200000, 0x0000000085300000|  0%| F|  |TAMS 0x0000000085200000, 0x0000000085200000| Untracked 
|  83|0x0000000085300000, 0x0000000085300000, 0x0000000085400000|  0%| F|  |TAMS 0x0000000085300000, 0x0000000085300000| Untracked 
|  84|0x0000000085400000, 0x0000000085400000, 0x0000000085500000|  0%| F|  |TAMS 0x0000000085400000, 0x0000000085400000| Untracked 
|  85|0x0000000085500000, 0x0000000085500000, 0x0000000085600000|  0%| F|  |TAMS 0x0000000085500000, 0x0000000085500000| Untracked 
|  86|0x0000000085600000, 0x0000000085600000, 0x0000000085700000|  0%| F|  |TAMS 0x0000000085600000, 0x0000000085600000| Untracked 
|  87|0x0000000085700000, 0x0000000085700000, 0x0000000085800000|  0%| F|  |TAMS 0x0000000085700000, 0x0000000085700000| Untracked 
|  88|0x0000000085800000, 0x0000000085800000, 0x0000000085900000|  0%| F|  |TAMS 0x0000000085800000, 0x0000000085800000| Untracked 
|  89|0x0000000085900000, 0x0000000085900000, 0x0000000085a00000|  0%| F|  |TAMS 0x0000000085900000, 0x0000000085900000| Untracked 
|  90|0x0000000085a00000, 0x0000000085a00000, 0x0000000085b00000|  0%| F|  |TAMS 0x0000000085a00000, 0x0000000085a00000| Untracked 
|  91|0x0000000085b00000, 0x0000000085b00000, 0x0000000085c00000|  0%| F|  |TAMS 0x0000000085b00000, 0x0000000085b00000| Untracked 
|  92|0x0000000085c00000, 0x0000000085c00000, 0x0000000085d00000|  0%| F|  |TAMS 0x0000000085c00000, 0x0000000085c00000| Untracked 
|  93|0x0000000085d00000, 0x0000000085d00000, 0x0000000085e00000|  0%| F|  |TAMS 0x0000000085d00000, 0x0000000085d00000| Untracked 
|  94|0x0000000085e00000, 0x0000000085e00000, 0x0000000085f00000|  0%| F|  |TAMS 0x0000000085e00000, 0x0000000085e00000| Untracked 
|  95|0x0000000085f00000, 0x0000000085f00000, 0x0000000086000000|  0%| F|  |TAMS 0x0000000085f00000, 0x0000000085f00000| Untracked 
|  96|0x0000000086000000, 0x0000000086000000, 0x0000000086100000|  0%| F|  |TAMS 0x0000000086000000, 0x0000000086000000| Untracked 
|  97|0x0000000086100000, 0x0000000086100000, 0x0000000086200000|  0%| F|  |TAMS 0x0000000086100000, 0x0000000086100000| Untracked 
|  98|0x0000000086200000, 0x0000000086200000, 0x0000000086300000|  0%| F|  |TAMS 0x0000000086200000, 0x0000000086200000| Untracked 
|  99|0x0000000086300000, 0x0000000086300000, 0x0000000086400000|  0%| F|  |TAMS 0x0000000086300000, 0x0000000086300000| Untracked 
| 100|0x0000000086400000, 0x0000000086400000, 0x0000000086500000|  0%| F|  |TAMS 0x0000000086400000, 0x0000000086400000| Untracked 
| 101|0x0000000086500000, 0x0000000086500000, 0x0000000086600000|  0%| F|  |TAMS 0x0000000086500000, 0x0000000086500000| Untracked 
| 102|0x0000000086600000, 0x0000000086600000, 0x0000000086700000|  0%| F|  |TAMS 0x0000000086600000, 0x0000000086600000| Untracked 
| 103|0x0000000086700000, 0x0000000086700000, 0x0000000086800000|  0%| F|  |TAMS 0x0000000086700000, 0x0000000086700000| Untracked 
| 104|0x0000000086800000, 0x0000000086800000, 0x0000000086900000|  0%| F|  |TAMS 0x0000000086800000, 0x0000000086800000| Untracked 
| 105|0x0000000086900000, 0x0000000086900000, 0x0000000086a00000|  0%| F|  |TAMS 0x0000000086900000, 0x0000000086900000| Untracked 
| 106|0x0000000086a00000, 0x0000000086a00000, 0x0000000086b00000|  0%| F|  |TAMS 0x0000000086a00000, 0x0000000086a00000| Untracked 
| 107|0x0000000086b00000, 0x0000000086b00000, 0x0000000086c00000|  0%| F|  |TAMS 0x0000000086b00000, 0x0000000086b00000| Untracked 
| 108|0x0000000086c00000, 0x0000000086c00000, 0x0000000086d00000|  0%| F|  |TAMS 0x0000000086c00000, 0x0000000086c00000| Untracked 
| 109|0x0000000086d00000, 0x0000000086ddb9c0, 0x0000000086e00000| 85%| S|CS|TAMS 0x0000000086d00000, 0x0000000086d00000| Complete 
| 110|0x0000000086e00000, 0x0000000086f00000, 0x0000000086f00000|100%| S|CS|TAMS 0x0000000086e00000, 0x0000000086e00000| Complete 
| 111|0x0000000086f00000, 0x0000000087000000, 0x0000000087000000|100%| S|CS|TAMS 0x0000000086f00000, 0x0000000086f00000| Complete 
| 112|0x0000000087000000, 0x0000000087000000, 0x0000000087100000|  0%| F|  |TAMS 0x0000000087000000, 0x0000000087000000| Untracked 
| 113|0x0000000087100000, 0x0000000087100000, 0x0000000087200000|  0%| F|  |TAMS 0x0000000087100000, 0x0000000087100000| Untracked 
| 114|0x0000000087200000, 0x0000000087200000, 0x0000000087300000|  0%| F|  |TAMS 0x0000000087200000, 0x0000000087200000| Untracked 
| 115|0x0000000087300000, 0x0000000087300000, 0x0000000087400000|  0%| F|  |TAMS 0x0000000087300000, 0x0000000087300000| Untracked 
| 116|0x0000000087400000, 0x0000000087400000, 0x0000000087500000|  0%| F|  |TAMS 0x0000000087400000, 0x0000000087400000| Untracked 
| 117|0x0000000087500000, 0x0000000087500000, 0x0000000087600000|  0%| F|  |TAMS 0x0000000087500000, 0x0000000087500000| Untracked 
| 118|0x0000000087600000, 0x0000000087600000, 0x0000000087700000|  0%| F|  |TAMS 0x0000000087600000, 0x0000000087600000| Untracked 
| 119|0x0000000087700000, 0x0000000087700000, 0x0000000087800000|  0%| F|  |TAMS 0x0000000087700000, 0x0000000087700000| Untracked 
| 120|0x0000000087800000, 0x0000000087800000, 0x0000000087900000|  0%| F|  |TAMS 0x0000000087800000, 0x0000000087800000| Untracked 
| 121|0x0000000087900000, 0x0000000087900000, 0x0000000087a00000|  0%| F|  |TAMS 0x0000000087900000, 0x0000000087900000| Untracked 
| 122|0x0000000087a00000, 0x0000000087adaac0, 0x0000000087b00000| 85%| E|  |TAMS 0x0000000087a00000, 0x0000000087a00000| Complete 
| 125|0x0000000087d00000, 0x0000000087e00000, 0x0000000087e00000|100%| E|CS|TAMS 0x0000000087d00000, 0x0000000087d00000| Complete 

Card table byte_map: [0x0000026d6d110000,0x0000026d6d510000] _byte_map_base: 0x0000026d6cd10000

Marking Bits (Prev, Next): (CMBitMap*) 0x0000026d54032d80, (CMBitMap*) 0x0000026d54032dc0
 Prev Bits: [0x0000026d6d910000, 0x0000026d6f910000)
 Next Bits: [0x0000026d6f910000, 0x0000026d71910000)

Polling page: 0x0000026d5d270000

Metaspace:

Usage:
  Non-class:     53.30 MB used.
      Class:      8.78 MB used.
       Both:     62.08 MB used.

Virtual space:
  Non-class space:       64.00 MB reserved,      53.62 MB ( 84%) committed,  1 nodes.
      Class space:      416.00 MB reserved,       9.12 MB (  2%) committed,  1 nodes.
             Both:      480.00 MB reserved,      62.75 MB ( 13%) committed. 

Chunk freelists:
   Non-Class:  9.89 MB
       Class:  6.86 MB
        Both:  16.75 MB

MaxMetaspaceSize: 512.00 MB
CompressedClassSpaceSize: 416.00 MB
Initial GC threshold: 21.00 MB
Current GC threshold: 103.69 MB
CDS: on
MetaspaceReclaimPolicy: balanced
 - commit_granule_bytes: 65536.
 - commit_granule_words: 8192.
 - virtual_space_node_default_size: 8388608.
 - enlarge_chunks_in_place: 1.
 - new_chunks_are_fully_committed: 0.
 - uncommit_free_chunks: 1.
 - use_allocation_guard: 0.
 - handle_deallocations: 1.


Internal statistics:

num_allocs_failed_limit: 6.
num_arena_births: 850.
num_arena_deaths: 0.
num_vsnodes_births: 2.
num_vsnodes_deaths: 0.
num_space_committed: 1004.
num_space_uncommitted: 0.
num_chunks_returned_to_freelist: 6.
num_chunks_taken_from_freelist: 3515.
num_chunk_merges: 6.
num_chunk_splits: 2304.
num_chunks_enlarged: 1481.
num_inconsistent_stats: 0.

CodeHeap 'non-profiled nmethods': size=120000Kb used=3637Kb max_used=3637Kb free=116363Kb
 bounds [0x0000026d64d60000, 0x0000026d650f0000, 0x0000026d6c290000]
CodeHeap 'profiled nmethods': size=120000Kb used=13974Kb max_used=13974Kb free=106025Kb
 bounds [0x0000026d5d290000, 0x0000026d5e040000, 0x0000026d647c0000]
CodeHeap 'non-nmethods': size=5760Kb used=2367Kb max_used=2441Kb free=3393Kb
 bounds [0x0000026d647c0000, 0x0000026d64a30000, 0x0000026d64d60000]
 total_blobs=7892 nmethods=7002 adapters=800
 compilation: enabled
              stopped_count=0, restarted_count=0
 full_count=0

Compilation events (20 events):
Event: 19.889 Thread 0x0000026d7441c980 7624       1       org.gradle.internal.component.external.model.maven.MavenDependencyDescriptor::getScope (5 bytes)
Event: 19.889 Thread 0x0000026d7441c980 nmethod 7624 0x0000026d650e5910 code [0x0000026d650e5aa0, 0x0000026d650e5b78]
Event: 19.889 Thread 0x0000026d7441c980 7626       3       org.gradle.api.internal.artifacts.ivyservice.resolveengine.graph.builder.DependencyState::<init> (34 bytes)
Event: 19.889 Thread 0x0000026d7441c980 nmethod 7626 0x0000026d5dff6090 code [0x0000026d5dff6260, 0x0000026d5dff6758]
Event: 19.889 Thread 0x0000026d7441c980 7625       1       org.gradle.internal.component.external.descriptor.MavenScope::getLowerName (5 bytes)
Event: 19.889 Thread 0x0000026d7441c980 nmethod 7625 0x0000026d650e5c10 code [0x0000026d650e5da0, 0x0000026d650e5e78]
Event: 19.891 Thread 0x0000026d7441c980 7627       3       org.gradle.api.internal.artifacts.ivyservice.modulecache.StringDeduplicatingDecoder::readBinary (10 bytes)
Event: 19.891 Thread 0x0000026d7441c980 nmethod 7627 0x0000026d5dff6910 code [0x0000026d5dff6ac0, 0x0000026d5dff6c88]
Event: 19.891 Thread 0x0000026d7441c980 7628       3       org.gradle.internal.component.model.MutableModuleSources::add (34 bytes)
Event: 19.891 Thread 0x0000026d7441c980 nmethod 7628 0x0000026d5dff6d90 code [0x0000026d5dff6f80, 0x0000026d5dff7458]
Event: 19.891 Thread 0x0000026d7441c980 7629       3       org.gradle.internal.component.model.MutableModuleSources::maybeCreateStore (16 bytes)
Event: 19.891 Thread 0x0000026d7441c980 nmethod 7629 0x0000026d5dff7610 code [0x0000026d5dff77e0, 0x0000026d5dff7bb8]
Event: 19.893 Thread 0x0000026d7441c980 7630   !   3       java.util.concurrent.ConcurrentHashMap::compute (654 bytes)
Event: 19.896 Thread 0x0000026d7441c980 nmethod 7630 0x0000026d5dff7d10 code [0x0000026d5dff8180, 0x0000026d5dffa8f8]
Event: 19.896 Thread 0x0000026d7441c980 7631       3       org.gradle.api.internal.artifacts.ivyservice.resolveengine.graph.builder.NodeState::cachedDependencyStateFor (20 bytes)
Event: 19.896 Thread 0x0000026d7441c980 nmethod 7631 0x0000026d5dffbd90 code [0x0000026d5dffbfa0, 0x0000026d5dffc738]
Event: 19.896 Thread 0x0000026d7441c980 7632       3       org.gradle.api.internal.artifacts.ivyservice.resolveengine.graph.builder.NodeState$$Lambda$766/0x0000026d015c5aa0::<init> (10 bytes)
Event: 19.896 Thread 0x0000026d7441c980 nmethod 7632 0x0000026d5dffc990 code [0x0000026d5dffcb20, 0x0000026d5dffccd8]
Event: 19.897 Thread 0x0000026d7441c980 7633       3       org.gradle.internal.component.external.model.DefaultModuleComponentIdentifier::equals (70 bytes)
Event: 19.898 Thread 0x0000026d7441c980 nmethod 7633 0x0000026d5dffcd90 code [0x0000026d5dffcf80, 0x0000026d5dffd4f8]

GC Heap History (20 events):
Event: 16.986 GC heap before
{Heap before GC invocations=13 (full 0):
 garbage-first heap   total 103424K, used 84279K [0x0000000080000000, 0x0000000100000000)
  region size 1024K, 47 young (48128K), 6 survivors (6144K)
 Metaspace       used 50776K, committed 51392K, reserved 491520K
  class space    used 7158K, committed 7488K, reserved 425984K
}
Event: 16.993 GC heap after
{Heap after GC invocations=14 (full 0):
 garbage-first heap   total 103424K, used 47892K [0x0000000080000000, 0x0000000100000000)
  region size 1024K, 6 young (6144K), 6 survivors (6144K)
 Metaspace       used 50776K, committed 51392K, reserved 491520K
  class space    used 7158K, committed 7488K, reserved 425984K
}
Event: 17.055 GC heap before
{Heap before GC invocations=14 (full 0):
 garbage-first heap   total 103424K, used 54036K [0x0000000080000000, 0x0000000100000000)
  region size 1024K, 9 young (9216K), 6 survivors (6144K)
 Metaspace       used 50908K, committed 51584K, reserved 491520K
  class space    used 7182K, committed 7488K, reserved 425984K
}
Event: 17.059 GC heap after
{Heap after GC invocations=15 (full 0):
 garbage-first heap   total 103424K, used 54247K [0x0000000080000000, 0x0000000100000000)
  region size 1024K, 2 young (2048K), 2 survivors (2048K)
 Metaspace       used 50908K, committed 51584K, reserved 491520K
  class space    used 7182K, committed 7488K, reserved 425984K
}
Event: 17.618 GC heap before
{Heap before GC invocations=16 (full 0):
 garbage-first heap   total 103424K, used 84967K [0x0000000080000000, 0x0000000100000000)
  region size 1024K, 29 young (29696K), 2 survivors (2048K)
 Metaspace       used 53294K, committed 53952K, reserved 491520K
  class space    used 7521K, committed 7808K, reserved 425984K
}
Event: 17.620 GC heap after
{Heap after GC invocations=17 (full 0):
 garbage-first heap   total 103424K, used 58490K [0x0000000080000000, 0x0000000100000000)
  region size 1024K, 3 young (3072K), 3 survivors (3072K)
 Metaspace       used 53294K, committed 53952K, reserved 491520K
  class space    used 7521K, committed 7808K, reserved 425984K
}
Event: 17.972 GC heap before
{Heap before GC invocations=17 (full 0):
 garbage-first heap   total 103424K, used 83066K [0x0000000080000000, 0x0000000100000000)
  region size 1024K, 28 young (28672K), 3 survivors (3072K)
 Metaspace       used 55874K, committed 56512K, reserved 491520K
  class space    used 7846K, committed 8128K, reserved 425984K
}
Event: 17.975 GC heap after
{Heap after GC invocations=18 (full 0):
 garbage-first heap   total 103424K, used 60578K [0x0000000080000000, 0x0000000100000000)
  region size 1024K, 4 young (4096K), 4 survivors (4096K)
 Metaspace       used 55874K, committed 56512K, reserved 491520K
  class space    used 7846K, committed 8128K, reserved 425984K
}
Event: 18.321 GC heap before
{Heap before GC invocations=19 (full 0):
 garbage-first heap   total 109568K, used 84130K [0x0000000080000000, 0x0000000100000000)
  region size 1024K, 27 young (27648K), 4 survivors (4096K)
 Metaspace       used 58156K, committed 58880K, reserved 491520K
  class space    used 8239K, committed 8576K, reserved 425984K
}
Event: 18.324 GC heap after
{Heap after GC invocations=20 (full 0):
 garbage-first heap   total 109568K, used 61651K [0x0000000080000000, 0x0000000100000000)
  region size 1024K, 3 young (3072K), 3 survivors (3072K)
 Metaspace       used 58156K, committed 58880K, reserved 491520K
  class space    used 8239K, committed 8576K, reserved 425984K
}
Event: 18.353 GC heap before
{Heap before GC invocations=20 (full 0):
 garbage-first heap   total 109568K, used 63699K [0x0000000080000000, 0x0000000100000000)
  region size 1024K, 5 young (5120K), 3 survivors (3072K)
 Metaspace       used 58340K, committed 59072K, reserved 491520K
  class space    used 8272K, committed 8640K, reserved 425984K
}
Event: 18.356 GC heap after
{Heap after GC invocations=21 (full 0):
 garbage-first heap   total 109568K, used 61627K [0x0000000080000000, 0x0000000100000000)
  region size 1024K, 1 young (1024K), 1 survivors (1024K)
 Metaspace       used 58340K, committed 59072K, reserved 491520K
  class space    used 8272K, committed 8640K, reserved 425984K
}
Event: 18.716 GC heap before
{Heap before GC invocations=21 (full 0):
 garbage-first heap   total 109568K, used 90299K [0x0000000080000000, 0x0000000100000000)
  region size 1024K, 29 young (29696K), 1 survivors (1024K)
 Metaspace       used 60244K, committed 60928K, reserved 491520K
  class space    used 8544K, committed 8896K, reserved 425984K
}
Event: 18.718 GC heap after
{Heap after GC invocations=22 (full 0):
 garbage-first heap   total 109568K, used 62155K [0x0000000080000000, 0x0000000100000000)
  region size 1024K, 1 young (1024K), 1 survivors (1024K)
 Metaspace       used 60244K, committed 60928K, reserved 491520K
  class space    used 8544K, committed 8896K, reserved 425984K
}
Event: 19.214 GC heap before
{Heap before GC invocations=23 (full 0):
 garbage-first heap   total 109568K, used 89803K [0x0000000080000000, 0x0000000100000000)
  region size 1024K, 30 young (30720K), 1 survivors (1024K)
 Metaspace       used 61680K, committed 62336K, reserved 491520K
  class space    used 8739K, committed 9088K, reserved 425984K
}
Event: 19.217 GC heap after
{Heap after GC invocations=24 (full 0):
 garbage-first heap   total 109568K, used 64280K [0x0000000080000000, 0x0000000100000000)
  region size 1024K, 4 young (4096K), 4 survivors (4096K)
 Metaspace       used 61680K, committed 62336K, reserved 491520K
  class space    used 8739K, committed 9088K, reserved 425984K
}
Event: 19.248 GC heap before
{Heap before GC invocations=24 (full 0):
 garbage-first heap   total 109568K, used 65304K [0x0000000080000000, 0x0000000100000000)
  region size 1024K, 5 young (5120K), 4 survivors (4096K)
 Metaspace       used 61681K, committed 62336K, reserved 491520K
  class space    used 8739K, committed 9088K, reserved 425984K
}
Event: 19.250 GC heap after
{Heap after GC invocations=25 (full 0):
 garbage-first heap   total 109568K, used 64334K [0x0000000080000000, 0x0000000100000000)
  region size 1024K, 1 young (1024K), 1 survivors (1024K)
 Metaspace       used 61681K, committed 62336K, reserved 491520K
  class space    used 8739K, committed 9088K, reserved 425984K
}
Event: 19.570 GC heap before
{Heap before GC invocations=25 (full 0):
 garbage-first heap   total 109568K, used 88910K [0x0000000080000000, 0x0000000100000000)
  region size 1024K, 25 young (25600K), 1 survivors (1024K)
 Metaspace       used 62909K, committed 63616K, reserved 491520K
  class space    used 8914K, committed 9280K, reserved 425984K
}
Event: 19.573 GC heap after
{Heap after GC invocations=26 (full 0):
 garbage-first heap   total 109568K, used 67187K [0x0000000080000000, 0x0000000100000000)
  region size 1024K, 4 young (4096K), 4 survivors (4096K)
 Metaspace       used 62909K, committed 63616K, reserved 491520K
  class space    used 8914K, committed 9280K, reserved 425984K
}

Dll operation events (14 events):
Event: 0.012 Loaded shared library C:\Program Files\Microsoft\jdk-17.0.8.7-hotspot\bin\java.dll
Event: 0.032 Loaded shared library C:\Program Files\Microsoft\jdk-17.0.8.7-hotspot\bin\jsvml.dll
Event: 0.065 Loaded shared library C:\Program Files\Microsoft\jdk-17.0.8.7-hotspot\bin\zip.dll
Event: 0.068 Loaded shared library C:\Program Files\Microsoft\jdk-17.0.8.7-hotspot\bin\instrument.dll
Event: 0.070 Loaded shared library C:\Program Files\Microsoft\jdk-17.0.8.7-hotspot\bin\net.dll
Event: 0.071 Loaded shared library C:\Program Files\Microsoft\jdk-17.0.8.7-hotspot\bin\nio.dll
Event: 0.074 Loaded shared library C:\Program Files\Microsoft\jdk-17.0.8.7-hotspot\bin\zip.dll
Event: 0.240 Loaded shared library C:\Program Files\Microsoft\jdk-17.0.8.7-hotspot\bin\jimage.dll
Event: 0.310 Loaded shared library C:\Program Files\Microsoft\jdk-17.0.8.7-hotspot\bin\verify.dll
Event: 0.434 Loaded shared library C:\Users\ASIM GOPE\.gradle\native\c067742578af261105cb4f569cf0c3c89f3d7b1fecec35dd04571415982c5e48\windows-amd64\native-platform.dll
Event: 0.447 Loaded shared library C:\Users\ASIM GOPE\.gradle\native\38dada09dfb8b06ba9b0570ebf7e218e3eb74d4ef43ca46872605cf95ebc2f47\windows-amd64\native-platform-file-events.dll
Event: 1.505 Loaded shared library C:\Program Files\Microsoft\jdk-17.0.8.7-hotspot\bin\management.dll
Event: 1.509 Loaded shared library C:\Program Files\Microsoft\jdk-17.0.8.7-hotspot\bin\management_ext.dll
Event: 2.127 Loaded shared library C:\Program Files\Microsoft\jdk-17.0.8.7-hotspot\bin\sunmscapi.dll

Deoptimization events (20 events):
Event: 18.343 Thread 0x0000026d79fdaaa0 DEOPT PACKING pc=0x0000026d64f95448 sp=0x00000087883f49b0
Event: 18.343 Thread 0x0000026d79fdaaa0 DEOPT UNPACKING pc=0x0000026d648169a3 sp=0x00000087883f4910 mode 2
Event: 18.486 Thread 0x0000026d79fdaaa0 Uncommon trap: trap_request=0xffffffc6 fr.pc=0x0000026d64f95448 relative=0x0000000000000868
Event: 18.486 Thread 0x0000026d79fdaaa0 Uncommon trap: reason=bimorphic_or_optimized_type_check action=maybe_recompile pc=0x0000026d64f95448 method=java.util.regex.Pattern$Start.match(Ljava/util/regex/Matcher;ILjava/lang/CharSequence;)Z @ 44 c2
Event: 18.486 Thread 0x0000026d79fdaaa0 DEOPT PACKING pc=0x0000026d64f95448 sp=0x00000087883f64e0
Event: 18.486 Thread 0x0000026d79fdaaa0 DEOPT UNPACKING pc=0x0000026d648169a3 sp=0x00000087883f6440 mode 2
Event: 18.508 Thread 0x0000026d79fdaaa0 Uncommon trap: trap_request=0xffffffc6 fr.pc=0x0000026d64f96750 relative=0x0000000000000670
Event: 18.508 Thread 0x0000026d79fdaaa0 Uncommon trap: reason=bimorphic_or_optimized_type_check action=maybe_recompile pc=0x0000026d64f96750 method=java.util.regex.Pattern$Start.match(Ljava/util/regex/Matcher;ILjava/lang/CharSequence;)Z @ 44 c2
Event: 18.508 Thread 0x0000026d79fdaaa0 DEOPT PACKING pc=0x0000026d64f96750 sp=0x00000087883f64e0
Event: 18.508 Thread 0x0000026d79fdaaa0 DEOPT UNPACKING pc=0x0000026d648169a3 sp=0x00000087883f64b0 mode 2
Event: 19.286 Thread 0x0000026d79fd9660 DEOPT PACKING pc=0x0000026d5dc2d171 sp=0x00000087889fe9d0
Event: 19.286 Thread 0x0000026d79fd9660 DEOPT UNPACKING pc=0x0000026d64817143 sp=0x00000087889fde70 mode 0
Event: 19.322 Thread 0x0000026d79fd9660 DEOPT PACKING pc=0x0000026d5db97543 sp=0x00000087889fe900
Event: 19.322 Thread 0x0000026d79fd9660 DEOPT UNPACKING pc=0x0000026d64817143 sp=0x00000087889fdd88 mode 0
Event: 19.563 Thread 0x0000026d79fdaaa0 DEOPT PACKING pc=0x0000026d5ddcad1e sp=0x00000087883f93a0
Event: 19.563 Thread 0x0000026d79fdaaa0 DEOPT UNPACKING pc=0x0000026d64817143 sp=0x00000087883f8940 mode 0
Event: 19.605 Thread 0x0000026d79fdaaa0 Uncommon trap: trap_request=0xffffffc6 fr.pc=0x0000026d64fbe704 relative=0x0000000000001344
Event: 19.605 Thread 0x0000026d79fdaaa0 Uncommon trap: reason=bimorphic_or_optimized_type_check action=maybe_recompile pc=0x0000026d64fbe704 method=org.codehaus.groovy.runtime.metaclass.MetaMethodIndex.isOverridden(Lgroovy/lang/MetaMethod;Lgroovy/lang/MetaMethod;)Z @ 10 c2
Event: 19.605 Thread 0x0000026d79fdaaa0 DEOPT PACKING pc=0x0000026d64fbe704 sp=0x00000087883f5ea0
Event: 19.605 Thread 0x0000026d79fdaaa0 DEOPT UNPACKING pc=0x0000026d648169a3 sp=0x00000087883f5df8 mode 2

Classes unloaded (0 events):
No events

Classes redefined (0 events):
No events

Internal exceptions (20 events):
Event: 19.582 Thread 0x0000026d79fdaaa0 Exception <a 'java/lang/ClassNotFoundException'{0x0000000086949480}: org/gradle/api/internal/project/DefaultProject_DecoratedBeanInfo> (0x0000000086949480) 
thrown [s\src\hotspot\share\classfile\systemDictionary.cpp, line 256]
Event: 19.582 Thread 0x0000026d79fdaaa0 Exception <a 'java/lang/ClassNotFoundException'{0x000000008695b4b8}: org/gradle/api/internal/project/DefaultProjectBeanInfo> (0x000000008695b4b8) 
thrown [s\src\hotspot\share\classfile\systemDictionary.cpp, line 256]
Event: 19.583 Thread 0x0000026d79fdaaa0 Exception <a 'java/lang/ClassNotFoundException'{0x000000008696d2c0}: org/gradle/api/internal/project/DefaultProjectCustomizer> (0x000000008696d2c0) 
thrown [s\src\hotspot\share\classfile\systemDictionary.cpp, line 256]
Event: 19.588 Thread 0x0000026d79fdaaa0 Exception <a 'java/lang/ClassNotFoundException'{0x000000008681c298}: org/gradle/api/internal/project/DefaultProject_DecoratedCustomizer> (0x000000008681c298) 
thrown [s\src\hotspot\share\classfile\systemDictionary.cpp, line 256]
Event: 19.606 Thread 0x0000026d79fdaaa0 Exception <a 'java/lang/ClassNotFoundException'{0x00000000864b4118}: org/gradle/api/internal/artifacts/dsl/DefaultRepositoryHandler_DecoratedBeanInfo> (0x00000000864b4118) 
thrown [s\src\hotspot\share\classfile\systemDictionary.cpp, line 256]
Event: 19.607 Thread 0x0000026d79fdaaa0 Exception <a 'java/lang/ClassNotFoundException'{0x00000000864cb168}: org/gradle/api/internal/artifacts/dsl/DefaultRepositoryHandlerBeanInfo> (0x00000000864cb168) 
thrown [s\src\hotspot\share\classfile\systemDictionary.cpp, line 256]
Event: 19.608 Thread 0x0000026d79fdaaa0 Exception <a 'java/lang/ClassNotFoundException'{0x00000000864e2348}: org/gradle/api/internal/artifacts/DefaultArtifactRepositoryContainerBeanInfo> (0x00000000864e2348) 
thrown [s\src\hotspot\share\classfile\systemDictionary.cpp, line 256]
Event: 19.608 Thread 0x0000026d79fdaaa0 Exception <a 'java/lang/ClassNotFoundException'{0x00000000864f62c0}: org/gradle/api/internal/DefaultNamedDomainObjectListBeanInfo> (0x00000000864f62c0) 
thrown [s\src\hotspot\share\classfile\systemDictionary.cpp, line 256]
Event: 19.609 Thread 0x0000026d79fdaaa0 Exception <a 'java/lang/ClassNotFoundException'{0x000000008630a858}: org/gradle/api/internal/DefaultNamedDomainObjectCollectionBeanInfo> (0x000000008630a858) 
thrown [s\src\hotspot\share\classfile\systemDictionary.cpp, line 256]
Event: 19.609 Thread 0x0000026d79fdaaa0 Exception <a 'java/lang/ClassNotFoundException'{0x000000008631e7c8}: org/gradle/api/internal/DefaultDomainObjectCollectionBeanInfo> (0x000000008631e7c8) 
thrown [s\src\hotspot\share\classfile\systemDictionary.cpp, line 256]
Event: 19.610 Thread 0x0000026d79fdaaa0 Exception <a 'java/lang/ClassNotFoundException'{0x0000000086332808}: org/gradle/api/internal/DefaultDomainObjectCollectionCustomizer> (0x0000000086332808) 
thrown [s\src\hotspot\share\classfile\systemDictionary.cpp, line 256]
Event: 19.614 Thread 0x0000026d79fdaaa0 Exception <a 'java/lang/ClassNotFoundException'{0x0000000086364bf0}: org/gradle/api/internal/DefaultNamedDomainObjectCollectionCustomizer> (0x0000000086364bf0) 
thrown [s\src\hotspot\share\classfile\systemDictionary.cpp, line 256]
Event: 19.615 Thread 0x0000026d79fdaaa0 Exception <a 'java/lang/ClassNotFoundException'{0x00000000863a1c58}: org/gradle/api/internal/DefaultNamedDomainObjectListCustomizer> (0x00000000863a1c58) 
thrown [s\src\hotspot\share\classfile\systemDictionary.cpp, line 256]
Event: 19.616 Thread 0x0000026d79fdaaa0 Exception <a 'java/lang/ClassNotFoundException'{0x00000000863d6570}: org/gradle/api/internal/artifacts/DefaultArtifactRepositoryContainerCustomizer> (0x00000000863d6570) 
thrown [s\src\hotspot\share\classfile\systemDictionary.cpp, line 256]
Event: 19.617 Thread 0x0000026d79fdaaa0 Exception <a 'java/lang/ClassNotFoundException'{0x0000000087a00468}: org/gradle/api/internal/artifacts/dsl/DefaultRepositoryHandlerCustomizer> (0x0000000087a00468) 
thrown [s\src\hotspot\share\classfile\systemDictionary.cpp, line 256]
Event: 19.618 Thread 0x0000026d79fdaaa0 Exception <a 'java/lang/ClassNotFoundException'{0x0000000087a37688}: org/gradle/api/internal/artifacts/dsl/DefaultRepositoryHandler_DecoratedCustomizer> (0x0000000087a37688) 
thrown [s\src\hotspot\share\classfile\systemDictionary.cpp, line 256]
Event: 19.625 Thread 0x0000026d79fdaaa0 Exception <a 'java/lang/ClassNotFoundException'{0x0000000087add398}: org/gradle/api/internal/artifacts/dsl/dependencies/DefaultDependencyHandler_DecoratedBeanInfo> (0x0000000087add398) 
thrown [s\src\hotspot\share\classfile\systemDictionary.cpp, line 256]
Event: 19.626 Thread 0x0000026d79fdaaa0 Exception <a 'java/lang/ClassNotFoundException'{0x0000000087af49a0}: org/gradle/api/internal/artifacts/dsl/dependencies/DefaultDependencyHandlerBeanInfo> (0x0000000087af49a0) 
thrown [s\src\hotspot\share\classfile\systemDictionary.cpp, line 256]
Event: 19.627 Thread 0x0000026d79fdaaa0 Exception <a 'java/lang/ClassNotFoundException'{0x000000008790b810}: org/gradle/api/internal/artifacts/dsl/dependencies/DefaultDependencyHandlerCustomizer> (0x000000008790b810) 
thrown [s\src\hotspot\share\classfile\systemDictionary.cpp, line 256]
Event: 19.629 Thread 0x0000026d79fdaaa0 Exception <a 'java/lang/ClassNotFoundException'{0x000000008794a2c0}: org/gradle/api/internal/artifacts/dsl/dependencies/DefaultDependencyHandler_DecoratedCustomizer> (0x000000008794a2c0) 
thrown [s\src\hotspot\share\classfile\systemDictionary.cpp, line 256]

VM Operations (20 events):
Event: 18.569 Executing VM operation: HandshakeAllThreads
Event: 18.569 Executing VM operation: HandshakeAllThreads done
Event: 18.716 Executing VM operation: G1CollectForAllocation
Event: 18.718 Executing VM operation: G1CollectForAllocation done
Event: 18.764 Executing VM operation: G1PauseRemark
Event: 18.766 Executing VM operation: G1PauseRemark done
Event: 18.784 Executing VM operation: G1PauseCleanup
Event: 18.784 Executing VM operation: G1PauseCleanup done
Event: 19.213 Executing VM operation: G1CollectForAllocation
Event: 19.217 Executing VM operation: G1CollectForAllocation done
Event: 19.248 Executing VM operation: G1CollectForAllocation
Event: 19.250 Executing VM operation: G1CollectForAllocation done
Event: 19.570 Executing VM operation: G1CollectForAllocation
Event: 19.573 Executing VM operation: G1CollectForAllocation done
Event: 19.610 Executing VM operation: G1PauseRemark
Event: 19.612 Executing VM operation: G1PauseRemark done
Event: 19.630 Executing VM operation: G1PauseCleanup
Event: 19.631 Executing VM operation: G1PauseCleanup done
Event: 19.674 Executing VM operation: HandshakeAllThreads
Event: 19.674 Executing VM operation: HandshakeAllThreads done

Events (20 events):
Event: 18.138 loading class com/sun/org/apache/xerces/internal/utils/XMLSecurityPropertyManager$Property
Event: 18.138 loading class com/sun/org/apache/xerces/internal/utils/XMLSecurityPropertyManager$Property done
Event: 18.154 loading class java/util/regex/Pattern$SliceI
Event: 18.154 loading class java/util/regex/Pattern$SliceI done
Event: 18.175 Thread 0x0000026d7b55c150 Thread added: 0x0000026d7b55c150
Event: 18.177 loading class java/lang/Byte$ByteCache
Event: 18.178 loading class java/lang/Byte$ByteCache done
Event: 18.568 loading class java/util/AbstractList$ListItr
Event: 18.568 loading class java/util/AbstractList$ListItr done
Event: 18.656 loading class java/util/regex/Pattern$1
Event: 18.656 loading class java/util/regex/Pattern$1 done
Event: 19.544 loading class java/lang/AbstractMethodError
Event: 19.544 loading class java/lang/AbstractMethodError done
Event: 19.590 loading class org/xml/sax/Locator
Event: 19.591 loading class org/xml/sax/Locator done
Event: 19.591 loading class org/xml/sax/SAXParseException
Event: 19.591 loading class org/xml/sax/SAXParseException done
Event: 19.592 loading class org/xml/sax/Attributes
Event: 19.592 loading class org/xml/sax/Attributes done
Event: 19.636 Thread 0x0000026d7b562ba0 Thread added: 0x0000026d7b562ba0


Dynamic libraries:
0x00007ff7f6d80000 - 0x00007ff7f6d8e000 	C:\Program Files\Microsoft\jdk-17.0.8.7-hotspot\bin\java.exe
0x00007ffa3c9b0000 - 0x00007ffa3cbc7000 	C:\WINDOWS\SYSTEM32\ntdll.dll
0x00007ffa3b0c0000 - 0x00007ffa3b184000 	C:\WINDOWS\System32\KERNEL32.DLL
0x00007ffa3a2a0000 - 0x00007ffa3a64d000 	C:\WINDOWS\System32\KERNELBASE.dll
0x00007ffa39eb0000 - 0x00007ffa39fc1000 	C:\WINDOWS\System32\ucrtbase.dll
0x00007ffa1f390000 - 0x00007ffa1f3ab000 	C:\Program Files\Microsoft\jdk-17.0.8.7-hotspot\bin\VCRUNTIME140.dll
0x00007ffa23570000 - 0x00007ffa23587000 	C:\Program Files\Microsoft\jdk-17.0.8.7-hotspot\bin\jli.dll
0x00007ffa3be80000 - 0x00007ffa3c02e000 	C:\WINDOWS\System32\USER32.dll
0x00007ffa3a6c0000 - 0x00007ffa3a6e6000 	C:\WINDOWS\System32\win32u.dll
0x00007ffa3b1a0000 - 0x00007ffa3b1c9000 	C:\WINDOWS\System32\GDI32.dll
0x00007ffa39d90000 - 0x00007ffa39ea9000 	C:\WINDOWS\System32\gdi32full.dll
0x00007ffa3a200000 - 0x00007ffa3a29a000 	C:\WINDOWS\System32\msvcp_win.dll
0x00007ffa19250000 - 0x00007ffa194e3000 	C:\WINDOWS\WinSxS\amd64_microsoft.windows.common-controls_6595b64144ccf1df_6.0.22621.3672_none_2713b9d173822955\COMCTL32.dll
0x00007ffa3c250000 - 0x00007ffa3c2f7000 	C:\WINDOWS\System32\msvcrt.dll
0x00007ffa3c930000 - 0x00007ffa3c961000 	C:\WINDOWS\System32\IMM32.DLL
0x00007ffa36f20000 - 0x00007ffa36f2c000 	C:\Program Files\Microsoft\jdk-17.0.8.7-hotspot\bin\vcruntime140_1.dll
0x00007ff9fa750000 - 0x00007ff9fa7dd000 	C:\Program Files\Microsoft\jdk-17.0.8.7-hotspot\bin\msvcp140.dll
0x00007ff9b3c50000 - 0x00007ff9b48b5000 	C:\Program Files\Microsoft\jdk-17.0.8.7-hotspot\bin\server\jvm.dll
0x00007ffa3c0e0000 - 0x00007ffa3c192000 	C:\WINDOWS\System32\ADVAPI32.dll
0x00007ffa3c1a0000 - 0x00007ffa3c249000 	C:\WINDOWS\System32\sechost.dll
0x00007ffa39ce0000 - 0x00007ffa39d08000 	C:\WINDOWS\System32\bcrypt.dll
0x00007ffa3bc10000 - 0x00007ffa3bd24000 	C:\WINDOWS\System32\RPCRT4.dll
0x00007ffa392b0000 - 0x00007ffa392fd000 	C:\WINDOWS\SYSTEM32\POWRPROF.dll
0x00007ffa36250000 - 0x00007ffa3625a000 	C:\WINDOWS\SYSTEM32\VERSION.dll
0x00007ffa35760000 - 0x00007ffa35769000 	C:\WINDOWS\SYSTEM32\WSOCK32.dll
0x00007ffa35670000 - 0x00007ffa356a4000 	C:\WINDOWS\SYSTEM32\WINMM.dll
0x00007ffa3c5c0000 - 0x00007ffa3c631000 	C:\WINDOWS\System32\WS2_32.dll
0x00007ffa39270000 - 0x00007ffa39283000 	C:\WINDOWS\SYSTEM32\UMPDC.dll
0x00007ffa38d10000 - 0x00007ffa38d28000 	C:\WINDOWS\SYSTEM32\kernel.appcore.dll
0x00007ffa363e0000 - 0x00007ffa363ea000 	C:\Program Files\Microsoft\jdk-17.0.8.7-hotspot\bin\jimage.dll
0x00007ffa281d0000 - 0x00007ffa28402000 	C:\WINDOWS\SYSTEM32\DBGHELP.DLL
0x00007ffa3ab70000 - 0x00007ffa3aef8000 	C:\WINDOWS\System32\combase.dll
0x00007ffa3c740000 - 0x00007ffa3c817000 	C:\WINDOWS\System32\OLEAUT32.dll
0x00007ffa0ecc0000 - 0x00007ffa0ecf2000 	C:\WINDOWS\SYSTEM32\dbgcore.DLL
0x00007ffa39d10000 - 0x00007ffa39d8b000 	C:\WINDOWS\System32\bcryptPrimitives.dll
0x00007ffa267b0000 - 0x00007ffa267be000 	C:\Program Files\Microsoft\jdk-17.0.8.7-hotspot\bin\instrument.dll
0x00007ffa071e0000 - 0x00007ffa07205000 	C:\Program Files\Microsoft\jdk-17.0.8.7-hotspot\bin\java.dll
0x00007ff9b5040000 - 0x00007ff9b5117000 	C:\Program Files\Microsoft\jdk-17.0.8.7-hotspot\bin\jsvml.dll
0x00007ffa3b250000 - 0x00007ffa3baaf000 	C:\WINDOWS\System32\SHELL32.dll
0x00007ffa37c30000 - 0x00007ffa3852c000 	C:\WINDOWS\SYSTEM32\windows.storage.dll
0x00007ffa37af0000 - 0x00007ffa37c2f000 	C:\WINDOWS\SYSTEM32\wintypes.dll
0x00007ffa3c310000 - 0x00007ffa3c404000 	C:\WINDOWS\System32\SHCORE.dll
0x00007ffa3be00000 - 0x00007ffa3be5e000 	C:\WINDOWS\System32\shlwapi.dll
0x00007ffa39c10000 - 0x00007ffa39c31000 	C:\WINDOWS\SYSTEM32\profapi.dll
0x00007ffa0a9a0000 - 0x00007ffa0a9b8000 	C:\Program Files\Microsoft\jdk-17.0.8.7-hotspot\bin\zip.dll
0x00007ffa1d060000 - 0x00007ffa1d079000 	C:\Program Files\Microsoft\jdk-17.0.8.7-hotspot\bin\net.dll
0x00007ffa35c90000 - 0x00007ffa35dc6000 	C:\WINDOWS\SYSTEM32\WINHTTP.dll
0x00007ffa39200000 - 0x00007ffa39269000 	C:\WINDOWS\system32\mswsock.dll
0x00007ffa116c0000 - 0x00007ffa116d6000 	C:\Program Files\Microsoft\jdk-17.0.8.7-hotspot\bin\nio.dll
0x00007ffa35290000 - 0x00007ffa352a0000 	C:\Program Files\Microsoft\jdk-17.0.8.7-hotspot\bin\verify.dll
0x00007ffa11890000 - 0x00007ffa118b7000 	C:\Users\ASIM GOPE\.gradle\native\c067742578af261105cb4f569cf0c3c89f3d7b1fecec35dd04571415982c5e48\windows-amd64\native-platform.dll
0x00007ff9b7c90000 - 0x00007ff9b7dd4000 	C:\Users\ASIM GOPE\.gradle\native\38dada09dfb8b06ba9b0570ebf7e218e3eb74d4ef43ca46872605cf95ebc2f47\windows-amd64\native-platform-file-events.dll
0x00007ffa11b40000 - 0x00007ffa11b49000 	C:\Program Files\Microsoft\jdk-17.0.8.7-hotspot\bin\management.dll
0x00007ffa11a00000 - 0x00007ffa11a0b000 	C:\Program Files\Microsoft\jdk-17.0.8.7-hotspot\bin\management_ext.dll
0x00007ffa3b190000 - 0x00007ffa3b198000 	C:\WINDOWS\System32\PSAPI.DLL
0x00007ffa394d0000 - 0x00007ffa394eb000 	C:\WINDOWS\SYSTEM32\CRYPTSP.dll
0x00007ffa38c70000 - 0x00007ffa38ca5000 	C:\WINDOWS\system32\rsaenh.dll
0x00007ffa39370000 - 0x00007ffa39398000 	C:\WINDOWS\SYSTEM32\USERENV.dll
0x00007ffa394f0000 - 0x00007ffa394fc000 	C:\WINDOWS\SYSTEM32\CRYPTBASE.dll
0x00007ffa387d0000 - 0x00007ffa387fd000 	C:\WINDOWS\SYSTEM32\IPHLPAPI.DLL
0x00007ffa3bda0000 - 0x00007ffa3bda9000 	C:\WINDOWS\System32\NSI.dll
0x00007ffa36210000 - 0x00007ffa36229000 	C:\WINDOWS\SYSTEM32\dhcpcsvc6.DLL
0x00007ffa361f0000 - 0x00007ffa3620f000 	C:\WINDOWS\SYSTEM32\dhcpcsvc.DLL
0x00007ffa38800000 - 0x00007ffa388f8000 	C:\WINDOWS\SYSTEM32\DNSAPI.dll
0x00007ffa35530000 - 0x00007ffa3553e000 	C:\Program Files\Microsoft\jdk-17.0.8.7-hotspot\bin\sunmscapi.dll
0x00007ffa3a090000 - 0x00007ffa3a1f7000 	C:\WINDOWS\System32\CRYPT32.dll
0x00007ffa39670000 - 0x00007ffa3969e000 	C:\WINDOWS\SYSTEM32\ncrypt.dll
0x00007ffa39630000 - 0x00007ffa39667000 	C:\WINDOWS\SYSTEM32\NTASN1.dll
0x00007ffa26850000 - 0x00007ffa26858000 	C:\WINDOWS\system32\wshunix.dll

dbghelp: loaded successfully - version: 4.0.5 - missing functions: none
symbol engine: initialized successfully - sym options: 0x614 - pdb path: .;C:\Program Files\Microsoft\jdk-17.0.8.7-hotspot\bin;C:\WINDOWS\SYSTEM32;C:\WINDOWS\WinSxS\amd64_microsoft.windows.common-controls_6595b64144ccf1df_6.0.22621.3672_none_2713b9d173822955;C:\Program Files\Microsoft\jdk-17.0.8.7-hotspot\bin\server;C:\Users\ASIM GOPE\.gradle\native\c067742578af261105cb4f569cf0c3c89f3d7b1fecec35dd04571415982c5e48\windows-amd64;C:\Users\ASIM GOPE\.gradle\native\38dada09dfb8b06ba9b0570ebf7e218e3eb74d4ef43ca46872605cf95ebc2f47\windows-amd64

VM Arguments:
jvm_args: -XX:MaxMetaspaceSize=512m --add-opens=java.base/java.util=ALL-UNNAMED --add-opens=java.base/java.lang=ALL-UNNAMED --add-opens=java.base/java.lang.invoke=ALL-UNNAMED --add-opens=java.prefs/java.util.prefs=ALL-UNNAMED --add-opens=java.base/java.nio.charset=ALL-UNNAMED --add-opens=java.base/java.net=ALL-UNNAMED --add-opens=java.base/java.util.concurrent.atomic=ALL-UNNAMED -Xmx2048m -Dfile.encoding=windows-1252 -Duser.country=IN -Duser.language=en -Duser.variant -javaagent:C:\Users\ASIM GOPE\.gradle\wrapper\dists\gradle-8.6-all\3mbtmo166bl6vumsh5k2lkq5h\gradle-8.6\lib\agents\gradle-instrumentation-agent-8.6.jar 
java_command: org.gradle.launcher.daemon.bootstrap.GradleDaemon 8.6
java_class_path (initial): C:\Users\ASIM GOPE\.gradle\wrapper\dists\gradle-8.6-all\3mbtmo166bl6vumsh5k2lkq5h\gradle-8.6\lib\gradle-launcher-8.6.jar
Launcher Type: SUN_STANDARD

[Global flags]
     intx CICompilerCount                          = 4                                         {product} {ergonomic}
   size_t CompressedClassSpaceSize                 = 436207616                                 {product} {ergonomic}
     uint ConcGCThreads                            = 2                                         {product} {ergonomic}
     uint G1ConcRefinementThreads                  = 8                                         {product} {ergonomic}
   size_t G1HeapRegionSize                         = 1048576                                   {product} {ergonomic}
    uintx GCDrainStackTargetSize                   = 64                                        {product} {ergonomic}
   size_t InitialHeapSize                          = 132120576                                 {product} {ergonomic}
   size_t MarkStackSize                            = 4194304                                   {product} {ergonomic}
   size_t MaxHeapSize                              = 2147483648                                {product} {command line}
   size_t MaxMetaspaceSize                         = 536870912                                 {product} {command line}
   size_t MaxNewSize                               = 1287651328                                {product} {ergonomic}
   size_t MinHeapDeltaBytes                        = 1048576                                   {product} {ergonomic}
   size_t MinHeapSize                              = 8388608                                   {product} {ergonomic}
    uintx NonNMethodCodeHeapSize                   = 5839372                                {pd product} {ergonomic}
    uintx NonProfiledCodeHeapSize                  = 122909434                              {pd product} {ergonomic}
    uintx ProfiledCodeHeapSize                     = 122909434                              {pd product} {ergonomic}
    uintx ReservedCodeCacheSize                    = 251658240                              {pd product} {ergonomic}
     bool SegmentedCodeCache                       = true                                      {product} {ergonomic}
   size_t SoftMaxHeapSize                          = 2147483648                             {manageable} {ergonomic}
     bool UseCompressedClassPointers               = true                           {product lp64_product} {ergonomic}
     bool UseCompressedOops                        = true                           {product lp64_product} {ergonomic}
     bool UseG1GC                                  = true                                      {product} {ergonomic}
     bool UseLargePagesIndividualAllocation        = false                                  {pd product} {ergonomic}

Logging:
Log output configuration:
 #0: stdout all=warning uptime,level,tags
 #1: stderr all=off uptime,level,tags

Environment Variables:
JAVA_HOME=C:\Program Files\Microsoft\jdk-17.0.8.7-hotspot\
CLASSPATH=A:\dev--\Saswatsir\Protime2\ProtimeESS\android\\gradle\wrapper\gradle-wrapper.jar
PATH=A:\dev--\Saswatsir\Protime2\ProtimeESS\node_modules\.bin;A:\dev--\Saswatsir\Protime2\ProtimeESS\node_modules\.bin;A:\dev--\Saswatsir\Protime2\node_modules\.bin;A:\dev--\Saswatsir\node_modules\.bin;A:\dev--\node_modules\.bin;A:\node_modules\.bin;C:\Users\ASIM GOPE\AppData\Roaming\npm\node_modules\npm\node_modules\@npmcli\run-script\lib\node-gyp-bin;C:\Program Files\Common Files\Siemens\Automation\Simatic OAM\bin;C:\Program Files\Microsoft\jdk-17.0.8.7-hotspot\bin;C:\Python312\Scripts\;C:\Python312\;C:\oraclexe\app\oracle\product\11.2.0\server\bin;C:\Python310\Scripts\;C:\Python310\;C:\Program Files\Common Files\Oracle\Java\javapath;C:\Windows\system32;C:\Windows;C:\Windows\System32\Wbem;C:\Windows\System32\WindowsPowerShell\v1.0\;C:\Windows\System32\OpenSSH\;C:\Program Files (x86)\NVIDIA Corporation\PhysX\Common;C:\Program Files\NVIDIA Corporation\NVIDIA NvDLISR;C:\Program Files\Java\jdk-15.0.1\bin;C:\Program Files\Java\jdk-15.0.1;C:\MinGW\bin;C:\Program Files\Java\jdk-15.0.1\bin\;A:\asim\PUBGLite\PUBGLite;C:\Users\ASIM GOPE\AppData\Local\Programs\Microsoft VS Code\bin;C:\ProgramData\chocolatey\bin;C:\WINDOWS\system32;C:\WINDOWS;C:\WINDOWS\System32\Wbem;C:\WINDOWS\System32\WindowsPowerShell\v1.0\;C:\WINDOWS\System32\OpenSSH\;C:\Program Files\OpenJDK\openjdk-11.0.13_8\bin;C:\Program Files\Git\cmd;C:\Program Files\Microsoft SQL Server\150\Tools\Binn\;C:\Program Files\nodejs\;A:\bin;C:\Program Files\CMake\bin;C:\Program Files\Common Files\Siemens\Automation\Simatic OAM\bin;C:\Program Files\Microsoft\jdk-17.0.8.7-hotspot\bin;C:\Python312\Scripts\;C:\Python312\;C:\oraclexe\app\oracle\product\11.2.0\server\bin;C:\Python310\Scripts\;C:\Python310\;C:\Program Files\Common Files\Oracle\Java\javapath;C:\Windows\system32;C:\Windows;C:\Windows\System32\Wbem;C:\Windows\System32\WindowsPowerShell\v1.0\;C:\Windows\System32\OpenSSH\;C:\Program Files (x86)\NVIDIA Corporation\PhysX\Common;C:\Program Files\NVIDIA Corporation\NVIDIA NvDLISR;C:\Program Files\Java\jdk-15.0.1\bin;C:\Progr
USERNAME=ASIM GOPE
LANG=en_US.UTF-8
OS=Windows_NT
PROCESSOR_IDENTIFIER=Intel64 Family 6 Model 158 Stepping 13, GenuineIntel
TMP=C:\Users\ASIMGO~1\AppData\Local\Temp
TEMP=C:\Users\ASIMGO~1\AppData\Local\Temp



---------------  S Y S T E M  ---------------

OS:
 Windows 11 , 64 bit Build 22621 (10.0.22621.3672)
OS uptime: 0 days 17:52 hours

CPU: total 8 (initial active 8) (4 cores per cpu, 2 threads per core) family 6 model 158 stepping 13 microcode 0xde, cx8, cmov, fxsr, ht, mmx, 3dnowpref, sse, sse2, sse3, ssse3, sse4.1, sse4.2, popcnt, lzcnt, tsc, tscinvbit, avx, avx2, aes, erms, clmul, bmi1, bmi2, adx, fma, vzeroupper, clflush, clflushopt
Processor Information for all 8 processors :
  Max Mhz: 2401, Current Mhz: 2400, Mhz Limit: 2376

Memory: 4k page, system-wide physical 8036M (332M free)
TotalPageFile size 31019M (AvailPageFile size 9M)
current process WorkingSet (physical memory assigned to process): 315M, peak: 315M
current process commit charge ("private bytes"): 360M, peak: 361M

vm_info: OpenJDK 64-Bit Server VM (17.0.8+7-LTS) for windows-amd64 JRE (17.0.8+7-LTS), built on Jul  7 2023 17:21:55 by "MicrosoftCorporation" with MS VC++ 16.10 / 16.11 (VS2019)

END.
