#
# There is insufficient memory for the Java Runtime Environment to continue.
# Native memory allocation (malloc) failed to allocate 387040 bytes for Chunk::new
# Possible reasons:
#   The system is out of physical RAM or swap space
#   The process is running with CompressedOops enabled, and the Java Heap may be blocking the growth of the native heap
# Possible solutions:
#   Reduce memory load on the system
#   Increase physical memory or swap space
#   Check if swap backing store is full
#   Decrease Java heap size (-Xmx/-Xms)
#   Decrease number of Java threads
#   Decrease Java thread stack sizes (-Xss)
#   Set larger code cache with -XX:ReservedCodeCacheSize=
#   JVM is running with Unscaled Compressed Oops mode in which the Java heap is
#     placed in the first 4GB address space. The Java Heap base address is the
#     maximum limit for the native heap growth. Please use -XX:HeapBaseMinAddress
#     to set the Java Heap base and to place the Java Heap above 4GB virtual address.
# This output file may be truncated or incomplete.
#
#  Out of Memory Error (arena.cpp:189), pid=9584, tid=24652
#
# JRE version: OpenJDK Runtime Environment Microsoft-8035246 (17.0.8+7) (build 17.0.8+7-LTS)
# Java VM: OpenJDK 64-Bit Server VM Microsoft-8035246 (17.0.8+7-LTS, mixed mode, sharing, tiered, compressed oops, compressed class ptrs, g1 gc, windows-amd64)
# No core dump will be written. Minidumps are not enabled by default on client versions of Windows
#

---------------  S U M M A R Y ------------

Command Line: -XX:MaxMetaspaceSize=512m --add-opens=java.base/java.util=ALL-UNNAMED --add-opens=java.base/java.lang=ALL-UNNAMED --add-opens=java.base/java.lang.invoke=ALL-UNNAMED --add-opens=java.prefs/java.util.prefs=ALL-UNNAMED --add-opens=java.base/java.nio.charset=ALL-UNNAMED --add-opens=java.base/java.net=ALL-UNNAMED --add-opens=java.base/java.util.concurrent.atomic=ALL-UNNAMED -Xmx2048m -Dfile.encoding=windows-1252 -Duser.country=IN -Duser.language=en -Duser.variant -javaagent:C:\Users\ASIM GOPE\.gradle\wrapper\dists\gradle-8.6-all\3mbtmo166bl6vumsh5k2lkq5h\gradle-8.6\lib\agents\gradle-instrumentation-agent-8.6.jar org.gradle.launcher.daemon.bootstrap.GradleDaemon 8.6

Host: Intel(R) Core(TM) i5-9300H CPU @ 2.40GHz, 8 cores, 7G,  Windows 11 , 64 bit Build 22621 (10.0.22621.3672)
Time: Wed Jul 24 11:36:00 2024 India Standard Time elapsed time: 5.421930 seconds (0d 0h 0m 5s)

---------------  T H R E A D  ---------------

Current thread (0x000001e8cf5c1bb0):  JavaThread "C2 CompilerThread0" daemon [_thread_in_native, id=24652, stack(0x00000099cc600000,0x00000099cc700000)]


Current CompileTask:
C2:   5421 2005       4       jdk.internal.org.objectweb.asm.SymbolTable::addConstantUtf8 (98 bytes)

Stack: [0x00000099cc600000,0x00000099cc700000]
Native frames: (J=compiled Java code, j=interpreted, Vv=VM code, C=native code)
V  [jvm.dll+0x67bf3a]
V  [jvm.dll+0x83a024]
V  [jvm.dll+0x83b7ce]
V  [jvm.dll+0x83be33]
V  [jvm.dll+0x24785f]
V  [jvm.dll+0xac3bc]
V  [jvm.dll+0xac98c]
V  [jvm.dll+0x368107]
V  [jvm.dll+0x332451]
V  [jvm.dll+0x3318fa]
V  [jvm.dll+0x21a131]
V  [jvm.dll+0x219551]
V  [jvm.dll+0x1a56b6]
V  [jvm.dll+0x2291ea]
V  [jvm.dll+0x22724c]
V  [jvm.dll+0x7efd0c]
V  [jvm.dll+0x7ea13a]
V  [jvm.dll+0x67ad85]
C  [ucrtbase.dll+0x29333]
C  [KERNEL32.DLL+0x1257d]
C  [ntdll.dll+0x5af28]


---------------  P R O C E S S  ---------------

Threads class SMR info:
_java_thread_list=0x000001e8f06eac00, length=22, elements={
0x000001e8b1171110, 0x000001e8cf5a5b50, 0x000001e8cf5a69d0, 0x000001e8cf5bcfb0,
0x000001e8cf5bd980, 0x000001e8cf5c0450, 0x000001e8cf5c0e10, 0x000001e8cf5c1bb0,
0x000001e8cf5c4670, 0x000001e8cf740020, 0x000001e8cf58aff0, 0x000001e8cf8b5650,
0x000001e8f057e2b0, 0x000001e8f1150a60, 0x000001e8f0dc6410, 0x000001e8f09156a0,
0x000001e8efed4750, 0x000001e8efed2e00, 0x000001e8efed23e0, 0x000001e8efed28f0,
0x000001e8efed14b0, 0x000001e8efed3310
}

Java Threads: ( => current thread )
  0x000001e8b1171110 JavaThread "main" [_thread_blocked, id=17108, stack(0x00000099cb900000,0x00000099cba00000)]
  0x000001e8cf5a5b50 JavaThread "Reference Handler" daemon [_thread_blocked, id=18864, stack(0x00000099cc000000,0x00000099cc100000)]
  0x000001e8cf5a69d0 JavaThread "Finalizer" daemon [_thread_blocked, id=5900, stack(0x00000099cc100000,0x00000099cc200000)]
  0x000001e8cf5bcfb0 JavaThread "Signal Dispatcher" daemon [_thread_blocked, id=12996, stack(0x00000099cc200000,0x00000099cc300000)]
  0x000001e8cf5bd980 JavaThread "Attach Listener" daemon [_thread_blocked, id=16864, stack(0x00000099cc300000,0x00000099cc400000)]
  0x000001e8cf5c0450 JavaThread "Service Thread" daemon [_thread_blocked, id=4176, stack(0x00000099cc400000,0x00000099cc500000)]
  0x000001e8cf5c0e10 JavaThread "Monitor Deflation Thread" daemon [_thread_blocked, id=25760, stack(0x00000099cc500000,0x00000099cc600000)]
=>0x000001e8cf5c1bb0 JavaThread "C2 CompilerThread0" daemon [_thread_in_native, id=24652, stack(0x00000099cc600000,0x00000099cc700000)]
  0x000001e8cf5c4670 JavaThread "C1 CompilerThread0" daemon [_thread_blocked, id=26336, stack(0x00000099cc700000,0x00000099cc800000)]
  0x000001e8cf740020 JavaThread "Sweeper thread" daemon [_thread_blocked, id=25808, stack(0x00000099cc800000,0x00000099cc900000)]
  0x000001e8cf58aff0 JavaThread "Common-Cleaner" daemon [_thread_blocked, id=25984, stack(0x00000099cc900000,0x00000099cca00000)]
  0x000001e8cf8b5650 JavaThread "Notification Thread" daemon [_thread_blocked, id=26480, stack(0x00000099cca00000,0x00000099ccb00000)]
  0x000001e8f057e2b0 JavaThread "Daemon health stats" [_thread_blocked, id=26580, stack(0x00000099cd100000,0x00000099cd200000)]
  0x000001e8f1150a60 JavaThread "Incoming local TCP Connector on port 59309" [_thread_in_native, id=24876, stack(0x00000099cd200000,0x00000099cd300000)]
  0x000001e8f0dc6410 JavaThread "Daemon periodic checks" [_thread_blocked, id=7456, stack(0x00000099cd300000,0x00000099cd400000)]
  0x000001e8f09156a0 JavaThread "Daemon" [_thread_blocked, id=25996, stack(0x00000099cd500000,0x00000099cd600000)]
  0x000001e8efed4750 JavaThread "Handler for socket connection from /127.0.0.1:59309 to /127.0.0.1:59311" [_thread_in_native, id=21496, stack(0x00000099cd600000,0x00000099cd700000)]
  0x000001e8efed2e00 JavaThread "Cancel handler" [_thread_blocked, id=26436, stack(0x00000099cd700000,0x00000099cd800000)]
  0x000001e8efed23e0 JavaThread "Daemon worker" [_thread_in_vm, id=14016, stack(0x00000099cd800000,0x00000099cd900000)]
  0x000001e8efed28f0 JavaThread "Asynchronous log dispatcher for DefaultDaemonConnection: socket connection from /127.0.0.1:59309 to /127.0.0.1:59311" [_thread_blocked, id=26536, stack(0x00000099cd900000,0x00000099cda00000)]
  0x000001e8efed14b0 JavaThread "Stdin handler" [_thread_blocked, id=25624, stack(0x00000099cda00000,0x00000099cdb00000)]
  0x000001e8efed3310 JavaThread "Daemon client event forwarder" [_thread_blocked, id=23432, stack(0x00000099cdb00000,0x00000099cdc00000)]

Other Threads:
  0x000001e8cf59cbc0 VMThread "VM Thread" [stack: 0x00000099cbf00000,0x00000099cc000000] [id=17812]
  0x000001e8cf8b04e0 WatcherThread [stack: 0x00000099ccb00000,0x00000099ccc00000] [id=25988]
  0x000001e8b11cc0b0 GCTaskThread "GC Thread#0" [stack: 0x00000099cba00000,0x00000099cbb00000] [id=18524]
  0x000001e8cfb0a820 GCTaskThread "GC Thread#1" [stack: 0x00000099ccd00000,0x00000099cce00000] [id=20604]
  0x000001e8ef8a8e80 GCTaskThread "GC Thread#2" [stack: 0x00000099cce00000,0x00000099ccf00000] [id=2464]
  0x000001e8cfad0370 GCTaskThread "GC Thread#3" [stack: 0x00000099ccf00000,0x00000099cd000000] [id=12180]
  0x000001e8efac7860 GCTaskThread "GC Thread#4" [stack: 0x00000099ccc00000,0x00000099ccd00000] [id=26420]
  0x000001e8b11de010 ConcurrentGCThread "G1 Main Marker" [stack: 0x00000099cbb00000,0x00000099cbc00000] [id=1704]
  0x000001e8b11dea20 ConcurrentGCThread "G1 Conc#0" [stack: 0x00000099cbc00000,0x00000099cbd00000] [id=21744]
  0x000001e8b121d7d0 ConcurrentGCThread "G1 Refine#0" [stack: 0x00000099cbd00000,0x00000099cbe00000] [id=21608]
  0x000001e8b121e200 ConcurrentGCThread "G1 Service" [stack: 0x00000099cbe00000,0x00000099cbf00000] [id=11204]

Threads with active compile tasks:
C2 CompilerThread0     5448 2005       4       jdk.internal.org.objectweb.asm.SymbolTable::addConstantUtf8 (98 bytes)

VM state: not at safepoint (normal execution)

VM Mutex/Monitor currently owned by a thread: None

Heap address: 0x0000000080000000, size: 2048 MB, Compressed Oops mode: 32-bit

CDS archive(s) mapped at: [0x000001e8d0000000-0x000001e8d0bd0000-0x000001e8d0bd0000), size 12386304, SharedBaseAddress: 0x000001e8d0000000, ArchiveRelocationMode: 1.
Compressed class space mapped at: 0x000001e8d1000000-0x000001e8eb000000, reserved size: 436207616
Narrow klass base: 0x000001e8d0000000, Narrow klass shift: 0, Narrow klass range: 0x100000000

GC Precious Log:
 CPUs: 8 total, 8 available
 Memory: 8036M
 Large Page Support: Disabled
 NUMA Support: Disabled
 Compressed Oops: Enabled (32-bit)
 Heap Region Size: 1M
 Heap Min Capacity: 8M
 Heap Initial Capacity: 126M
 Heap Max Capacity: 2G
 Pre-touch: Disabled
 Parallel Workers: 8
 Concurrent Workers: 2
 Concurrent Refinement Workers: 8
 Periodic GC: Disabled

Heap:
 garbage-first heap   total 129024K, used 62924K [0x0000000080000000, 0x0000000100000000)
  region size 1024K, 52 young (53248K), 1 survivors (1024K)
 Metaspace       used 11579K, committed 11776K, reserved 491520K
  class space    used 1561K, committed 1664K, reserved 425984K

Heap Regions: E=young(eden), S=young(survivor), O=old, HS=humongous(starts), HC=humongous(continues), CS=collection set, F=free, OA=open archive, CA=closed archive, TAMS=top-at-mark-start (previous, next)
|   0|0x0000000080000000, 0x0000000080100000, 0x0000000080100000|100%|HS|  |TAMS 0x0000000080000000, 0x0000000080000000| Complete 
|   1|0x0000000080100000, 0x0000000080200000, 0x0000000080200000|100%|HC|  |TAMS 0x0000000080100000, 0x0000000080100000| Complete 
|   2|0x0000000080200000, 0x0000000080300000, 0x0000000080300000|100%|HC|  |TAMS 0x0000000080200000, 0x0000000080200000| Complete 
|   3|0x0000000080300000, 0x0000000080400000, 0x0000000080400000|100%|HC|  |TAMS 0x0000000080300000, 0x0000000080300000| Complete 
|   4|0x0000000080400000, 0x0000000080500000, 0x0000000080500000|100%| O|  |TAMS 0x0000000080400000, 0x0000000080400000| Untracked 
|   5|0x0000000080500000, 0x0000000080600000, 0x0000000080600000|100%| O|  |TAMS 0x0000000080500000, 0x0000000080500000| Untracked 
|   6|0x0000000080600000, 0x0000000080700000, 0x0000000080700000|100%| O|  |TAMS 0x0000000080600000, 0x0000000080600000| Untracked 
|   7|0x0000000080700000, 0x0000000080800000, 0x0000000080800000|100%| O|  |TAMS 0x0000000080700000, 0x0000000080700000| Untracked 
|   8|0x0000000080800000, 0x0000000080900000, 0x0000000080900000|100%| O|  |TAMS 0x0000000080800000, 0x0000000080800000| Untracked 
|   9|0x0000000080900000, 0x0000000080a00000, 0x0000000080a00000|100%| O|  |TAMS 0x0000000080900000, 0x0000000080900000| Untracked 
|  10|0x0000000080a00000, 0x0000000080a9b600, 0x0000000080b00000| 60%| O|  |TAMS 0x0000000080a00000, 0x0000000080a00000| Untracked 
|  11|0x0000000080b00000, 0x0000000080c00000, 0x0000000080c00000|100%|HS|  |TAMS 0x0000000080b00000, 0x0000000080b00000| Complete 
|  12|0x0000000080c00000, 0x0000000080c00000, 0x0000000080d00000|  0%| F|  |TAMS 0x0000000080c00000, 0x0000000080c00000| Untracked 
|  13|0x0000000080d00000, 0x0000000080d00000, 0x0000000080e00000|  0%| F|  |TAMS 0x0000000080d00000, 0x0000000080d00000| Untracked 
|  14|0x0000000080e00000, 0x0000000080e00000, 0x0000000080f00000|  0%| F|  |TAMS 0x0000000080e00000, 0x0000000080e00000| Untracked 
|  15|0x0000000080f00000, 0x0000000080f00000, 0x0000000081000000|  0%| F|  |TAMS 0x0000000080f00000, 0x0000000080f00000| Untracked 
|  16|0x0000000081000000, 0x0000000081000000, 0x0000000081100000|  0%| F|  |TAMS 0x0000000081000000, 0x0000000081000000| Untracked 
|  17|0x0000000081100000, 0x0000000081100000, 0x0000000081200000|  0%| F|  |TAMS 0x0000000081100000, 0x0000000081100000| Untracked 
|  18|0x0000000081200000, 0x0000000081200000, 0x0000000081300000|  0%| F|  |TAMS 0x0000000081200000, 0x0000000081200000| Untracked 
|  19|0x0000000081300000, 0x0000000081300000, 0x0000000081400000|  0%| F|  |TAMS 0x0000000081300000, 0x0000000081300000| Untracked 
|  20|0x0000000081400000, 0x0000000081400000, 0x0000000081500000|  0%| F|  |TAMS 0x0000000081400000, 0x0000000081400000| Untracked 
|  21|0x0000000081500000, 0x0000000081500000, 0x0000000081600000|  0%| F|  |TAMS 0x0000000081500000, 0x0000000081500000| Untracked 
|  22|0x0000000081600000, 0x0000000081600000, 0x0000000081700000|  0%| F|  |TAMS 0x0000000081600000, 0x0000000081600000| Untracked 
|  23|0x0000000081700000, 0x0000000081700000, 0x0000000081800000|  0%| F|  |TAMS 0x0000000081700000, 0x0000000081700000| Untracked 
|  24|0x0000000081800000, 0x0000000081800000, 0x0000000081900000|  0%| F|  |TAMS 0x0000000081800000, 0x0000000081800000| Untracked 
|  25|0x0000000081900000, 0x0000000081900000, 0x0000000081a00000|  0%| F|  |TAMS 0x0000000081900000, 0x0000000081900000| Untracked 
|  26|0x0000000081a00000, 0x0000000081a00000, 0x0000000081b00000|  0%| F|  |TAMS 0x0000000081a00000, 0x0000000081a00000| Untracked 
|  27|0x0000000081b00000, 0x0000000081b00000, 0x0000000081c00000|  0%| F|  |TAMS 0x0000000081b00000, 0x0000000081b00000| Untracked 
|  28|0x0000000081c00000, 0x0000000081c00000, 0x0000000081d00000|  0%| F|  |TAMS 0x0000000081c00000, 0x0000000081c00000| Untracked 
|  29|0x0000000081d00000, 0x0000000081d00000, 0x0000000081e00000|  0%| F|  |TAMS 0x0000000081d00000, 0x0000000081d00000| Untracked 
|  30|0x0000000081e00000, 0x0000000081e00000, 0x0000000081f00000|  0%| F|  |TAMS 0x0000000081e00000, 0x0000000081e00000| Untracked 
|  31|0x0000000081f00000, 0x0000000081f00000, 0x0000000082000000|  0%| F|  |TAMS 0x0000000081f00000, 0x0000000081f00000| Untracked 
|  32|0x0000000082000000, 0x0000000082000000, 0x0000000082100000|  0%| F|  |TAMS 0x0000000082000000, 0x0000000082000000| Untracked 
|  33|0x0000000082100000, 0x0000000082100000, 0x0000000082200000|  0%| F|  |TAMS 0x0000000082100000, 0x0000000082100000| Untracked 
|  34|0x0000000082200000, 0x0000000082200000, 0x0000000082300000|  0%| F|  |TAMS 0x0000000082200000, 0x0000000082200000| Untracked 
|  35|0x0000000082300000, 0x0000000082300000, 0x0000000082400000|  0%| F|  |TAMS 0x0000000082300000, 0x0000000082300000| Untracked 
|  36|0x0000000082400000, 0x0000000082400000, 0x0000000082500000|  0%| F|  |TAMS 0x0000000082400000, 0x0000000082400000| Untracked 
|  37|0x0000000082500000, 0x0000000082500000, 0x0000000082600000|  0%| F|  |TAMS 0x0000000082500000, 0x0000000082500000| Untracked 
|  38|0x0000000082600000, 0x0000000082600000, 0x0000000082700000|  0%| F|  |TAMS 0x0000000082600000, 0x0000000082600000| Untracked 
|  39|0x0000000082700000, 0x0000000082700000, 0x0000000082800000|  0%| F|  |TAMS 0x0000000082700000, 0x0000000082700000| Untracked 
|  40|0x0000000082800000, 0x0000000082800000, 0x0000000082900000|  0%| F|  |TAMS 0x0000000082800000, 0x0000000082800000| Untracked 
|  41|0x0000000082900000, 0x0000000082900000, 0x0000000082a00000|  0%| F|  |TAMS 0x0000000082900000, 0x0000000082900000| Untracked 
|  42|0x0000000082a00000, 0x0000000082a00000, 0x0000000082b00000|  0%| F|  |TAMS 0x0000000082a00000, 0x0000000082a00000| Untracked 
|  43|0x0000000082b00000, 0x0000000082b00000, 0x0000000082c00000|  0%| F|  |TAMS 0x0000000082b00000, 0x0000000082b00000| Untracked 
|  44|0x0000000082c00000, 0x0000000082c00000, 0x0000000082d00000|  0%| F|  |TAMS 0x0000000082c00000, 0x0000000082c00000| Untracked 
|  45|0x0000000082d00000, 0x0000000082d00000, 0x0000000082e00000|  0%| F|  |TAMS 0x0000000082d00000, 0x0000000082d00000| Untracked 
|  46|0x0000000082e00000, 0x0000000082e00000, 0x0000000082f00000|  0%| F|  |TAMS 0x0000000082e00000, 0x0000000082e00000| Untracked 
|  47|0x0000000082f00000, 0x0000000082f00000, 0x0000000083000000|  0%| F|  |TAMS 0x0000000082f00000, 0x0000000082f00000| Untracked 
|  48|0x0000000083000000, 0x0000000083000000, 0x0000000083100000|  0%| F|  |TAMS 0x0000000083000000, 0x0000000083000000| Untracked 
|  49|0x0000000083100000, 0x0000000083100000, 0x0000000083200000|  0%| F|  |TAMS 0x0000000083100000, 0x0000000083100000| Untracked 
|  50|0x0000000083200000, 0x0000000083200000, 0x0000000083300000|  0%| F|  |TAMS 0x0000000083200000, 0x0000000083200000| Untracked 
|  51|0x0000000083300000, 0x0000000083300000, 0x0000000083400000|  0%| F|  |TAMS 0x0000000083300000, 0x0000000083300000| Untracked 
|  52|0x0000000083400000, 0x0000000083400000, 0x0000000083500000|  0%| F|  |TAMS 0x0000000083400000, 0x0000000083400000| Untracked 
|  53|0x0000000083500000, 0x0000000083500000, 0x0000000083600000|  0%| F|  |TAMS 0x0000000083500000, 0x0000000083500000| Untracked 
|  54|0x0000000083600000, 0x0000000083600000, 0x0000000083700000|  0%| F|  |TAMS 0x0000000083600000, 0x0000000083600000| Untracked 
|  55|0x0000000083700000, 0x0000000083700000, 0x0000000083800000|  0%| F|  |TAMS 0x0000000083700000, 0x0000000083700000| Untracked 
|  56|0x0000000083800000, 0x0000000083800000, 0x0000000083900000|  0%| F|  |TAMS 0x0000000083800000, 0x0000000083800000| Untracked 
|  57|0x0000000083900000, 0x0000000083900000, 0x0000000083a00000|  0%| F|  |TAMS 0x0000000083900000, 0x0000000083900000| Untracked 
|  58|0x0000000083a00000, 0x0000000083a00000, 0x0000000083b00000|  0%| F|  |TAMS 0x0000000083a00000, 0x0000000083a00000| Untracked 
|  59|0x0000000083b00000, 0x0000000083b00000, 0x0000000083c00000|  0%| F|  |TAMS 0x0000000083b00000, 0x0000000083b00000| Untracked 
|  60|0x0000000083c00000, 0x0000000083c00000, 0x0000000083d00000|  0%| F|  |TAMS 0x0000000083c00000, 0x0000000083c00000| Untracked 
|  61|0x0000000083d00000, 0x0000000083d00000, 0x0000000083e00000|  0%| F|  |TAMS 0x0000000083d00000, 0x0000000083d00000| Untracked 
|  62|0x0000000083e00000, 0x0000000083e00000, 0x0000000083f00000|  0%| F|  |TAMS 0x0000000083e00000, 0x0000000083e00000| Untracked 
|  63|0x0000000083f00000, 0x0000000083f00000, 0x0000000084000000|  0%| F|  |TAMS 0x0000000083f00000, 0x0000000083f00000| Untracked 
|  64|0x0000000084000000, 0x0000000084000000, 0x0000000084100000|  0%| F|  |TAMS 0x0000000084000000, 0x0000000084000000| Untracked 
|  65|0x0000000084100000, 0x0000000084100000, 0x0000000084200000|  0%| F|  |TAMS 0x0000000084100000, 0x0000000084100000| Untracked 
|  66|0x0000000084200000, 0x0000000084200000, 0x0000000084300000|  0%| F|  |TAMS 0x0000000084200000, 0x0000000084200000| Untracked 
|  67|0x0000000084300000, 0x0000000084300000, 0x0000000084400000|  0%| F|  |TAMS 0x0000000084300000, 0x0000000084300000| Untracked 
|  68|0x0000000084400000, 0x0000000084400000, 0x0000000084500000|  0%| F|  |TAMS 0x0000000084400000, 0x0000000084400000| Untracked 
|  69|0x0000000084500000, 0x0000000084500000, 0x0000000084600000|  0%| F|  |TAMS 0x0000000084500000, 0x0000000084500000| Untracked 
|  70|0x0000000084600000, 0x0000000084600000, 0x0000000084700000|  0%| F|  |TAMS 0x0000000084600000, 0x0000000084600000| Untracked 
|  71|0x0000000084700000, 0x0000000084700000, 0x0000000084800000|  0%| F|  |TAMS 0x0000000084700000, 0x0000000084700000| Untracked 
|  72|0x0000000084800000, 0x0000000084800000, 0x0000000084900000|  0%| F|  |TAMS 0x0000000084800000, 0x0000000084800000| Untracked 
|  73|0x0000000084900000, 0x0000000084900000, 0x0000000084a00000|  0%| F|  |TAMS 0x0000000084900000, 0x0000000084900000| Untracked 
|  74|0x0000000084a00000, 0x0000000084b00000, 0x0000000084b00000|100%| E|  |TAMS 0x0000000084a00000, 0x0000000084a00000| Complete 
|  75|0x0000000084b00000, 0x0000000084c00000, 0x0000000084c00000|100%| E|CS|TAMS 0x0000000084b00000, 0x0000000084b00000| Complete 
|  76|0x0000000084c00000, 0x0000000084d00000, 0x0000000084d00000|100%| E|CS|TAMS 0x0000000084c00000, 0x0000000084c00000| Complete 
|  77|0x0000000084d00000, 0x0000000084e00000, 0x0000000084e00000|100%| E|CS|TAMS 0x0000000084d00000, 0x0000000084d00000| Complete 
|  78|0x0000000084e00000, 0x0000000084f00000, 0x0000000084f00000|100%| E|CS|TAMS 0x0000000084e00000, 0x0000000084e00000| Complete 
|  79|0x0000000084f00000, 0x0000000085000000, 0x0000000085000000|100%| E|CS|TAMS 0x0000000084f00000, 0x0000000084f00000| Complete 
|  80|0x0000000085000000, 0x0000000085100000, 0x0000000085100000|100%| E|CS|TAMS 0x0000000085000000, 0x0000000085000000| Complete 
|  81|0x0000000085100000, 0x0000000085200000, 0x0000000085200000|100%| E|CS|TAMS 0x0000000085100000, 0x0000000085100000| Complete 
|  82|0x0000000085200000, 0x0000000085300000, 0x0000000085300000|100%| E|CS|TAMS 0x0000000085200000, 0x0000000085200000| Complete 
|  83|0x0000000085300000, 0x0000000085400000, 0x0000000085400000|100%| E|CS|TAMS 0x0000000085300000, 0x0000000085300000| Complete 
|  84|0x0000000085400000, 0x0000000085500000, 0x0000000085500000|100%| E|CS|TAMS 0x0000000085400000, 0x0000000085400000| Complete 
|  85|0x0000000085500000, 0x0000000085600000, 0x0000000085600000|100%| E|CS|TAMS 0x0000000085500000, 0x0000000085500000| Complete 
|  86|0x0000000085600000, 0x0000000085700000, 0x0000000085700000|100%| E|CS|TAMS 0x0000000085600000, 0x0000000085600000| Complete 
|  87|0x0000000085700000, 0x0000000085800000, 0x0000000085800000|100%| E|CS|TAMS 0x0000000085700000, 0x0000000085700000| Complete 
|  88|0x0000000085800000, 0x0000000085900000, 0x0000000085900000|100%| E|CS|TAMS 0x0000000085800000, 0x0000000085800000| Complete 
|  89|0x0000000085900000, 0x0000000085a00000, 0x0000000085a00000|100%| E|CS|TAMS 0x0000000085900000, 0x0000000085900000| Complete 
|  90|0x0000000085a00000, 0x0000000085b00000, 0x0000000085b00000|100%| E|CS|TAMS 0x0000000085a00000, 0x0000000085a00000| Complete 
|  91|0x0000000085b00000, 0x0000000085c00000, 0x0000000085c00000|100%| E|CS|TAMS 0x0000000085b00000, 0x0000000085b00000| Complete 
|  92|0x0000000085c00000, 0x0000000085d00000, 0x0000000085d00000|100%| E|CS|TAMS 0x0000000085c00000, 0x0000000085c00000| Complete 
|  93|0x0000000085d00000, 0x0000000085e00000, 0x0000000085e00000|100%| E|CS|TAMS 0x0000000085d00000, 0x0000000085d00000| Complete 
|  94|0x0000000085e00000, 0x0000000085f00000, 0x0000000085f00000|100%| E|CS|TAMS 0x0000000085e00000, 0x0000000085e00000| Complete 
|  95|0x0000000085f00000, 0x0000000086000000, 0x0000000086000000|100%| E|CS|TAMS 0x0000000085f00000, 0x0000000085f00000| Complete 
|  96|0x0000000086000000, 0x00000000860d7b90, 0x0000000086100000| 84%| S|CS|TAMS 0x0000000086000000, 0x0000000086000000| Complete 
|  97|0x0000000086100000, 0x0000000086200000, 0x0000000086200000|100%| E|CS|TAMS 0x0000000086100000, 0x0000000086100000| Complete 
|  98|0x0000000086200000, 0x0000000086300000, 0x0000000086300000|100%| E|CS|TAMS 0x0000000086200000, 0x0000000086200000| Complete 
|  99|0x0000000086300000, 0x0000000086400000, 0x0000000086400000|100%| E|CS|TAMS 0x0000000086300000, 0x0000000086300000| Complete 
| 100|0x0000000086400000, 0x0000000086500000, 0x0000000086500000|100%| E|CS|TAMS 0x0000000086400000, 0x0000000086400000| Complete 
| 101|0x0000000086500000, 0x0000000086600000, 0x0000000086600000|100%| E|CS|TAMS 0x0000000086500000, 0x0000000086500000| Complete 
| 102|0x0000000086600000, 0x0000000086700000, 0x0000000086700000|100%| E|CS|TAMS 0x0000000086600000, 0x0000000086600000| Complete 
| 103|0x0000000086700000, 0x0000000086800000, 0x0000000086800000|100%| E|CS|TAMS 0x0000000086700000, 0x0000000086700000| Complete 
| 104|0x0000000086800000, 0x0000000086900000, 0x0000000086900000|100%| E|CS|TAMS 0x0000000086800000, 0x0000000086800000| Complete 
| 105|0x0000000086900000, 0x0000000086a00000, 0x0000000086a00000|100%| E|CS|TAMS 0x0000000086900000, 0x0000000086900000| Complete 
| 106|0x0000000086a00000, 0x0000000086b00000, 0x0000000086b00000|100%| E|CS|TAMS 0x0000000086a00000, 0x0000000086a00000| Complete 
| 107|0x0000000086b00000, 0x0000000086c00000, 0x0000000086c00000|100%| E|CS|TAMS 0x0000000086b00000, 0x0000000086b00000| Complete 
| 108|0x0000000086c00000, 0x0000000086d00000, 0x0000000086d00000|100%| E|CS|TAMS 0x0000000086c00000, 0x0000000086c00000| Complete 
| 109|0x0000000086d00000, 0x0000000086e00000, 0x0000000086e00000|100%| E|CS|TAMS 0x0000000086d00000, 0x0000000086d00000| Complete 
| 110|0x0000000086e00000, 0x0000000086f00000, 0x0000000086f00000|100%| E|CS|TAMS 0x0000000086e00000, 0x0000000086e00000| Complete 
| 111|0x0000000086f00000, 0x0000000087000000, 0x0000000087000000|100%| E|CS|TAMS 0x0000000086f00000, 0x0000000086f00000| Complete 
| 112|0x0000000087000000, 0x0000000087100000, 0x0000000087100000|100%| E|CS|TAMS 0x0000000087000000, 0x0000000087000000| Complete 
| 113|0x0000000087100000, 0x0000000087200000, 0x0000000087200000|100%| E|CS|TAMS 0x0000000087100000, 0x0000000087100000| Complete 
| 114|0x0000000087200000, 0x0000000087300000, 0x0000000087300000|100%| E|CS|TAMS 0x0000000087200000, 0x0000000087200000| Complete 
| 115|0x0000000087300000, 0x0000000087400000, 0x0000000087400000|100%| E|CS|TAMS 0x0000000087300000, 0x0000000087300000| Complete 
| 116|0x0000000087400000, 0x0000000087500000, 0x0000000087500000|100%| E|CS|TAMS 0x0000000087400000, 0x0000000087400000| Complete 
| 117|0x0000000087500000, 0x0000000087600000, 0x0000000087600000|100%| E|CS|TAMS 0x0000000087500000, 0x0000000087500000| Complete 
| 118|0x0000000087600000, 0x0000000087700000, 0x0000000087700000|100%| E|  |TAMS 0x0000000087600000, 0x0000000087600000| Complete 
| 119|0x0000000087700000, 0x0000000087800000, 0x0000000087800000|100%| E|CS|TAMS 0x0000000087700000, 0x0000000087700000| Complete 
| 120|0x0000000087800000, 0x0000000087900000, 0x0000000087900000|100%| E|CS|TAMS 0x0000000087800000, 0x0000000087800000| Complete 
| 121|0x0000000087900000, 0x0000000087a00000, 0x0000000087a00000|100%| E|CS|TAMS 0x0000000087900000, 0x0000000087900000| Complete 
| 122|0x0000000087a00000, 0x0000000087b00000, 0x0000000087b00000|100%| E|CS|TAMS 0x0000000087a00000, 0x0000000087a00000| Complete 
| 123|0x0000000087b00000, 0x0000000087c00000, 0x0000000087c00000|100%| E|CS|TAMS 0x0000000087b00000, 0x0000000087b00000| Complete 
| 124|0x0000000087c00000, 0x0000000087d00000, 0x0000000087d00000|100%| E|CS|TAMS 0x0000000087c00000, 0x0000000087c00000| Complete 
| 125|0x0000000087d00000, 0x0000000087e00000, 0x0000000087e00000|100%| E|CS|TAMS 0x0000000087d00000, 0x0000000087d00000| Complete 

Card table byte_map: [0x000001e8c8390000,0x000001e8c8790000] _byte_map_base: 0x000001e8c7f90000

Marking Bits (Prev, Next): (CMBitMap*) 0x000001e8b11cd6e0, (CMBitMap*) 0x000001e8b11cd720
 Prev Bits: [0x000001e8c8b90000, 0x000001e8cab90000)
 Next Bits: [0x000001e8cab90000, 0x000001e8ccb90000)

Polling page: 0x000001e8b0920000

Metaspace:

Usage:
  Non-class:      9.82 MB used.
      Class:      1.53 MB used.
       Both:     11.35 MB used.

Virtual space:
  Non-class space:       64.00 MB reserved,       9.94 MB ( 16%) committed,  1 nodes.
      Class space:      416.00 MB reserved,       1.62 MB ( <1%) committed,  1 nodes.
             Both:      480.00 MB reserved,      11.56 MB (  2%) committed. 

Chunk freelists:
   Non-Class:  5.91 MB
       Class:  14.34 MB
        Both:  20.25 MB

MaxMetaspaceSize: 512.00 MB
CompressedClassSpaceSize: 416.00 MB
Initial GC threshold: 21.00 MB
Current GC threshold: 21.00 MB
CDS: on
MetaspaceReclaimPolicy: balanced
 - commit_granule_bytes: 65536.
 - commit_granule_words: 8192.
 - virtual_space_node_default_size: 8388608.
 - enlarge_chunks_in_place: 1.
 - new_chunks_are_fully_committed: 0.
 - uncommit_free_chunks: 1.
 - use_allocation_guard: 0.
 - handle_deallocations: 1.


Internal statistics:

num_allocs_failed_limit: 0.
num_arena_births: 112.
num_arena_deaths: 0.
num_vsnodes_births: 2.
num_vsnodes_deaths: 0.
num_space_committed: 185.
num_space_uncommitted: 0.
num_chunks_returned_to_freelist: 0.
num_chunks_taken_from_freelist: 430.
num_chunk_merges: 0.
num_chunk_splits: 290.
num_chunks_enlarged: 232.
num_inconsistent_stats: 0.

CodeHeap 'non-profiled nmethods': size=120000Kb used=1118Kb max_used=1118Kb free=118881Kb
 bounds [0x000001e8c0730000, 0x000001e8c09a0000, 0x000001e8c7c60000]
CodeHeap 'profiled nmethods': size=120000Kb used=4170Kb max_used=4170Kb free=115829Kb
 bounds [0x000001e8b8c60000, 0x000001e8b9080000, 0x000001e8c0190000]
CodeHeap 'non-nmethods': size=5760Kb used=1200Kb max_used=1234Kb free=4559Kb
 bounds [0x000001e8c0190000, 0x000001e8c0400000, 0x000001e8c0730000]
 total_blobs=2553 nmethods=2046 adapters=420
 compilation: enabled
              stopped_count=0, restarted_count=0
 full_count=0

Compilation events (20 events):
Event: 5.398 Thread 0x000001e8cf5c4670 nmethod 2002 0x000001e8b9057b10 code [0x000001e8b9057ca0, 0x000001e8b9057db8]
Event: 5.400 Thread 0x000001e8cf5c1bb0 2003       4       java.lang.invoke.MemberName::getReferenceKind (12 bytes)
Event: 5.400 Thread 0x000001e8cf5c1bb0 nmethod 2003 0x000001e8c0845d10 code [0x000001e8c0845e80, 0x000001e8c0845ef8]
Event: 5.402 Thread 0x000001e8cf5c1bb0 2005       4       jdk.internal.org.objectweb.asm.SymbolTable::addConstantUtf8 (98 bytes)
Event: 5.403 Thread 0x000001e8cf5c4670 2006   !   3       jdk.internal.reflect.ReflectionFactory::checkInitted (100 bytes)
Event: 5.403 Thread 0x000001e8cf5c4670 nmethod 2006 0x000001e8b9057e90 code [0x000001e8b90581a0, 0x000001e8b9059238]
Event: 5.404 Thread 0x000001e8cf5c4670 2007       3       java.lang.reflect.ReflectAccess::getRoot (5 bytes)
Event: 5.404 Thread 0x000001e8cf5c4670 nmethod 2007 0x000001e8b9059710 code [0x000001e8b90598c0, 0x000001e8b9059a88]
Event: 5.404 Thread 0x000001e8cf5c4670 2008       3       jdk.internal.org.objectweb.asm.MethodWriter::visitMaxs (60 bytes)
Event: 5.404 Thread 0x000001e8cf5c4670 nmethod 2008 0x000001e8b9059b90 code [0x000001e8b9059d60, 0x000001e8b905a038]
Event: 5.404 Thread 0x000001e8cf5c4670 2013       3       jdk.internal.org.objectweb.asm.Handler::putExceptionTable (63 bytes)
Event: 5.404 Thread 0x000001e8cf5c4670 nmethod 2013 0x000001e8b905a110 code [0x000001e8b905a320, 0x000001e8b905a7a8]
Event: 5.404 Thread 0x000001e8cf5c4670 2012       3       jdk.internal.org.objectweb.asm.MethodWriter::putMethodInfo (1274 bytes)
Event: 5.407 Thread 0x000001e8cf5c4670 nmethod 2012 0x000001e8b905aa90 code [0x000001e8b905b160, 0x000001e8b905d928]
Event: 5.407 Thread 0x000001e8cf5c4670 2009       3       jdk.internal.org.objectweb.asm.MethodWriter::visitEnd (1 bytes)
Event: 5.407 Thread 0x000001e8cf5c4670 nmethod 2009 0x000001e8b905ec10 code [0x000001e8b905eda0, 0x000001e8b905eeb8]
Event: 5.408 Thread 0x000001e8cf5c4670 2010       3       jdk.internal.org.objectweb.asm.MethodWriter::computeMethodInfoSize (571 bytes)
Event: 5.409 Thread 0x000001e8cf5c4670 nmethod 2010 0x000001e8b905ef90 code [0x000001e8b905f2c0, 0x000001e8b9060208]
Event: 5.409 Thread 0x000001e8cf5c4670 2011       3       jdk.internal.org.objectweb.asm.MethodWriter::hasFrames (13 bytes)
Event: 5.409 Thread 0x000001e8cf5c4670 nmethod 2011 0x000001e8b9060890 code [0x000001e8b9060a20, 0x000001e8b9060b98]

GC Heap History (4 events):
Event: 1.932 GC heap before
{Heap before GC invocations=0 (full 0):
 garbage-first heap   total 129024K, used 26624K [0x0000000080000000, 0x0000000100000000)
  region size 1024K, 23 young (23552K), 0 survivors (0K)
 Metaspace       used 2965K, committed 3136K, reserved 491520K
  class space    used 371K, committed 448K, reserved 425984K
}
Event: 2.031 GC heap after
{Heap after GC invocations=1 (full 0):
 garbage-first heap   total 129024K, used 10483K [0x0000000080000000, 0x0000000100000000)
  region size 1024K, 3 young (3072K), 3 survivors (3072K)
 Metaspace       used 2965K, committed 3136K, reserved 491520K
  class space    used 371K, committed 448K, reserved 425984K
}
Event: 3.664 GC heap before
{Heap before GC invocations=1 (full 0):
 garbage-first heap   total 129024K, used 37107K [0x0000000080000000, 0x0000000100000000)
  region size 1024K, 29 young (29696K), 3 survivors (3072K)
 Metaspace       used 4026K, committed 4224K, reserved 491520K
  class space    used 490K, committed 576K, reserved 425984K
}
Event: 3.668 GC heap after
{Heap after GC invocations=2 (full 0):
 garbage-first heap   total 129024K, used 11724K [0x0000000080000000, 0x0000000100000000)
  region size 1024K, 1 young (1024K), 1 survivors (1024K)
 Metaspace       used 4026K, committed 4224K, reserved 491520K
  class space    used 490K, committed 576K, reserved 425984K
}

Dll operation events (14 events):
Event: 0.014 Loaded shared library C:\Program Files\Microsoft\jdk-17.0.8.7-hotspot\bin\java.dll
Event: 0.085 Loaded shared library C:\Program Files\Microsoft\jdk-17.0.8.7-hotspot\bin\jsvml.dll
Event: 0.358 Loaded shared library C:\Program Files\Microsoft\jdk-17.0.8.7-hotspot\bin\zip.dll
Event: 0.370 Loaded shared library C:\Program Files\Microsoft\jdk-17.0.8.7-hotspot\bin\instrument.dll
Event: 0.377 Loaded shared library C:\Program Files\Microsoft\jdk-17.0.8.7-hotspot\bin\net.dll
Event: 0.379 Loaded shared library C:\Program Files\Microsoft\jdk-17.0.8.7-hotspot\bin\nio.dll
Event: 0.385 Loaded shared library C:\Program Files\Microsoft\jdk-17.0.8.7-hotspot\bin\zip.dll
Event: 0.973 Loaded shared library C:\Program Files\Microsoft\jdk-17.0.8.7-hotspot\bin\jimage.dll
Event: 1.160 Loaded shared library C:\Program Files\Microsoft\jdk-17.0.8.7-hotspot\bin\verify.dll
Event: 1.581 Loaded shared library C:\Users\ASIM GOPE\.gradle\native\c067742578af261105cb4f569cf0c3c89f3d7b1fecec35dd04571415982c5e48\windows-amd64\native-platform.dll
Event: 1.648 Loaded shared library C:\Users\ASIM GOPE\.gradle\native\38dada09dfb8b06ba9b0570ebf7e218e3eb74d4ef43ca46872605cf95ebc2f47\windows-amd64\native-platform-file-events.dll
Event: 4.528 Loaded shared library C:\Program Files\Microsoft\jdk-17.0.8.7-hotspot\bin\management.dll
Event: 4.531 Loaded shared library C:\Program Files\Microsoft\jdk-17.0.8.7-hotspot\bin\management_ext.dll
Event: 5.155 Loaded shared library C:\Program Files\Microsoft\jdk-17.0.8.7-hotspot\bin\sunmscapi.dll

Deoptimization events (20 events):
Event: 5.187 Thread 0x000001e8f1150a60 DEOPT PACKING pc=0x000001e8c07b77b0 sp=0x00000099cd2fdf00
Event: 5.187 Thread 0x000001e8f1150a60 DEOPT UNPACKING pc=0x000001e8c01e69a3 sp=0x00000099cd2fde98 mode 2
Event: 5.187 Thread 0x000001e8f1150a60 Uncommon trap: trap_request=0xffffffc6 fr.pc=0x000001e8c07bd2cc relative=0x000000000000012c
Event: 5.187 Thread 0x000001e8f1150a60 Uncommon trap: reason=bimorphic_or_optimized_type_check action=maybe_recompile pc=0x000001e8c07bd2cc method=java.util.AbstractList$Itr.next()Ljava/lang/Object; @ 14 c2
Event: 5.187 Thread 0x000001e8f1150a60 DEOPT PACKING pc=0x000001e8c07bd2cc sp=0x00000099cd2fdef0
Event: 5.187 Thread 0x000001e8f1150a60 DEOPT UNPACKING pc=0x000001e8c01e69a3 sp=0x00000099cd2fde88 mode 2
Event: 5.232 Thread 0x000001e8efed4750 Uncommon trap: trap_request=0xffffff45 fr.pc=0x000001e8c0751144 relative=0x00000000000001a4
Event: 5.232 Thread 0x000001e8efed4750 Uncommon trap: reason=unstable_if action=reinterpret pc=0x000001e8c0751144 method=java.util.regex.Matcher.reset()Ljava/util/regex/Matcher; @ 47 c2
Event: 5.232 Thread 0x000001e8efed4750 DEOPT PACKING pc=0x000001e8c0751144 sp=0x00000099cd6fda80
Event: 5.232 Thread 0x000001e8efed4750 DEOPT UNPACKING pc=0x000001e8c01e69a3 sp=0x00000099cd6fda08 mode 2
Event: 5.232 Thread 0x000001e8efed4750 Uncommon trap: trap_request=0xffffff45 fr.pc=0x000001e8c0751990 relative=0x0000000000000430
Event: 5.232 Thread 0x000001e8efed4750 Uncommon trap: reason=unstable_if action=reinterpret pc=0x000001e8c0751990 method=java.util.regex.Matcher.match(II)Z @ 76 c2
Event: 5.232 Thread 0x000001e8efed4750 DEOPT PACKING pc=0x000001e8c0751990 sp=0x00000099cd6fdab0
Event: 5.232 Thread 0x000001e8efed4750 DEOPT UNPACKING pc=0x000001e8c01e69a3 sp=0x00000099cd6fda80 mode 2
Event: 5.254 Thread 0x000001e8f09156a0 DEOPT PACKING pc=0x000001e8b9010188 sp=0x00000099cd5fe210
Event: 5.254 Thread 0x000001e8f09156a0 DEOPT UNPACKING pc=0x000001e8c01e7143 sp=0x00000099cd5fd718 mode 0
Event: 5.254 Thread 0x000001e8f09156a0 Uncommon trap: trap_request=0xffffff45 fr.pc=0x000001e8c0837254 relative=0x00000000000017f4
Event: 5.254 Thread 0x000001e8f09156a0 Uncommon trap: reason=unstable_if action=reinterpret pc=0x000001e8c0837254 method=java.io.DataInputStream.readUTF(Ljava/io/DataInput;)Ljava/lang/String; @ 31 c2
Event: 5.254 Thread 0x000001e8f09156a0 DEOPT PACKING pc=0x000001e8c0837254 sp=0x00000099cd5fe2e0
Event: 5.254 Thread 0x000001e8f09156a0 DEOPT UNPACKING pc=0x000001e8c01e69a3 sp=0x00000099cd5fe2b0 mode 2

Classes unloaded (0 events):
No events

Classes redefined (0 events):
No events

Internal exceptions (20 events):
Event: 0.413 Thread 0x000001e8b1171110 Exception <a 'java/lang/NoSuchMethodError'{0x0000000087bf6c58}: 'int java.lang.invoke.DirectMethodHandle$Holder.invokeStaticInit(java.lang.Object, java.lang.Object)'> (0x0000000087bf6c58) 
thrown [s\src\hotspot\share\interpreter\linkResolver.cpp, line 759]
Event: 1.343 Thread 0x000001e8b1171110 Exception <a 'java/lang/NoClassDefFoundError'{0x0000000086c29f50}: org/slf4j/impl/StaticMarkerBinder> (0x0000000086c29f50) 
thrown [s\src\hotspot\share\classfile\systemDictionary.cpp, line 245]
Event: 1.540 Thread 0x000001e8b1171110 Exception <a 'java/lang/NoSuchMethodError'{0x0000000086aa8c00}: 'java.lang.Object java.lang.invoke.DirectMethodHandle$Holder.invokeVirtual(java.lang.Object, java.lang.Object, java.lang.Object, java.lang.Object, java.lang.Object, java.lang.Object, java.lang.Object)'> (0x0000000086aa8c00) 
thrown [s\src\hotspot\share\interpreter\linkResolver.cpp, line 759]
Event: 1.543 Thread 0x000001e8b1171110 Exception <a 'java/lang/NoSuchMethodError'{0x0000000086aba7f0}: 'java.lang.Object java.lang.invoke.Invokers$Holder.invoker(java.lang.Object, java.lang.Object, java.lang.Object)'> (0x0000000086aba7f0) 
thrown [s\src\hotspot\share\interpreter\linkResolver.cpp, line 759]
Event: 1.544 Thread 0x000001e8b1171110 Exception <a 'java/lang/NoSuchMethodError'{0x0000000086ac3a10}: 'java.lang.Object java.lang.invoke.DirectMethodHandle$Holder.invokeStatic(java.lang.Object, java.lang.Object, int)'> (0x0000000086ac3a10) 
thrown [s\src\hotspot\share\interpreter\linkResolver.cpp, line 759]
Event: 1.545 Thread 0x000001e8b1171110 Exception <a 'java/lang/NoSuchMethodError'{0x0000000086acf860}: 'void java.lang.invoke.DelegatingMethodHandle$Holder.delegate(java.lang.Object, java.lang.Object, int, java.lang.Object)'> (0x0000000086acf860) 
thrown [s\src\hotspot\share\interpreter\linkResolver.cpp, line 759]
Event: 1.546 Thread 0x000001e8b1171110 Exception <a 'java/lang/NoSuchMethodError'{0x0000000086ad3898}: 'int java.lang.invoke.DirectMethodHandle$Holder.invokeSpecial(java.lang.Object, java.lang.Object, java.lang.Object)'> (0x0000000086ad3898) 
thrown [s\src\hotspot\share\interpreter\linkResolver.cpp, line 759]
Event: 1.549 Thread 0x000001e8b1171110 Exception <a 'java/lang/NoSuchMethodError'{0x0000000086ae7170}: 'java.lang.Object java.lang.invoke.Invokers$Holder.invokeExact_MT(java.lang.Object, java.lang.Object, java.lang.Object, java.lang.Object)'> (0x0000000086ae7170) 
thrown [s\src\hotspot\share\interpreter\linkResolver.cpp, line 759]
Event: 1.902 Thread 0x000001e8b1171110 Exception <a 'java/lang/NoSuchMethodError'{0x00000000867b5fb8}: 'int java.lang.invoke.DirectMethodHandle$Holder.invokeStatic(java.lang.Object)'> (0x00000000867b5fb8) 
thrown [s\src\hotspot\share\interpreter\linkResolver.cpp, line 759]
Event: 1.903 Thread 0x000001e8b1171110 Exception <a 'java/lang/NoSuchMethodError'{0x00000000867b9468}: 'int java.lang.invoke.DirectMethodHandle$Holder.invokeStaticInit(java.lang.Object)'> (0x00000000867b9468) 
thrown [s\src\hotspot\share\interpreter\linkResolver.cpp, line 759]
Event: 2.401 Thread 0x000001e8b1171110 Exception <a 'java/lang/NoSuchMethodError'{0x00000000878dc250}: 'void java.lang.invoke.DirectMethodHandle$Holder.invokeInterface(java.lang.Object, java.lang.Object, java.lang.Object)'> (0x00000000878dc250) 
thrown [s\src\hotspot\share\interpreter\linkResolver.cpp, line 759]
Event: 4.526 Thread 0x000001e8b1171110 Exception <a 'java/lang/NoSuchMethodError'{0x0000000086499cb0}: 'java.lang.Object java.lang.invoke.DirectMethodHandle$Holder.invokeStaticInit(java.lang.Object)'> (0x0000000086499cb0) 
thrown [s\src\hotspot\share\interpreter\linkResolver.cpp, line 759]
Event: 4.556 Thread 0x000001e8b1171110 Exception <a 'java/lang/NoSuchMethodError'{0x0000000086322908}: 'java.lang.Object java.lang.invoke.DirectMethodHandle$Holder.invokeInterface(java.lang.Object, java.lang.Object)'> (0x0000000086322908) 
thrown [s\src\hotspot\share\interpreter\linkResolver.cpp, line 759]
Event: 4.764 Thread 0x000001e8b1171110 Exception <a 'java/lang/NoSuchMethodError'{0x0000000085c74038}: 'java.lang.Object java.lang.invoke.DirectMethodHandle$Holder.invokeStaticInit(java.lang.Object, int, int, int, int)'> (0x0000000085c74038) 
thrown [s\src\hotspot\share\interpreter\linkResolver.cpp, line 759]
Event: 4.839 Thread 0x000001e8b1171110 Exception <a 'java/lang/NoSuchMethodError'{0x0000000085cfdf20}: 'java.lang.Object java.lang.invoke.DirectMethodHandle$Holder.invokeStaticInit(java.lang.Object, java.lang.Object, int, int, int, int)'> (0x0000000085cfdf20) 
thrown [s\src\hotspot\share\interpreter\linkResolver.cpp, line 759]
Event: 5.080 Thread 0x000001e8b1171110 Exception <a 'java/lang/NoSuchMethodError'{0x0000000085911cf0}: 'void java.lang.invoke.DirectMethodHandle$Holder.invokeStatic(java.lang.Object, java.lang.Object, java.lang.Object)'> (0x0000000085911cf0) 
thrown [s\src\hotspot\share\interpreter\linkResolver.cpp, line 759]
Event: 5.119 Thread 0x000001e8b1171110 Exception <a 'java/io/IOException'{0x00000000859ddf00}> (0x00000000859ddf00) 
thrown [s\src\hotspot\share\prims\jni.cpp, line 516]
Event: 5.342 Thread 0x000001e8efed23e0 Exception <a 'java/lang/NoSuchMethodError'{0x00000000851a32a0}: 'long java.lang.invoke.DirectMethodHandle$Holder.invokeInterface(java.lang.Object, java.lang.Object)'> (0x00000000851a32a0) 
thrown [s\src\hotspot\share\interpreter\linkResolver.cpp, line 759]
Event: 5.346 Thread 0x000001e8efed23e0 Exception <a 'java/lang/NoSuchMethodError'{0x00000000851de4d8}: 'java.lang.Object java.lang.invoke.DirectMethodHandle$Holder.invokeVirtual(java.lang.Object, java.lang.Object, java.lang.Object)'> (0x00000000851de4d8) 
thrown [s\src\hotspot\share\interpreter\linkResolver.cpp, line 759]
Event: 5.395 Thread 0x000001e8efed23e0 Exception <a 'java/lang/NoSuchMethodError'{0x0000000084d97558}: 'void java.lang.invoke.DirectMethodHandle$Holder.invokeStatic(java.lang.Object, java.lang.Object)'> (0x0000000084d97558) 
thrown [s\src\hotspot\share\interpreter\linkResolver.cpp, line 759]

VM Operations (20 events):
Event: 3.664 Executing VM operation: G1CollectForAllocation
Event: 3.668 Executing VM operation: G1CollectForAllocation done
Event: 4.470 Executing VM operation: HandshakeAllThreads
Event: 4.470 Executing VM operation: HandshakeAllThreads done
Event: 4.510 Executing VM operation: HandshakeAllThreads
Event: 4.510 Executing VM operation: HandshakeAllThreads done
Event: 4.551 Executing VM operation: HandshakeAllThreads
Event: 4.551 Executing VM operation: HandshakeAllThreads done
Event: 4.665 Executing VM operation: HandshakeAllThreads
Event: 4.665 Executing VM operation: HandshakeAllThreads done
Event: 4.741 Executing VM operation: HandshakeAllThreads
Event: 4.741 Executing VM operation: HandshakeAllThreads done
Event: 4.741 Executing VM operation: Cleanup
Event: 4.741 Executing VM operation: Cleanup done
Event: 4.833 Executing VM operation: HandshakeAllThreads
Event: 4.833 Executing VM operation: HandshakeAllThreads done
Event: 5.078 Executing VM operation: HandshakeAllThreads
Event: 5.078 Executing VM operation: HandshakeAllThreads done
Event: 5.174 Executing VM operation: HandshakeAllThreads
Event: 5.174 Executing VM operation: HandshakeAllThreads done

Events (20 events):
Event: 5.275 loading class java/math/MathContext
Event: 5.276 loading class java/math/MathContext done
Event: 5.277 loading class java/io/PipedOutputStream
Event: 5.277 loading class java/io/PipedOutputStream done
Event: 5.278 loading class java/io/PipedInputStream
Event: 5.278 loading class java/io/PipedInputStream done
Event: 5.278 Thread 0x000001e8efed14b0 Thread added: 0x000001e8efed14b0
Event: 5.281 Thread 0x000001e8efed3310 Thread added: 0x000001e8efed3310
Event: 5.341 loading class java/util/function/LongSupplier
Event: 5.341 loading class java/util/function/LongSupplier done
Event: 5.370 loading class java/util/concurrent/ExecutionException
Event: 5.371 loading class java/util/concurrent/ExecutionException done
Event: 5.371 Thread 0x000001e8efdb4750 Thread exited: 0x000001e8efdb4750
Event: 5.387 loading class java/util/concurrent/atomic/AtomicReferenceArray
Event: 5.388 loading class java/util/concurrent/atomic/AtomicReferenceArray done
Event: 5.410 loading class java/lang/StrictMath
Event: 5.411 loading class java/lang/StrictMath done
Event: 5.418 loading class java/beans/Introspector
Event: 5.419 loading class java/beans/Introspector done
Event: 5.419 loading class java/beans/EventSetDescriptor


Dynamic libraries:
0x00007ff7f6d80000 - 0x00007ff7f6d8e000 	C:\Program Files\Microsoft\jdk-17.0.8.7-hotspot\bin\java.exe
0x00007ffa3c9b0000 - 0x00007ffa3cbc7000 	C:\WINDOWS\SYSTEM32\ntdll.dll
0x00007ffa3b0c0000 - 0x00007ffa3b184000 	C:\WINDOWS\System32\KERNEL32.DLL
0x00007ffa3a2a0000 - 0x00007ffa3a64d000 	C:\WINDOWS\System32\KERNELBASE.dll
0x00007ffa39eb0000 - 0x00007ffa39fc1000 	C:\WINDOWS\System32\ucrtbase.dll
0x00007ffa23570000 - 0x00007ffa23587000 	C:\Program Files\Microsoft\jdk-17.0.8.7-hotspot\bin\jli.dll
0x00007ffa3be80000 - 0x00007ffa3c02e000 	C:\WINDOWS\System32\USER32.dll
0x00007ffa3a6c0000 - 0x00007ffa3a6e6000 	C:\WINDOWS\System32\win32u.dll
0x00007ffa3b1a0000 - 0x00007ffa3b1c9000 	C:\WINDOWS\System32\GDI32.dll
0x00007ffa39d90000 - 0x00007ffa39ea9000 	C:\WINDOWS\System32\gdi32full.dll
0x00007ffa3a200000 - 0x00007ffa3a29a000 	C:\WINDOWS\System32\msvcp_win.dll
0x00007ffa1f390000 - 0x00007ffa1f3ab000 	C:\Program Files\Microsoft\jdk-17.0.8.7-hotspot\bin\VCRUNTIME140.dll
0x00007ffa19250000 - 0x00007ffa194e3000 	C:\WINDOWS\WinSxS\amd64_microsoft.windows.common-controls_6595b64144ccf1df_6.0.22621.3672_none_2713b9d173822955\COMCTL32.dll
0x00007ffa3c250000 - 0x00007ffa3c2f7000 	C:\WINDOWS\System32\msvcrt.dll
0x00007ffa3c930000 - 0x00007ffa3c961000 	C:\WINDOWS\System32\IMM32.DLL
0x00007ffa36f20000 - 0x00007ffa36f2c000 	C:\Program Files\Microsoft\jdk-17.0.8.7-hotspot\bin\vcruntime140_1.dll
0x00007ff9fa750000 - 0x00007ff9fa7dd000 	C:\Program Files\Microsoft\jdk-17.0.8.7-hotspot\bin\msvcp140.dll
0x00007ff9b3c50000 - 0x00007ff9b48b5000 	C:\Program Files\Microsoft\jdk-17.0.8.7-hotspot\bin\server\jvm.dll
0x00007ffa3c0e0000 - 0x00007ffa3c192000 	C:\WINDOWS\System32\ADVAPI32.dll
0x00007ffa3c1a0000 - 0x00007ffa3c249000 	C:\WINDOWS\System32\sechost.dll
0x00007ffa39ce0000 - 0x00007ffa39d08000 	C:\WINDOWS\System32\bcrypt.dll
0x00007ffa3bc10000 - 0x00007ffa3bd24000 	C:\WINDOWS\System32\RPCRT4.dll
0x00007ffa392b0000 - 0x00007ffa392fd000 	C:\WINDOWS\SYSTEM32\POWRPROF.dll
0x00007ffa35760000 - 0x00007ffa35769000 	C:\WINDOWS\SYSTEM32\WSOCK32.dll
0x00007ffa3c5c0000 - 0x00007ffa3c631000 	C:\WINDOWS\System32\WS2_32.dll
0x00007ffa35670000 - 0x00007ffa356a4000 	C:\WINDOWS\SYSTEM32\WINMM.dll
0x00007ffa36250000 - 0x00007ffa3625a000 	C:\WINDOWS\SYSTEM32\VERSION.dll
0x00007ffa39270000 - 0x00007ffa39283000 	C:\WINDOWS\SYSTEM32\UMPDC.dll
0x00007ffa38d10000 - 0x00007ffa38d28000 	C:\WINDOWS\SYSTEM32\kernel.appcore.dll
0x00007ffa363e0000 - 0x00007ffa363ea000 	C:\Program Files\Microsoft\jdk-17.0.8.7-hotspot\bin\jimage.dll
0x00007ffa281d0000 - 0x00007ffa28402000 	C:\WINDOWS\SYSTEM32\DBGHELP.DLL
0x00007ffa3ab70000 - 0x00007ffa3aef8000 	C:\WINDOWS\System32\combase.dll
0x00007ffa3c740000 - 0x00007ffa3c817000 	C:\WINDOWS\System32\OLEAUT32.dll
0x00007ffa0ecc0000 - 0x00007ffa0ecf2000 	C:\WINDOWS\SYSTEM32\dbgcore.DLL
0x00007ffa39d10000 - 0x00007ffa39d8b000 	C:\WINDOWS\System32\bcryptPrimitives.dll
0x00007ffa36460000 - 0x00007ffa3646e000 	C:\Program Files\Microsoft\jdk-17.0.8.7-hotspot\bin\instrument.dll
0x00007ffa071e0000 - 0x00007ffa07205000 	C:\Program Files\Microsoft\jdk-17.0.8.7-hotspot\bin\java.dll
0x00007ff9b5040000 - 0x00007ff9b5117000 	C:\Program Files\Microsoft\jdk-17.0.8.7-hotspot\bin\jsvml.dll
0x00007ffa3b250000 - 0x00007ffa3baaf000 	C:\WINDOWS\System32\SHELL32.dll
0x00007ffa37c30000 - 0x00007ffa3852c000 	C:\WINDOWS\SYSTEM32\windows.storage.dll
0x00007ffa37af0000 - 0x00007ffa37c2f000 	C:\WINDOWS\SYSTEM32\wintypes.dll
0x00007ffa3c310000 - 0x00007ffa3c404000 	C:\WINDOWS\System32\SHCORE.dll
0x00007ffa3be00000 - 0x00007ffa3be5e000 	C:\WINDOWS\System32\shlwapi.dll
0x00007ffa39c10000 - 0x00007ffa39c31000 	C:\WINDOWS\SYSTEM32\profapi.dll
0x00007ffa0a9a0000 - 0x00007ffa0a9b8000 	C:\Program Files\Microsoft\jdk-17.0.8.7-hotspot\bin\zip.dll
0x00007ffa1d060000 - 0x00007ffa1d079000 	C:\Program Files\Microsoft\jdk-17.0.8.7-hotspot\bin\net.dll
0x00007ffa35c90000 - 0x00007ffa35dc6000 	C:\WINDOWS\SYSTEM32\WINHTTP.dll
0x00007ffa39200000 - 0x00007ffa39269000 	C:\WINDOWS\system32\mswsock.dll
0x00007ffa116c0000 - 0x00007ffa116d6000 	C:\Program Files\Microsoft\jdk-17.0.8.7-hotspot\bin\nio.dll
0x00007ffa35290000 - 0x00007ffa352a0000 	C:\Program Files\Microsoft\jdk-17.0.8.7-hotspot\bin\verify.dll
0x00007ffa11890000 - 0x00007ffa118b7000 	C:\Users\ASIM GOPE\.gradle\native\c067742578af261105cb4f569cf0c3c89f3d7b1fecec35dd04571415982c5e48\windows-amd64\native-platform.dll
0x00007ff9fc130000 - 0x00007ff9fc274000 	C:\Users\ASIM GOPE\.gradle\native\38dada09dfb8b06ba9b0570ebf7e218e3eb74d4ef43ca46872605cf95ebc2f47\windows-amd64\native-platform-file-events.dll
0x00007ffa11b40000 - 0x00007ffa11b49000 	C:\Program Files\Microsoft\jdk-17.0.8.7-hotspot\bin\management.dll
0x00007ffa11a00000 - 0x00007ffa11a0b000 	C:\Program Files\Microsoft\jdk-17.0.8.7-hotspot\bin\management_ext.dll
0x00007ffa3b190000 - 0x00007ffa3b198000 	C:\WINDOWS\System32\PSAPI.DLL
0x00007ffa394d0000 - 0x00007ffa394eb000 	C:\WINDOWS\SYSTEM32\CRYPTSP.dll
0x00007ffa38c70000 - 0x00007ffa38ca5000 	C:\WINDOWS\system32\rsaenh.dll
0x00007ffa39370000 - 0x00007ffa39398000 	C:\WINDOWS\SYSTEM32\USERENV.dll
0x00007ffa394f0000 - 0x00007ffa394fc000 	C:\WINDOWS\SYSTEM32\CRYPTBASE.dll
0x00007ffa387d0000 - 0x00007ffa387fd000 	C:\WINDOWS\SYSTEM32\IPHLPAPI.DLL
0x00007ffa3bda0000 - 0x00007ffa3bda9000 	C:\WINDOWS\System32\NSI.dll
0x00007ffa36210000 - 0x00007ffa36229000 	C:\WINDOWS\SYSTEM32\dhcpcsvc6.DLL
0x00007ffa361f0000 - 0x00007ffa3620f000 	C:\WINDOWS\SYSTEM32\dhcpcsvc.DLL
0x00007ffa38800000 - 0x00007ffa388f8000 	C:\WINDOWS\SYSTEM32\DNSAPI.dll
0x00007ffa35530000 - 0x00007ffa3553e000 	C:\Program Files\Microsoft\jdk-17.0.8.7-hotspot\bin\sunmscapi.dll
0x00007ffa3a090000 - 0x00007ffa3a1f7000 	C:\WINDOWS\System32\CRYPT32.dll
0x00007ffa39670000 - 0x00007ffa3969e000 	C:\WINDOWS\SYSTEM32\ncrypt.dll
0x00007ffa39630000 - 0x00007ffa39667000 	C:\WINDOWS\SYSTEM32\NTASN1.dll
0x00007ffa26850000 - 0x00007ffa26858000 	C:\WINDOWS\system32\wshunix.dll

dbghelp: loaded successfully - version: 4.0.5 - missing functions: none
symbol engine: initialized successfully - sym options: 0x614 - pdb path: .;C:\Program Files\Microsoft\jdk-17.0.8.7-hotspot\bin;C:\WINDOWS\SYSTEM32;C:\WINDOWS\WinSxS\amd64_microsoft.windows.common-controls_6595b64144ccf1df_6.0.22621.3672_none_2713b9d173822955;C:\Program Files\Microsoft\jdk-17.0.8.7-hotspot\bin\server;C:\Users\ASIM GOPE\.gradle\native\c067742578af261105cb4f569cf0c3c89f3d7b1fecec35dd04571415982c5e48\windows-amd64;C:\Users\ASIM GOPE\.gradle\native\38dada09dfb8b06ba9b0570ebf7e218e3eb74d4ef43ca46872605cf95ebc2f47\windows-amd64

VM Arguments:
jvm_args: -XX:MaxMetaspaceSize=512m --add-opens=java.base/java.util=ALL-UNNAMED --add-opens=java.base/java.lang=ALL-UNNAMED --add-opens=java.base/java.lang.invoke=ALL-UNNAMED --add-opens=java.prefs/java.util.prefs=ALL-UNNAMED --add-opens=java.base/java.nio.charset=ALL-UNNAMED --add-opens=java.base/java.net=ALL-UNNAMED --add-opens=java.base/java.util.concurrent.atomic=ALL-UNNAMED -Xmx2048m -Dfile.encoding=windows-1252 -Duser.country=IN -Duser.language=en -Duser.variant -javaagent:C:\Users\ASIM GOPE\.gradle\wrapper\dists\gradle-8.6-all\3mbtmo166bl6vumsh5k2lkq5h\gradle-8.6\lib\agents\gradle-instrumentation-agent-8.6.jar 
java_command: org.gradle.launcher.daemon.bootstrap.GradleDaemon 8.6
java_class_path (initial): C:\Users\ASIM GOPE\.gradle\wrapper\dists\gradle-8.6-all\3mbtmo166bl6vumsh5k2lkq5h\gradle-8.6\lib\gradle-launcher-8.6.jar
Launcher Type: SUN_STANDARD

[Global flags]
     intx CICompilerCount                          = 4                                         {product} {ergonomic}
   size_t CompressedClassSpaceSize                 = 436207616                                 {product} {ergonomic}
     uint ConcGCThreads                            = 2                                         {product} {ergonomic}
     uint G1ConcRefinementThreads                  = 8                                         {product} {ergonomic}
   size_t G1HeapRegionSize                         = 1048576                                   {product} {ergonomic}
    uintx GCDrainStackTargetSize                   = 64                                        {product} {ergonomic}
   size_t InitialHeapSize                          = 132120576                                 {product} {ergonomic}
   size_t MarkStackSize                            = 4194304                                   {product} {ergonomic}
   size_t MaxHeapSize                              = 2147483648                                {product} {command line}
   size_t MaxMetaspaceSize                         = 536870912                                 {product} {command line}
   size_t MaxNewSize                               = 1287651328                                {product} {ergonomic}
   size_t MinHeapDeltaBytes                        = 1048576                                   {product} {ergonomic}
   size_t MinHeapSize                              = 8388608                                   {product} {ergonomic}
    uintx NonNMethodCodeHeapSize                   = 5839372                                {pd product} {ergonomic}
    uintx NonProfiledCodeHeapSize                  = 122909434                              {pd product} {ergonomic}
    uintx ProfiledCodeHeapSize                     = 122909434                              {pd product} {ergonomic}
    uintx ReservedCodeCacheSize                    = 251658240                              {pd product} {ergonomic}
     bool SegmentedCodeCache                       = true                                      {product} {ergonomic}
   size_t SoftMaxHeapSize                          = 2147483648                             {manageable} {ergonomic}
     bool UseCompressedClassPointers               = true                           {product lp64_product} {ergonomic}
     bool UseCompressedOops                        = true                           {product lp64_product} {ergonomic}
     bool UseG1GC                                  = true                                      {product} {ergonomic}
     bool UseLargePagesIndividualAllocation        = false                                  {pd product} {ergonomic}

Logging:
Log output configuration:
 #0: stdout all=warning uptime,level,tags
 #1: stderr all=off uptime,level,tags

Environment Variables:
JAVA_HOME=C:\Program Files\Microsoft\jdk-17.0.8.7-hotspot\
CLASSPATH=A:\dev--\Saswatsir\Protime2\ProtimeESS\android\\gradle\wrapper\gradle-wrapper.jar
PATH=C:\Program Files\Common Files\Siemens\Automation\Simatic OAM\bin;C:\Program Files\Microsoft\jdk-17.0.8.7-hotspot\bin;C:\Python312\Scripts\;C:\Python312\;C:\oraclexe\app\oracle\product\11.2.0\server\bin;C:\Python310\Scripts\;C:\Python310\;C:\Program Files\Common Files\Oracle\Java\javapath;C:\Windows\system32;C:\Windows;C:\Windows\System32\Wbem;C:\Windows\System32\WindowsPowerShell\v1.0\;C:\Windows\System32\OpenSSH\;C:\Program Files (x86)\NVIDIA Corporation\PhysX\Common;C:\Program Files\NVIDIA Corporation\NVIDIA NvDLISR;C:\Program Files\Java\jdk-15.0.1\bin;C:\Program Files\Java\jdk-15.0.1;C:\MinGW\bin;C:\Program Files\Java\jdk-15.0.1\bin\;A:\asim\PUBGLite\PUBGLite;C:\Users\ASIM GOPE\AppData\Local\Programs\Microsoft VS Code\bin;C:\ProgramData\chocolatey\bin;C:\WINDOWS\system32;C:\WINDOWS;C:\WINDOWS\System32\Wbem;C:\WINDOWS\System32\WindowsPowerShell\v1.0\;C:\WINDOWS\System32\OpenSSH\;C:\Program Files\OpenJDK\openjdk-11.0.13_8\bin;C:\Program Files\Git\cmd;C:\Program Files\Microsoft SQL Server\150\Tools\Binn\;C:\Program Files\nodejs\;A:\bin;C:\Program Files\CMake\bin;C:\Program Files\Common Files\Siemens\Automation\Simatic OAM\bin;C:\Program Files\Microsoft\jdk-17.0.8.7-hotspot\bin;C:\Python312\Scripts\;C:\Python312\;C:\oraclexe\app\oracle\product\11.2.0\server\bin;C:\Python310\Scripts\;C:\Python310\;C:\Program Files\Common Files\Oracle\Java\javapath;C:\Windows\system32;C:\Windows;C:\Windows\System32\Wbem;C:\Windows\System32\WindowsPowerShell\v1.0\;C:\Windows\System32\OpenSSH\;C:\Program Files (x86)\NVIDIA Corporation\PhysX\Common;C:\Program Files\NVIDIA Corporation\NVIDIA NvDLISR;C:\Program Files\Java\jdk-15.0.1\bin;C:\Program Files\Java\jdk-15.0.1;C:\MinGW\bin;C:\Program Files\Java\jdk-15.0.1\bin\;A:\asim\PUBGLite\PUBGLite;C:\Users\ASIM GOPE\AppData\Local\Programs\Microsoft VS Code\bin;C:\ProgramData\chocolatey\bin;C:\WINDOWS\system32;C:\WINDOWS;C:\WINDOWS\System32\Wbem;C:\WINDOWS\System32\WindowsPowerShell\v1.0\;C:\WINDOWS\System32\OpenSSH\;C:\Program Files\OpenJDK\
USERNAME=ASIM GOPE
LANG=en_US.UTF-8
OS=Windows_NT
PROCESSOR_IDENTIFIER=Intel64 Family 6 Model 158 Stepping 13, GenuineIntel
TMP=C:\Users\ASIMGO~1\AppData\Local\Temp
TEMP=C:\Users\ASIMGO~1\AppData\Local\Temp



---------------  S Y S T E M  ---------------

OS:
 Windows 11 , 64 bit Build 22621 (10.0.22621.3672)
OS uptime: 0 days 17:57 hours

CPU: total 8 (initial active 8) (4 cores per cpu, 2 threads per core) family 6 model 158 stepping 13 microcode 0xde, cx8, cmov, fxsr, ht, mmx, 3dnowpref, sse, sse2, sse3, ssse3, sse4.1, sse4.2, popcnt, lzcnt, tsc, tscinvbit, avx, avx2, aes, erms, clmul, bmi1, bmi2, adx, fma, vzeroupper, clflush, clflushopt
Processor Information for all 8 processors :
  Max Mhz: 2401, Current Mhz: 2400, Mhz Limit: 2376

Memory: 4k page, system-wide physical 8036M (411M free)
TotalPageFile size 31119M (AvailPageFile size 0M)
current process WorkingSet (physical memory assigned to process): 154M, peak: 154M
current process commit charge ("private bytes"): 264M, peak: 264M

vm_info: OpenJDK 64-Bit Server VM (17.0.8+7-LTS) for windows-amd64 JRE (17.0.8+7-LTS), built on Jul  7 2023 17:21:55 by "MicrosoftCorporation" with MS VC++ 16.10 / 16.11 (VS2019)

END.
