#
# There is insufficient memory for the Java Runtime Environment to continue.
# Native memory allocation (malloc) failed to allocate 2364048 bytes for Chunk::new
# Possible reasons:
#   The system is out of physical RAM or swap space
#   The process is running with CompressedOops enabled, and the Java Heap may be blocking the growth of the native heap
# Possible solutions:
#   Reduce memory load on the system
#   Increase physical memory or swap space
#   Check if swap backing store is full
#   Decrease Java heap size (-Xmx/-Xms)
#   Decrease number of Java threads
#   Decrease Java thread stack sizes (-Xss)
#   Set larger code cache with -XX:ReservedCodeCacheSize=
#   JVM is running with Unscaled Compressed Oops mode in which the Java heap is
#     placed in the first 4GB address space. The Java Heap base address is the
#     maximum limit for the native heap growth. Please use -XX:HeapBaseMinAddress
#     to set the Java Heap base and to place the Java Heap above 4GB virtual address.
# This output file may be truncated or incomplete.
#
#  Out of Memory Error (arena.cpp:189), pid=21308, tid=3816
#
# JRE version: OpenJDK Runtime Environment Microsoft-8035246 (17.0.8+7) (build 17.0.8+7-LTS)
# Java VM: OpenJDK 64-Bit Server VM Microsoft-8035246 (17.0.8+7-LTS, mixed mode, sharing, tiered, compressed oops, compressed class ptrs, g1 gc, windows-amd64)
# No core dump will be written. Minidumps are not enabled by default on client versions of Windows
#

---------------  S U M M A R Y ------------

Command Line: -XX:MaxMetaspaceSize=512m --add-opens=java.base/java.util=ALL-UNNAMED --add-opens=java.base/java.lang=ALL-UNNAMED --add-opens=java.base/java.lang.invoke=ALL-UNNAMED --add-opens=java.prefs/java.util.prefs=ALL-UNNAMED --add-opens=java.base/java.nio.charset=ALL-UNNAMED --add-opens=java.base/java.net=ALL-UNNAMED --add-opens=java.base/java.util.concurrent.atomic=ALL-UNNAMED -Xmx2048m -Dfile.encoding=windows-1252 -Duser.country=IN -Duser.language=en -Duser.variant -javaagent:C:\Users\ASIM GOPE\.gradle\wrapper\dists\gradle-8.6-all\3mbtmo166bl6vumsh5k2lkq5h\gradle-8.6\lib\agents\gradle-instrumentation-agent-8.6.jar org.gradle.launcher.daemon.bootstrap.GradleDaemon 8.6

Host: Intel(R) Core(TM) i5-9300H CPU @ 2.40GHz, 8 cores, 7G,  Windows 11 , 64 bit Build 22621 (10.0.22621.3672)
Time: Wed Jul 24 11:56:19 2024 India Standard Time elapsed time: 9.386081 seconds (0d 0h 0m 9s)

---------------  T H R E A D  ---------------

Current thread (0x000001e2303d6420):  JavaThread "C2 CompilerThread0" daemon [_thread_in_native, id=3816, stack(0x0000005e38b00000,0x0000005e38c00000)]


Current CompileTask:
C2:   9386 6363   !   4       com.google.common.reflect.TypeVisitor::visit (225 bytes)

Stack: [0x0000005e38b00000,0x0000005e38c00000]
Native frames: (J=compiled Java code, j=interpreted, Vv=VM code, C=native code)
V  [jvm.dll+0x67bf3a]
V  [jvm.dll+0x83a024]
V  [jvm.dll+0x83b7ce]
V  [jvm.dll+0x83be33]
V  [jvm.dll+0x24785f]
V  [jvm.dll+0xac3bc]
V  [jvm.dll+0xac98c]
V  [jvm.dll+0x368107]
V  [jvm.dll+0x332451]
V  [jvm.dll+0x3318fa]
V  [jvm.dll+0x21a131]
V  [jvm.dll+0x219551]
V  [jvm.dll+0x1a56b6]
V  [jvm.dll+0x2291ea]
V  [jvm.dll+0x22724c]
V  [jvm.dll+0x7efd0c]
V  [jvm.dll+0x7ea13a]
V  [jvm.dll+0x67ad85]
C  [ucrtbase.dll+0x29333]
C  [KERNEL32.DLL+0x1257d]
C  [ntdll.dll+0x5af28]


---------------  P R O C E S S  ---------------

Threads class SMR info:
_java_thread_list=0x000001e255b1c1b0, length=57, elements={
0x000001e211f814c0, 0x000001e2303b9b70, 0x000001e2303ba9f0, 0x000001e2303d0910,
0x000001e2303d32f0, 0x000001e2303d3cb0, 0x000001e2303d4670, 0x000001e2303d6420,
0x000001e2303d6ed0, 0x000001e2303d98e0, 0x000001e2305dde10, 0x000001e230688b70,
0x000001e251ab5d00, 0x000001e2517bbf80, 0x000001e2511d9000, 0x000001e25220b8a0,
0x000001e250e30fc0, 0x000001e2512d2020, 0x000001e2512d2530, 0x000001e2512d1b10,
0x000001e2512d4390, 0x000001e2512d2a40, 0x000001e2512d3970, 0x000001e2512d3e80,
0x000001e2512d3460, 0x000001e2512d2f50, 0x000001e2512d4db0, 0x000001e2512d52c0,
0x000001e2554742a0, 0x000001e255477030, 0x000001e255471000, 0x000001e255472950,
0x000001e255472440, 0x000001e2554756e0, 0x000001e2554700d0, 0x000001e255477540,
0x000001e255470af0, 0x000001e2554705e0, 0x000001e255472e60, 0x000001e25188b650,
0x000001e25188c0f0, 0x000001e255471510, 0x000001e2554751d0, 0x000001e255471a20,
0x000001e255476610, 0x000001e255475bf0, 0x000001e255476b20, 0x000001e250cfbc80,
0x000001e250cfc190, 0x000001e250cf9400, 0x000001e250cfcbb0, 0x000001e250cf89e0,
0x000001e250cf6160, 0x000001e250cfd0c0, 0x000001e250cf8ef0, 0x000001e250cfd5d0,
0x000001e250cf9e20
}

Java Threads: ( => current thread )
  0x000001e211f814c0 JavaThread "main" [_thread_blocked, id=19724, stack(0x0000005e37e00000,0x0000005e37f00000)]
  0x000001e2303b9b70 JavaThread "Reference Handler" daemon [_thread_blocked, id=8984, stack(0x0000005e38500000,0x0000005e38600000)]
  0x000001e2303ba9f0 JavaThread "Finalizer" daemon [_thread_blocked, id=4528, stack(0x0000005e38600000,0x0000005e38700000)]
  0x000001e2303d0910 JavaThread "Signal Dispatcher" daemon [_thread_blocked, id=24704, stack(0x0000005e38700000,0x0000005e38800000)]
  0x000001e2303d32f0 JavaThread "Attach Listener" daemon [_thread_blocked, id=3788, stack(0x0000005e38800000,0x0000005e38900000)]
  0x000001e2303d3cb0 JavaThread "Service Thread" daemon [_thread_blocked, id=25132, stack(0x0000005e38900000,0x0000005e38a00000)]
  0x000001e2303d4670 JavaThread "Monitor Deflation Thread" daemon [_thread_blocked, id=25832, stack(0x0000005e38a00000,0x0000005e38b00000)]
=>0x000001e2303d6420 JavaThread "C2 CompilerThread0" daemon [_thread_in_native, id=3816, stack(0x0000005e38b00000,0x0000005e38c00000)]
  0x000001e2303d6ed0 JavaThread "C1 CompilerThread0" daemon [_thread_blocked, id=24652, stack(0x0000005e38c00000,0x0000005e38d00000)]
  0x000001e2303d98e0 JavaThread "Sweeper thread" daemon [_thread_blocked, id=13236, stack(0x0000005e38d00000,0x0000005e38e00000)]
  0x000001e2305dde10 JavaThread "Common-Cleaner" daemon [_thread_blocked, id=5720, stack(0x0000005e38e00000,0x0000005e38f00000)]
  0x000001e230688b70 JavaThread "Notification Thread" daemon [_thread_blocked, id=24340, stack(0x0000005e38f00000,0x0000005e39000000)]
  0x000001e251ab5d00 JavaThread "Daemon health stats" [_thread_blocked, id=25280, stack(0x0000005e39700000,0x0000005e39800000)]
  0x000001e2517bbf80 JavaThread "Incoming local TCP Connector on port 57784" [_thread_in_native, id=23148, stack(0x0000005e39800000,0x0000005e39900000)]
  0x000001e2511d9000 JavaThread "Daemon periodic checks" [_thread_blocked, id=26172, stack(0x0000005e39900000,0x0000005e39a00000)]
  0x000001e25220b8a0 JavaThread "Daemon" [_thread_blocked, id=25672, stack(0x0000005e39a00000,0x0000005e39b00000)]
  0x000001e250e30fc0 JavaThread "Handler for socket connection from /127.0.0.1:57784 to /127.0.0.1:57785" [_thread_in_native, id=8524, stack(0x0000005e39b00000,0x0000005e39c00000)]
  0x000001e2512d2020 JavaThread "Cancel handler" [_thread_blocked, id=18264, stack(0x0000005e39c00000,0x0000005e39d00000)]
  0x000001e2512d2530 JavaThread "Daemon worker" [_thread_in_Java, id=15304, stack(0x0000005e39d00000,0x0000005e39e00000)]
  0x000001e2512d1b10 JavaThread "Asynchronous log dispatcher for DefaultDaemonConnection: socket connection from /127.0.0.1:57784 to /127.0.0.1:57785" [_thread_blocked, id=25908, stack(0x0000005e39e00000,0x0000005e39f00000)]
  0x000001e2512d4390 JavaThread "Stdin handler" [_thread_blocked, id=7316, stack(0x0000005e39f00000,0x0000005e3a000000)]
  0x000001e2512d2a40 JavaThread "Daemon client event forwarder" [_thread_blocked, id=23828, stack(0x0000005e3a000000,0x0000005e3a100000)]
  0x000001e2512d3970 JavaThread "Cache worker for journal cache (C:\Users\ASIM GOPE\.gradle\caches\journal-1)" [_thread_blocked, id=22024, stack(0x0000005e3a100000,0x0000005e3a200000)]
  0x000001e2512d3e80 JavaThread "File lock request listener" [_thread_in_native, id=11464, stack(0x0000005e3a200000,0x0000005e3a300000)]
  0x000001e2512d3460 JavaThread "Cache worker for file hash cache (C:\Users\ASIM GOPE\.gradle\caches\8.6\fileHashes)" [_thread_blocked, id=8308, stack(0x0000005e3a300000,0x0000005e3a400000)]
  0x000001e2512d2f50 JavaThread "File watcher server" daemon [_thread_in_native, id=24904, stack(0x0000005e3a700000,0x0000005e3a800000)]
  0x000001e2512d4db0 JavaThread "File watcher consumer" daemon [_thread_blocked, id=10880, stack(0x0000005e3a800000,0x0000005e3a900000)]
  0x000001e2512d52c0 JavaThread "Cache worker for checksums cache (A:\dev--\Saswatsir\Protime2\ProtimeESS\android\.gradle\8.6\checksums)" [_thread_blocked, id=21128, stack(0x0000005e3a900000,0x0000005e3aa00000)]
  0x000001e2554742a0 JavaThread "Cache worker for file hash cache (A:\dev--\Saswatsir\Protime2\ProtimeESS\android\.gradle\8.6\fileHashes)" [_thread_blocked, id=24620, stack(0x0000005e3ab00000,0x0000005e3ac00000)]
  0x000001e255477030 JavaThread "Cache worker for cache directory md-supplier (C:\Users\ASIM GOPE\.gradle\caches\8.6\md-supplier)" [_thread_blocked, id=15920, stack(0x0000005e3ac00000,0x0000005e3ad00000)]
  0x000001e255471000 JavaThread "Cache worker for cache directory md-rule (C:\Users\ASIM GOPE\.gradle\caches\8.6\md-rule)" [_thread_blocked, id=6336, stack(0x0000005e3ad00000,0x0000005e3ae00000)]
  0x000001e255472950 JavaThread "Cache worker for file content cache (C:\Users\ASIM GOPE\.gradle\caches\8.6\fileContent)" [_thread_blocked, id=25368, stack(0x0000005e3ae00000,0x0000005e3af00000)]
  0x000001e255472440 JavaThread "jar transforms" [_thread_blocked, id=3668, stack(0x0000005e3af00000,0x0000005e3b000000)]
  0x000001e2554756e0 JavaThread "jar transforms Thread 2" [_thread_blocked, id=18160, stack(0x0000005e3b000000,0x0000005e3b100000)]
  0x000001e2554700d0 JavaThread "jar transforms Thread 3" [_thread_blocked, id=22560, stack(0x0000005e3b100000,0x0000005e3b200000)]
  0x000001e255477540 JavaThread "jar transforms Thread 4" [_thread_blocked, id=17416, stack(0x0000005e3b200000,0x0000005e3b300000)]
  0x000001e255470af0 JavaThread "Exec process" [_thread_blocked, id=17432, stack(0x0000005e3b300000,0x0000005e3b400000)]
  0x000001e2554705e0 JavaThread "Exec process Thread 2" [_thread_blocked, id=18336, stack(0x0000005e3b400000,0x0000005e3b500000)]
  0x000001e255472e60 JavaThread "Exec process Thread 3" [_thread_blocked, id=9192, stack(0x0000005e3b500000,0x0000005e3b600000)]
  0x000001e25188b650 JavaThread "C2 CompilerThread1" daemon [_thread_in_native, id=7912, stack(0x0000005e39100000,0x0000005e39200000)]
  0x000001e25188c0f0 JavaThread "C2 CompilerThread2" daemon [_thread_in_native, id=18812, stack(0x0000005e39200000,0x0000005e39300000)]
  0x000001e255471510 JavaThread "jar transforms Thread 5" [_thread_blocked, id=25896, stack(0x0000005e3b600000,0x0000005e3b700000)]
  0x000001e2554751d0 JavaThread "jar transforms Thread 6" [_thread_blocked, id=22892, stack(0x0000005e3b700000,0x0000005e3b800000)]
  0x000001e255471a20 JavaThread "Unconstrained build operations" [_thread_blocked, id=17252, stack(0x0000005e3b800000,0x0000005e3b900000)]
  0x000001e255476610 JavaThread "Unconstrained build operations Thread 2" [_thread_blocked, id=18988, stack(0x0000005e3b900000,0x0000005e3ba00000)]
  0x000001e255475bf0 JavaThread "jar transforms Thread 7" [_thread_blocked, id=3872, stack(0x0000005e3ba00000,0x0000005e3bb00000)]
  0x000001e255476b20 JavaThread "jar transforms Thread 8" [_thread_blocked, id=13112, stack(0x0000005e3bb00000,0x0000005e3bc00000)]
  0x000001e250cfbc80 JavaThread "Cache worker for Build Output Cleanup Cache (A:\dev--\Saswatsir\Protime2\ProtimeESS\node_modules\@react-native\gradle-plugin\.gradle\buildOutputCleanup)" [_thread_blocked, id=17396, stack(0x0000005e3bc00000,0x0000005e3bd00000)]
  0x000001e250cfc190 JavaThread "Unconstrained build operations Thread 3" [_thread_blocked, id=6876, stack(0x0000005e3bd00000,0x0000005e3be00000)]
  0x000001e250cf9400 JavaThread "Unconstrained build operations Thread 4" [_thread_blocked, id=24712, stack(0x0000005e3be00000,0x0000005e3bf00000)]
  0x000001e250cfcbb0 JavaThread "Unconstrained build operations Thread 5" [_thread_blocked, id=5728, stack(0x0000005e3bf00000,0x0000005e3c000000)]
  0x000001e250cf89e0 JavaThread "Unconstrained build operations Thread 6" [_thread_blocked, id=8540, stack(0x0000005e3c000000,0x0000005e3c100000)]
  0x000001e250cf6160 JavaThread "Unconstrained build operations Thread 7" [_thread_blocked, id=11172, stack(0x0000005e3c100000,0x0000005e3c200000)]
  0x000001e250cfd0c0 JavaThread "Unconstrained build operations Thread 8" [_thread_blocked, id=11252, stack(0x0000005e3c200000,0x0000005e3c300000)]
  0x000001e250cf8ef0 JavaThread "Unconstrained build operations Thread 9" [_thread_blocked, id=25960, stack(0x0000005e3c300000,0x0000005e3c400000)]
  0x000001e250cfd5d0 JavaThread "build event listener" [_thread_blocked, id=3240, stack(0x0000005e3c400000,0x0000005e3c500000)]
  0x000001e250cf9e20 JavaThread "Memory manager" [_thread_blocked, id=18248, stack(0x0000005e3c500000,0x0000005e3c600000)]

Other Threads:
  0x000001e2303b1380 VMThread "VM Thread" [stack: 0x0000005e38400000,0x0000005e38500000] [id=3104]
  0x000001e2120002b0 WatcherThread [stack: 0x0000005e39000000,0x0000005e39100000] [id=21776]
  0x000001e211fdc460 GCTaskThread "GC Thread#0" [stack: 0x0000005e37f00000,0x0000005e38000000] [id=25840]
  0x000001e2509f0650 GCTaskThread "GC Thread#1" [stack: 0x0000005e39300000,0x0000005e39400000] [id=16544]
  0x000001e250a3bd20 GCTaskThread "GC Thread#2" [stack: 0x0000005e39400000,0x0000005e39500000] [id=21692]
  0x000001e25076b270 GCTaskThread "GC Thread#3" [stack: 0x0000005e39500000,0x0000005e39600000] [id=8836]
  0x000001e250953990 GCTaskThread "GC Thread#4" [stack: 0x0000005e39600000,0x0000005e39700000] [id=7008]
  0x000001e251b87440 GCTaskThread "GC Thread#5" [stack: 0x0000005e3a400000,0x0000005e3a500000] [id=24444]
  0x000001e2519b3460 GCTaskThread "GC Thread#6" [stack: 0x0000005e3a500000,0x0000005e3a600000] [id=13176]
  0x000001e25230bf50 GCTaskThread "GC Thread#7" [stack: 0x0000005e3a600000,0x0000005e3a700000] [id=1688]
  0x000001e211fee3c0 ConcurrentGCThread "G1 Main Marker" [stack: 0x0000005e38000000,0x0000005e38100000] [id=24968]
  0x000001e211fef570 ConcurrentGCThread "G1 Conc#0" [stack: 0x0000005e38100000,0x0000005e38200000] [id=3536]
  0x000001e2542b4de0 ConcurrentGCThread "G1 Conc#1" [stack: 0x0000005e3aa00000,0x0000005e3ab00000] [id=24372]
  0x000001e21202e590 ConcurrentGCThread "G1 Refine#0" [stack: 0x0000005e38200000,0x0000005e38300000] [id=25684]
  0x000001e23026c520 ConcurrentGCThread "G1 Service" [stack: 0x0000005e38300000,0x0000005e38400000] [id=5052]

Threads with active compile tasks:
C2 CompilerThread0     9406 6363   !   4       com.google.common.reflect.TypeVisitor::visit (225 bytes)
C2 CompilerThread1     9406 6435       4       com.google.common.collect.RegularImmutableMap::checkNoConflictInKeyBucket (85 bytes)
C2 CompilerThread2     9406 6433       4       org.objectweb.asm.Frame::merge (395 bytes)

VM state: not at safepoint (normal execution)

VM Mutex/Monitor currently owned by a thread: None

Heap address: 0x0000000080000000, size: 2048 MB, Compressed Oops mode: 32-bit

CDS archive(s) mapped at: [0x000001e231000000-0x000001e231bd0000-0x000001e231bd0000), size 12386304, SharedBaseAddress: 0x000001e231000000, ArchiveRelocationMode: 1.
Compressed class space mapped at: 0x000001e232000000-0x000001e24c000000, reserved size: 436207616
Narrow klass base: 0x000001e231000000, Narrow klass shift: 0, Narrow klass range: 0x100000000

GC Precious Log:
 CPUs: 8 total, 8 available
 Memory: 8036M
 Large Page Support: Disabled
 NUMA Support: Disabled
 Compressed Oops: Enabled (32-bit)
 Heap Region Size: 1M
 Heap Min Capacity: 8M
 Heap Initial Capacity: 126M
 Heap Max Capacity: 2G
 Pre-touch: Disabled
 Parallel Workers: 8
 Concurrent Workers: 2
 Concurrent Refinement Workers: 8
 Periodic GC: Disabled

Heap:
 garbage-first heap   total 109568K, used 63301K [0x0000000080000000, 0x0000000100000000)
  region size 1024K, 3 young (3072K), 2 survivors (2048K)
 Metaspace       used 57485K, committed 58112K, reserved 491520K
  class space    used 8140K, committed 8448K, reserved 425984K

Heap Regions: E=young(eden), S=young(survivor), O=old, HS=humongous(starts), HC=humongous(continues), CS=collection set, F=free, OA=open archive, CA=closed archive, TAMS=top-at-mark-start (previous, next)
|   0|0x0000000080000000, 0x0000000080100000, 0x0000000080100000|100%|HS|  |TAMS 0x0000000080100000, 0x0000000080100000| Complete 
|   1|0x0000000080100000, 0x0000000080200000, 0x0000000080200000|100%|HC|  |TAMS 0x0000000080200000, 0x0000000080200000| Complete 
|   2|0x0000000080200000, 0x0000000080300000, 0x0000000080300000|100%|HC|  |TAMS 0x0000000080300000, 0x0000000080300000| Complete 
|   3|0x0000000080300000, 0x0000000080400000, 0x0000000080400000|100%|HC|  |TAMS 0x0000000080400000, 0x0000000080400000| Complete 
|   4|0x0000000080400000, 0x0000000080500000, 0x0000000080500000|100%| O|  |TAMS 0x0000000080500000, 0x0000000080500000| Untracked 
|   5|0x0000000080500000, 0x0000000080600000, 0x0000000080600000|100%| O|  |TAMS 0x0000000080600000, 0x0000000080600000| Untracked 
|   6|0x0000000080600000, 0x0000000080700000, 0x0000000080700000|100%| O|  |TAMS 0x0000000080700000, 0x0000000080700000| Untracked 
|   7|0x0000000080700000, 0x0000000080800000, 0x0000000080800000|100%| O|  |TAMS 0x0000000080800000, 0x0000000080800000| Untracked 
|   8|0x0000000080800000, 0x0000000080900000, 0x0000000080900000|100%| O|  |TAMS 0x0000000080900000, 0x0000000080900000| Untracked 
|   9|0x0000000080900000, 0x0000000080a00000, 0x0000000080a00000|100%| O|  |TAMS 0x0000000080a00000, 0x0000000080a00000| Untracked 
|  10|0x0000000080a00000, 0x0000000080b00000, 0x0000000080b00000|100%| O|  |TAMS 0x0000000080b00000, 0x0000000080b00000| Untracked 
|  11|0x0000000080b00000, 0x0000000080c00000, 0x0000000080c00000|100%| O|  |TAMS 0x0000000080c00000, 0x0000000080c00000| Untracked 
|  12|0x0000000080c00000, 0x0000000080d00000, 0x0000000080d00000|100%| O|  |TAMS 0x0000000080d00000, 0x0000000080d00000| Untracked 
|  13|0x0000000080d00000, 0x0000000080e00000, 0x0000000080e00000|100%| O|  |TAMS 0x0000000080e00000, 0x0000000080e00000| Untracked 
|  14|0x0000000080e00000, 0x0000000080f00000, 0x0000000080f00000|100%| O|  |TAMS 0x0000000080f00000, 0x0000000080f00000| Untracked 
|  15|0x0000000080f00000, 0x0000000081000000, 0x0000000081000000|100%| O|  |TAMS 0x0000000081000000, 0x0000000081000000| Untracked 
|  16|0x0000000081000000, 0x0000000081100000, 0x0000000081100000|100%| O|  |TAMS 0x0000000081100000, 0x0000000081100000| Untracked 
|  17|0x0000000081100000, 0x0000000081200000, 0x0000000081200000|100%| O|  |TAMS 0x0000000081200000, 0x0000000081200000| Untracked 
|  18|0x0000000081200000, 0x0000000081300000, 0x0000000081300000|100%| O|  |TAMS 0x0000000081300000, 0x0000000081300000| Untracked 
|  19|0x0000000081300000, 0x0000000081394c00, 0x0000000081400000| 58%| O|  |TAMS 0x0000000081394c00, 0x0000000081394c00| Untracked 
|  20|0x0000000081400000, 0x0000000081500000, 0x0000000081500000|100%| O|  |TAMS 0x0000000081500000, 0x0000000081500000| Untracked 
|  21|0x0000000081500000, 0x0000000081600000, 0x0000000081600000|100%| O|  |TAMS 0x0000000081600000, 0x0000000081600000| Untracked 
|  22|0x0000000081600000, 0x0000000081700000, 0x0000000081700000|100%| O|  |TAMS 0x0000000081700000, 0x0000000081700000| Untracked 
|  23|0x0000000081700000, 0x0000000081800000, 0x0000000081800000|100%| O|  |TAMS 0x0000000081800000, 0x0000000081800000| Untracked 
|  24|0x0000000081800000, 0x0000000081900000, 0x0000000081900000|100%| O|  |TAMS 0x0000000081900000, 0x0000000081900000| Untracked 
|  25|0x0000000081900000, 0x0000000081a00000, 0x0000000081a00000|100%| O|  |TAMS 0x0000000081a00000, 0x0000000081a00000| Untracked 
|  26|0x0000000081a00000, 0x0000000081b00000, 0x0000000081b00000|100%| O|  |TAMS 0x0000000081b00000, 0x0000000081b00000| Untracked 
|  27|0x0000000081b00000, 0x0000000081c00000, 0x0000000081c00000|100%| O|  |TAMS 0x0000000081c00000, 0x0000000081c00000| Untracked 
|  28|0x0000000081c00000, 0x0000000081d00000, 0x0000000081d00000|100%| O|  |TAMS 0x0000000081d00000, 0x0000000081d00000| Untracked 
|  29|0x0000000081d00000, 0x0000000081e00000, 0x0000000081e00000|100%| O|  |TAMS 0x0000000081d00000, 0x0000000081e00000| Untracked 
|  30|0x0000000081e00000, 0x0000000081f00000, 0x0000000081f00000|100%| O|  |TAMS 0x0000000081f00000, 0x0000000081f00000| Untracked 
|  31|0x0000000081f00000, 0x0000000082000000, 0x0000000082000000|100%| O|  |TAMS 0x0000000082000000, 0x0000000082000000| Untracked 
|  32|0x0000000082000000, 0x0000000082100000, 0x0000000082100000|100%| O|  |TAMS 0x0000000082100000, 0x0000000082100000| Untracked 
|  33|0x0000000082100000, 0x0000000082200000, 0x0000000082200000|100%| O|  |TAMS 0x0000000082200000, 0x0000000082200000| Untracked 
|  34|0x0000000082200000, 0x0000000082200000, 0x0000000082300000|  0%| F|  |TAMS 0x0000000082200000, 0x0000000082200000| Untracked 
|  35|0x0000000082300000, 0x0000000082400000, 0x0000000082400000|100%| O|  |TAMS 0x0000000082400000, 0x0000000082400000| Untracked 
|  36|0x0000000082400000, 0x0000000082500000, 0x0000000082500000|100%| O|  |TAMS 0x0000000082500000, 0x0000000082500000| Untracked 
|  37|0x0000000082500000, 0x0000000082600000, 0x0000000082600000|100%| O|  |TAMS 0x0000000082600000, 0x0000000082600000| Untracked 
|  38|0x0000000082600000, 0x0000000082700000, 0x0000000082700000|100%| O|  |TAMS 0x0000000082700000, 0x0000000082700000| Untracked 
|  39|0x0000000082700000, 0x0000000082800000, 0x0000000082800000|100%| O|  |TAMS 0x0000000082800000, 0x0000000082800000| Untracked 
|  40|0x0000000082800000, 0x0000000082900000, 0x0000000082900000|100%| O|  |TAMS 0x0000000082900000, 0x0000000082900000| Untracked 
|  41|0x0000000082900000, 0x0000000082a00000, 0x0000000082a00000|100%|HS|  |TAMS 0x0000000082a00000, 0x0000000082a00000| Complete 
|  42|0x0000000082a00000, 0x0000000082b00000, 0x0000000082b00000|100%|HC|  |TAMS 0x0000000082b00000, 0x0000000082b00000| Complete 
|  43|0x0000000082b00000, 0x0000000082c00000, 0x0000000082c00000|100%|HS|  |TAMS 0x0000000082c00000, 0x0000000082c00000| Complete 
|  44|0x0000000082c00000, 0x0000000082d00000, 0x0000000082d00000|100%|HC|  |TAMS 0x0000000082d00000, 0x0000000082d00000| Complete 
|  45|0x0000000082d00000, 0x0000000082e00000, 0x0000000082e00000|100%| O|  |TAMS 0x0000000082e00000, 0x0000000082e00000| Untracked 
|  46|0x0000000082e00000, 0x0000000082f00000, 0x0000000082f00000|100%| O|  |TAMS 0x0000000082f00000, 0x0000000082f00000| Untracked 
|  47|0x0000000082f00000, 0x0000000083000000, 0x0000000083000000|100%| O|  |TAMS 0x0000000083000000, 0x0000000083000000| Untracked 
|  48|0x0000000083000000, 0x0000000083100000, 0x0000000083100000|100%| O|  |TAMS 0x0000000083100000, 0x0000000083100000| Untracked 
|  49|0x0000000083100000, 0x0000000083200000, 0x0000000083200000|100%|HS|  |TAMS 0x0000000083200000, 0x0000000083200000| Complete 
|  50|0x0000000083200000, 0x0000000083300000, 0x0000000083300000|100%|HC|  |TAMS 0x0000000083300000, 0x0000000083300000| Complete 
|  51|0x0000000083300000, 0x0000000083400000, 0x0000000083400000|100%|HC|  |TAMS 0x0000000083400000, 0x0000000083400000| Complete 
|  52|0x0000000083400000, 0x0000000083500000, 0x0000000083500000|100%|HC|  |TAMS 0x0000000083500000, 0x0000000083500000| Complete 
|  53|0x0000000083500000, 0x0000000083600000, 0x0000000083600000|100%|HS|  |TAMS 0x0000000083600000, 0x0000000083600000| Complete 
|  54|0x0000000083600000, 0x0000000083700000, 0x0000000083700000|100%|HC|  |TAMS 0x0000000083700000, 0x0000000083700000| Complete 
|  55|0x0000000083700000, 0x0000000083800000, 0x0000000083800000|100%|HC|  |TAMS 0x0000000083800000, 0x0000000083800000| Complete 
|  56|0x0000000083800000, 0x0000000083900000, 0x0000000083900000|100%|HC|  |TAMS 0x0000000083900000, 0x0000000083900000| Complete 
|  57|0x0000000083900000, 0x0000000083a00000, 0x0000000083a00000|100%| O|  |TAMS 0x0000000083a00000, 0x0000000083a00000| Untracked 
|  58|0x0000000083a00000, 0x0000000083b00000, 0x0000000083b00000|100%| O|  |TAMS 0x0000000083b00000, 0x0000000083b00000| Untracked 
|  59|0x0000000083b00000, 0x0000000083c00000, 0x0000000083c00000|100%| O|  |TAMS 0x0000000083b00000, 0x0000000083c00000| Untracked 
|  60|0x0000000083c00000, 0x0000000083c95e00, 0x0000000083d00000| 58%| O|  |TAMS 0x0000000083c00000, 0x0000000083c95e00| Untracked 
|  61|0x0000000083d00000, 0x0000000083e00000, 0x0000000083e00000|100%| O|  |TAMS 0x0000000083df8400, 0x0000000083e00000| Untracked 
|  62|0x0000000083e00000, 0x0000000083e00000, 0x0000000083f00000|  0%| F|  |TAMS 0x0000000083e00000, 0x0000000083e00000| Untracked 
|  63|0x0000000083f00000, 0x0000000083f00000, 0x0000000084000000|  0%| F|  |TAMS 0x0000000083f00000, 0x0000000083f00000| Untracked 
|  64|0x0000000084000000, 0x0000000084000000, 0x0000000084100000|  0%| F|  |TAMS 0x0000000084000000, 0x0000000084000000| Untracked 
|  65|0x0000000084100000, 0x0000000084100000, 0x0000000084200000|  0%| F|  |TAMS 0x0000000084100000, 0x0000000084100000| Untracked 
|  66|0x0000000084200000, 0x0000000084200000, 0x0000000084300000|  0%| F|  |TAMS 0x0000000084200000, 0x0000000084200000| Untracked 
|  67|0x0000000084300000, 0x0000000084300000, 0x0000000084400000|  0%| F|  |TAMS 0x0000000084300000, 0x0000000084300000| Untracked 
|  68|0x0000000084400000, 0x0000000084400000, 0x0000000084500000|  0%| F|  |TAMS 0x0000000084400000, 0x0000000084400000| Untracked 
|  69|0x0000000084500000, 0x0000000084500000, 0x0000000084600000|  0%| F|  |TAMS 0x0000000084500000, 0x0000000084500000| Untracked 
|  70|0x0000000084600000, 0x0000000084600000, 0x0000000084700000|  0%| F|  |TAMS 0x0000000084600000, 0x0000000084600000| Untracked 
|  71|0x0000000084700000, 0x0000000084700000, 0x0000000084800000|  0%| F|  |TAMS 0x0000000084700000, 0x0000000084700000| Untracked 
|  72|0x0000000084800000, 0x0000000084800000, 0x0000000084900000|  0%| F|  |TAMS 0x0000000084800000, 0x0000000084800000| Untracked 
|  73|0x0000000084900000, 0x0000000084900000, 0x0000000084a00000|  0%| F|  |TAMS 0x0000000084900000, 0x0000000084900000| Untracked 
|  74|0x0000000084a00000, 0x0000000084a00000, 0x0000000084b00000|  0%| F|  |TAMS 0x0000000084a00000, 0x0000000084a00000| Untracked 
|  75|0x0000000084b00000, 0x0000000084b00000, 0x0000000084c00000|  0%| F|  |TAMS 0x0000000084b00000, 0x0000000084b00000| Untracked 
|  76|0x0000000084c00000, 0x0000000084c00000, 0x0000000084d00000|  0%| F|  |TAMS 0x0000000084c00000, 0x0000000084c00000| Untracked 
|  77|0x0000000084d00000, 0x0000000084da6d58, 0x0000000084e00000| 65%| S|CS|TAMS 0x0000000084d00000, 0x0000000084d00000| Complete 
|  78|0x0000000084e00000, 0x0000000084f00000, 0x0000000084f00000|100%| S|CS|TAMS 0x0000000084e00000, 0x0000000084e00000| Complete 
|  79|0x0000000084f00000, 0x0000000084f00000, 0x0000000085000000|  0%| F|  |TAMS 0x0000000084f00000, 0x0000000084f00000| Untracked 
|  80|0x0000000085000000, 0x0000000085000000, 0x0000000085100000|  0%| F|  |TAMS 0x0000000085000000, 0x0000000085000000| Untracked 
|  81|0x0000000085100000, 0x0000000085100000, 0x0000000085200000|  0%| F|  |TAMS 0x0000000085100000, 0x0000000085100000| Untracked 
|  82|0x0000000085200000, 0x0000000085200000, 0x0000000085300000|  0%| F|  |TAMS 0x0000000085200000, 0x0000000085200000| Untracked 
|  83|0x0000000085300000, 0x0000000085300000, 0x0000000085400000|  0%| F|  |TAMS 0x0000000085300000, 0x0000000085300000| Untracked 
|  84|0x0000000085400000, 0x0000000085400000, 0x0000000085500000|  0%| F|  |TAMS 0x0000000085400000, 0x0000000085400000| Untracked 
|  85|0x0000000085500000, 0x0000000085500000, 0x0000000085600000|  0%| F|  |TAMS 0x0000000085500000, 0x0000000085500000| Untracked 
|  86|0x0000000085600000, 0x0000000085600000, 0x0000000085700000|  0%| F|  |TAMS 0x0000000085600000, 0x0000000085600000| Untracked 
|  87|0x0000000085700000, 0x0000000085700000, 0x0000000085800000|  0%| F|  |TAMS 0x0000000085700000, 0x0000000085700000| Untracked 
|  88|0x0000000085800000, 0x0000000085800000, 0x0000000085900000|  0%| F|  |TAMS 0x0000000085800000, 0x0000000085800000| Untracked 
|  89|0x0000000085900000, 0x0000000085900000, 0x0000000085a00000|  0%| F|  |TAMS 0x0000000085900000, 0x0000000085900000| Untracked 
|  90|0x0000000085a00000, 0x0000000085a00000, 0x0000000085b00000|  0%| F|  |TAMS 0x0000000085a00000, 0x0000000085a00000| Untracked 
|  91|0x0000000085b00000, 0x0000000085b00000, 0x0000000085c00000|  0%| F|  |TAMS 0x0000000085b00000, 0x0000000085b00000| Untracked 
|  92|0x0000000085c00000, 0x0000000085c00000, 0x0000000085d00000|  0%| F|  |TAMS 0x0000000085c00000, 0x0000000085c00000| Untracked 
|  93|0x0000000085d00000, 0x0000000085d00000, 0x0000000085e00000|  0%| F|  |TAMS 0x0000000085d00000, 0x0000000085d00000| Untracked 
|  94|0x0000000085e00000, 0x0000000085e00000, 0x0000000085f00000|  0%| F|  |TAMS 0x0000000085e00000, 0x0000000085e00000| Untracked 
|  95|0x0000000085f00000, 0x0000000085f00000, 0x0000000086000000|  0%| F|  |TAMS 0x0000000085f00000, 0x0000000085f00000| Untracked 
|  96|0x0000000086000000, 0x0000000086000000, 0x0000000086100000|  0%| F|  |TAMS 0x0000000086000000, 0x0000000086000000| Untracked 
|  97|0x0000000086100000, 0x0000000086100000, 0x0000000086200000|  0%| F|  |TAMS 0x0000000086100000, 0x0000000086100000| Untracked 
|  98|0x0000000086200000, 0x0000000086200000, 0x0000000086300000|  0%| F|  |TAMS 0x0000000086200000, 0x0000000086200000| Untracked 
|  99|0x0000000086300000, 0x0000000086300000, 0x0000000086400000|  0%| F|  |TAMS 0x0000000086300000, 0x0000000086300000| Untracked 
| 100|0x0000000086400000, 0x0000000086400000, 0x0000000086500000|  0%| F|  |TAMS 0x0000000086400000, 0x0000000086400000| Untracked 
| 101|0x0000000086500000, 0x0000000086500000, 0x0000000086600000|  0%| F|  |TAMS 0x0000000086500000, 0x0000000086500000| Untracked 
| 102|0x0000000086600000, 0x0000000086600000, 0x0000000086700000|  0%| F|  |TAMS 0x0000000086600000, 0x0000000086600000| Untracked 
| 103|0x0000000086700000, 0x0000000086700000, 0x0000000086800000|  0%| F|  |TAMS 0x0000000086700000, 0x0000000086700000| Untracked 
| 104|0x0000000086800000, 0x0000000086800000, 0x0000000086900000|  0%| F|  |TAMS 0x0000000086800000, 0x0000000086800000| Untracked 
| 105|0x0000000086900000, 0x0000000086900000, 0x0000000086a00000|  0%| F|  |TAMS 0x0000000086900000, 0x0000000086900000| Untracked 
| 125|0x0000000087d00000, 0x0000000087e00000, 0x0000000087e00000|100%| E|  |TAMS 0x0000000087d00000, 0x0000000087d00000| Complete 

Card table byte_map: [0x000001e2291a0000,0x000001e2295a0000] _byte_map_base: 0x000001e228da0000

Marking Bits (Prev, Next): (CMBitMap*) 0x000001e211fdda90, (CMBitMap*) 0x000001e211fddad0
 Prev Bits: [0x000001e2299a0000, 0x000001e22b9a0000)
 Next Bits: [0x000001e22b9a0000, 0x000001e22d9a0000)

Polling page: 0x000001e20fee0000

Metaspace:

Usage:
  Non-class:     48.19 MB used.
      Class:      7.95 MB used.
       Both:     56.14 MB used.

Virtual space:
  Non-class space:       64.00 MB reserved,      48.50 MB ( 76%) committed,  1 nodes.
      Class space:      416.00 MB reserved,       8.25 MB (  2%) committed,  1 nodes.
             Both:      480.00 MB reserved,      56.75 MB ( 12%) committed. 

Chunk freelists:
   Non-Class:  14.75 MB
       Class:  7.67 MB
        Both:  22.42 MB

MaxMetaspaceSize: 512.00 MB
CompressedClassSpaceSize: 416.00 MB
Initial GC threshold: 21.00 MB
Current GC threshold: 85.56 MB
CDS: on
MetaspaceReclaimPolicy: balanced
 - commit_granule_bytes: 65536.
 - commit_granule_words: 8192.
 - virtual_space_node_default_size: 8388608.
 - enlarge_chunks_in_place: 1.
 - new_chunks_are_fully_committed: 0.
 - uncommit_free_chunks: 1.
 - use_allocation_guard: 0.
 - handle_deallocations: 1.


Internal statistics:

num_allocs_failed_limit: 6.
num_arena_births: 796.
num_arena_deaths: 0.
num_vsnodes_births: 2.
num_vsnodes_deaths: 0.
num_space_committed: 908.
num_space_uncommitted: 0.
num_chunks_returned_to_freelist: 6.
num_chunks_taken_from_freelist: 3122.
num_chunk_merges: 6.
num_chunk_splits: 2057.
num_chunks_enlarged: 1358.
num_inconsistent_stats: 0.

CodeHeap 'non-profiled nmethods': size=120000Kb used=3406Kb max_used=3406Kb free=116593Kb
 bounds [0x000001e221540000, 0x000001e2218a0000, 0x000001e228a70000]
CodeHeap 'profiled nmethods': size=120000Kb used=11381Kb max_used=11381Kb free=108618Kb
 bounds [0x000001e219a70000, 0x000001e21a590000, 0x000001e220fa0000]
CodeHeap 'non-nmethods': size=5760Kb used=2360Kb max_used=2480Kb free=3399Kb
 bounds [0x000001e220fa0000, 0x000001e221220000, 0x000001e221540000]
 total_blobs=6604 nmethods=5723 adapters=792
 compilation: enabled
              stopped_count=0, restarted_count=0
 full_count=0

Compilation events (20 events):
Event: 9.376 Thread 0x000001e2303d6ed0 6420       3       java.lang.invoke.Invokers::maybeCustomize (5 bytes)
Event: 9.376 Thread 0x000001e25188b650 6422       4       java.lang.Class::descriptorString (170 bytes)
Event: 9.376 Thread 0x000001e2303d6ed0 nmethod 6420 0x000001e21a589610 code [0x000001e21a5897a0, 0x000001e21a589948]
Event: 9.376 Thread 0x000001e2303d6ed0 6421       3       java.lang.invoke.MethodHandle::maybeCustomize (38 bytes)
Event: 9.376 Thread 0x000001e2303d6ed0 nmethod 6421 0x000001e21a589a10 code [0x000001e21a589be0, 0x000001e21a58a0c8]
Event: 9.377 Thread 0x000001e25188c0f0 nmethod 6411 0x000001e22188f190 code [0x000001e22188f360, 0x000001e221890198]
Event: 9.378 Thread 0x000001e2303d6ed0 6423       3       org.gradle.api.internal.DefaultDomainObjectCollection::getMutationGuard (10 bytes)
Event: 9.378 Thread 0x000001e2303d6ed0 nmethod 6423 0x000001e21a58a290 code [0x000001e21a58a440, 0x000001e21a58a608]
Event: 9.378 Thread 0x000001e2303d6ed0 6426       3       org.gradle.internal.logging.events.ProgressCompleteEvent::getLogLevel (4 bytes)
Event: 9.378 Thread 0x000001e2303d6ed0 nmethod 6426 0x000001e21a58a710 code [0x000001e21a58a8a0, 0x000001e21a58a9b8]
Event: 9.378 Thread 0x000001e2303d6ed0 6424       1       org.gradle.internal.operations.DefaultBuildOperationRunner$DefaultBuildOperationContext::getStatus (5 bytes)
Event: 9.378 Thread 0x000001e2303d6ed0 nmethod 6424 0x000001e221890810 code [0x000001e2218909a0, 0x000001e221890a78]
Event: 9.378 Thread 0x000001e2303d6ed0 6425       1       org.gradle.internal.operations.DefaultBuildOperationRunner$DefaultBuildOperationContext::getResult (5 bytes)
Event: 9.379 Thread 0x000001e2303d6ed0 nmethod 6425 0x000001e221890b10 code [0x000001e221890ca0, 0x000001e221890d78]
Event: 9.380 Thread 0x000001e2303d6ed0 6427       3       org.gradle.api.internal.collections.AbstractIterationOrderRetainingElementSource$Element::getValues (16 bytes)
Event: 9.380 Thread 0x000001e2303d6ed0 nmethod 6427 0x000001e21a58aa90 code [0x000001e21a58ac40, 0x000001e21a58ade8]
Event: 9.384 Thread 0x000001e2303d6ed0 6428       3       org.gradle.internal.instantiation.generator.AsmBackedClassGenerator$ClassBuilderImpl::access$6800 (4 bytes)
Event: 9.384 Thread 0x000001e2303d6ed0 nmethod 6428 0x000001e21a58ae90 code [0x000001e21a58b020, 0x000001e21a58b118]
Event: 9.384 Thread 0x000001e2303d6ed0 6429       1       org.gradle.internal.instantiation.generator.AsmBackedClassGenerator$ClassBuilderImpl::access$7100 (5 bytes)
Event: 9.384 Thread 0x000001e2303d6ed0 nmethod 6429 0x000001e221890e10 code [0x000001e221890fa0, 0x000001e221891058]

GC Heap History (20 events):
Event: 7.187 GC heap before
{Heap before GC invocations=10 (full 0):
 garbage-first heap   total 86016K, used 64631K [0x0000000080000000, 0x0000000100000000)
  region size 1024K, 32 young (32768K), 2 survivors (2048K)
 Metaspace       used 37611K, committed 38080K, reserved 491520K
  class space    used 5250K, committed 5440K, reserved 425984K
}
Event: 7.189 GC heap after
{Heap after GC invocations=11 (full 0):
 garbage-first heap   total 86016K, used 35626K [0x0000000080000000, 0x0000000100000000)
  region size 1024K, 3 young (3072K), 3 survivors (3072K)
 Metaspace       used 37611K, committed 38080K, reserved 491520K
  class space    used 5250K, committed 5440K, reserved 425984K
}
Event: 7.554 GC heap before
{Heap before GC invocations=11 (full 0):
 garbage-first heap   total 86016K, used 66346K [0x0000000080000000, 0x0000000100000000)
  region size 1024K, 33 young (33792K), 3 survivors (3072K)
 Metaspace       used 40911K, committed 41472K, reserved 491520K
  class space    used 5765K, committed 6016K, reserved 425984K
}
Event: 7.557 GC heap after
{Heap after GC invocations=12 (full 0):
 garbage-first heap   total 86016K, used 36983K [0x0000000080000000, 0x0000000100000000)
  region size 1024K, 3 young (3072K), 3 survivors (3072K)
 Metaspace       used 40911K, committed 41472K, reserved 491520K
  class space    used 5765K, committed 6016K, reserved 425984K
}
Event: 7.869 GC heap before
{Heap before GC invocations=12 (full 0):
 garbage-first heap   total 86016K, used 67703K [0x0000000080000000, 0x0000000100000000)
  region size 1024K, 33 young (33792K), 3 survivors (3072K)
 Metaspace       used 43947K, committed 44544K, reserved 491520K
  class space    used 6268K, committed 6528K, reserved 425984K
}
Event: 7.872 GC heap after
{Heap after GC invocations=13 (full 0):
 garbage-first heap   total 86016K, used 39644K [0x0000000080000000, 0x0000000100000000)
  region size 1024K, 4 young (4096K), 4 survivors (4096K)
 Metaspace       used 43947K, committed 44544K, reserved 491520K
  class space    used 6268K, committed 6528K, reserved 425984K
}
Event: 8.221 GC heap before
{Heap before GC invocations=13 (full 0):
 garbage-first heap   total 86016K, used 69340K [0x0000000080000000, 0x0000000100000000)
  region size 1024K, 32 young (32768K), 4 survivors (4096K)
 Metaspace       used 47465K, committed 48000K, reserved 491520K
  class space    used 6720K, committed 6976K, reserved 425984K
}
Event: 8.224 GC heap after
{Heap after GC invocations=14 (full 0):
 garbage-first heap   total 86016K, used 41764K [0x0000000080000000, 0x0000000100000000)
  region size 1024K, 3 young (3072K), 3 survivors (3072K)
 Metaspace       used 47465K, committed 48000K, reserved 491520K
  class space    used 6720K, committed 6976K, reserved 425984K
}
Event: 8.383 GC heap before
{Heap before GC invocations=14 (full 0):
 garbage-first heap   total 86016K, used 57124K [0x0000000080000000, 0x0000000100000000)
  region size 1024K, 19 young (19456K), 3 survivors (3072K)
 Metaspace       used 48192K, committed 48832K, reserved 491520K
  class space    used 6812K, committed 7104K, reserved 425984K
}
Event: 8.388 GC heap after
{Heap after GC invocations=15 (full 0):
 garbage-first heap   total 86016K, used 45532K [0x0000000080000000, 0x0000000100000000)
  region size 1024K, 4 young (4096K), 4 survivors (4096K)
 Metaspace       used 48192K, committed 48832K, reserved 491520K
  class space    used 6812K, committed 7104K, reserved 425984K
}
Event: 8.642 GC heap before
{Heap before GC invocations=16 (full 0):
 garbage-first heap   total 89088K, used 72156K [0x0000000080000000, 0x0000000100000000)
  region size 1024K, 26 young (26624K), 4 survivors (4096K)
 Metaspace       used 50641K, committed 51328K, reserved 491520K
  class space    used 7164K, committed 7488K, reserved 425984K
}
Event: 8.645 GC heap after
{Heap after GC invocations=17 (full 0):
 garbage-first heap   total 89088K, used 51700K [0x0000000080000000, 0x0000000100000000)
  region size 1024K, 2 young (2048K), 2 survivors (2048K)
 Metaspace       used 50641K, committed 51328K, reserved 491520K
  class space    used 7164K, committed 7488K, reserved 425984K
}
Event: 8.668 GC heap before
{Heap before GC invocations=17 (full 0):
 garbage-first heap   total 89088K, used 60916K [0x0000000080000000, 0x0000000100000000)
  region size 1024K, 4 young (4096K), 2 survivors (2048K)
 Metaspace       used 50692K, committed 51392K, reserved 491520K
  class space    used 7172K, committed 7488K, reserved 425984K
}
Event: 8.670 GC heap after
{Heap after GC invocations=18 (full 0):
 garbage-first heap   total 89088K, used 60980K [0x0000000080000000, 0x0000000100000000)
  region size 1024K, 1 young (1024K), 1 survivors (1024K)
 Metaspace       used 50692K, committed 51392K, reserved 491520K
  class space    used 7172K, committed 7488K, reserved 425984K
}
Event: 8.786 GC heap before
{Heap before GC invocations=18 (full 0):
 garbage-first heap   total 89088K, used 72244K [0x0000000080000000, 0x0000000100000000)
  region size 1024K, 12 young (12288K), 1 survivors (1024K)
 Metaspace       used 51552K, committed 52224K, reserved 491520K
  class space    used 7287K, committed 7616K, reserved 425984K
}
Event: 8.788 GC heap after
{Heap after GC invocations=19 (full 0):
 garbage-first heap   total 109568K, used 60979K [0x0000000080000000, 0x0000000100000000)
  region size 1024K, 1 young (1024K), 1 survivors (1024K)
 Metaspace       used 51552K, committed 52224K, reserved 491520K
  class space    used 7287K, committed 7616K, reserved 425984K
}
Event: 9.039 GC heap before
{Heap before GC invocations=20 (full 0):
 garbage-first heap   total 109568K, used 88627K [0x0000000080000000, 0x0000000100000000)
  region size 1024K, 28 young (28672K), 1 survivors (1024K)
 Metaspace       used 54531K, committed 55168K, reserved 491520K
  class space    used 7685K, committed 8000K, reserved 425984K
}
Event: 9.041 GC heap after
{Heap after GC invocations=21 (full 0):
 garbage-first heap   total 109568K, used 61924K [0x0000000080000000, 0x0000000100000000)
  region size 1024K, 2 young (2048K), 2 survivors (2048K)
 Metaspace       used 54531K, committed 55168K, reserved 491520K
  class space    used 7685K, committed 8000K, reserved 425984K
}
Event: 9.110 GC heap before
{Heap before GC invocations=21 (full 0):
 garbage-first heap   total 109568K, used 64996K [0x0000000080000000, 0x0000000100000000)
  region size 1024K, 5 young (5120K), 2 survivors (2048K)
 Metaspace       used 54875K, committed 55552K, reserved 491520K
  class space    used 7731K, committed 8064K, reserved 425984K
}
Event: 9.112 GC heap after
{Heap after GC invocations=22 (full 0):
 garbage-first heap   total 109568K, used 61816K [0x0000000080000000, 0x0000000100000000)
  region size 1024K, 1 young (1024K), 1 survivors (1024K)
 Metaspace       used 54875K, committed 55552K, reserved 491520K
  class space    used 7731K, committed 8064K, reserved 425984K
}

Dll operation events (14 events):
Event: 0.008 Loaded shared library C:\Program Files\Microsoft\jdk-17.0.8.7-hotspot\bin\java.dll
Event: 0.026 Loaded shared library C:\Program Files\Microsoft\jdk-17.0.8.7-hotspot\bin\jsvml.dll
Event: 0.059 Loaded shared library C:\Program Files\Microsoft\jdk-17.0.8.7-hotspot\bin\zip.dll
Event: 0.061 Loaded shared library C:\Program Files\Microsoft\jdk-17.0.8.7-hotspot\bin\instrument.dll
Event: 0.064 Loaded shared library C:\Program Files\Microsoft\jdk-17.0.8.7-hotspot\bin\net.dll
Event: 0.065 Loaded shared library C:\Program Files\Microsoft\jdk-17.0.8.7-hotspot\bin\nio.dll
Event: 0.067 Loaded shared library C:\Program Files\Microsoft\jdk-17.0.8.7-hotspot\bin\zip.dll
Event: 0.199 Loaded shared library C:\Program Files\Microsoft\jdk-17.0.8.7-hotspot\bin\jimage.dll
Event: 0.242 Loaded shared library C:\Program Files\Microsoft\jdk-17.0.8.7-hotspot\bin\verify.dll
Event: 0.341 Loaded shared library C:\Users\ASIM GOPE\.gradle\native\c067742578af261105cb4f569cf0c3c89f3d7b1fecec35dd04571415982c5e48\windows-amd64\native-platform.dll
Event: 0.343 Loaded shared library C:\Users\ASIM GOPE\.gradle\native\38dada09dfb8b06ba9b0570ebf7e218e3eb74d4ef43ca46872605cf95ebc2f47\windows-amd64\native-platform-file-events.dll
Event: 0.962 Loaded shared library C:\Program Files\Microsoft\jdk-17.0.8.7-hotspot\bin\management.dll
Event: 0.964 Loaded shared library C:\Program Files\Microsoft\jdk-17.0.8.7-hotspot\bin\management_ext.dll
Event: 1.310 Loaded shared library C:\Program Files\Microsoft\jdk-17.0.8.7-hotspot\bin\sunmscapi.dll

Deoptimization events (20 events):
Event: 9.119 Thread 0x000001e2512d2530 DEOPT PACKING pc=0x000001e221694a2c sp=0x0000005e39df6130
Event: 9.119 Thread 0x000001e2512d2530 DEOPT UNPACKING pc=0x000001e220ff69a3 sp=0x0000005e39df60c0 mode 2
Event: 9.138 Thread 0x000001e2512d2530 Uncommon trap: trap_request=0xffffffde fr.pc=0x000001e221868b94 relative=0x00000000000005b4
Event: 9.138 Thread 0x000001e2512d2530 Uncommon trap: reason=class_check action=maybe_recompile pc=0x000001e221868b94 method=kotlin.reflect.jvm.internal.impl.protobuf.CodedInputStream.tryRefillBuffer(I)Z @ 175 c2
Event: 9.138 Thread 0x000001e2512d2530 DEOPT PACKING pc=0x000001e221868b94 sp=0x0000005e39df5930
Event: 9.138 Thread 0x000001e2512d2530 DEOPT UNPACKING pc=0x000001e220ff69a3 sp=0x0000005e39df5818 mode 2
Event: 9.140 Thread 0x000001e2512d2530 Uncommon trap: trap_request=0xffffffde fr.pc=0x000001e221868b94 relative=0x00000000000005b4
Event: 9.140 Thread 0x000001e2512d2530 Uncommon trap: reason=class_check action=maybe_recompile pc=0x000001e221868b94 method=kotlin.reflect.jvm.internal.impl.protobuf.CodedInputStream.tryRefillBuffer(I)Z @ 175 c2
Event: 9.140 Thread 0x000001e2512d2530 DEOPT PACKING pc=0x000001e221868b94 sp=0x0000005e39df5930
Event: 9.140 Thread 0x000001e2512d2530 DEOPT UNPACKING pc=0x000001e220ff69a3 sp=0x0000005e39df5818 mode 2
Event: 9.140 Thread 0x000001e2512d2530 Uncommon trap: trap_request=0xffffffde fr.pc=0x000001e221868b94 relative=0x00000000000005b4
Event: 9.140 Thread 0x000001e2512d2530 Uncommon trap: reason=class_check action=maybe_recompile pc=0x000001e221868b94 method=kotlin.reflect.jvm.internal.impl.protobuf.CodedInputStream.tryRefillBuffer(I)Z @ 175 c2
Event: 9.140 Thread 0x000001e2512d2530 DEOPT PACKING pc=0x000001e221868b94 sp=0x0000005e39df5a20
Event: 9.140 Thread 0x000001e2512d2530 DEOPT UNPACKING pc=0x000001e220ff69a3 sp=0x0000005e39df5908 mode 2
Event: 9.141 Thread 0x000001e2512d2530 Uncommon trap: trap_request=0xffffffde fr.pc=0x000001e221868b94 relative=0x00000000000005b4
Event: 9.141 Thread 0x000001e2512d2530 Uncommon trap: reason=class_check action=maybe_recompile pc=0x000001e221868b94 method=kotlin.reflect.jvm.internal.impl.protobuf.CodedInputStream.tryRefillBuffer(I)Z @ 175 c2
Event: 9.141 Thread 0x000001e2512d2530 DEOPT PACKING pc=0x000001e221868b94 sp=0x0000005e39df5a20
Event: 9.141 Thread 0x000001e2512d2530 DEOPT UNPACKING pc=0x000001e220ff69a3 sp=0x0000005e39df5908 mode 2
Event: 9.188 Thread 0x000001e2512d2530 DEOPT PACKING pc=0x000001e219edb5dc sp=0x0000005e39df60a0
Event: 9.188 Thread 0x000001e2512d2530 DEOPT UNPACKING pc=0x000001e220ff7143 sp=0x0000005e39df5620 mode 0

Classes unloaded (0 events):
No events

Classes redefined (0 events):
No events

Internal exceptions (20 events):
Event: 8.234 Thread 0x000001e2512d2530 Exception <a 'java/lang/NoSuchMethodError'{0x0000000087dd2898}: static Lorg/gradle/api/internal/artifacts/dependencies/AbstractVersionConstraint;.<clinit>()V> (0x0000000087dd2898) 
thrown [s\src\hotspot\share\prims\jni.cpp, line 1107]
Event: 8.239 Thread 0x000001e2512d2530 Exception <a 'java/lang/NoSuchMethodError'{0x000000008528c6b8}: static Lorg/gradle/api/internal/catalog/PluginModel;.<clinit>()V> (0x000000008528c6b8) 
thrown [s\src\hotspot\share\prims\jni.cpp, line 1107]
Event: 8.239 Thread 0x000001e2512d2530 Exception <a 'java/lang/NoSuchMethodError'{0x00000000852a34d0}: static Lorg/gradle/api/internal/catalog/VersionModel;.<clinit>()V> (0x00000000852a34d0) 
thrown [s\src\hotspot\share\prims\jni.cpp, line 1107]
Event: 8.241 Thread 0x000001e2512d2530 Exception <a 'java/lang/NoSuchMethodError'{0x00000000852bb3f8}: 'void java.lang.invoke.DirectMethodHandle$Holder.invokeSpecial(java.lang.Object, java.lang.Object, java.lang.Object, int)'> (0x00000000852bb3f8) 
thrown [s\src\hotspot\share\interpreter\linkResolver.cpp, line 759]
Event: 8.457 Thread 0x000001e2512d2530 Exception <a 'java/lang/NoSuchMethodError'{0x00000000853629d8}: static Lorg/jetbrains/kotlin/gradle/plugin/internal/DefaultConfigurationTimePropertiesAccessorVariantFactory;.<clinit>()V> (0x00000000853629d8) 
thrown [s\src\hotspot\share\prims\jni.cpp, line 1107]
Event: 8.458 Thread 0x000001e2512d2530 Exception <a 'java/lang/NoSuchMethodError'{0x0000000085383830}: static Lorg/jetbrains/kotlin/gradle/plugin/internal/DefaultProjectIsolationStartParameterAccessorVariantFactory;.<clinit>()V> (0x0000000085383830) 
thrown [s\src\hotspot\share\prims\jni.cpp, line 1107]
Event: 8.459 Thread 0x000001e2512d2530 Exception <a 'java/lang/NoSuchMethodError'{0x00000000853b2fc8}: static Lorg/jetbrains/kotlin/gradle/plugin/internal/DefaultArtifactTypeAttributeAccessorVariantFactory;.<clinit>()V> (0x00000000853b2fc8) 
thrown [s\src\hotspot\share\prims\jni.cpp, line 1107]
Event: 8.461 Thread 0x000001e2512d2530 Exception <a 'java/lang/NoSuchMethodError'{0x00000000853e2420}: static Lorg/jetbrains/kotlin/gradle/plugin/internal/DefaultCompatibilityConventionRegistrar$Factory;.<clinit>()V> (0x00000000853e2420) 
thrown [s\src\hotspot\share\prims\jni.cpp, line 1107]
Event: 8.462 Thread 0x000001e2512d2530 Exception <a 'java/lang/NoSuchMethodError'{0x0000000085004308}: static Lorg/jetbrains/kotlin/gradle/plugin/internal/DefaultJavaSourceSetsAccessorVariantFactory;.<clinit>()V> (0x0000000085004308) 
thrown [s\src\hotspot\share\prims\jni.cpp, line 1107]
Event: 8.464 Thread 0x000001e2512d2530 Exception <a 'java/lang/NoSuchMethodError'{0x0000000085025310}: static Lorg/jetbrains/kotlin/gradle/plugin/internal/DefaultIdeaSyncDetectorVariantFactory;.<clinit>()V> (0x0000000085025310) 
thrown [s\src\hotspot\share\prims\jni.cpp, line 1107]
Event: 8.465 Thread 0x000001e2512d2530 Exception <a 'java/lang/NoSuchMethodError'{0x00000000850480a0}: static Lorg/jetbrains/kotlin/gradle/plugin/internal/DefaultKotlinTestReportCompatibilityHelperVariantFactory;.<clinit>()V> (0x00000000850480a0) 
thrown [s\src\hotspot\share\prims\jni.cpp, line 1107]
Event: 8.467 Thread 0x000001e2512d2530 Exception <a 'java/lang/NoSuchMethodError'{0x000000008506cd58}: static Lorg/jetbrains/kotlin/gradle/plugin/internal/DefaultMppTestReportHelperVariantFactory;.<clinit>()V> (0x000000008506cd58) 
thrown [s\src\hotspot\share\prims\jni.cpp, line 1107]
Event: 8.469 Thread 0x000001e2512d2530 Exception <a 'java/lang/NoSuchMethodError'{0x000000008509c838}: static Lorg/jetbrains/kotlin/gradle/plugin/internal/DefaultConfigurationCacheStartParameterAccessorVariantFactory;.<clinit>()V> (0x000000008509c838) 
thrown [s\src\hotspot\share\prims\jni.cpp, line 1107]
Event: 8.470 Thread 0x000001e2512d2530 Exception <a 'java/lang/NoSuchMethodError'{0x00000000850bf830}: static Lorg/jetbrains/kotlin/gradle/plugin/internal/MavenPluginConfigurator$DefaultMavenPluginConfiguratorVariantFactory;.<clinit>()V> (0x00000000850bf830) 
thrown [s\src\hotspot\share\prims\jni.cpp, line 1107]
Event: 8.471 Thread 0x000001e2512d2530 Exception <a 'java/lang/NoSuchMethodError'{0x00000000850e0878}: static Lorg/jetbrains/kotlin/gradle/targets/js/nodejs/DefaultUnameExecutorVariantFactory;.<clinit>()V> (0x00000000850e0878) 
thrown [s\src\hotspot\share\prims\jni.cpp, line 1107]
Event: 8.472 Thread 0x000001e2512d2530 Exception <a 'java/lang/NoSuchMethodError'{0x0000000084f02880}: static Lorg/jetbrains/kotlin/gradle/plugin/internal/DefaultBasePluginConfigurationVariantFactory;.<clinit>()V> (0x0000000084f02880) 
thrown [s\src\hotspot\share\prims\jni.cpp, line 1107]
Event: 8.491 Thread 0x000001e2512d2530 Exception <a 'java/lang/IncompatibleClassChangeError'{0x0000000084e5e9b8}: Found class java.lang.Object, but interface was expected> (0x0000000084e5e9b8) 
thrown [s\src\hotspot\share\interpreter\linkResolver.cpp, line 826]
Event: 8.688 Thread 0x000001e2512d2530 Implicit null exception at 0x000001e22162c3d4 to 0x000001e22162c588
Event: 8.931 Thread 0x000001e2512d2530 Implicit null exception at 0x000001e2215857f2 to 0x000001e221585e0c
Event: 8.991 Thread 0x000001e2512d2530 Implicit null exception at 0x000001e22157e5f2 to 0x000001e22157ec2c

VM Operations (20 events):
Event: 8.416 Executing VM operation: HandshakeAllThreads
Event: 8.417 Executing VM operation: HandshakeAllThreads done
Event: 8.424 Executing VM operation: G1PauseRemark
Event: 8.426 Executing VM operation: G1PauseRemark done
Event: 8.443 Executing VM operation: G1PauseCleanup
Event: 8.443 Executing VM operation: G1PauseCleanup done
Event: 8.642 Executing VM operation: G1CollectForAllocation
Event: 8.645 Executing VM operation: G1CollectForAllocation done
Event: 8.668 Executing VM operation: G1CollectForAllocation
Event: 8.670 Executing VM operation: G1CollectForAllocation done
Event: 8.786 Executing VM operation: G1CollectForAllocation
Event: 8.788 Executing VM operation: G1CollectForAllocation done
Event: 8.835 Executing VM operation: G1PauseRemark
Event: 8.838 Executing VM operation: G1PauseRemark done
Event: 8.858 Executing VM operation: G1PauseCleanup
Event: 8.858 Executing VM operation: G1PauseCleanup done
Event: 9.039 Executing VM operation: G1CollectForAllocation
Event: 9.041 Executing VM operation: G1CollectForAllocation done
Event: 9.110 Executing VM operation: G1CollectForAllocation
Event: 9.112 Executing VM operation: G1CollectForAllocation done

Events (20 events):
Event: 9.306 loading class javax/xml/parsers/FactoryFinder$1 done
Event: 9.307 loading class com/sun/org/apache/xerces/internal/jaxp/DocumentBuilderFactoryImpl
Event: 9.307 loading class com/sun/org/apache/xerces/internal/jaxp/DocumentBuilderFactoryImpl done
Event: 9.307 loading class com/sun/org/apache/xerces/internal/utils/XMLSecurityManager
Event: 9.307 loading class com/sun/org/apache/xerces/internal/utils/XMLSecurityManager done
Event: 9.307 loading class com/sun/org/apache/xerces/internal/utils/XMLSecurityManager$Limit
Event: 9.307 loading class com/sun/org/apache/xerces/internal/utils/XMLSecurityManager$Limit done
Event: 9.307 loading class com/sun/org/apache/xerces/internal/utils/XMLSecurityManager$NameMap
Event: 9.307 loading class com/sun/org/apache/xerces/internal/utils/XMLSecurityManager$NameMap done
Event: 9.307 loading class com/sun/org/apache/xerces/internal/utils/XMLSecurityPropertyManager
Event: 9.308 loading class com/sun/org/apache/xerces/internal/utils/XMLSecurityPropertyManager done
Event: 9.308 loading class com/sun/org/apache/xerces/internal/utils/XMLSecurityPropertyManager$State
Event: 9.308 loading class com/sun/org/apache/xerces/internal/utils/XMLSecurityPropertyManager$State done
Event: 9.308 loading class com/sun/org/apache/xerces/internal/utils/XMLSecurityPropertyManager$Property
Event: 9.308 loading class com/sun/org/apache/xerces/internal/utils/XMLSecurityPropertyManager$Property done
Event: 9.323 loading class java/util/regex/Pattern$SliceI
Event: 9.324 loading class java/util/regex/Pattern$SliceI done
Event: 9.341 Thread 0x000001e250cf9e20 Thread added: 0x000001e250cf9e20
Event: 9.343 loading class java/lang/Byte$ByteCache
Event: 9.343 loading class java/lang/Byte$ByteCache done


Dynamic libraries:
0x00007ff7f6d80000 - 0x00007ff7f6d8e000 	C:\Program Files\Microsoft\jdk-17.0.8.7-hotspot\bin\java.exe
0x00007ffa3c9b0000 - 0x00007ffa3cbc7000 	C:\WINDOWS\SYSTEM32\ntdll.dll
0x00007ffa3b0c0000 - 0x00007ffa3b184000 	C:\WINDOWS\System32\KERNEL32.DLL
0x00007ffa3a2a0000 - 0x00007ffa3a64d000 	C:\WINDOWS\System32\KERNELBASE.dll
0x00007ffa39eb0000 - 0x00007ffa39fc1000 	C:\WINDOWS\System32\ucrtbase.dll
0x00007ffa23570000 - 0x00007ffa23587000 	C:\Program Files\Microsoft\jdk-17.0.8.7-hotspot\bin\jli.dll
0x00007ffa1f390000 - 0x00007ffa1f3ab000 	C:\Program Files\Microsoft\jdk-17.0.8.7-hotspot\bin\VCRUNTIME140.dll
0x00007ffa3be80000 - 0x00007ffa3c02e000 	C:\WINDOWS\System32\USER32.dll
0x00007ffa3a6c0000 - 0x00007ffa3a6e6000 	C:\WINDOWS\System32\win32u.dll
0x00007ffa19250000 - 0x00007ffa194e3000 	C:\WINDOWS\WinSxS\amd64_microsoft.windows.common-controls_6595b64144ccf1df_6.0.22621.3672_none_2713b9d173822955\COMCTL32.dll
0x00007ffa3b1a0000 - 0x00007ffa3b1c9000 	C:\WINDOWS\System32\GDI32.dll
0x00007ffa3c250000 - 0x00007ffa3c2f7000 	C:\WINDOWS\System32\msvcrt.dll
0x00007ffa39d90000 - 0x00007ffa39ea9000 	C:\WINDOWS\System32\gdi32full.dll
0x00007ffa3a200000 - 0x00007ffa3a29a000 	C:\WINDOWS\System32\msvcp_win.dll
0x00007ffa3c930000 - 0x00007ffa3c961000 	C:\WINDOWS\System32\IMM32.DLL
0x00007ffa36f20000 - 0x00007ffa36f2c000 	C:\Program Files\Microsoft\jdk-17.0.8.7-hotspot\bin\vcruntime140_1.dll
0x00007ff9fa750000 - 0x00007ff9fa7dd000 	C:\Program Files\Microsoft\jdk-17.0.8.7-hotspot\bin\msvcp140.dll
0x00007ff9b3c50000 - 0x00007ff9b48b5000 	C:\Program Files\Microsoft\jdk-17.0.8.7-hotspot\bin\server\jvm.dll
0x00007ffa3c0e0000 - 0x00007ffa3c192000 	C:\WINDOWS\System32\ADVAPI32.dll
0x00007ffa3c1a0000 - 0x00007ffa3c249000 	C:\WINDOWS\System32\sechost.dll
0x00007ffa39ce0000 - 0x00007ffa39d08000 	C:\WINDOWS\System32\bcrypt.dll
0x00007ffa3bc10000 - 0x00007ffa3bd24000 	C:\WINDOWS\System32\RPCRT4.dll
0x00007ffa392b0000 - 0x00007ffa392fd000 	C:\WINDOWS\SYSTEM32\POWRPROF.dll
0x00007ffa35760000 - 0x00007ffa35769000 	C:\WINDOWS\SYSTEM32\WSOCK32.dll
0x00007ffa35670000 - 0x00007ffa356a4000 	C:\WINDOWS\SYSTEM32\WINMM.dll
0x00007ffa36250000 - 0x00007ffa3625a000 	C:\WINDOWS\SYSTEM32\VERSION.dll
0x00007ffa3c5c0000 - 0x00007ffa3c631000 	C:\WINDOWS\System32\WS2_32.dll
0x00007ffa39270000 - 0x00007ffa39283000 	C:\WINDOWS\SYSTEM32\UMPDC.dll
0x00007ffa38d10000 - 0x00007ffa38d28000 	C:\WINDOWS\SYSTEM32\kernel.appcore.dll
0x00007ffa363e0000 - 0x00007ffa363ea000 	C:\Program Files\Microsoft\jdk-17.0.8.7-hotspot\bin\jimage.dll
0x00007ffa281d0000 - 0x00007ffa28402000 	C:\WINDOWS\SYSTEM32\DBGHELP.DLL
0x00007ffa3ab70000 - 0x00007ffa3aef8000 	C:\WINDOWS\System32\combase.dll
0x00007ffa3c740000 - 0x00007ffa3c817000 	C:\WINDOWS\System32\OLEAUT32.dll
0x00007ffa0ecc0000 - 0x00007ffa0ecf2000 	C:\WINDOWS\SYSTEM32\dbgcore.DLL
0x00007ffa39d10000 - 0x00007ffa39d8b000 	C:\WINDOWS\System32\bcryptPrimitives.dll
0x00007ffa36430000 - 0x00007ffa3643e000 	C:\Program Files\Microsoft\jdk-17.0.8.7-hotspot\bin\instrument.dll
0x00007ffa071e0000 - 0x00007ffa07205000 	C:\Program Files\Microsoft\jdk-17.0.8.7-hotspot\bin\java.dll
0x00007ff9b5040000 - 0x00007ff9b5117000 	C:\Program Files\Microsoft\jdk-17.0.8.7-hotspot\bin\jsvml.dll
0x00007ffa3b250000 - 0x00007ffa3baaf000 	C:\WINDOWS\System32\SHELL32.dll
0x00007ffa37c30000 - 0x00007ffa3852c000 	C:\WINDOWS\SYSTEM32\windows.storage.dll
0x00007ffa37af0000 - 0x00007ffa37c2f000 	C:\WINDOWS\SYSTEM32\wintypes.dll
0x00007ffa3c310000 - 0x00007ffa3c404000 	C:\WINDOWS\System32\SHCORE.dll
0x00007ffa3be00000 - 0x00007ffa3be5e000 	C:\WINDOWS\System32\shlwapi.dll
0x00007ffa39c10000 - 0x00007ffa39c31000 	C:\WINDOWS\SYSTEM32\profapi.dll
0x00007ffa0a9a0000 - 0x00007ffa0a9b8000 	C:\Program Files\Microsoft\jdk-17.0.8.7-hotspot\bin\zip.dll
0x00007ffa1d060000 - 0x00007ffa1d079000 	C:\Program Files\Microsoft\jdk-17.0.8.7-hotspot\bin\net.dll
0x00007ffa35c90000 - 0x00007ffa35dc6000 	C:\WINDOWS\SYSTEM32\WINHTTP.dll
0x00007ffa39200000 - 0x00007ffa39269000 	C:\WINDOWS\system32\mswsock.dll
0x00007ffa116c0000 - 0x00007ffa116d6000 	C:\Program Files\Microsoft\jdk-17.0.8.7-hotspot\bin\nio.dll
0x00007ffa35290000 - 0x00007ffa352a0000 	C:\Program Files\Microsoft\jdk-17.0.8.7-hotspot\bin\verify.dll
0x00007ffa11890000 - 0x00007ffa118b7000 	C:\Users\ASIM GOPE\.gradle\native\c067742578af261105cb4f569cf0c3c89f3d7b1fecec35dd04571415982c5e48\windows-amd64\native-platform.dll
0x00007ffa26b10000 - 0x00007ffa26c54000 	C:\Users\ASIM GOPE\.gradle\native\38dada09dfb8b06ba9b0570ebf7e218e3eb74d4ef43ca46872605cf95ebc2f47\windows-amd64\native-platform-file-events.dll
0x00007ffa11b40000 - 0x00007ffa11b49000 	C:\Program Files\Microsoft\jdk-17.0.8.7-hotspot\bin\management.dll
0x00007ffa11a00000 - 0x00007ffa11a0b000 	C:\Program Files\Microsoft\jdk-17.0.8.7-hotspot\bin\management_ext.dll
0x00007ffa3b190000 - 0x00007ffa3b198000 	C:\WINDOWS\System32\PSAPI.DLL
0x00007ffa394d0000 - 0x00007ffa394eb000 	C:\WINDOWS\SYSTEM32\CRYPTSP.dll
0x00007ffa38c70000 - 0x00007ffa38ca5000 	C:\WINDOWS\system32\rsaenh.dll
0x00007ffa39370000 - 0x00007ffa39398000 	C:\WINDOWS\SYSTEM32\USERENV.dll
0x00007ffa394f0000 - 0x00007ffa394fc000 	C:\WINDOWS\SYSTEM32\CRYPTBASE.dll
0x00007ffa387d0000 - 0x00007ffa387fd000 	C:\WINDOWS\SYSTEM32\IPHLPAPI.DLL
0x00007ffa3bda0000 - 0x00007ffa3bda9000 	C:\WINDOWS\System32\NSI.dll
0x00007ffa36210000 - 0x00007ffa36229000 	C:\WINDOWS\SYSTEM32\dhcpcsvc6.DLL
0x00007ffa361f0000 - 0x00007ffa3620f000 	C:\WINDOWS\SYSTEM32\dhcpcsvc.DLL
0x00007ffa38800000 - 0x00007ffa388f8000 	C:\WINDOWS\SYSTEM32\DNSAPI.dll
0x00007ffa35530000 - 0x00007ffa3553e000 	C:\Program Files\Microsoft\jdk-17.0.8.7-hotspot\bin\sunmscapi.dll
0x00007ffa3a090000 - 0x00007ffa3a1f7000 	C:\WINDOWS\System32\CRYPT32.dll
0x00007ffa39670000 - 0x00007ffa3969e000 	C:\WINDOWS\SYSTEM32\ncrypt.dll
0x00007ffa39630000 - 0x00007ffa39667000 	C:\WINDOWS\SYSTEM32\NTASN1.dll
0x00007ffa26850000 - 0x00007ffa26858000 	C:\WINDOWS\system32\wshunix.dll

dbghelp: loaded successfully - version: 4.0.5 - missing functions: none
symbol engine: initialized successfully - sym options: 0x614 - pdb path: .;C:\Program Files\Microsoft\jdk-17.0.8.7-hotspot\bin;C:\WINDOWS\SYSTEM32;C:\WINDOWS\WinSxS\amd64_microsoft.windows.common-controls_6595b64144ccf1df_6.0.22621.3672_none_2713b9d173822955;C:\Program Files\Microsoft\jdk-17.0.8.7-hotspot\bin\server;C:\Users\ASIM GOPE\.gradle\native\c067742578af261105cb4f569cf0c3c89f3d7b1fecec35dd04571415982c5e48\windows-amd64;C:\Users\ASIM GOPE\.gradle\native\38dada09dfb8b06ba9b0570ebf7e218e3eb74d4ef43ca46872605cf95ebc2f47\windows-amd64

VM Arguments:
jvm_args: -XX:MaxMetaspaceSize=512m --add-opens=java.base/java.util=ALL-UNNAMED --add-opens=java.base/java.lang=ALL-UNNAMED --add-opens=java.base/java.lang.invoke=ALL-UNNAMED --add-opens=java.prefs/java.util.prefs=ALL-UNNAMED --add-opens=java.base/java.nio.charset=ALL-UNNAMED --add-opens=java.base/java.net=ALL-UNNAMED --add-opens=java.base/java.util.concurrent.atomic=ALL-UNNAMED -Xmx2048m -Dfile.encoding=windows-1252 -Duser.country=IN -Duser.language=en -Duser.variant -javaagent:C:\Users\ASIM GOPE\.gradle\wrapper\dists\gradle-8.6-all\3mbtmo166bl6vumsh5k2lkq5h\gradle-8.6\lib\agents\gradle-instrumentation-agent-8.6.jar 
java_command: org.gradle.launcher.daemon.bootstrap.GradleDaemon 8.6
java_class_path (initial): C:\Users\ASIM GOPE\.gradle\wrapper\dists\gradle-8.6-all\3mbtmo166bl6vumsh5k2lkq5h\gradle-8.6\lib\gradle-launcher-8.6.jar
Launcher Type: SUN_STANDARD

[Global flags]
     intx CICompilerCount                          = 4                                         {product} {ergonomic}
   size_t CompressedClassSpaceSize                 = 436207616                                 {product} {ergonomic}
     uint ConcGCThreads                            = 2                                         {product} {ergonomic}
     uint G1ConcRefinementThreads                  = 8                                         {product} {ergonomic}
   size_t G1HeapRegionSize                         = 1048576                                   {product} {ergonomic}
    uintx GCDrainStackTargetSize                   = 64                                        {product} {ergonomic}
   size_t InitialHeapSize                          = 132120576                                 {product} {ergonomic}
   size_t MarkStackSize                            = 4194304                                   {product} {ergonomic}
   size_t MaxHeapSize                              = 2147483648                                {product} {command line}
   size_t MaxMetaspaceSize                         = 536870912                                 {product} {command line}
   size_t MaxNewSize                               = 1287651328                                {product} {ergonomic}
   size_t MinHeapDeltaBytes                        = 1048576                                   {product} {ergonomic}
   size_t MinHeapSize                              = 8388608                                   {product} {ergonomic}
    uintx NonNMethodCodeHeapSize                   = 5839372                                {pd product} {ergonomic}
    uintx NonProfiledCodeHeapSize                  = 122909434                              {pd product} {ergonomic}
    uintx ProfiledCodeHeapSize                     = 122909434                              {pd product} {ergonomic}
    uintx ReservedCodeCacheSize                    = 251658240                              {pd product} {ergonomic}
     bool SegmentedCodeCache                       = true                                      {product} {ergonomic}
   size_t SoftMaxHeapSize                          = 2147483648                             {manageable} {ergonomic}
     bool UseCompressedClassPointers               = true                           {product lp64_product} {ergonomic}
     bool UseCompressedOops                        = true                           {product lp64_product} {ergonomic}
     bool UseG1GC                                  = true                                      {product} {ergonomic}
     bool UseLargePagesIndividualAllocation        = false                                  {pd product} {ergonomic}

Logging:
Log output configuration:
 #0: stdout all=warning uptime,level,tags
 #1: stderr all=off uptime,level,tags

Environment Variables:
JAVA_HOME=C:\Program Files\Microsoft\jdk-17.0.8.7-hotspot\
CLASSPATH=A:\dev--\Saswatsir\Protime2\ProtimeESS\android\\gradle\wrapper\gradle-wrapper.jar
PATH=C:\Program Files\Common Files\Siemens\Automation\Simatic OAM\bin;C:\Program Files\Microsoft\jdk-17.0.8.7-hotspot\bin;C:\Python312\Scripts\;C:\Python312\;C:\oraclexe\app\oracle\product\11.2.0\server\bin;C:\Python310\Scripts\;C:\Python310\;C:\Program Files\Common Files\Oracle\Java\javapath;C:\Windows\system32;C:\Windows;C:\Windows\System32\Wbem;C:\Windows\System32\WindowsPowerShell\v1.0\;C:\Windows\System32\OpenSSH\;C:\Program Files (x86)\NVIDIA Corporation\PhysX\Common;C:\Program Files\NVIDIA Corporation\NVIDIA NvDLISR;C:\Program Files\Java\jdk-15.0.1\bin;C:\Program Files\Java\jdk-15.0.1;C:\MinGW\bin;C:\Program Files\Java\jdk-15.0.1\bin\;A:\asim\PUBGLite\PUBGLite;C:\Users\ASIM GOPE\AppData\Local\Programs\Microsoft VS Code\bin;C:\ProgramData\chocolatey\bin;C:\WINDOWS\system32;C:\WINDOWS;C:\WINDOWS\System32\Wbem;C:\WINDOWS\System32\WindowsPowerShell\v1.0\;C:\WINDOWS\System32\OpenSSH\;C:\Program Files\OpenJDK\openjdk-11.0.13_8\bin;C:\Program Files\Git\cmd;C:\Program Files\Microsoft SQL Server\150\Tools\Binn\;C:\Program Files\nodejs\;A:\bin;C:\Program Files\CMake\bin;C:\Program Files\Common Files\Siemens\Automation\Simatic OAM\bin;C:\Program Files\Microsoft\jdk-17.0.8.7-hotspot\bin;C:\Python312\Scripts\;C:\Python312\;C:\oraclexe\app\oracle\product\11.2.0\server\bin;C:\Python310\Scripts\;C:\Python310\;C:\Program Files\Common Files\Oracle\Java\javapath;C:\Windows\system32;C:\Windows;C:\Windows\System32\Wbem;C:\Windows\System32\WindowsPowerShell\v1.0\;C:\Windows\System32\OpenSSH\;C:\Program Files (x86)\NVIDIA Corporation\PhysX\Common;C:\Program Files\NVIDIA Corporation\NVIDIA NvDLISR;C:\Program Files\Java\jdk-15.0.1\bin;C:\Program Files\Java\jdk-15.0.1;C:\MinGW\bin;C:\Program Files\Java\jdk-15.0.1\bin\;A:\asim\PUBGLite\PUBGLite;C:\Users\ASIM GOPE\AppData\Local\Programs\Microsoft VS Code\bin;C:\ProgramData\chocolatey\bin;C:\WINDOWS\system32;C:\WINDOWS;C:\WINDOWS\System32\Wbem;C:\WINDOWS\System32\WindowsPowerShell\v1.0\;C:\WINDOWS\System32\OpenSSH\;C:\Program Files\OpenJDK\
USERNAME=ASIM GOPE
LANG=en_US.UTF-8
OS=Windows_NT
PROCESSOR_IDENTIFIER=Intel64 Family 6 Model 158 Stepping 13, GenuineIntel
TMP=C:\Users\ASIMGO~1\AppData\Local\Temp
TEMP=C:\Users\ASIMGO~1\AppData\Local\Temp



---------------  S Y S T E M  ---------------

OS:
 Windows 11 , 64 bit Build 22621 (10.0.22621.3672)
OS uptime: 0 days 18:18 hours

CPU: total 8 (initial active 8) (4 cores per cpu, 2 threads per core) family 6 model 158 stepping 13 microcode 0xde, cx8, cmov, fxsr, ht, mmx, 3dnowpref, sse, sse2, sse3, ssse3, sse4.1, sse4.2, popcnt, lzcnt, tsc, tscinvbit, avx, avx2, aes, erms, clmul, bmi1, bmi2, adx, fma, vzeroupper, clflush, clflushopt
Processor Information for all 8 processors :
  Max Mhz: 2401, Current Mhz: 2400, Mhz Limit: 2376

Memory: 4k page, system-wide physical 8036M (781M free)
TotalPageFile size 31131M (AvailPageFile size 5M)
current process WorkingSet (physical memory assigned to process): 312M, peak: 312M
current process commit charge ("private bytes"): 354M, peak: 356M

vm_info: OpenJDK 64-Bit Server VM (17.0.8+7-LTS) for windows-amd64 JRE (17.0.8+7-LTS), built on Jul  7 2023 17:21:55 by "MicrosoftCorporation" with MS VC++ 16.10 / 16.11 (VS2019)

END.
