#
# There is insufficient memory for the Java Runtime Environment to continue.
# Native memory allocation (malloc) failed to allocate 32784 bytes for Chunk::new
# Possible reasons:
#   The system is out of physical RAM or swap space
#   The process is running with CompressedOops enabled, and the Java Heap may be blocking the growth of the native heap
# Possible solutions:
#   Reduce memory load on the system
#   Increase physical memory or swap space
#   Check if swap backing store is full
#   Decrease Java heap size (-Xmx/-Xms)
#   Decrease number of Java threads
#   Decrease Java thread stack sizes (-Xss)
#   Set larger code cache with -XX:ReservedCodeCacheSize=
#   JVM is running with Unscaled Compressed Oops mode in which the Java heap is
#     placed in the first 4GB address space. The Java Heap base address is the
#     maximum limit for the native heap growth. Please use -XX:HeapBaseMinAddress
#     to set the Java Heap base and to place the Java Heap above 4GB virtual address.
# This output file may be truncated or incomplete.
#
#  Out of Memory Error (arena.cpp:189), pid=20120, tid=25856
#
# JRE version: OpenJDK Runtime Environment Microsoft-8035246 (17.0.8+7) (build 17.0.8+7-LTS)
# Java VM: OpenJDK 64-Bit Server VM Microsoft-8035246 (17.0.8+7-LTS, mixed mode, sharing, tiered, compressed oops, compressed class ptrs, g1 gc, windows-amd64)
# No core dump will be written. Minidumps are not enabled by default on client versions of Windows
#

---------------  S U M M A R Y ------------

Command Line: -Xmx64m -Xms64m -Dorg.gradle.appname=gradlew org.gradle.wrapper.GradleWrapperMain clean

Host: Intel(R) Core(TM) i5-9300H CPU @ 2.40GHz, 8 cores, 7G,  Windows 11 , 64 bit Build 22621 (10.0.22621.3672)
Time: Wed Jul 24 11:56:19 2024 India Standard Time elapsed time: 13.396832 seconds (0d 0h 0m 13s)

---------------  T H R E A D  ---------------

Current thread (0x00000250fa5558a0):  JavaThread "C2 CompilerThread0" daemon [_thread_in_native, id=25856, stack(0x0000008d0ff00000,0x0000008d10000000)]


Current CompileTask:
C2:  13396 1633       4       java.lang.String::replace (42 bytes)

Stack: [0x0000008d0ff00000,0x0000008d10000000]
Native frames: (J=compiled Java code, j=interpreted, Vv=VM code, C=native code)
V  [jvm.dll+0x67bf3a]
V  [jvm.dll+0x83a024]
V  [jvm.dll+0x83b7ce]
V  [jvm.dll+0x83be33]
V  [jvm.dll+0x24785f]
V  [jvm.dll+0xac3bc]
V  [jvm.dll+0xac98c]
V  [jvm.dll+0x6a1522]
V  [jvm.dll+0x6a1963]
V  [jvm.dll+0x6a3602]
V  [jvm.dll+0x6a1f2a]
V  [jvm.dll+0x222ac9]
V  [jvm.dll+0x222e5f]
V  [jvm.dll+0x21bf4f]
V  [jvm.dll+0x21944b]
V  [jvm.dll+0x1a56b6]
V  [jvm.dll+0x2291ea]
V  [jvm.dll+0x22724c]
V  [jvm.dll+0x7efd0c]
V  [jvm.dll+0x7ea13a]
V  [jvm.dll+0x67ad85]
C  [ucrtbase.dll+0x29333]
C  [KERNEL32.DLL+0x1257d]
C  [ntdll.dll+0x5af28]


---------------  P R O C E S S  ---------------

Threads class SMR info:
_java_thread_list=0x00000250d04a9130, length=16, elements={
0x00000250efb6fe60, 0x00000250efc17740, 0x00000250efc185c0, 0x00000250fa53b8b0,
0x00000250fa53c280, 0x00000250fa53cc40, 0x00000250fa53e610, 0x00000250fa5558a0,
0x00000250fa557d80, 0x00000250fa564f70, 0x00000250fa7885b0, 0x00000250fa78b850,
0x00000250fa788ac0, 0x00000250fa7899f0, 0x00000250fa558d70, 0x00000250fa557830
}

Java Threads: ( => current thread )
  0x00000250efb6fe60 JavaThread "main" [_thread_in_vm, id=12324, stack(0x0000008d0f200000,0x0000008d0f300000)]
  0x00000250efc17740 JavaThread "Reference Handler" daemon [_thread_blocked, id=7616, stack(0x0000008d0f900000,0x0000008d0fa00000)]
  0x00000250efc185c0 JavaThread "Finalizer" daemon [_thread_blocked, id=24512, stack(0x0000008d0fa00000,0x0000008d0fb00000)]
  0x00000250fa53b8b0 JavaThread "Signal Dispatcher" daemon [_thread_blocked, id=25720, stack(0x0000008d0fb00000,0x0000008d0fc00000)]
  0x00000250fa53c280 JavaThread "Attach Listener" daemon [_thread_blocked, id=26352, stack(0x0000008d0fc00000,0x0000008d0fd00000)]
  0x00000250fa53cc40 JavaThread "Service Thread" daemon [_thread_blocked, id=26136, stack(0x0000008d0fd00000,0x0000008d0fe00000)]
  0x00000250fa53e610 JavaThread "Monitor Deflation Thread" daemon [_thread_blocked, id=17156, stack(0x0000008d0fe00000,0x0000008d0ff00000)]
=>0x00000250fa5558a0 JavaThread "C2 CompilerThread0" daemon [_thread_in_native, id=25856, stack(0x0000008d0ff00000,0x0000008d10000000)]
  0x00000250fa557d80 JavaThread "C1 CompilerThread0" daemon [_thread_blocked, id=21072, stack(0x0000008d10000000,0x0000008d10100000)]
  0x00000250fa564f70 JavaThread "Sweeper thread" daemon [_thread_blocked, id=10008, stack(0x0000008d10100000,0x0000008d10200000)]
  0x00000250fa7885b0 JavaThread "Notification Thread" daemon [_thread_blocked, id=21756, stack(0x0000008d10200000,0x0000008d10300000)]
  0x00000250fa78b850 JavaThread "Common-Cleaner" daemon [_thread_blocked, id=10276, stack(0x0000008d10400000,0x0000008d10500000)]
  0x00000250fa788ac0 Thread [stack: 0x0000008d10b00000,0x0000008d10c00000] [id=25500]
  0x00000250fa7899f0 JavaThread "DisconnectableInputStream source reader" daemon [_thread_in_native, id=20616, stack(0x0000008d10f00000,0x0000008d11000000)]
  0x00000250fa558d70 JavaThread "C2 CompilerThread1" daemon [_thread_in_native, id=25484, stack(0x0000008d10e00000,0x0000008d10f00000)]
  0x00000250fa557830 JavaThread "C2 CompilerThread2" daemon [_thread_in_native, id=8516, stack(0x0000008d11000000,0x0000008d11100000)]

Other Threads:
  0x00000250efc13b30 VMThread "VM Thread" [stack: 0x0000008d0f800000,0x0000008d0f900000] [id=26576]
  0x00000250efba2d40 WatcherThread [stack: 0x0000008d10300000,0x0000008d10400000] [id=15244]
  0x00000250efb91b80 GCTaskThread "GC Thread#0" [stack: 0x0000008d0f300000,0x0000008d0f400000] [id=23772]
  0x00000250d0027da0 GCTaskThread "GC Thread#1" [stack: 0x0000008d10700000,0x0000008d10800000] [id=12588]
  0x00000250ff4841a0 GCTaskThread "GC Thread#2" [stack: 0x0000008d10800000,0x0000008d10900000] [id=13184]
  0x00000250ff6042f0 GCTaskThread "GC Thread#3" [stack: 0x0000008d10900000,0x0000008d10a00000] [id=4508]
  0x00000250d02edaf0 GCTaskThread "GC Thread#4" [stack: 0x0000008d10a00000,0x0000008d10b00000] [id=18480]
  0x00000250ff053350 GCTaskThread "GC Thread#5" [stack: 0x0000008d10600000,0x0000008d10700000] [id=12852]
  0x00000250ff053610 GCTaskThread "GC Thread#6" [stack: 0x0000008d10c00000,0x0000008d10d00000] [id=19736]
  0x00000250ff0538d0 GCTaskThread "GC Thread#7" [stack: 0x0000008d10d00000,0x0000008d10e00000] [id=26020]
  0x00000250efb932d0 ConcurrentGCThread "G1 Main Marker" [stack: 0x0000008d0f400000,0x0000008d0f500000] [id=22680]
  0x00000250efb93ce0 ConcurrentGCThread "G1 Conc#0" [stack: 0x0000008d0f500000,0x0000008d0f600000] [id=13204]
  0x00000250efbf7870 ConcurrentGCThread "G1 Refine#0" [stack: 0x0000008d0f600000,0x0000008d0f700000] [id=15988]
  0x00000250efbf82a0 ConcurrentGCThread "G1 Service" [stack: 0x0000008d0f700000,0x0000008d0f800000] [id=20256]

Threads with active compile tasks:
C2 CompilerThread0    13415 1633       4       java.lang.String::replace (42 bytes)
C2 CompilerThread1    13415 1657       4       org.gradle.internal.logging.text.AbstractLineChoppingStyledTextOutput$1::execute (9 bytes)
C2 CompilerThread2    13415 1658       4       org.gradle.internal.logging.text.AbstractLineChoppingStyledTextOutput$1::execute (140 bytes)

VM state: not at safepoint (normal execution)

VM Mutex/Monitor currently owned by a thread: None

Heap address: 0x00000000fc000000, size: 64 MB, Compressed Oops mode: 32-bit

CDS archive(s) mapped at: [0x000002508f000000-0x000002508fbd0000-0x000002508fbd0000), size 12386304, SharedBaseAddress: 0x000002508f000000, ArchiveRelocationMode: 1.
Compressed class space mapped at: 0x0000025090000000-0x00000250d0000000, reserved size: 1073741824
Narrow klass base: 0x000002508f000000, Narrow klass shift: 0, Narrow klass range: 0x100000000

GC Precious Log:
 CPUs: 8 total, 8 available
 Memory: 8036M
 Large Page Support: Disabled
 NUMA Support: Disabled
 Compressed Oops: Enabled (32-bit)
 Heap Region Size: 1M
 Heap Min Capacity: 64M
 Heap Initial Capacity: 64M
 Heap Max Capacity: 64M
 Pre-touch: Disabled
 Parallel Workers: 8
 Concurrent Workers: 2
 Concurrent Refinement Workers: 8
 Periodic GC: Disabled

Heap:
 garbage-first heap   total 65536K, used 18250K [0x00000000fc000000, 0x0000000100000000)
  region size 1024K, 9 young (9216K), 3 survivors (3072K)
 Metaspace       used 10256K, committed 10432K, reserved 1114112K
  class space    used 1343K, committed 1408K, reserved 1048576K

Heap Regions: E=young(eden), S=young(survivor), O=old, HS=humongous(starts), HC=humongous(continues), CS=collection set, F=free, OA=open archive, CA=closed archive, TAMS=top-at-mark-start (previous, next)
|   0|0x00000000fc000000, 0x00000000fc100000, 0x00000000fc100000|100%|HS|  |TAMS 0x00000000fc000000, 0x00000000fc000000| Complete 
|   1|0x00000000fc100000, 0x00000000fc200000, 0x00000000fc200000|100%|HC|  |TAMS 0x00000000fc100000, 0x00000000fc100000| Complete 
|   2|0x00000000fc200000, 0x00000000fc300000, 0x00000000fc300000|100%|HC|  |TAMS 0x00000000fc200000, 0x00000000fc200000| Complete 
|   3|0x00000000fc300000, 0x00000000fc400000, 0x00000000fc400000|100%|HC|  |TAMS 0x00000000fc300000, 0x00000000fc300000| Complete 
|   4|0x00000000fc400000, 0x00000000fc500000, 0x00000000fc500000|100%| O|  |TAMS 0x00000000fc400000, 0x00000000fc400000| Untracked 
|   5|0x00000000fc500000, 0x00000000fc600000, 0x00000000fc600000|100%| O|  |TAMS 0x00000000fc500000, 0x00000000fc500000| Untracked 
|   6|0x00000000fc600000, 0x00000000fc700000, 0x00000000fc700000|100%| O|  |TAMS 0x00000000fc600000, 0x00000000fc600000| Untracked 
|   7|0x00000000fc700000, 0x00000000fc800000, 0x00000000fc800000|100%| O|  |TAMS 0x00000000fc700000, 0x00000000fc700000| Untracked 
|   8|0x00000000fc800000, 0x00000000fc900000, 0x00000000fc900000|100%| O|  |TAMS 0x00000000fc800000, 0x00000000fc800000| Untracked 
|   9|0x00000000fc900000, 0x00000000fca00000, 0x00000000fca00000|100%| O|  |TAMS 0x00000000fc900000, 0x00000000fc900000| Untracked 
|  10|0x00000000fca00000, 0x00000000fca77800, 0x00000000fcb00000| 46%| O|  |TAMS 0x00000000fca00000, 0x00000000fca00000| Untracked 
|  11|0x00000000fcb00000, 0x00000000fcb00000, 0x00000000fcc00000|  0%| F|  |TAMS 0x00000000fcb00000, 0x00000000fcb00000| Untracked 
|  12|0x00000000fcc00000, 0x00000000fcc00000, 0x00000000fcd00000|  0%| F|  |TAMS 0x00000000fcc00000, 0x00000000fcc00000| Untracked 
|  13|0x00000000fcd00000, 0x00000000fcd00000, 0x00000000fce00000|  0%| F|  |TAMS 0x00000000fcd00000, 0x00000000fcd00000| Untracked 
|  14|0x00000000fce00000, 0x00000000fce00000, 0x00000000fcf00000|  0%| F|  |TAMS 0x00000000fce00000, 0x00000000fce00000| Untracked 
|  15|0x00000000fcf00000, 0x00000000fcf00000, 0x00000000fd000000|  0%| F|  |TAMS 0x00000000fcf00000, 0x00000000fcf00000| Untracked 
|  16|0x00000000fd000000, 0x00000000fd000000, 0x00000000fd100000|  0%| F|  |TAMS 0x00000000fd000000, 0x00000000fd000000| Untracked 
|  17|0x00000000fd100000, 0x00000000fd100000, 0x00000000fd200000|  0%| F|  |TAMS 0x00000000fd100000, 0x00000000fd100000| Untracked 
|  18|0x00000000fd200000, 0x00000000fd200000, 0x00000000fd300000|  0%| F|  |TAMS 0x00000000fd200000, 0x00000000fd200000| Untracked 
|  19|0x00000000fd300000, 0x00000000fd300000, 0x00000000fd400000|  0%| F|  |TAMS 0x00000000fd300000, 0x00000000fd300000| Untracked 
|  20|0x00000000fd400000, 0x00000000fd400000, 0x00000000fd500000|  0%| F|  |TAMS 0x00000000fd400000, 0x00000000fd400000| Untracked 
|  21|0x00000000fd500000, 0x00000000fd500000, 0x00000000fd600000|  0%| F|  |TAMS 0x00000000fd500000, 0x00000000fd500000| Untracked 
|  22|0x00000000fd600000, 0x00000000fd600000, 0x00000000fd700000|  0%| F|  |TAMS 0x00000000fd600000, 0x00000000fd600000| Untracked 
|  23|0x00000000fd700000, 0x00000000fd700000, 0x00000000fd800000|  0%| F|  |TAMS 0x00000000fd700000, 0x00000000fd700000| Untracked 
|  24|0x00000000fd800000, 0x00000000fd800000, 0x00000000fd900000|  0%| F|  |TAMS 0x00000000fd800000, 0x00000000fd800000| Untracked 
|  25|0x00000000fd900000, 0x00000000fd900000, 0x00000000fda00000|  0%| F|  |TAMS 0x00000000fd900000, 0x00000000fd900000| Untracked 
|  26|0x00000000fda00000, 0x00000000fda00000, 0x00000000fdb00000|  0%| F|  |TAMS 0x00000000fda00000, 0x00000000fda00000| Untracked 
|  27|0x00000000fdb00000, 0x00000000fdb00000, 0x00000000fdc00000|  0%| F|  |TAMS 0x00000000fdb00000, 0x00000000fdb00000| Untracked 
|  28|0x00000000fdc00000, 0x00000000fdc00000, 0x00000000fdd00000|  0%| F|  |TAMS 0x00000000fdc00000, 0x00000000fdc00000| Untracked 
|  29|0x00000000fdd00000, 0x00000000fdd00000, 0x00000000fde00000|  0%| F|  |TAMS 0x00000000fdd00000, 0x00000000fdd00000| Untracked 
|  30|0x00000000fde00000, 0x00000000fde00000, 0x00000000fdf00000|  0%| F|  |TAMS 0x00000000fde00000, 0x00000000fde00000| Untracked 
|  31|0x00000000fdf00000, 0x00000000fdf00000, 0x00000000fe000000|  0%| F|  |TAMS 0x00000000fdf00000, 0x00000000fdf00000| Untracked 
|  32|0x00000000fe000000, 0x00000000fe000000, 0x00000000fe100000|  0%| F|  |TAMS 0x00000000fe000000, 0x00000000fe000000| Untracked 
|  33|0x00000000fe100000, 0x00000000fe100000, 0x00000000fe200000|  0%| F|  |TAMS 0x00000000fe100000, 0x00000000fe100000| Untracked 
|  34|0x00000000fe200000, 0x00000000fe200000, 0x00000000fe300000|  0%| F|  |TAMS 0x00000000fe200000, 0x00000000fe200000| Untracked 
|  35|0x00000000fe300000, 0x00000000fe300000, 0x00000000fe400000|  0%| F|  |TAMS 0x00000000fe300000, 0x00000000fe300000| Untracked 
|  36|0x00000000fe400000, 0x00000000fe45b360, 0x00000000fe500000| 35%| S|CS|TAMS 0x00000000fe400000, 0x00000000fe400000| Complete 
|  37|0x00000000fe500000, 0x00000000fe600000, 0x00000000fe600000|100%| S|CS|TAMS 0x00000000fe500000, 0x00000000fe500000| Complete 
|  38|0x00000000fe600000, 0x00000000fe600000, 0x00000000fe700000|  0%| F|  |TAMS 0x00000000fe600000, 0x00000000fe600000| Untracked 
|  39|0x00000000fe700000, 0x00000000fe700000, 0x00000000fe800000|  0%| F|  |TAMS 0x00000000fe700000, 0x00000000fe700000| Untracked 
|  40|0x00000000fe800000, 0x00000000fe800000, 0x00000000fe900000|  0%| F|  |TAMS 0x00000000fe800000, 0x00000000fe800000| Untracked 
|  41|0x00000000fe900000, 0x00000000fea00000, 0x00000000fea00000|100%| S|CS|TAMS 0x00000000fe900000, 0x00000000fe900000| Complete 
|  42|0x00000000fea00000, 0x00000000fea00000, 0x00000000feb00000|  0%| F|  |TAMS 0x00000000fea00000, 0x00000000fea00000| Untracked 
|  43|0x00000000feb00000, 0x00000000feb00000, 0x00000000fec00000|  0%| F|  |TAMS 0x00000000feb00000, 0x00000000feb00000| Untracked 
|  44|0x00000000fec00000, 0x00000000fec00000, 0x00000000fed00000|  0%| F|  |TAMS 0x00000000fec00000, 0x00000000fec00000| Untracked 
|  45|0x00000000fed00000, 0x00000000fed00000, 0x00000000fee00000|  0%| F|  |TAMS 0x00000000fed00000, 0x00000000fed00000| Untracked 
|  46|0x00000000fee00000, 0x00000000fee00000, 0x00000000fef00000|  0%| F|  |TAMS 0x00000000fee00000, 0x00000000fee00000| Untracked 
|  47|0x00000000fef00000, 0x00000000fef00000, 0x00000000ff000000|  0%| F|  |TAMS 0x00000000fef00000, 0x00000000fef00000| Untracked 
|  48|0x00000000ff000000, 0x00000000ff000000, 0x00000000ff100000|  0%| F|  |TAMS 0x00000000ff000000, 0x00000000ff000000| Untracked 
|  49|0x00000000ff100000, 0x00000000ff100000, 0x00000000ff200000|  0%| F|  |TAMS 0x00000000ff100000, 0x00000000ff100000| Untracked 
|  50|0x00000000ff200000, 0x00000000ff200000, 0x00000000ff300000|  0%| F|  |TAMS 0x00000000ff200000, 0x00000000ff200000| Untracked 
|  51|0x00000000ff300000, 0x00000000ff300000, 0x00000000ff400000|  0%| F|  |TAMS 0x00000000ff300000, 0x00000000ff300000| Untracked 
|  52|0x00000000ff400000, 0x00000000ff400000, 0x00000000ff500000|  0%| F|  |TAMS 0x00000000ff400000, 0x00000000ff400000| Untracked 
|  53|0x00000000ff500000, 0x00000000ff500000, 0x00000000ff600000|  0%| F|  |TAMS 0x00000000ff500000, 0x00000000ff500000| Untracked 
|  54|0x00000000ff600000, 0x00000000ff600000, 0x00000000ff700000|  0%| F|  |TAMS 0x00000000ff600000, 0x00000000ff600000| Untracked 
|  55|0x00000000ff700000, 0x00000000ff700000, 0x00000000ff800000|  0%| F|  |TAMS 0x00000000ff700000, 0x00000000ff700000| Untracked 
|  56|0x00000000ff800000, 0x00000000ff800000, 0x00000000ff900000|  0%| F|  |TAMS 0x00000000ff800000, 0x00000000ff800000| Untracked 
|  57|0x00000000ff900000, 0x00000000ff900000, 0x00000000ffa00000|  0%| F|  |TAMS 0x00000000ff900000, 0x00000000ff900000| Untracked 
|  58|0x00000000ffa00000, 0x00000000ffab24d8, 0x00000000ffb00000| 69%| E|  |TAMS 0x00000000ffa00000, 0x00000000ffa00000| Complete 
|  59|0x00000000ffb00000, 0x00000000ffc00000, 0x00000000ffc00000|100%| E|CS|TAMS 0x00000000ffb00000, 0x00000000ffb00000| Complete 
|  60|0x00000000ffc00000, 0x00000000ffd00000, 0x00000000ffd00000|100%| E|CS|TAMS 0x00000000ffc00000, 0x00000000ffc00000| Complete 
|  61|0x00000000ffd00000, 0x00000000ffe00000, 0x00000000ffe00000|100%| E|CS|TAMS 0x00000000ffd00000, 0x00000000ffd00000| Complete 
|  62|0x00000000ffe00000, 0x00000000fff00000, 0x00000000fff00000|100%| E|CS|TAMS 0x00000000ffe00000, 0x00000000ffe00000| Complete 
|  63|0x00000000fff00000, 0x0000000100000000, 0x0000000100000000|100%| E|CS|TAMS 0x00000000fff00000, 0x00000000fff00000| Complete 

Card table byte_map: [0x00000250edb10000,0x00000250edb30000] _byte_map_base: 0x00000250ed330000

Marking Bits (Prev, Next): (CMBitMap*) 0x00000250efb921a0, (CMBitMap*) 0x00000250efb921e0
 Prev Bits: [0x00000250f7990000, 0x00000250f7a90000)
 Next Bits: [0x00000250f7a90000, 0x00000250f7b90000)

Polling page: 0x00000250edac0000

Metaspace:

Usage:
  Non-class:      8.70 MB used.
      Class:      1.31 MB used.
       Both:     10.02 MB used.

Virtual space:
  Non-class space:       64.00 MB reserved,       8.81 MB ( 14%) committed,  1 nodes.
      Class space:        1.00 GB reserved,       1.38 MB ( <1%) committed,  1 nodes.
             Both:        1.06 GB reserved,      10.19 MB ( <1%) committed. 

Chunk freelists:
   Non-Class:  6.35 MB
       Class:  14.50 MB
        Both:  20.85 MB

MaxMetaspaceSize: unlimited
CompressedClassSpaceSize: 1.00 GB
Initial GC threshold: 21.00 MB
Current GC threshold: 21.00 MB
CDS: on
MetaspaceReclaimPolicy: balanced
 - commit_granule_bytes: 65536.
 - commit_granule_words: 8192.
 - virtual_space_node_default_size: 8388608.
 - enlarge_chunks_in_place: 1.
 - new_chunks_are_fully_committed: 0.
 - uncommit_free_chunks: 1.
 - use_allocation_guard: 0.
 - handle_deallocations: 1.


Internal statistics:

num_allocs_failed_limit: 0.
num_arena_births: 96.
num_arena_deaths: 0.
num_vsnodes_births: 2.
num_vsnodes_deaths: 0.
num_space_committed: 163.
num_space_uncommitted: 0.
num_chunks_returned_to_freelist: 0.
num_chunks_taken_from_freelist: 374.
num_chunk_merges: 0.
num_chunk_splits: 252.
num_chunks_enlarged: 202.
num_inconsistent_stats: 0.

CodeHeap 'non-profiled nmethods': size=120000Kb used=718Kb max_used=718Kb free=119281Kb
 bounds [0x0000025087ad0000, 0x0000025087d40000, 0x000002508f000000]
CodeHeap 'profiled nmethods': size=120000Kb used=3287Kb max_used=3287Kb free=116712Kb
 bounds [0x0000025080000000, 0x0000025080340000, 0x0000025087530000]
CodeHeap 'non-nmethods': size=5760Kb used=1188Kb max_used=1213Kb free=4571Kb
 bounds [0x0000025087530000, 0x00000250877a0000, 0x0000025087ad0000]
 total_blobs=2160 nmethods=1668 adapters=405
 compilation: enabled
              stopped_count=0, restarted_count=0
 full_count=0

Compilation events (20 events):
Event: 13.311 Thread 0x00000250fa557d80 1624       1       org.gradle.internal.logging.events.UpdateNowEvent::getLogLevel (2 bytes)
Event: 13.311 Thread 0x00000250fa557d80 nmethod 1624 0x0000025087b80510 code [0x0000025087b806a0, 0x0000025087b80778]
Event: 13.311 Thread 0x00000250fa557d80 1625       1       org.gradle.internal.logging.console.MultiLineBuildProgressArea::getWritePosition (5 bytes)
Event: 13.311 Thread 0x00000250fa557d80 nmethod 1625 0x0000025087b80810 code [0x0000025087b809a0, 0x0000025087b80a78]
Event: 13.311 Thread 0x00000250fa557d80 1626       1       org.gradle.internal.logging.console.MultiLineBuildProgressArea::isVisible (5 bytes)
Event: 13.311 Thread 0x00000250fa557d80 nmethod 1626 0x0000025087b80b10 code [0x0000025087b80ca0, 0x0000025087b80d78]
Event: 13.388 Thread 0x00000250fa557d80 1627       1       java.util.LinkedList::size (5 bytes)
Event: 13.388 Thread 0x00000250fa557d80 nmethod 1627 0x0000025087b80e10 code [0x0000025087b80fa0, 0x0000025087b81078]
Event: 13.388 Thread 0x00000250fa557d80 1628       3       java.util.LinkedList::checkPositionIndex (22 bytes)
Event: 13.389 Thread 0x00000250fa557d80 nmethod 1628 0x0000025080325410 code [0x0000025080325660, 0x0000025080325dc8]
Event: 13.389 Thread 0x00000250fa557d80 1629       3       java.util.LinkedList::isPositionIndex (18 bytes)
Event: 13.389 Thread 0x00000250fa557d80 nmethod 1629 0x0000025080326110 code [0x00000250803262a0, 0x0000025080326438]
Event: 13.390 Thread 0x00000250fa557d80 1631       3       jdk.internal.org.objectweb.asm.MethodWriter::visitTypeInsn (116 bytes)
Event: 13.391 Thread 0x00000250fa557d80 nmethod 1631 0x0000025080326510 code [0x0000025080326700, 0x0000025080326b08]
Event: 13.391 Thread 0x00000250fa557d80 1632       1       jdk.internal.org.objectweb.asm.SymbolTable::getConstantPoolCount (5 bytes)
Event: 13.391 Thread 0x00000250fa557d80 nmethod 1632 0x0000025087b81410 code [0x0000025087b815a0, 0x0000025087b81678]
Event: 13.391 Thread 0x00000250fa5558a0 1633       4       java.lang.String::replace (42 bytes)
Event: 13.394 Thread 0x00000250fa557d80 1636       3       java.lang.invoke.MethodHandleNatives::refKindHasReceiver (33 bytes)
Event: 13.394 Thread 0x00000250fa557d80 nmethod 1636 0x0000025080326d10 code [0x0000025080326ea0, 0x0000025080326ff8]
Event: 13.394 Thread 0x00000250fa557d80 1637       3       java.lang.invoke.VarHandleGuards::guard_LLL_Z (86 bytes)

GC Heap History (4 events):
Event: 0.441 GC heap before
{Heap before GC invocations=0 (full 0):
 garbage-first heap   total 65536K, used 26624K [0x00000000fc000000, 0x0000000100000000)
  region size 1024K, 23 young (23552K), 0 survivors (0K)
 Metaspace       used 3476K, committed 3648K, reserved 1114112K
  class space    used 408K, committed 512K, reserved 1048576K
}
Event: 0.445 GC heap after
{Heap after GC invocations=1 (full 0):
 garbage-first heap   total 65536K, used 10752K [0x00000000fc000000, 0x0000000100000000)
  region size 1024K, 3 young (3072K), 3 survivors (3072K)
 Metaspace       used 3476K, committed 3648K, reserved 1114112K
  class space    used 408K, committed 512K, reserved 1048576K
}
Event: 3.895 GC heap before
{Heap before GC invocations=1 (full 0):
 garbage-first heap   total 65536K, used 33280K [0x00000000fc000000, 0x0000000100000000)
  region size 1024K, 25 young (25600K), 3 survivors (3072K)
 Metaspace       used 8452K, committed 8640K, reserved 1114112K
  class space    used 1114K, committed 1216K, reserved 1048576K
}
Event: 3.898 GC heap after
{Heap after GC invocations=2 (full 0):
 garbage-first heap   total 65536K, used 13130K [0x00000000fc000000, 0x0000000100000000)
  region size 1024K, 3 young (3072K), 3 survivors (3072K)
 Metaspace       used 8452K, committed 8640K, reserved 1114112K
  class space    used 1114K, committed 1216K, reserved 1048576K
}

Dll operation events (12 events):
Event: 0.006 Loaded shared library C:\Program Files\Microsoft\jdk-17.0.8.7-hotspot\bin\java.dll
Event: 0.022 Loaded shared library C:\Program Files\Microsoft\jdk-17.0.8.7-hotspot\bin\jsvml.dll
Event: 0.047 Loaded shared library C:\Program Files\Microsoft\jdk-17.0.8.7-hotspot\bin\net.dll
Event: 0.048 Loaded shared library C:\Program Files\Microsoft\jdk-17.0.8.7-hotspot\bin\nio.dll
Event: 0.050 Loaded shared library C:\Program Files\Microsoft\jdk-17.0.8.7-hotspot\bin\zip.dll
Event: 0.247 Loaded shared library C:\Program Files\Microsoft\jdk-17.0.8.7-hotspot\bin\jimage.dll
Event: 0.299 Loaded shared library C:\Program Files\Microsoft\jdk-17.0.8.7-hotspot\bin\verify.dll
Event: 0.479 Loaded shared library C:\Users\ASIM GOPE\.gradle\native\c067742578af261105cb4f569cf0c3c89f3d7b1fecec35dd04571415982c5e48\windows-amd64\native-platform.dll
Event: 0.490 Loaded shared library C:\Users\ASIM GOPE\.gradle\native\jansi\1.18\windows64\jansi.dll
Event: 0.569 Loaded shared library C:\Program Files\Microsoft\jdk-17.0.8.7-hotspot\bin\management.dll
Event: 0.570 Loaded shared library C:\Program Files\Microsoft\jdk-17.0.8.7-hotspot\bin\management_ext.dll
Event: 5.249 Loaded shared library C:\Program Files\Microsoft\jdk-17.0.8.7-hotspot\bin\sunmscapi.dll

Deoptimization events (20 events):
Event: 5.235 Thread 0x00000250efb6fe60 Uncommon trap: trap_request=0xffffffc6 fr.pc=0x0000025087b65574 relative=0x00000000000012d4
Event: 5.235 Thread 0x00000250efb6fe60 Uncommon trap: reason=bimorphic_or_optimized_type_check action=maybe_recompile pc=0x0000025087b65574 method=java.util.HashMap.putVal(ILjava/lang/Object;Ljava/lang/Object;ZZ)Ljava/lang/Object; @ 203 c2
Event: 5.235 Thread 0x00000250efb6fe60 DEOPT PACKING pc=0x0000025087b65574 sp=0x0000008d0f2f98c0
Event: 5.235 Thread 0x00000250efb6fe60 DEOPT UNPACKING pc=0x00000250875869a3 sp=0x0000008d0f2f9850 mode 2
Event: 5.235 Thread 0x00000250efb6fe60 Uncommon trap: trap_request=0xffffffc6 fr.pc=0x0000025087b65574 relative=0x00000000000012d4
Event: 5.235 Thread 0x00000250efb6fe60 Uncommon trap: reason=bimorphic_or_optimized_type_check action=maybe_recompile pc=0x0000025087b65574 method=java.util.HashMap.putVal(ILjava/lang/Object;Ljava/lang/Object;ZZ)Ljava/lang/Object; @ 203 c2
Event: 5.235 Thread 0x00000250efb6fe60 DEOPT PACKING pc=0x0000025087b65574 sp=0x0000008d0f2f98c0
Event: 5.235 Thread 0x00000250efb6fe60 DEOPT UNPACKING pc=0x00000250875869a3 sp=0x0000008d0f2f9850 mode 2
Event: 5.236 Thread 0x00000250efb6fe60 Uncommon trap: trap_request=0xffffffc6 fr.pc=0x0000025087b72d34 relative=0x0000000000000474
Event: 5.236 Thread 0x00000250efb6fe60 Uncommon trap: reason=bimorphic_or_optimized_type_check action=maybe_recompile pc=0x0000025087b72d34 method=java.util.HashMap.getNode(Ljava/lang/Object;)Ljava/util/HashMap$Node; @ 128 c2
Event: 5.236 Thread 0x00000250efb6fe60 DEOPT PACKING pc=0x0000025087b72d34 sp=0x0000008d0f2f9900
Event: 5.236 Thread 0x00000250efb6fe60 DEOPT UNPACKING pc=0x00000250875869a3 sp=0x0000008d0f2f9878 mode 2
Event: 5.237 Thread 0x00000250efb6fe60 Uncommon trap: trap_request=0xffffffc6 fr.pc=0x0000025087b65574 relative=0x00000000000012d4
Event: 5.237 Thread 0x00000250efb6fe60 Uncommon trap: reason=bimorphic_or_optimized_type_check action=maybe_recompile pc=0x0000025087b65574 method=java.util.HashMap.putVal(ILjava/lang/Object;Ljava/lang/Object;ZZ)Ljava/lang/Object; @ 203 c2
Event: 5.237 Thread 0x00000250efb6fe60 DEOPT PACKING pc=0x0000025087b65574 sp=0x0000008d0f2f98c0
Event: 5.237 Thread 0x00000250efb6fe60 DEOPT UNPACKING pc=0x00000250875869a3 sp=0x0000008d0f2f9850 mode 2
Event: 5.273 Thread 0x00000250efb6fe60 Uncommon trap: trap_request=0xffffff45 fr.pc=0x0000025087b2a398 relative=0x0000000000000438
Event: 5.273 Thread 0x00000250efb6fe60 Uncommon trap: reason=unstable_if action=reinterpret pc=0x0000025087b2a398 method=java.util.regex.Matcher.match(II)Z @ 76 c2
Event: 5.273 Thread 0x00000250efb6fe60 DEOPT PACKING pc=0x0000025087b2a398 sp=0x0000008d0f2fb850
Event: 5.273 Thread 0x00000250efb6fe60 DEOPT UNPACKING pc=0x00000250875869a3 sp=0x0000008d0f2fb808 mode 2

Classes unloaded (0 events):
No events

Classes redefined (0 events):
No events

Internal exceptions (20 events):
Event: 0.472 Thread 0x00000250efb6fe60 Exception <a 'java/lang/NoSuchMethodError'{0x00000000ffe63f00}: 'java.lang.Object java.lang.invoke.Invokers$Holder.invokeExact_MT(java.lang.Object, java.lang.Object, java.lang.Object, java.lang.Object)'> (0x00000000ffe63f00) 
thrown [s\src\hotspot\share\interpreter\linkResolver.cpp, line 759]
Event: 0.551 Thread 0x00000250efb6fe60 Exception <a 'java/lang/NoSuchMethodError'{0x00000000ff8b6ec0}: 'void java.lang.invoke.DirectMethodHandle$Holder.invokeSpecial(java.lang.Object, java.lang.Object, java.lang.Object)'> (0x00000000ff8b6ec0) 
thrown [s\src\hotspot\share\interpreter\linkResolver.cpp, line 759]
Event: 0.557 Thread 0x00000250efb6fe60 Implicit null exception at 0x0000025087b2fc0f to 0x0000025087b30184
Event: 0.558 Thread 0x00000250efb6fe60 Implicit null exception at 0x0000025087b1290f to 0x0000025087b12e8c
Event: 0.568 Thread 0x00000250efb6fe60 Exception <a 'java/lang/NoSuchMethodError'{0x00000000ff60e008}: 'java.lang.Object java.lang.invoke.DirectMethodHandle$Holder.invokeStaticInit(java.lang.Object)'> (0x00000000ff60e008) 
thrown [s\src\hotspot\share\interpreter\linkResolver.cpp, line 759]
Event: 0.585 Thread 0x00000250efb6fe60 Exception <a 'java/lang/NoSuchMethodError'{0x00000000ff6a9320}: 'int java.lang.invoke.DirectMethodHandle$Holder.invokeVirtual(java.lang.Object, java.lang.Object, java.lang.Object)'> (0x00000000ff6a9320) 
thrown [s\src\hotspot\share\interpreter\linkResolver.cpp, line 759]
Event: 0.589 Thread 0x00000250efb6fe60 Exception <a 'java/lang/NoSuchMethodError'{0x00000000ff6ec0a0}: 'java.lang.Object java.lang.invoke.DirectMethodHandle$Holder.invokeVirtual(java.lang.Object, java.lang.Object, java.lang.Object)'> (0x00000000ff6ec0a0) 
thrown [s\src\hotspot\share\interpreter\linkResolver.cpp, line 759]
Event: 0.629 Thread 0x00000250efb6fe60 Exception <a 'java/lang/NoSuchMethodError'{0x00000000ff2e08c8}: 'java.lang.Object java.lang.invoke.DirectMethodHandle$Holder.invokeStaticInit(java.lang.Object, int, int, int, int)'> (0x00000000ff2e08c8) 
thrown [s\src\hotspot\share\interpreter\linkResolver.cpp, line 759]
Event: 0.666 Thread 0x00000250efb6fe60 Exception <a 'java/lang/NoSuchMethodError'{0x00000000ff124090}: 'java.lang.Object java.lang.invoke.DirectMethodHandle$Holder.invokeStaticInit(java.lang.Object, java.lang.Object, int, int, int, int)'> (0x00000000ff124090) 
thrown [s\src\hotspot\share\interpreter\linkResolver.cpp, line 759]
Event: 0.756 Thread 0x00000250efb6fe60 Exception <a 'java/lang/NoSuchMethodError'{0x00000000ff152328}: 'void java.lang.invoke.DirectMethodHandle$Holder.invokeStatic(java.lang.Object, java.lang.Object, java.lang.Object)'> (0x00000000ff152328) 
thrown [s\src\hotspot\share\interpreter\linkResolver.cpp, line 759]
Event: 0.767 Thread 0x00000250efb6fe60 Implicit null exception at 0x0000025087b09772 to 0x0000025087b09d8c
Event: 0.767 Thread 0x00000250efb6fe60 Implicit null exception at 0x0000025087b1d7f2 to 0x0000025087b1de0c
Event: 3.921 Thread 0x00000250fa78ae30 Exception <a 'java/lang/NoSuchMethodError'{0x00000000ffea2b40}: 'void java.lang.invoke.DirectMethodHandle$Holder.invokeStatic(java.lang.Object, long)'> (0x00000000ffea2b40) 
thrown [s\src\hotspot\share\interpreter\linkResolver.cpp, line 759]
Event: 3.922 Thread 0x00000250fa78ae30 Exception <a 'java/lang/NoSuchMethodError'{0x00000000ffea8498}: 'java.lang.Object java.lang.invoke.DirectMethodHandle$Holder.newInvokeSpecial(java.lang.Object, long)'> (0x00000000ffea8498) 
thrown [s\src\hotspot\share\interpreter\linkResolver.cpp, line 759]
Event: 3.923 Thread 0x00000250fa78ae30 Exception <a 'java/lang/NoSuchMethodError'{0x00000000ffeb30c0}: 'java.lang.Object java.lang.invoke.DirectMethodHandle$Holder.invokeStaticInit(java.lang.Object, java.lang.Object, long, java.lang.Object)'> (0x00000000ffeb30c0) 
thrown [s\src\hotspot\share\interpreter\linkResolver.cpp, line 759]
Event: 3.923 Thread 0x00000250fa78ae30 Exception <a 'java/lang/NoSuchMethodError'{0x00000000ffeb9748}: 'java.lang.Object java.lang.invoke.DirectMethodHandle$Holder.newInvokeSpecial(java.lang.Object, java.lang.Object, long)'> (0x00000000ffeb9748) 
thrown [s\src\hotspot\share\interpreter\linkResolver.cpp, line 759]
Event: 3.924 Thread 0x00000250fa78ae30 Exception <a 'java/lang/NoSuchMethodError'{0x00000000ffebda38}: 'java.lang.Object java.lang.invoke.Invokers$Holder.linkToTargetMethod(java.lang.Object, long, java.lang.Object)'> (0x00000000ffebda38) 
thrown [s\src\hotspot\share\interpreter\linkResolver.cpp, line 759]
Event: 13.385 Thread 0x00000250efb6fe60 Exception <a 'sun/net/ConnectionResetException'{0x00000000ffb92970}: Connection reset> (0x00000000ffb92970) 
thrown [s\src\hotspot\share\prims\jni.cpp, line 535]
Event: 13.390 Thread 0x00000250efb6fe60 Exception <a 'java/lang/NoSuchMethodError'{0x00000000ffbd2e28}: 'int java.lang.invoke.DirectMethodHandle$Holder.invokeVirtual(java.lang.Object, java.lang.Object)'> (0x00000000ffbd2e28) 
thrown [s\src\hotspot\share\interpreter\linkResolver.cpp, line 759]
Event: 13.392 Thread 0x00000250fa788fd0 Exception <a 'java/io/IOException'{0x00000000ffbedb38}: Connection reset by peer> (0x00000000ffbedb38) 
thrown [s\src\hotspot\share\prims\jni.cpp, line 535]

VM Operations (20 events):
Event: 3.927 Executing VM operation: HandshakeAllThreads
Event: 3.927 Executing VM operation: HandshakeAllThreads done
Event: 3.934 Executing VM operation: HandshakeAllThreads
Event: 3.934 Executing VM operation: HandshakeAllThreads done
Event: 4.004 Executing VM operation: HandshakeAllThreads
Event: 4.004 Executing VM operation: HandshakeAllThreads done
Event: 5.007 Executing VM operation: Cleanup
Event: 5.007 Executing VM operation: Cleanup done
Event: 5.233 Executing VM operation: HandshakeAllThreads
Event: 5.233 Executing VM operation: HandshakeAllThreads done
Event: 5.267 Executing VM operation: HandshakeAllThreads
Event: 5.267 Executing VM operation: HandshakeAllThreads done
Event: 6.275 Executing VM operation: Cleanup
Event: 6.275 Executing VM operation: Cleanup done
Event: 7.280 Executing VM operation: Cleanup
Event: 7.280 Executing VM operation: Cleanup done
Event: 10.317 Executing VM operation: Cleanup
Event: 10.317 Executing VM operation: Cleanup done
Event: 12.330 Executing VM operation: Cleanup
Event: 12.330 Executing VM operation: Cleanup done

Events (20 events):
Event: 11.573 loading class jdk/internal/reflect/ByteVectorImpl done
Event: 11.573 loading class jdk/internal/reflect/ClassFileAssembler
Event: 11.573 loading class jdk/internal/reflect/ClassFileAssembler done
Event: 11.573 loading class jdk/internal/reflect/UTF8
Event: 11.573 loading class jdk/internal/reflect/UTF8 done
Event: 11.573 loading class jdk/internal/reflect/Label
Event: 11.573 loading class jdk/internal/reflect/Label done
Event: 11.573 loading class jdk/internal/reflect/Label$PatchInfo
Event: 11.573 loading class jdk/internal/reflect/Label$PatchInfo done
Event: 11.573 loading class jdk/internal/reflect/MethodAccessorGenerator$1
Event: 11.574 loading class jdk/internal/reflect/MethodAccessorGenerator$1 done
Event: 11.574 loading class jdk/internal/reflect/ClassDefiner
Event: 11.574 loading class jdk/internal/reflect/ClassDefiner done
Event: 11.574 loading class jdk/internal/reflect/ClassDefiner$1
Event: 11.574 loading class jdk/internal/reflect/ClassDefiner$1 done
Event: 13.385 loading class sun/net/ConnectionResetException
Event: 13.385 loading class sun/net/ConnectionResetException done
Event: 13.393 Thread 0x00000250fa788fd0 Thread exited: 0x00000250fa788fd0
Event: 13.394 loading class java/util/concurrent/ConcurrentLinkedQueue$Itr
Event: 13.394 loading class java/util/concurrent/ConcurrentLinkedQueue$Itr done


Dynamic libraries:
0x00007ff7f6d80000 - 0x00007ff7f6d8e000 	C:\Program Files\Microsoft\jdk-17.0.8.7-hotspot\bin\java.exe
0x00007ffa3c9b0000 - 0x00007ffa3cbc7000 	C:\WINDOWS\SYSTEM32\ntdll.dll
0x00007ffa3b0c0000 - 0x00007ffa3b184000 	C:\WINDOWS\System32\KERNEL32.DLL
0x00007ffa3a2a0000 - 0x00007ffa3a64d000 	C:\WINDOWS\System32\KERNELBASE.dll
0x00007ffa39eb0000 - 0x00007ffa39fc1000 	C:\WINDOWS\System32\ucrtbase.dll
0x00007ffa1f390000 - 0x00007ffa1f3ab000 	C:\Program Files\Microsoft\jdk-17.0.8.7-hotspot\bin\VCRUNTIME140.dll
0x00007ffa23570000 - 0x00007ffa23587000 	C:\Program Files\Microsoft\jdk-17.0.8.7-hotspot\bin\jli.dll
0x00007ffa3be80000 - 0x00007ffa3c02e000 	C:\WINDOWS\System32\USER32.dll
0x00007ffa3a6c0000 - 0x00007ffa3a6e6000 	C:\WINDOWS\System32\win32u.dll
0x00007ffa19250000 - 0x00007ffa194e3000 	C:\WINDOWS\WinSxS\amd64_microsoft.windows.common-controls_6595b64144ccf1df_6.0.22621.3672_none_2713b9d173822955\COMCTL32.dll
0x00007ffa3b1a0000 - 0x00007ffa3b1c9000 	C:\WINDOWS\System32\GDI32.dll
0x00007ffa3c250000 - 0x00007ffa3c2f7000 	C:\WINDOWS\System32\msvcrt.dll
0x00007ffa39d90000 - 0x00007ffa39ea9000 	C:\WINDOWS\System32\gdi32full.dll
0x00007ffa3a200000 - 0x00007ffa3a29a000 	C:\WINDOWS\System32\msvcp_win.dll
0x00007ffa3c930000 - 0x00007ffa3c961000 	C:\WINDOWS\System32\IMM32.DLL
0x00007ffa36f20000 - 0x00007ffa36f2c000 	C:\Program Files\Microsoft\jdk-17.0.8.7-hotspot\bin\vcruntime140_1.dll
0x00007ff9fa750000 - 0x00007ff9fa7dd000 	C:\Program Files\Microsoft\jdk-17.0.8.7-hotspot\bin\msvcp140.dll
0x00007ff9b3c50000 - 0x00007ff9b48b5000 	C:\Program Files\Microsoft\jdk-17.0.8.7-hotspot\bin\server\jvm.dll
0x00007ffa3c0e0000 - 0x00007ffa3c192000 	C:\WINDOWS\System32\ADVAPI32.dll
0x00007ffa3c1a0000 - 0x00007ffa3c249000 	C:\WINDOWS\System32\sechost.dll
0x00007ffa39ce0000 - 0x00007ffa39d08000 	C:\WINDOWS\System32\bcrypt.dll
0x00007ffa3bc10000 - 0x00007ffa3bd24000 	C:\WINDOWS\System32\RPCRT4.dll
0x00007ffa392b0000 - 0x00007ffa392fd000 	C:\WINDOWS\SYSTEM32\POWRPROF.dll
0x00007ffa35670000 - 0x00007ffa356a4000 	C:\WINDOWS\SYSTEM32\WINMM.dll
0x00007ffa35760000 - 0x00007ffa35769000 	C:\WINDOWS\SYSTEM32\WSOCK32.dll
0x00007ffa36250000 - 0x00007ffa3625a000 	C:\WINDOWS\SYSTEM32\VERSION.dll
0x00007ffa3c5c0000 - 0x00007ffa3c631000 	C:\WINDOWS\System32\WS2_32.dll
0x00007ffa39270000 - 0x00007ffa39283000 	C:\WINDOWS\SYSTEM32\UMPDC.dll
0x00007ffa38d10000 - 0x00007ffa38d28000 	C:\WINDOWS\SYSTEM32\kernel.appcore.dll
0x00007ffa363e0000 - 0x00007ffa363ea000 	C:\Program Files\Microsoft\jdk-17.0.8.7-hotspot\bin\jimage.dll
0x00007ffa281d0000 - 0x00007ffa28402000 	C:\WINDOWS\SYSTEM32\DBGHELP.DLL
0x00007ffa3ab70000 - 0x00007ffa3aef8000 	C:\WINDOWS\System32\combase.dll
0x00007ffa3c740000 - 0x00007ffa3c817000 	C:\WINDOWS\System32\OLEAUT32.dll
0x00007ffa0ecc0000 - 0x00007ffa0ecf2000 	C:\WINDOWS\SYSTEM32\dbgcore.DLL
0x00007ffa39d10000 - 0x00007ffa39d8b000 	C:\WINDOWS\System32\bcryptPrimitives.dll
0x00007ffa071e0000 - 0x00007ffa07205000 	C:\Program Files\Microsoft\jdk-17.0.8.7-hotspot\bin\java.dll
0x00007ff9b5040000 - 0x00007ff9b5117000 	C:\Program Files\Microsoft\jdk-17.0.8.7-hotspot\bin\jsvml.dll
0x00007ffa3b250000 - 0x00007ffa3baaf000 	C:\WINDOWS\System32\SHELL32.dll
0x00007ffa37c30000 - 0x00007ffa3852c000 	C:\WINDOWS\SYSTEM32\windows.storage.dll
0x00007ffa37af0000 - 0x00007ffa37c2f000 	C:\WINDOWS\SYSTEM32\wintypes.dll
0x00007ffa3c310000 - 0x00007ffa3c404000 	C:\WINDOWS\System32\SHCORE.dll
0x00007ffa3be00000 - 0x00007ffa3be5e000 	C:\WINDOWS\System32\shlwapi.dll
0x00007ffa39c10000 - 0x00007ffa39c31000 	C:\WINDOWS\SYSTEM32\profapi.dll
0x00007ffa1d060000 - 0x00007ffa1d079000 	C:\Program Files\Microsoft\jdk-17.0.8.7-hotspot\bin\net.dll
0x00007ffa35c90000 - 0x00007ffa35dc6000 	C:\WINDOWS\SYSTEM32\WINHTTP.dll
0x00007ffa39200000 - 0x00007ffa39269000 	C:\WINDOWS\system32\mswsock.dll
0x00007ffa116c0000 - 0x00007ffa116d6000 	C:\Program Files\Microsoft\jdk-17.0.8.7-hotspot\bin\nio.dll
0x00007ffa0a9a0000 - 0x00007ffa0a9b8000 	C:\Program Files\Microsoft\jdk-17.0.8.7-hotspot\bin\zip.dll
0x00007ffa35290000 - 0x00007ffa352a0000 	C:\Program Files\Microsoft\jdk-17.0.8.7-hotspot\bin\verify.dll
0x00007ffa11890000 - 0x00007ffa118b7000 	C:\Users\ASIM GOPE\.gradle\native\c067742578af261105cb4f569cf0c3c89f3d7b1fecec35dd04571415982c5e48\windows-amd64\native-platform.dll
0x00007ffa36470000 - 0x00007ffa3647a000 	C:\Users\ASIM GOPE\.gradle\native\jansi\1.18\windows64\jansi.dll
0x00007ffa11b40000 - 0x00007ffa11b49000 	C:\Program Files\Microsoft\jdk-17.0.8.7-hotspot\bin\management.dll
0x00007ffa11a00000 - 0x00007ffa11a0b000 	C:\Program Files\Microsoft\jdk-17.0.8.7-hotspot\bin\management_ext.dll
0x00007ffa3b190000 - 0x00007ffa3b198000 	C:\WINDOWS\System32\PSAPI.DLL
0x00007ffa394d0000 - 0x00007ffa394eb000 	C:\WINDOWS\SYSTEM32\CRYPTSP.dll
0x00007ffa38c70000 - 0x00007ffa38ca5000 	C:\WINDOWS\system32\rsaenh.dll
0x00007ffa39370000 - 0x00007ffa39398000 	C:\WINDOWS\SYSTEM32\USERENV.dll
0x00007ffa394f0000 - 0x00007ffa394fc000 	C:\WINDOWS\SYSTEM32\CRYPTBASE.dll
0x00007ffa387d0000 - 0x00007ffa387fd000 	C:\WINDOWS\SYSTEM32\IPHLPAPI.DLL
0x00007ffa3bda0000 - 0x00007ffa3bda9000 	C:\WINDOWS\System32\NSI.dll
0x00007ffa36210000 - 0x00007ffa36229000 	C:\WINDOWS\SYSTEM32\dhcpcsvc6.DLL
0x00007ffa361f0000 - 0x00007ffa3620f000 	C:\WINDOWS\SYSTEM32\dhcpcsvc.DLL
0x00007ffa38800000 - 0x00007ffa388f8000 	C:\WINDOWS\SYSTEM32\DNSAPI.dll
0x00007ffa35530000 - 0x00007ffa3553e000 	C:\Program Files\Microsoft\jdk-17.0.8.7-hotspot\bin\sunmscapi.dll
0x00007ffa3a090000 - 0x00007ffa3a1f7000 	C:\WINDOWS\System32\CRYPT32.dll
0x00007ffa39670000 - 0x00007ffa3969e000 	C:\WINDOWS\SYSTEM32\ncrypt.dll
0x00007ffa39630000 - 0x00007ffa39667000 	C:\WINDOWS\SYSTEM32\NTASN1.dll
0x00007ffa26850000 - 0x00007ffa26858000 	C:\WINDOWS\system32\wshunix.dll

dbghelp: loaded successfully - version: 4.0.5 - missing functions: none
symbol engine: initialized successfully - sym options: 0x614 - pdb path: .;C:\Program Files\Microsoft\jdk-17.0.8.7-hotspot\bin;C:\WINDOWS\SYSTEM32;C:\WINDOWS\WinSxS\amd64_microsoft.windows.common-controls_6595b64144ccf1df_6.0.22621.3672_none_2713b9d173822955;C:\Program Files\Microsoft\jdk-17.0.8.7-hotspot\bin\server;C:\Users\ASIM GOPE\.gradle\native\c067742578af261105cb4f569cf0c3c89f3d7b1fecec35dd04571415982c5e48\windows-amd64;C:\Users\ASIM GOPE\.gradle\native\jansi\1.18\windows64

VM Arguments:
jvm_args: -Xmx64m -Xms64m -Dorg.gradle.appname=gradlew 
java_command: org.gradle.wrapper.GradleWrapperMain clean
java_class_path (initial): A:\dev--\Saswatsir\Protime2\ProtimeESS\android\\gradle\wrapper\gradle-wrapper.jar
Launcher Type: SUN_STANDARD

[Global flags]
     intx CICompilerCount                          = 4                                         {product} {ergonomic}
     uint ConcGCThreads                            = 2                                         {product} {ergonomic}
     uint G1ConcRefinementThreads                  = 8                                         {product} {ergonomic}
   size_t G1HeapRegionSize                         = 1048576                                   {product} {ergonomic}
    uintx GCDrainStackTargetSize                   = 64                                        {product} {ergonomic}
   size_t InitialHeapSize                          = 67108864                                  {product} {command line}
   size_t MarkStackSize                            = 4194304                                   {product} {ergonomic}
   size_t MaxHeapSize                              = 67108864                                  {product} {command line}
   size_t MaxNewSize                               = 39845888                                  {product} {ergonomic}
   size_t MinHeapDeltaBytes                        = 1048576                                   {product} {ergonomic}
   size_t MinHeapSize                              = 67108864                                  {product} {command line}
    uintx NonNMethodCodeHeapSize                   = 5839372                                {pd product} {ergonomic}
    uintx NonProfiledCodeHeapSize                  = 122909434                              {pd product} {ergonomic}
    uintx ProfiledCodeHeapSize                     = 122909434                              {pd product} {ergonomic}
    uintx ReservedCodeCacheSize                    = 251658240                              {pd product} {ergonomic}
     bool SegmentedCodeCache                       = true                                      {product} {ergonomic}
   size_t SoftMaxHeapSize                          = 67108864                               {manageable} {ergonomic}
     bool UseCompressedClassPointers               = true                           {product lp64_product} {ergonomic}
     bool UseCompressedOops                        = true                           {product lp64_product} {ergonomic}
     bool UseG1GC                                  = true                                      {product} {ergonomic}
     bool UseLargePagesIndividualAllocation        = false                                  {pd product} {ergonomic}

Logging:
Log output configuration:
 #0: stdout all=warning uptime,level,tags
 #1: stderr all=off uptime,level,tags

Environment Variables:
JAVA_HOME=C:\Program Files\Microsoft\jdk-17.0.8.7-hotspot\
CLASSPATH=A:\dev--\Saswatsir\Protime2\ProtimeESS\android\\gradle\wrapper\gradle-wrapper.jar
PATH=C:\Program Files\Common Files\Siemens\Automation\Simatic OAM\bin;C:\Program Files\Microsoft\jdk-17.0.8.7-hotspot\bin;C:\Python312\Scripts\;C:\Python312\;C:\oraclexe\app\oracle\product\11.2.0\server\bin;C:\Python310\Scripts\;C:\Python310\;C:\Program Files\Common Files\Oracle\Java\javapath;C:\Windows\system32;C:\Windows;C:\Windows\System32\Wbem;C:\Windows\System32\WindowsPowerShell\v1.0\;C:\Windows\System32\OpenSSH\;C:\Program Files (x86)\NVIDIA Corporation\PhysX\Common;C:\Program Files\NVIDIA Corporation\NVIDIA NvDLISR;C:\Program Files\Java\jdk-15.0.1\bin;C:\Program Files\Java\jdk-15.0.1;C:\MinGW\bin;C:\Program Files\Java\jdk-15.0.1\bin\;A:\asim\PUBGLite\PUBGLite;C:\Users\ASIM GOPE\AppData\Local\Programs\Microsoft VS Code\bin;C:\ProgramData\chocolatey\bin;C:\WINDOWS\system32;C:\WINDOWS;C:\WINDOWS\System32\Wbem;C:\WINDOWS\System32\WindowsPowerShell\v1.0\;C:\WINDOWS\System32\OpenSSH\;C:\Program Files\OpenJDK\openjdk-11.0.13_8\bin;C:\Program Files\Git\cmd;C:\Program Files\Microsoft SQL Server\150\Tools\Binn\;C:\Program Files\nodejs\;A:\bin;C:\Program Files\CMake\bin;C:\Program Files\Common Files\Siemens\Automation\Simatic OAM\bin;C:\Program Files\Microsoft\jdk-17.0.8.7-hotspot\bin;C:\Python312\Scripts\;C:\Python312\;C:\oraclexe\app\oracle\product\11.2.0\server\bin;C:\Python310\Scripts\;C:\Python310\;C:\Program Files\Common Files\Oracle\Java\javapath;C:\Windows\system32;C:\Windows;C:\Windows\System32\Wbem;C:\Windows\System32\WindowsPowerShell\v1.0\;C:\Windows\System32\OpenSSH\;C:\Program Files (x86)\NVIDIA Corporation\PhysX\Common;C:\Program Files\NVIDIA Corporation\NVIDIA NvDLISR;C:\Program Files\Java\jdk-15.0.1\bin;C:\Program Files\Java\jdk-15.0.1;C:\MinGW\bin;C:\Program Files\Java\jdk-15.0.1\bin\;A:\asim\PUBGLite\PUBGLite;C:\Users\ASIM GOPE\AppData\Local\Programs\Microsoft VS Code\bin;C:\ProgramData\chocolatey\bin;C:\WINDOWS\system32;C:\WINDOWS;C:\WINDOWS\System32\Wbem;C:\WINDOWS\System32\WindowsPowerShell\v1.0\;C:\WINDOWS\System32\OpenSSH\;C:\Program Files\OpenJDK\
USERNAME=ASIM GOPE
LANG=en_US.UTF-8
OS=Windows_NT
PROCESSOR_IDENTIFIER=Intel64 Family 6 Model 158 Stepping 13, GenuineIntel
TMP=C:\Users\ASIMGO~1\AppData\Local\Temp
TEMP=C:\Users\ASIMGO~1\AppData\Local\Temp



---------------  S Y S T E M  ---------------

OS:
 Windows 11 , 64 bit Build 22621 (10.0.22621.3672)
OS uptime: 0 days 18:18 hours

CPU: total 8 (initial active 8) (4 cores per cpu, 2 threads per core) family 6 model 158 stepping 13 microcode 0xde, cx8, cmov, fxsr, ht, mmx, 3dnowpref, sse, sse2, sse3, ssse3, sse4.1, sse4.2, popcnt, lzcnt, tsc, tscinvbit, avx, avx2, aes, erms, clmul, bmi1, bmi2, adx, fma, vzeroupper, clflush, clflushopt
Processor Information for all 8 processors :
  Max Mhz: 2401, Current Mhz: 2400, Mhz Limit: 2376

Memory: 4k page, system-wide physical 8036M (1016M free)
TotalPageFile size 31131M (AvailPageFile size 293M)
current process WorkingSet (physical memory assigned to process): 98M, peak: 99M
current process commit charge ("private bytes"): 167M, peak: 170M

vm_info: OpenJDK 64-Bit Server VM (17.0.8+7-LTS) for windows-amd64 JRE (17.0.8+7-LTS), built on Jul  7 2023 17:21:55 by "MicrosoftCorporation" with MS VC++ 16.10 / 16.11 (VS2019)

END.
