#
# There is insufficient memory for the Java Runtime Environment to continue.
# Native memory allocation (mmap) failed to map 80740352 bytes for G1 virtual space
# Possible reasons:
#   The system is out of physical RAM or swap space
#   The process is running with CompressedOops enabled, and the Java Heap may be blocking the growth of the native heap
# Possible solutions:
#   Reduce memory load on the system
#   Increase physical memory or swap space
#   Check if swap backing store is full
#   Decrease Java heap size (-Xmx/-Xms)
#   Decrease number of Java threads
#   Decrease Java thread stack sizes (-Xss)
#   Set larger code cache with -XX:ReservedCodeCacheSize=
#   JVM is running with Unscaled Compressed Oops mode in which the Java heap is
#     placed in the first 4GB address space. The Java Heap base address is the
#     maximum limit for the native heap growth. Please use -XX:HeapBaseMinAddress
#     to set the Java Heap base and to place the Java Heap above 4GB virtual address.
# This output file may be truncated or incomplete.
#
#  Out of Memory Error (os_windows.cpp:3617), pid=24052, tid=25648
#
# JRE version: OpenJDK Runtime Environment Microsoft-8035246 (17.0.8+7) (build 17.0.8+7-LTS)
# Java VM: OpenJDK 64-Bit Server VM Microsoft-8035246 (17.0.8+7-LTS, mixed mode, sharing, tiered, compressed oops, compressed class ptrs, g1 gc, windows-amd64)
# No core dump will be written. Minidumps are not enabled by default on client versions of Windows
#

---------------  S U M M A R Y ------------

Command Line: -XX:MaxMetaspaceSize=512m --add-opens=java.base/java.util=ALL-UNNAMED --add-opens=java.base/java.lang=ALL-UNNAMED --add-opens=java.base/java.lang.invoke=ALL-UNNAMED --add-opens=java.prefs/java.util.prefs=ALL-UNNAMED --add-opens=java.base/java.nio.charset=ALL-UNNAMED --add-opens=java.base/java.net=ALL-UNNAMED --add-opens=java.base/java.util.concurrent.atomic=ALL-UNNAMED -Xmx2048m -Dfile.encoding=windows-1252 -Duser.country=IN -Duser.language=en -Duser.variant -javaagent:C:\Users\ASIM GOPE\.gradle\wrapper\dists\gradle-8.6-all\3mbtmo166bl6vumsh5k2lkq5h\gradle-8.6\lib\agents\gradle-instrumentation-agent-8.6.jar org.gradle.launcher.daemon.bootstrap.GradleDaemon 8.6

Host: Intel(R) Core(TM) i5-9300H CPU @ 2.40GHz, 8 cores, 7G,  Windows 11 , 64 bit Build 22621 (10.0.22621.3672)
Time: Wed Jul 24 11:56:02 2024 India Standard Time elapsed time: 11.706581 seconds (0d 0h 0m 11s)

---------------  T H R E A D  ---------------

Current thread (0x000001e47f8eed00):  VMThread "VM Thread" [stack: 0x000000b5d8600000,0x000000b5d8700000] [id=25648]

Stack: [0x000000b5d8600000,0x000000b5d8700000]
Native frames: (J=compiled Java code, j=interpreted, Vv=VM code, C=native code)
V  [jvm.dll+0x67bf3a]
V  [jvm.dll+0x83a024]
V  [jvm.dll+0x83b7ce]
V  [jvm.dll+0x83be33]
V  [jvm.dll+0x24785f]
V  [jvm.dll+0x678cb9]
V  [jvm.dll+0x66d54a]
V  [jvm.dll+0x308feb]
V  [jvm.dll+0x310496]
V  [jvm.dll+0x36019e]
V  [jvm.dll+0x3603cf]
V  [jvm.dll+0x2dff38]
V  [jvm.dll+0x2de114]
V  [jvm.dll+0x2dd71c]
V  [jvm.dll+0x32143b]
V  [jvm.dll+0x84032b]
V  [jvm.dll+0x841064]
V  [jvm.dll+0x84157d]
V  [jvm.dll+0x841954]
V  [jvm.dll+0x841a20]
V  [jvm.dll+0x7ea13a]
V  [jvm.dll+0x67ad85]
C  [ucrtbase.dll+0x29333]
C  [KERNEL32.DLL+0x1257d]
C  [ntdll.dll+0x5af28]

VM_Operation (0x000000b5d9ff5610): G1CollectForAllocation, mode: safepoint, requested by thread 0x000001e4212f3540


---------------  P R O C E S S  ---------------

Threads class SMR info:
_java_thread_list=0x000001e41fb9e9e0, length=57, elements={
0x000001e4614bfd20, 0x000001e47f8f4920, 0x000001e47f8f57a0, 0x000001e47f90d020,
0x000001e47f90daf0, 0x000001e47f9105c0, 0x000001e47f910f80, 0x000001e47f914580,
0x000001e47f915440, 0x000001e47f943370, 0x000001e47fb3baf0, 0x000001e47fc2cad0,
0x000001e4203958e0, 0x000001e42000b2f0, 0x000001e421458770, 0x000001e421350d00,
0x000001e421343330, 0x000001e4212f3f60, 0x000001e4212f3540, 0x000001e4212f4470,
0x000001e4212f3a50, 0x000001e4212f4980, 0x000001e420cbaba0, 0x000001e420cb5aa0,
0x000001e420cba180, 0x000001e420cb7e10, 0x000001e420cbc4f0, 0x000001e420cb7900,
0x000001e420cb8320, 0x000001e420cb8830, 0x000001e420cb5fb0, 0x000001e420cb9c70,
0x000001e420cbca00, 0x000001e420cb5590, 0x000001e420cbb0b0, 0x000001e420cb8d40,
0x000001e420cba690, 0x000001e420cb9250, 0x000001e420cb9760, 0x000001e42165f040,
0x000001e422bb6190, 0x000001e420cbbfe0, 0x000001e420cbb5c0, 0x000001e420cb69d0,
0x000001e420cbbad0, 0x000001e420cb6ee0, 0x000001e420cb73f0, 0x000001e47fccf800,
0x000001e47fcd0c40, 0x000001e47fcd4900, 0x000001e47fccdeb0, 0x000001e47fcd1150,
0x000001e47fcd4e10, 0x000001e47fcd1b70, 0x000001e47fccede0, 0x000001e47fcd0730,
0x000001e47fccf2f0
}

Java Threads: ( => current thread )
  0x000001e4614bfd20 JavaThread "main" [_thread_blocked, id=25864, stack(0x000000b5d8000000,0x000000b5d8100000)]
  0x000001e47f8f4920 JavaThread "Reference Handler" daemon [_thread_blocked, id=17472, stack(0x000000b5d8700000,0x000000b5d8800000)]
  0x000001e47f8f57a0 JavaThread "Finalizer" daemon [_thread_blocked, id=19568, stack(0x000000b5d8800000,0x000000b5d8900000)]
  0x000001e47f90d020 JavaThread "Signal Dispatcher" daemon [_thread_blocked, id=15248, stack(0x000000b5d8900000,0x000000b5d8a00000)]
  0x000001e47f90daf0 JavaThread "Attach Listener" daemon [_thread_blocked, id=26380, stack(0x000000b5d8a00000,0x000000b5d8b00000)]
  0x000001e47f9105c0 JavaThread "Service Thread" daemon [_thread_blocked, id=6788, stack(0x000000b5d8b00000,0x000000b5d8c00000)]
  0x000001e47f910f80 JavaThread "Monitor Deflation Thread" daemon [_thread_blocked, id=25148, stack(0x000000b5d8c00000,0x000000b5d8d00000)]
  0x000001e47f914580 JavaThread "C2 CompilerThread0" daemon [_thread_blocked, id=18468, stack(0x000000b5d8d00000,0x000000b5d8e00000)]
  0x000001e47f915440 JavaThread "C1 CompilerThread0" daemon [_thread_blocked, id=25580, stack(0x000000b5d8e00000,0x000000b5d8f00000)]
  0x000001e47f943370 JavaThread "Sweeper thread" daemon [_thread_blocked, id=8392, stack(0x000000b5d8f00000,0x000000b5d9000000)]
  0x000001e47fb3baf0 JavaThread "Common-Cleaner" daemon [_thread_blocked, id=13080, stack(0x000000b5d9000000,0x000000b5d9100000)]
  0x000001e47fc2cad0 JavaThread "Notification Thread" daemon [_thread_blocked, id=11352, stack(0x000000b5d9200000,0x000000b5d9300000)]
  0x000001e4203958e0 JavaThread "Daemon health stats" [_thread_blocked, id=12864, stack(0x000000b5d9900000,0x000000b5d9a00000)]
  0x000001e42000b2f0 JavaThread "Incoming local TCP Connector on port 57780" [_thread_in_native, id=21312, stack(0x000000b5d9a00000,0x000000b5d9b00000)]
  0x000001e421458770 JavaThread "Daemon periodic checks" [_thread_blocked, id=2944, stack(0x000000b5d9b00000,0x000000b5d9c00000)]
  0x000001e421350d00 JavaThread "Daemon" [_thread_blocked, id=26428, stack(0x000000b5d9c00000,0x000000b5d9d00000)]
  0x000001e421343330 JavaThread "Handler for socket connection from /127.0.0.1:57780 to /127.0.0.1:57781" [_thread_in_native, id=19180, stack(0x000000b5d9d00000,0x000000b5d9e00000)]
  0x000001e4212f3f60 JavaThread "Cancel handler" [_thread_blocked, id=3500, stack(0x000000b5d9e00000,0x000000b5d9f00000)]
  0x000001e4212f3540 JavaThread "Daemon worker" [_thread_blocked, id=18896, stack(0x000000b5d9f00000,0x000000b5da000000)]
  0x000001e4212f4470 JavaThread "Asynchronous log dispatcher for DefaultDaemonConnection: socket connection from /127.0.0.1:57780 to /127.0.0.1:57781" [_thread_blocked, id=23852, stack(0x000000b5da000000,0x000000b5da100000)]
  0x000001e4212f3a50 JavaThread "Stdin handler" [_thread_blocked, id=13044, stack(0x000000b5da100000,0x000000b5da200000)]
  0x000001e4212f4980 JavaThread "Daemon client event forwarder" [_thread_blocked, id=13088, stack(0x000000b5da200000,0x000000b5da300000)]
  0x000001e420cbaba0 JavaThread "Cache worker for journal cache (C:\Users\ASIM GOPE\.gradle\caches\journal-1)" [_thread_blocked, id=26100, stack(0x000000b5da300000,0x000000b5da400000)]
  0x000001e420cb5aa0 JavaThread "File lock request listener" [_thread_in_native, id=9280, stack(0x000000b5da400000,0x000000b5da500000)]
  0x000001e420cba180 JavaThread "Cache worker for file hash cache (C:\Users\ASIM GOPE\.gradle\caches\8.6\fileHashes)" [_thread_blocked, id=19392, stack(0x000000b5d9100000,0x000000b5d9200000)]
  0x000001e420cb7e10 JavaThread "File watcher server" daemon [_thread_blocked, id=22432, stack(0x000000b5da800000,0x000000b5da900000)]
  0x000001e420cbc4f0 JavaThread "File watcher consumer" daemon [_thread_blocked, id=5460, stack(0x000000b5da900000,0x000000b5daa00000)]
  0x000001e420cb7900 JavaThread "Cache worker for checksums cache (A:\dev--\Saswatsir\Protime2\ProtimeESS\android\.gradle\8.6\checksums)" [_thread_blocked, id=6688, stack(0x000000b5daa00000,0x000000b5dab00000)]
  0x000001e420cb8320 JavaThread "Cache worker for file hash cache (A:\dev--\Saswatsir\Protime2\ProtimeESS\android\.gradle\8.6\fileHashes)" [_thread_blocked, id=3252, stack(0x000000b5dac00000,0x000000b5dad00000)]
  0x000001e420cb8830 JavaThread "Cache worker for cache directory md-supplier (C:\Users\ASIM GOPE\.gradle\caches\8.6\md-supplier)" [_thread_blocked, id=22168, stack(0x000000b5dad00000,0x000000b5dae00000)]
  0x000001e420cb5fb0 JavaThread "Cache worker for cache directory md-rule (C:\Users\ASIM GOPE\.gradle\caches\8.6\md-rule)" [_thread_blocked, id=21632, stack(0x000000b5dae00000,0x000000b5daf00000)]
  0x000001e420cb9c70 JavaThread "Cache worker for file content cache (C:\Users\ASIM GOPE\.gradle\caches\8.6\fileContent)" [_thread_blocked, id=16740, stack(0x000000b5db000000,0x000000b5db100000)]
  0x000001e420cbca00 JavaThread "jar transforms" [_thread_blocked, id=20468, stack(0x000000b5db100000,0x000000b5db200000)]
  0x000001e420cb5590 JavaThread "jar transforms Thread 2" [_thread_blocked, id=2348, stack(0x000000b5db200000,0x000000b5db300000)]
  0x000001e420cbb0b0 JavaThread "jar transforms Thread 3" [_thread_blocked, id=22008, stack(0x000000b5db300000,0x000000b5db400000)]
  0x000001e420cb8d40 JavaThread "jar transforms Thread 4" [_thread_blocked, id=26028, stack(0x000000b5db400000,0x000000b5db500000)]
  0x000001e420cba690 JavaThread "Exec process" [_thread_blocked, id=18156, stack(0x000000b5db500000,0x000000b5db600000)]
  0x000001e420cb9250 JavaThread "Exec process Thread 2" [_thread_blocked, id=19540, stack(0x000000b5db600000,0x000000b5db700000)]
  0x000001e420cb9760 JavaThread "Exec process Thread 3" [_thread_blocked, id=2972, stack(0x000000b5db700000,0x000000b5db800000)]
  0x000001e42165f040 JavaThread "C2 CompilerThread1" daemon [_thread_blocked, id=22044, stack(0x000000b5da700000,0x000000b5da800000)]
  0x000001e422bb6190 JavaThread "C2 CompilerThread2" daemon [_thread_blocked, id=25704, stack(0x000000b5daf00000,0x000000b5db000000)]
  0x000001e420cbbfe0 JavaThread "jar transforms Thread 5" [_thread_blocked, id=20380, stack(0x000000b5db800000,0x000000b5db900000)]
  0x000001e420cbb5c0 JavaThread "jar transforms Thread 6" [_thread_blocked, id=14928, stack(0x000000b5db900000,0x000000b5dba00000)]
  0x000001e420cb69d0 JavaThread "Unconstrained build operations" [_thread_blocked, id=18804, stack(0x000000b5dba00000,0x000000b5dbb00000)]
  0x000001e420cbbad0 JavaThread "Unconstrained build operations Thread 2" [_thread_blocked, id=976, stack(0x000000b5dbb00000,0x000000b5dbc00000)]
  0x000001e420cb6ee0 JavaThread "jar transforms Thread 7" [_thread_blocked, id=11536, stack(0x000000b5dbc00000,0x000000b5dbd00000)]
  0x000001e420cb73f0 JavaThread "jar transforms Thread 8" [_thread_blocked, id=25816, stack(0x000000b5dbd00000,0x000000b5dbe00000)]
  0x000001e47fccf800 JavaThread "Cache worker for Build Output Cleanup Cache (A:\dev--\Saswatsir\Protime2\ProtimeESS\node_modules\@react-native\gradle-plugin\.gradle\buildOutputCleanup)" [_thread_blocked, id=12528, stack(0x000000b5dbe00000,0x000000b5dbf00000)]
  0x000001e47fcd0c40 JavaThread "Unconstrained build operations Thread 3" [_thread_blocked, id=11396, stack(0x000000b5dbf00000,0x000000b5dc000000)]
  0x000001e47fcd4900 JavaThread "Unconstrained build operations Thread 4" [_thread_blocked, id=17132, stack(0x000000b5dc000000,0x000000b5dc100000)]
  0x000001e47fccdeb0 JavaThread "Unconstrained build operations Thread 5" [_thread_blocked, id=16940, stack(0x000000b5dc100000,0x000000b5dc200000)]
  0x000001e47fcd1150 JavaThread "Unconstrained build operations Thread 6" [_thread_blocked, id=24532, stack(0x000000b5dc200000,0x000000b5dc300000)]
  0x000001e47fcd4e10 JavaThread "Unconstrained build operations Thread 7" [_thread_blocked, id=20292, stack(0x000000b5dc300000,0x000000b5dc400000)]
  0x000001e47fcd1b70 JavaThread "Unconstrained build operations Thread 8" [_thread_blocked, id=1404, stack(0x000000b5dc400000,0x000000b5dc500000)]
  0x000001e47fccede0 JavaThread "Unconstrained build operations Thread 9" [_thread_blocked, id=26532, stack(0x000000b5dc500000,0x000000b5dc600000)]
  0x000001e47fcd0730 JavaThread "build event listener" [_thread_blocked, id=12180, stack(0x000000b5dc600000,0x000000b5dc700000)]
  0x000001e47fccf2f0 JavaThread "Memory manager" [_thread_blocked, id=17856, stack(0x000000b5dc700000,0x000000b5dc800000)]

Other Threads:
=>0x000001e47f8eed00 VMThread "VM Thread" [stack: 0x000000b5d8600000,0x000000b5d8700000] [id=25648]
  0x000001e46153e450 WatcherThread [stack: 0x000000b5d9300000,0x000000b5d9400000] [id=3920]
  0x000001e46151a890 GCTaskThread "GC Thread#0" [stack: 0x000000b5d8100000,0x000000b5d8200000] [id=7752]
  0x000001e47fdc2510 GCTaskThread "GC Thread#1" [stack: 0x000000b5d9400000,0x000000b5d9500000] [id=18340]
  0x000001e41f7cfbb0 GCTaskThread "GC Thread#2" [stack: 0x000000b5d9500000,0x000000b5d9600000] [id=25276]
  0x000001e41fcb4d10 GCTaskThread "GC Thread#3" [stack: 0x000000b5d9600000,0x000000b5d9700000] [id=14268]
  0x000001e41fb782c0 GCTaskThread "GC Thread#4" [stack: 0x000000b5d9700000,0x000000b5d9800000] [id=1620]
  0x000001e421798cf0 GCTaskThread "GC Thread#5" [stack: 0x000000b5d9800000,0x000000b5d9900000] [id=21408]
  0x000001e420f6ce20 GCTaskThread "GC Thread#6" [stack: 0x000000b5da500000,0x000000b5da600000] [id=6264]
  0x000001e42128bdc0 GCTaskThread "GC Thread#7" [stack: 0x000000b5da600000,0x000000b5da700000] [id=10352]
  0x000001e46152c7f0 ConcurrentGCThread "G1 Main Marker" [stack: 0x000000b5d8200000,0x000000b5d8300000] [id=3396]
  0x000001e46152d9a0 ConcurrentGCThread "G1 Conc#0" [stack: 0x000000b5d8300000,0x000000b5d8400000] [id=26616]
  0x000001e4223cf030 ConcurrentGCThread "G1 Conc#1" [stack: 0x000000b5dab00000,0x000000b5dac00000] [id=17236]
  0x000001e46156e520 ConcurrentGCThread "G1 Refine#0" [stack: 0x000000b5d8400000,0x000000b5d8500000] [id=19784]
  0x000001e47f7ac120 ConcurrentGCThread "G1 Service" [stack: 0x000000b5d8500000,0x000000b5d8600000] [id=11796]

Threads with active compile tasks:
C2 CompilerThread2    11739 7068       4       com.google.common.collect.ImmutableSet$RegularSetBuilderImpl::add (68 bytes)

VM state: at safepoint (normal execution)

VM Mutex/Monitor currently owned by a thread:  ([mutex/lock_event])
[0x000001e4614bafe0] Threads_lock - owner thread: 0x000001e47f8eed00
[0x000001e4614bc270] Heap_lock - owner thread: 0x000001e4212f3540

Heap address: 0x0000000080000000, size: 2048 MB, Compressed Oops mode: 32-bit

CDS archive(s) mapped at: [0x000001e400000000-0x000001e400bd0000-0x000001e400bd0000), size 12386304, SharedBaseAddress: 0x000001e400000000, ArchiveRelocationMode: 1.
Compressed class space mapped at: 0x000001e401000000-0x000001e41b000000, reserved size: 436207616
Narrow klass base: 0x000001e400000000, Narrow klass shift: 0, Narrow klass range: 0x100000000

GC Precious Log:
 CPUs: 8 total, 8 available
 Memory: 8036M
 Large Page Support: Disabled
 NUMA Support: Disabled
 Compressed Oops: Enabled (32-bit)
 Heap Region Size: 1M
 Heap Min Capacity: 8M
 Heap Initial Capacity: 126M
 Heap Max Capacity: 2G
 Pre-touch: Disabled
 Parallel Workers: 8
 Concurrent Workers: 2
 Concurrent Refinement Workers: 8
 Periodic GC: Disabled

Heap:
 garbage-first heap   total 129024K, used 68488K [0x0000000080000000, 0x0000000100000000)
  region size 1024K, 5 young (5120K), 5 survivors (5120K)
 Metaspace       used 62134K, committed 62848K, reserved 491520K
  class space    used 8804K, committed 9152K, reserved 425984K

Heap Regions: E=young(eden), S=young(survivor), O=old, HS=humongous(starts), HC=humongous(continues), CS=collection set, F=free, OA=open archive, CA=closed archive, TAMS=top-at-mark-start (previous, next)
|   0|0x0000000080000000, 0x0000000080100000, 0x0000000080100000|100%|HS|  |TAMS 0x0000000080100000, 0x0000000080100000| Complete 
|   1|0x0000000080100000, 0x0000000080200000, 0x0000000080200000|100%|HC|  |TAMS 0x0000000080200000, 0x0000000080200000| Complete 
|   2|0x0000000080200000, 0x0000000080300000, 0x0000000080300000|100%|HC|  |TAMS 0x0000000080300000, 0x0000000080300000| Complete 
|   3|0x0000000080300000, 0x0000000080400000, 0x0000000080400000|100%|HC|  |TAMS 0x0000000080400000, 0x0000000080400000| Complete 
|   4|0x0000000080400000, 0x0000000080500000, 0x0000000080500000|100%| O|  |TAMS 0x0000000080500000, 0x0000000080500000| Untracked 
|   5|0x0000000080500000, 0x0000000080600000, 0x0000000080600000|100%| O|  |TAMS 0x0000000080600000, 0x0000000080600000| Untracked 
|   6|0x0000000080600000, 0x0000000080700000, 0x0000000080700000|100%| O|  |TAMS 0x0000000080700000, 0x0000000080700000| Untracked 
|   7|0x0000000080700000, 0x0000000080800000, 0x0000000080800000|100%| O|  |TAMS 0x0000000080800000, 0x0000000080800000| Untracked 
|   8|0x0000000080800000, 0x0000000080900000, 0x0000000080900000|100%| O|  |TAMS 0x0000000080900000, 0x0000000080900000| Untracked 
|   9|0x0000000080900000, 0x0000000080a00000, 0x0000000080a00000|100%| O|  |TAMS 0x0000000080a00000, 0x0000000080a00000| Untracked 
|  10|0x0000000080a00000, 0x0000000080b00000, 0x0000000080b00000|100%| O|  |TAMS 0x0000000080b00000, 0x0000000080b00000| Untracked 
|  11|0x0000000080b00000, 0x0000000080c00000, 0x0000000080c00000|100%| O|  |TAMS 0x0000000080c00000, 0x0000000080c00000| Untracked 
|  12|0x0000000080c00000, 0x0000000080d00000, 0x0000000080d00000|100%| O|  |TAMS 0x0000000080d00000, 0x0000000080d00000| Untracked 
|  13|0x0000000080d00000, 0x0000000080e00000, 0x0000000080e00000|100%| O|  |TAMS 0x0000000080e00000, 0x0000000080e00000| Untracked 
|  14|0x0000000080e00000, 0x0000000080f00000, 0x0000000080f00000|100%| O|  |TAMS 0x0000000080f00000, 0x0000000080f00000| Untracked 
|  15|0x0000000080f00000, 0x0000000081000000, 0x0000000081000000|100%| O|  |TAMS 0x0000000081000000, 0x0000000081000000| Untracked 
|  16|0x0000000081000000, 0x0000000081100000, 0x0000000081100000|100%| O|  |TAMS 0x0000000081100000, 0x0000000081100000| Untracked 
|  17|0x0000000081100000, 0x0000000081200000, 0x0000000081200000|100%| O|  |TAMS 0x0000000081200000, 0x0000000081200000| Untracked 
|  18|0x0000000081200000, 0x0000000081300000, 0x0000000081300000|100%| O|  |TAMS 0x0000000081300000, 0x0000000081300000| Untracked 
|  19|0x0000000081300000, 0x0000000081400000, 0x0000000081400000|100%| O|  |TAMS 0x0000000081400000, 0x0000000081400000| Untracked 
|  20|0x0000000081400000, 0x0000000081500000, 0x0000000081500000|100%| O|  |TAMS 0x0000000081500000, 0x0000000081500000| Untracked 
|  21|0x0000000081500000, 0x0000000081600000, 0x0000000081600000|100%| O|  |TAMS 0x0000000081600000, 0x0000000081600000| Untracked 
|  22|0x0000000081600000, 0x0000000081700000, 0x0000000081700000|100%| O|  |TAMS 0x0000000081700000, 0x0000000081700000| Untracked 
|  23|0x0000000081700000, 0x0000000081800000, 0x0000000081800000|100%| O|  |TAMS 0x0000000081800000, 0x0000000081800000| Untracked 
|  24|0x0000000081800000, 0x0000000081900000, 0x0000000081900000|100%| O|  |TAMS 0x0000000081900000, 0x0000000081900000| Untracked 
|  25|0x0000000081900000, 0x0000000081a00000, 0x0000000081a00000|100%| O|  |TAMS 0x0000000081a00000, 0x0000000081a00000| Untracked 
|  26|0x0000000081a00000, 0x0000000081b00000, 0x0000000081b00000|100%| O|  |TAMS 0x0000000081b00000, 0x0000000081b00000| Untracked 
|  27|0x0000000081b00000, 0x0000000081c00000, 0x0000000081c00000|100%| O|  |TAMS 0x0000000081c00000, 0x0000000081c00000| Untracked 
|  28|0x0000000081c00000, 0x0000000081d00000, 0x0000000081d00000|100%| O|  |TAMS 0x0000000081c00000, 0x0000000081d00000| Untracked 
|  29|0x0000000081d00000, 0x0000000081e00000, 0x0000000081e00000|100%| O|  |TAMS 0x0000000081e00000, 0x0000000081e00000| Untracked 
|  30|0x0000000081e00000, 0x0000000081f00000, 0x0000000081f00000|100%| O|  |TAMS 0x0000000081f00000, 0x0000000081f00000| Untracked 
|  31|0x0000000081f00000, 0x0000000081f00000, 0x0000000082000000|  0%| F|  |TAMS 0x0000000081f00000, 0x0000000081f00000| Untracked 
|  32|0x0000000082000000, 0x0000000082100000, 0x0000000082100000|100%| O|  |TAMS 0x0000000082100000, 0x0000000082100000| Untracked 
|  33|0x0000000082100000, 0x0000000082200000, 0x0000000082200000|100%| O|  |TAMS 0x0000000082200000, 0x0000000082200000| Untracked 
|  34|0x0000000082200000, 0x0000000082300000, 0x0000000082300000|100%| O|  |TAMS 0x0000000082300000, 0x0000000082300000| Untracked 
|  35|0x0000000082300000, 0x0000000082400000, 0x0000000082400000|100%| O|  |TAMS 0x0000000082400000, 0x0000000082400000| Untracked 
|  36|0x0000000082400000, 0x0000000082500000, 0x0000000082500000|100%| O|  |TAMS 0x0000000082500000, 0x0000000082500000| Untracked 
|  37|0x0000000082500000, 0x0000000082600000, 0x0000000082600000|100%| O|  |TAMS 0x0000000082600000, 0x0000000082600000| Untracked 
|  38|0x0000000082600000, 0x0000000082700000, 0x0000000082700000|100%| O|  |TAMS 0x0000000082700000, 0x0000000082700000| Untracked 
|  39|0x0000000082700000, 0x0000000082800000, 0x0000000082800000|100%| O|  |TAMS 0x0000000082800000, 0x0000000082800000| Untracked 
|  40|0x0000000082800000, 0x0000000082900000, 0x0000000082900000|100%| O|  |TAMS 0x0000000082900000, 0x0000000082900000| Untracked 
|  41|0x0000000082900000, 0x0000000082a00000, 0x0000000082a00000|100%| O|  |TAMS 0x0000000082a00000, 0x0000000082a00000| Untracked 
|  42|0x0000000082a00000, 0x0000000082b00000, 0x0000000082b00000|100%|HS|  |TAMS 0x0000000082b00000, 0x0000000082b00000| Complete 
|  43|0x0000000082b00000, 0x0000000082c00000, 0x0000000082c00000|100%|HC|  |TAMS 0x0000000082c00000, 0x0000000082c00000| Complete 
|  44|0x0000000082c00000, 0x0000000082d00000, 0x0000000082d00000|100%|HS|  |TAMS 0x0000000082d00000, 0x0000000082d00000| Complete 
|  45|0x0000000082d00000, 0x0000000082e00000, 0x0000000082e00000|100%|HC|  |TAMS 0x0000000082e00000, 0x0000000082e00000| Complete 
|  46|0x0000000082e00000, 0x0000000082f00000, 0x0000000082f00000|100%| O|  |TAMS 0x0000000082f00000, 0x0000000082f00000| Untracked 
|  47|0x0000000082f00000, 0x0000000083000000, 0x0000000083000000|100%| O|  |TAMS 0x0000000083000000, 0x0000000083000000| Untracked 
|  48|0x0000000083000000, 0x0000000083100000, 0x0000000083100000|100%| O|  |TAMS 0x0000000083100000, 0x0000000083100000| Untracked 
|  49|0x0000000083100000, 0x0000000083200000, 0x0000000083200000|100%| O|  |TAMS 0x0000000083200000, 0x0000000083200000| Untracked 
|  50|0x0000000083200000, 0x0000000083300000, 0x0000000083300000|100%|HS|  |TAMS 0x0000000083300000, 0x0000000083300000| Complete 
|  51|0x0000000083300000, 0x0000000083400000, 0x0000000083400000|100%|HC|  |TAMS 0x0000000083400000, 0x0000000083400000| Complete 
|  52|0x0000000083400000, 0x0000000083500000, 0x0000000083500000|100%|HC|  |TAMS 0x0000000083500000, 0x0000000083500000| Complete 
|  53|0x0000000083500000, 0x0000000083600000, 0x0000000083600000|100%|HC|  |TAMS 0x0000000083600000, 0x0000000083600000| Complete 
|  54|0x0000000083600000, 0x0000000083700000, 0x0000000083700000|100%|HS|  |TAMS 0x0000000083700000, 0x0000000083700000| Complete 
|  55|0x0000000083700000, 0x0000000083800000, 0x0000000083800000|100%|HC|  |TAMS 0x0000000083800000, 0x0000000083800000| Complete 
|  56|0x0000000083800000, 0x0000000083900000, 0x0000000083900000|100%|HC|  |TAMS 0x0000000083900000, 0x0000000083900000| Complete 
|  57|0x0000000083900000, 0x0000000083a00000, 0x0000000083a00000|100%|HC|  |TAMS 0x0000000083a00000, 0x0000000083a00000| Complete 
|  58|0x0000000083a00000, 0x0000000083b00000, 0x0000000083b00000|100%| O|  |TAMS 0x0000000083a3f000, 0x0000000083b00000| Untracked 
|  59|0x0000000083b00000, 0x0000000083c00000, 0x0000000083c00000|100%| O|  |TAMS 0x0000000083b00000, 0x0000000083c00000| Untracked 
|  60|0x0000000083c00000, 0x0000000083d00000, 0x0000000083d00000|100%| O|  |TAMS 0x0000000083d00000, 0x0000000083d00000| Untracked 
|  61|0x0000000083d00000, 0x0000000083e00000, 0x0000000083e00000|100%| O|  |TAMS 0x0000000083e00000, 0x0000000083e00000| Untracked 
|  62|0x0000000083e00000, 0x0000000083f00000, 0x0000000083f00000|100%| O|  |TAMS 0x0000000083e00000, 0x0000000083f00000| Untracked 
|  63|0x0000000083f00000, 0x0000000083fa8400, 0x0000000084000000| 65%| O|  |TAMS 0x0000000083f00000, 0x0000000083fa8400| Untracked 
|  64|0x0000000084000000, 0x0000000084000000, 0x0000000084100000|  0%| F|  |TAMS 0x0000000084000000, 0x0000000084000000| Untracked 
|  65|0x0000000084100000, 0x0000000084100000, 0x0000000084200000|  0%| F|  |TAMS 0x0000000084100000, 0x0000000084100000| Untracked 
|  66|0x0000000084200000, 0x0000000084200000, 0x0000000084300000|  0%| F|  |TAMS 0x0000000084200000, 0x0000000084200000| Untracked 
|  67|0x0000000084300000, 0x0000000084300000, 0x0000000084400000|  0%| F|  |TAMS 0x0000000084300000, 0x0000000084300000| Untracked 
|  68|0x0000000084400000, 0x0000000084400000, 0x0000000084500000|  0%| F|  |TAMS 0x0000000084400000, 0x0000000084400000| Untracked 
|  69|0x0000000084500000, 0x0000000084500000, 0x0000000084600000|  0%| F|  |TAMS 0x0000000084500000, 0x0000000084500000| Untracked 
|  70|0x0000000084600000, 0x0000000084600000, 0x0000000084700000|  0%| F|  |TAMS 0x0000000084600000, 0x0000000084600000| Untracked 
|  71|0x0000000084700000, 0x0000000084700000, 0x0000000084800000|  0%| F|  |TAMS 0x0000000084700000, 0x0000000084700000| Untracked 
|  72|0x0000000084800000, 0x0000000084800000, 0x0000000084900000|  0%| F|  |TAMS 0x0000000084800000, 0x0000000084800000| Untracked 
|  73|0x0000000084900000, 0x0000000084900000, 0x0000000084a00000|  0%| F|  |TAMS 0x0000000084900000, 0x0000000084900000| Untracked 
|  74|0x0000000084a00000, 0x0000000084a00000, 0x0000000084b00000|  0%| F|  |TAMS 0x0000000084a00000, 0x0000000084a00000| Untracked 
|  75|0x0000000084b00000, 0x0000000084b00000, 0x0000000084c00000|  0%| F|  |TAMS 0x0000000084b00000, 0x0000000084b00000| Untracked 
|  76|0x0000000084c00000, 0x0000000084c00000, 0x0000000084d00000|  0%| F|  |TAMS 0x0000000084c00000, 0x0000000084c00000| Untracked 
|  77|0x0000000084d00000, 0x0000000084d00000, 0x0000000084e00000|  0%| F|  |TAMS 0x0000000084d00000, 0x0000000084d00000| Untracked 
|  78|0x0000000084e00000, 0x0000000084e00000, 0x0000000084f00000|  0%| F|  |TAMS 0x0000000084e00000, 0x0000000084e00000| Untracked 
|  79|0x0000000084f00000, 0x0000000084f00000, 0x0000000085000000|  0%| F|  |TAMS 0x0000000084f00000, 0x0000000084f00000| Untracked 
|  80|0x0000000085000000, 0x0000000085039db8, 0x0000000085100000| 22%| S|CS|TAMS 0x0000000085000000, 0x0000000085000000| Complete 
|  81|0x0000000085100000, 0x0000000085200000, 0x0000000085200000|100%| S|CS|TAMS 0x0000000085100000, 0x0000000085100000| Complete 
|  82|0x0000000085200000, 0x0000000085300000, 0x0000000085300000|100%| S|CS|TAMS 0x0000000085200000, 0x0000000085200000| Complete 
|  83|0x0000000085300000, 0x0000000085400000, 0x0000000085400000|100%| S|CS|TAMS 0x0000000085300000, 0x0000000085300000| Complete 
|  84|0x0000000085400000, 0x0000000085500000, 0x0000000085500000|100%| S|CS|TAMS 0x0000000085400000, 0x0000000085400000| Complete 
|  85|0x0000000085500000, 0x0000000085500000, 0x0000000085600000|  0%| F|  |TAMS 0x0000000085500000, 0x0000000085500000| Untracked 
|  86|0x0000000085600000, 0x0000000085600000, 0x0000000085700000|  0%| F|  |TAMS 0x0000000085600000, 0x0000000085600000| Untracked 
|  87|0x0000000085700000, 0x0000000085700000, 0x0000000085800000|  0%| F|  |TAMS 0x0000000085700000, 0x0000000085700000| Untracked 
|  88|0x0000000085800000, 0x0000000085800000, 0x0000000085900000|  0%| F|  |TAMS 0x0000000085800000, 0x0000000085800000| Untracked 
|  89|0x0000000085900000, 0x0000000085900000, 0x0000000085a00000|  0%| F|  |TAMS 0x0000000085900000, 0x0000000085900000| Untracked 
|  90|0x0000000085a00000, 0x0000000085a00000, 0x0000000085b00000|  0%| F|  |TAMS 0x0000000085a00000, 0x0000000085a00000| Untracked 
|  91|0x0000000085b00000, 0x0000000085b00000, 0x0000000085c00000|  0%| F|  |TAMS 0x0000000085b00000, 0x0000000085b00000| Untracked 
|  92|0x0000000085c00000, 0x0000000085c00000, 0x0000000085d00000|  0%| F|  |TAMS 0x0000000085c00000, 0x0000000085c00000| Untracked 
|  93|0x0000000085d00000, 0x0000000085d00000, 0x0000000085e00000|  0%| F|  |TAMS 0x0000000085d00000, 0x0000000085d00000| Untracked 
|  94|0x0000000085e00000, 0x0000000085e00000, 0x0000000085f00000|  0%| F|  |TAMS 0x0000000085e00000, 0x0000000085e00000| Untracked 
|  95|0x0000000085f00000, 0x0000000085f00000, 0x0000000086000000|  0%| F|  |TAMS 0x0000000085f00000, 0x0000000085f00000| Untracked 
|  96|0x0000000086000000, 0x0000000086000000, 0x0000000086100000|  0%| F|  |TAMS 0x0000000086000000, 0x0000000086000000| Untracked 
|  97|0x0000000086100000, 0x0000000086100000, 0x0000000086200000|  0%| F|  |TAMS 0x0000000086100000, 0x0000000086100000| Untracked 
|  98|0x0000000086200000, 0x0000000086200000, 0x0000000086300000|  0%| F|  |TAMS 0x0000000086200000, 0x0000000086200000| Untracked 
|  99|0x0000000086300000, 0x0000000086300000, 0x0000000086400000|  0%| F|  |TAMS 0x0000000086300000, 0x0000000086300000| Untracked 
| 100|0x0000000086400000, 0x0000000086400000, 0x0000000086500000|  0%| F|  |TAMS 0x0000000086400000, 0x0000000086400000| Untracked 
| 101|0x0000000086500000, 0x0000000086500000, 0x0000000086600000|  0%| F|  |TAMS 0x0000000086500000, 0x0000000086500000| Untracked 
| 102|0x0000000086600000, 0x0000000086600000, 0x0000000086700000|  0%| F|  |TAMS 0x0000000086600000, 0x0000000086600000| Untracked 
| 103|0x0000000086700000, 0x0000000086700000, 0x0000000086800000|  0%| F|  |TAMS 0x0000000086700000, 0x0000000086700000| Untracked 
| 104|0x0000000086800000, 0x0000000086800000, 0x0000000086900000|  0%| F|  |TAMS 0x0000000086800000, 0x0000000086800000| Untracked 
| 105|0x0000000086900000, 0x0000000086900000, 0x0000000086a00000|  0%| F|  |TAMS 0x0000000086900000, 0x0000000086900000| Untracked 
| 106|0x0000000086a00000, 0x0000000086a00000, 0x0000000086b00000|  0%| F|  |TAMS 0x0000000086a00000, 0x0000000086a00000| Untracked 
| 107|0x0000000086b00000, 0x0000000086b00000, 0x0000000086c00000|  0%| F|  |TAMS 0x0000000086b00000, 0x0000000086b00000| Untracked 
| 108|0x0000000086c00000, 0x0000000086c00000, 0x0000000086d00000|  0%| F|  |TAMS 0x0000000086c00000, 0x0000000086c00000| Untracked 
| 109|0x0000000086d00000, 0x0000000086d00000, 0x0000000086e00000|  0%| F|  |TAMS 0x0000000086d00000, 0x0000000086d00000| Untracked 
| 110|0x0000000086e00000, 0x0000000086e00000, 0x0000000086f00000|  0%| F|  |TAMS 0x0000000086e00000, 0x0000000086e00000| Untracked 
| 111|0x0000000086f00000, 0x0000000086f00000, 0x0000000087000000|  0%| F|  |TAMS 0x0000000086f00000, 0x0000000086f00000| Untracked 
| 112|0x0000000087000000, 0x0000000087000000, 0x0000000087100000|  0%| F|  |TAMS 0x0000000087000000, 0x0000000087000000| Untracked 
| 113|0x0000000087100000, 0x0000000087100000, 0x0000000087200000|  0%| F|  |TAMS 0x0000000087100000, 0x0000000087100000| Untracked 
| 114|0x0000000087200000, 0x0000000087200000, 0x0000000087300000|  0%| F|  |TAMS 0x0000000087200000, 0x0000000087200000| Untracked 
| 115|0x0000000087300000, 0x0000000087300000, 0x0000000087400000|  0%| F|  |TAMS 0x0000000087300000, 0x0000000087300000| Untracked 
| 116|0x0000000087400000, 0x0000000087400000, 0x0000000087500000|  0%| F|  |TAMS 0x0000000087400000, 0x0000000087400000| Untracked 
| 117|0x0000000087500000, 0x0000000087500000, 0x0000000087600000|  0%| F|  |TAMS 0x0000000087500000, 0x0000000087500000| Untracked 
| 118|0x0000000087600000, 0x0000000087600000, 0x0000000087700000|  0%| F|  |TAMS 0x0000000087600000, 0x0000000087600000| Untracked 
| 119|0x0000000087700000, 0x0000000087700000, 0x0000000087800000|  0%| F|  |TAMS 0x0000000087700000, 0x0000000087700000| Untracked 
| 120|0x0000000087800000, 0x0000000087800000, 0x0000000087900000|  0%| F|  |TAMS 0x0000000087800000, 0x0000000087800000| Untracked 
| 121|0x0000000087900000, 0x0000000087900000, 0x0000000087a00000|  0%| F|  |TAMS 0x0000000087900000, 0x0000000087900000| Untracked 
| 122|0x0000000087a00000, 0x0000000087a00000, 0x0000000087b00000|  0%| F|  |TAMS 0x0000000087a00000, 0x0000000087a00000| Untracked 
| 123|0x0000000087b00000, 0x0000000087b00000, 0x0000000087c00000|  0%| F|  |TAMS 0x0000000087b00000, 0x0000000087b00000| Untracked 
| 124|0x0000000087c00000, 0x0000000087c00000, 0x0000000087d00000|  0%| F|  |TAMS 0x0000000087c00000, 0x0000000087c00000| Untracked 
| 125|0x0000000087d00000, 0x0000000087d00000, 0x0000000087e00000|  0%| F|  |TAMS 0x0000000087d00000, 0x0000000087d00000| Untracked 

Card table byte_map: [0x000001e4786e0000,0x000001e478ae0000] _byte_map_base: 0x000001e4782e0000

Marking Bits (Prev, Next): (CMBitMap*) 0x000001e46151bf00, (CMBitMap*) 0x000001e46151bec0
 Prev Bits: [0x000001e47aee0000, 0x000001e47cee0000)
 Next Bits: [0x000001e478ee0000, 0x000001e47aee0000)

Polling page: 0x000001e45f420000

Metaspace:

Usage:
  Non-class:     52.08 MB used.
      Class:      8.60 MB used.
       Both:     60.68 MB used.

Virtual space:
  Non-class space:       64.00 MB reserved,      52.44 MB ( 82%) committed,  1 nodes.
      Class space:      416.00 MB reserved,       8.94 MB (  2%) committed,  1 nodes.
             Both:      480.00 MB reserved,      61.38 MB ( 13%) committed. 

Chunk freelists:
   Non-Class:  10.91 MB
       Class:  7.00 MB
        Both:  17.91 MB

MaxMetaspaceSize: 512.00 MB
CompressedClassSpaceSize: 416.00 MB
Initial GC threshold: 21.00 MB
Current GC threshold: 94.94 MB
CDS: on
MetaspaceReclaimPolicy: balanced
 - commit_granule_bytes: 65536.
 - commit_granule_words: 8192.
 - virtual_space_node_default_size: 8388608.
 - enlarge_chunks_in_place: 1.
 - new_chunks_are_fully_committed: 0.
 - uncommit_free_chunks: 1.
 - use_allocation_guard: 0.
 - handle_deallocations: 1.


Internal statistics:

num_allocs_failed_limit: 6.
num_arena_births: 834.
num_arena_deaths: 0.
num_vsnodes_births: 2.
num_vsnodes_deaths: 0.
num_space_committed: 982.
num_space_uncommitted: 0.
num_chunks_returned_to_freelist: 6.
num_chunks_taken_from_freelist: 3404.
num_chunk_merges: 3.
num_chunk_splits: 2233.
num_chunks_enlarged: 1450.
num_inconsistent_stats: 0.

CodeHeap 'non-profiled nmethods': size=120000Kb used=3864Kb max_used=3895Kb free=116135Kb
 bounds [0x000001e470a80000, 0x000001e470e50000, 0x000001e477fb0000]
CodeHeap 'profiled nmethods': size=120000Kb used=12799Kb max_used=12799Kb free=107200Kb
 bounds [0x000001e468fb0000, 0x000001e469c30000, 0x000001e4704e0000]
CodeHeap 'non-nmethods': size=5760Kb used=2363Kb max_used=2453Kb free=3397Kb
 bounds [0x000001e4704e0000, 0x000001e470750000, 0x000001e470a80000]
 total_blobs=7289 nmethods=6402 adapters=798
 compilation: enabled
              stopped_count=0, restarted_count=0
 full_count=0

Compilation events (20 events):
Event: 11.687 Thread 0x000001e47f915440 7072       3       org.gradle.internal.instantiation.generator.AbstractClassGenerator$ClassGenerationHandler::applyTo (1 bytes)
Event: 11.687 Thread 0x000001e47f914580 7073       4       org.objectweb.asm.Type::getTypeInternal (218 bytes)
Event: 11.687 Thread 0x000001e47f915440 nmethod 7072 0x000001e469c29810 code [0x000001e469c299a0, 0x000001e469c29ab8]
Event: 11.689 Thread 0x000001e47f914580 nmethod 7073 0x000001e470d54690 code [0x000001e470d54820, 0x000001e470d54a88]
Event: 11.689 Thread 0x000001e47f915440 7074       3       org.gradle.api.internal.provider.Providers$FixedValueProvider::getType (14 bytes)
Event: 11.689 Thread 0x000001e47f915440 nmethod 7074 0x000001e469c29b90 code [0x000001e469c29d40, 0x000001e469c29fd8]
Event: 11.689 Thread 0x000001e47f915440 7075       3       org.gradle.api.internal.DefaultNamedDomainObjectCollection::findByName (61 bytes)
Event: 11.689 Thread 0x000001e47f915440 nmethod 7075 0x000001e469c2a110 code [0x000001e469c2a360, 0x000001e469c2ada8]
Event: 11.689 Thread 0x000001e47f915440 7076       3       org.gradle.api.internal.provider.AbstractProperty::getValidationDisplayName (16 bytes)
Event: 11.690 Thread 0x000001e47f915440 nmethod 7076 0x000001e469c2b090 code [0x000001e469c2b220, 0x000001e469c2b398]
Event: 11.690 Thread 0x000001e47f915440 7077       3       org.gradle.api.internal.provider.ValueSupplier$Present::<init> (6 bytes)
Event: 11.690 Thread 0x000001e47f915440 nmethod 7077 0x000001e469c2b410 code [0x000001e469c2b5c0, 0x000001e469c2b818]
Event: 11.690 Thread 0x000001e47f915440 7078       3       org.gradle.internal.service.DefaultServiceRegistry::add (23 bytes)
Event: 11.690 Thread 0x000001e47f915440 nmethod 7078 0x000001e469c2b910 code [0x000001e469c2bb80, 0x000001e469c2c718]
Event: 11.690 Thread 0x000001e47f915440 7079       3       org.gradle.internal.service.DefaultServiceRegistry$FixedInstanceService::<init> (12 bytes)
Event: 11.690 Thread 0x000001e47f915440 nmethod 7079 0x000001e469c2cb90 code [0x000001e469c2cdc0, 0x000001e469c2d7d8]
Event: 11.695 Thread 0x000001e47f915440 7080   !   3       kotlin.reflect.jvm.internal.impl.storage.LockBasedStorageManager$LockBasedLazyValue::invoke (257 bytes)
Event: 11.695 Thread 0x000001e47f915440 nmethod 7080 0x000001e469c2db90 code [0x000001e469c2df20, 0x000001e469c2f4c8]
Event: 11.696 Thread 0x000001e47f915440 7081       1       kotlin.reflect.jvm.internal.impl.serialization.deserialization.descriptors.DeserializedMemberScope::getC (5 bytes)
Event: 11.696 Thread 0x000001e47f915440 nmethod 7081 0x000001e470d54390 code [0x000001e470d54520, 0x000001e470d545f8]

GC Heap History (20 events):
Event: 9.720 GC heap after
{Heap after GC invocations=14 (full 0):
 garbage-first heap   total 86016K, used 41563K [0x0000000080000000, 0x0000000100000000)
  region size 1024K, 3 young (3072K), 3 survivors (3072K)
 Metaspace       used 47816K, committed 48448K, reserved 491520K
  class space    used 6764K, committed 7040K, reserved 425984K
}
Event: 9.889 GC heap before
{Heap before GC invocations=14 (full 0):
 garbage-first heap   total 86016K, used 53851K [0x0000000080000000, 0x0000000100000000)
  region size 1024K, 17 young (17408K), 3 survivors (3072K)
 Metaspace       used 48259K, committed 48896K, reserved 491520K
  class space    used 6811K, committed 7104K, reserved 425984K
}
Event: 9.893 GC heap after
{Heap after GC invocations=15 (full 0):
 garbage-first heap   total 86016K, used 45264K [0x0000000080000000, 0x0000000100000000)
  region size 1024K, 4 young (4096K), 4 survivors (4096K)
 Metaspace       used 48259K, committed 48896K, reserved 491520K
  class space    used 6811K, committed 7104K, reserved 425984K
}
Event: 10.137 GC heap before
{Heap before GC invocations=16 (full 0):
 garbage-first heap   total 87040K, used 70864K [0x0000000080000000, 0x0000000100000000)
  region size 1024K, 25 young (25600K), 4 survivors (4096K)
 Metaspace       used 50655K, committed 51328K, reserved 491520K
  class space    used 7155K, committed 7488K, reserved 425984K
}
Event: 10.140 GC heap after
{Heap after GC invocations=17 (full 0):
 garbage-first heap   total 87040K, used 50981K [0x0000000080000000, 0x0000000100000000)
  region size 1024K, 2 young (2048K), 2 survivors (2048K)
 Metaspace       used 50655K, committed 51328K, reserved 491520K
  class space    used 7155K, committed 7488K, reserved 425984K
}
Event: 10.175 GC heap before
{Heap before GC invocations=17 (full 0):
 garbage-first heap   total 87040K, used 60197K [0x0000000080000000, 0x0000000100000000)
  region size 1024K, 4 young (4096K), 2 survivors (2048K)
 Metaspace       used 50717K, committed 51392K, reserved 491520K
  class space    used 7163K, committed 7488K, reserved 425984K
}
Event: 10.177 GC heap after
{Heap after GC invocations=18 (full 0):
 garbage-first heap   total 87040K, used 61304K [0x0000000080000000, 0x0000000100000000)
  region size 1024K, 1 young (1024K), 1 survivors (1024K)
 Metaspace       used 50717K, committed 51392K, reserved 491520K
  class space    used 7163K, committed 7488K, reserved 425984K
}
Event: 10.297 GC heap before
{Heap before GC invocations=18 (full 0):
 garbage-first heap   total 87040K, used 70520K [0x0000000080000000, 0x0000000100000000)
  region size 1024K, 11 young (11264K), 1 survivors (1024K)
 Metaspace       used 51475K, committed 52096K, reserved 491520K
  class space    used 7267K, committed 7552K, reserved 425984K
}
Event: 10.299 GC heap after
{Heap after GC invocations=19 (full 0):
 garbage-first heap   total 87040K, used 61250K [0x0000000080000000, 0x0000000100000000)
  region size 1024K, 1 young (1024K), 1 survivors (1024K)
 Metaspace       used 51475K, committed 52096K, reserved 491520K
  class space    used 7267K, committed 7552K, reserved 425984K
}
Event: 10.403 GC heap before
{Heap before GC invocations=20 (full 0):
 garbage-first heap   total 107520K, used 72514K [0x0000000080000000, 0x0000000100000000)
  region size 1024K, 12 young (12288K), 1 survivors (1024K)
 Metaspace       used 52455K, committed 53120K, reserved 491520K
  class space    used 7411K, committed 7744K, reserved 425984K
}
Event: 10.404 GC heap after
{Heap after GC invocations=21 (full 0):
 garbage-first heap   total 129024K, used 61565K [0x0000000080000000, 0x0000000100000000)
  region size 1024K, 2 young (2048K), 2 survivors (2048K)
 Metaspace       used 52455K, committed 53120K, reserved 491520K
  class space    used 7411K, committed 7744K, reserved 425984K
}
Event: 10.434 GC heap before
{Heap before GC invocations=21 (full 0):
 garbage-first heap   total 129024K, used 65661K [0x0000000080000000, 0x0000000100000000)
  region size 1024K, 6 young (6144K), 2 survivors (2048K)
 Metaspace       used 52940K, committed 53568K, reserved 491520K
  class space    used 7481K, committed 7808K, reserved 425984K
}
Event: 10.436 GC heap after
{Heap after GC invocations=22 (full 0):
 garbage-first heap   total 129024K, used 61137K [0x0000000080000000, 0x0000000100000000)
  region size 1024K, 1 young (1024K), 1 survivors (1024K)
 Metaspace       used 52940K, committed 53568K, reserved 491520K
  class space    used 7481K, committed 7808K, reserved 425984K
}
Event: 10.862 GC heap before
{Heap before GC invocations=22 (full 0):
 garbage-first heap   total 129024K, used 103121K [0x0000000080000000, 0x0000000100000000)
  region size 1024K, 42 young (43008K), 1 survivors (1024K)
 Metaspace       used 57221K, committed 57920K, reserved 491520K
  class space    used 8085K, committed 8384K, reserved 425984K
}
Event: 10.865 GC heap after
{Heap after GC invocations=23 (full 0):
 garbage-first heap   total 129024K, used 63359K [0x0000000080000000, 0x0000000100000000)
  region size 1024K, 3 young (3072K), 3 survivors (3072K)
 Metaspace       used 57221K, committed 57920K, reserved 491520K
  class space    used 8085K, committed 8384K, reserved 425984K
}
Event: 11.210 GC heap before
{Heap before GC invocations=24 (full 0):
 garbage-first heap   total 129024K, used 104319K [0x0000000080000000, 0x0000000100000000)
  region size 1024K, 43 young (44032K), 3 survivors (3072K)
 Metaspace       used 60207K, committed 60928K, reserved 491520K
  class space    used 8535K, committed 8896K, reserved 425984K
}
Event: 11.213 GC heap after
{Heap after GC invocations=25 (full 0):
 garbage-first heap   total 129024K, used 64668K [0x0000000080000000, 0x0000000100000000)
  region size 1024K, 4 young (4096K), 4 survivors (4096K)
 Metaspace       used 60207K, committed 60928K, reserved 491520K
  class space    used 8535K, committed 8896K, reserved 425984K
}
Event: 11.233 GC heap before
{Heap before GC invocations=25 (full 0):
 garbage-first heap   total 129024K, used 66716K [0x0000000080000000, 0x0000000100000000)
  region size 1024K, 6 young (6144K), 4 survivors (4096K)
 Metaspace       used 60296K, committed 60992K, reserved 491520K
  class space    used 8544K, committed 8896K, reserved 425984K
}
Event: 11.237 GC heap after
{Heap after GC invocations=26 (full 0):
 garbage-first heap   total 129024K, used 64787K [0x0000000080000000, 0x0000000100000000)
  region size 1024K, 1 young (1024K), 1 survivors (1024K)
 Metaspace       used 60296K, committed 60992K, reserved 491520K
  class space    used 8544K, committed 8896K, reserved 425984K
}
Event: 11.699 GC heap before
{Heap before GC invocations=26 (full 0):
 garbage-first heap   total 129024K, used 105747K [0x0000000080000000, 0x0000000100000000)
  region size 1024K, 41 young (41984K), 1 survivors (1024K)
 Metaspace       used 62134K, committed 62848K, reserved 491520K
  class space    used 8804K, committed 9152K, reserved 425984K
}

Dll operation events (14 events):
Event: 0.008 Loaded shared library C:\Program Files\Microsoft\jdk-17.0.8.7-hotspot\bin\java.dll
Event: 0.026 Loaded shared library C:\Program Files\Microsoft\jdk-17.0.8.7-hotspot\bin\jsvml.dll
Event: 0.064 Loaded shared library C:\Program Files\Microsoft\jdk-17.0.8.7-hotspot\bin\zip.dll
Event: 0.068 Loaded shared library C:\Program Files\Microsoft\jdk-17.0.8.7-hotspot\bin\instrument.dll
Event: 0.071 Loaded shared library C:\Program Files\Microsoft\jdk-17.0.8.7-hotspot\bin\net.dll
Event: 0.072 Loaded shared library C:\Program Files\Microsoft\jdk-17.0.8.7-hotspot\bin\nio.dll
Event: 0.074 Loaded shared library C:\Program Files\Microsoft\jdk-17.0.8.7-hotspot\bin\zip.dll
Event: 0.235 Loaded shared library C:\Program Files\Microsoft\jdk-17.0.8.7-hotspot\bin\jimage.dll
Event: 0.281 Loaded shared library C:\Program Files\Microsoft\jdk-17.0.8.7-hotspot\bin\verify.dll
Event: 0.382 Loaded shared library C:\Users\ASIM GOPE\.gradle\native\c067742578af261105cb4f569cf0c3c89f3d7b1fecec35dd04571415982c5e48\windows-amd64\native-platform.dll
Event: 0.395 Loaded shared library C:\Users\ASIM GOPE\.gradle\native\38dada09dfb8b06ba9b0570ebf7e218e3eb74d4ef43ca46872605cf95ebc2f47\windows-amd64\native-platform-file-events.dll
Event: 1.210 Loaded shared library C:\Program Files\Microsoft\jdk-17.0.8.7-hotspot\bin\management.dll
Event: 1.212 Loaded shared library C:\Program Files\Microsoft\jdk-17.0.8.7-hotspot\bin\management_ext.dll
Event: 1.548 Loaded shared library C:\Program Files\Microsoft\jdk-17.0.8.7-hotspot\bin\sunmscapi.dll

Deoptimization events (20 events):
Event: 10.956 Thread 0x000001e4212f3540 DEOPT PACKING pc=0x000001e470b860dc sp=0x000000b5d9ff6600
Event: 10.956 Thread 0x000001e4212f3540 DEOPT UNPACKING pc=0x000001e4705369a3 sp=0x000000b5d9ff6570 mode 2
Event: 10.974 Thread 0x000001e4212f3540 Uncommon trap: trap_request=0xffffffde fr.pc=0x000001e470b860dc relative=0x00000000000022fc
Event: 10.974 Thread 0x000001e4212f3540 Uncommon trap: reason=class_check action=maybe_recompile pc=0x000001e470b860dc method=java.lang.Class.createAnnotationData(I)Ljava/lang/Class$AnnotationData; @ 152 c2
Event: 10.974 Thread 0x000001e4212f3540 DEOPT PACKING pc=0x000001e470b860dc sp=0x000000b5d9ff5230
Event: 10.974 Thread 0x000001e4212f3540 DEOPT UNPACKING pc=0x000001e4705369a3 sp=0x000000b5d9ff51a0 mode 2
Event: 11.115 Thread 0x000001e4212f3540 Uncommon trap: trap_request=0xffffffdc fr.pc=0x000001e470e011f0 relative=0x00000000000002d0
Event: 11.115 Thread 0x000001e4212f3540 Uncommon trap: reason=class_check action=make_not_entrant pc=0x000001e470e011f0 method=java.util.ArrayList.toArray([Ljava/lang/Object;)[Ljava/lang/Object; @ 21 c2
Event: 11.115 Thread 0x000001e4212f3540 DEOPT PACKING pc=0x000001e470e011f0 sp=0x000000b5d9ff6880
Event: 11.115 Thread 0x000001e4212f3540 DEOPT UNPACKING pc=0x000001e4705369a3 sp=0x000000b5d9ff6850 mode 2
Event: 11.155 Thread 0x000001e4212f3540 Uncommon trap: trap_request=0xffffff45 fr.pc=0x000001e470d5e94c relative=0x000000000000176c
Event: 11.155 Thread 0x000001e4212f3540 Uncommon trap: reason=unstable_if action=reinterpret pc=0x000001e470d5e94c method=java.util.concurrent.ConcurrentHashMap.computeIfAbsent(Ljava/lang/Object;Ljava/util/function/Function;)Ljava/lang/Object; @ 123 c2
Event: 11.155 Thread 0x000001e4212f3540 DEOPT PACKING pc=0x000001e470d5e94c sp=0x000000b5d9ff6680
Event: 11.155 Thread 0x000001e4212f3540 DEOPT UNPACKING pc=0x000001e4705369a3 sp=0x000000b5d9ff6610 mode 2
Event: 11.198 Thread 0x000001e4212f3540 DEOPT PACKING pc=0x000001e4696216b1 sp=0x000000b5d9ff6e90
Event: 11.198 Thread 0x000001e4212f3540 DEOPT UNPACKING pc=0x000001e470537143 sp=0x000000b5d9ff6380 mode 0
Event: 11.485 Thread 0x000001e420cba180 DEOPT PACKING pc=0x000001e46925ba71 sp=0x000000b5d91fe4c0
Event: 11.485 Thread 0x000001e420cba180 DEOPT UNPACKING pc=0x000001e470537143 sp=0x000000b5d91fd960 mode 0
Event: 11.557 Thread 0x000001e420cba180 DEOPT PACKING pc=0x000001e4698c2443 sp=0x000000b5d91fe4b0
Event: 11.557 Thread 0x000001e420cba180 DEOPT UNPACKING pc=0x000001e470537143 sp=0x000000b5d91fd938 mode 0

Classes unloaded (0 events):
No events

Classes redefined (0 events):
No events

Internal exceptions (20 events):
Event: 9.973 Thread 0x000001e4212f3540 Exception <a 'java/lang/NoSuchMethodError'{0x0000000084ef73f8}: static Lorg/jetbrains/kotlin/gradle/plugin/internal/DefaultBasePluginConfigurationVariantFactory;.<clinit>()V> (0x0000000084ef73f8) 
thrown [s\src\hotspot\share\prims\jni.cpp, line 1107]
Event: 9.994 Thread 0x000001e4212f3540 Exception <a 'java/lang/IncompatibleClassChangeError'{0x0000000084c53060}: Found class java.lang.Object, but interface was expected> (0x0000000084c53060) 
thrown [s\src\hotspot\share\interpreter\linkResolver.cpp, line 826]
Event: 10.202 Thread 0x000001e4212f3540 Implicit null exception at 0x000001e470bdaed4 to 0x000001e470bdb08c
Event: 10.202 Thread 0x000001e4212f3540 Implicit null exception at 0x000001e470ac2180 to 0x000001e470ac3e2c
Event: 10.428 Thread 0x000001e4212f3540 Implicit null exception at 0x000001e470abec72 to 0x000001e470abf28c
Event: 10.503 Thread 0x000001e4212f3540 Implicit null exception at 0x000001e470addb72 to 0x000001e470ade1ac
Event: 11.110 Thread 0x000001e4212f3540 Exception <a 'java/lang/NoSuchMethodError'{0x0000000086197d90}: 'int java.lang.invoke.DirectMethodHandle$Holder.invokeSpecialIFC(java.lang.Object, java.lang.Object, java.lang.Object, java.lang.Object, java.lang.Object)'> (0x0000000086197d90) 
thrown [s\src\hotspot\share\interpreter\linkResolver.cpp, line 759]
Event: 11.270 Thread 0x000001e4212f3540 Exception <a 'java/lang/ClassNotFoundException'{0x00000000879d2448}: org/jetbrains/kotlin/gradle/targets/js/npm/DefaultNpmDependencyExtensionBeanInfo> (0x00000000879d2448) 
thrown [s\src\hotspot\share\classfile\systemDictionary.cpp, line 256]
Event: 11.271 Thread 0x000001e4212f3540 Exception <a 'java/lang/ClassNotFoundException'{0x00000000879e50c0}: org/jetbrains/kotlin/gradle/targets/js/npm/DefaultNpmDependencyExtensionCustomizer> (0x00000000879e50c0) 
thrown [s\src\hotspot\share\classfile\systemDictionary.cpp, line 256]
Event: 11.278 Thread 0x000001e4212f3540 Exception <a 'java/lang/ClassNotFoundException'{0x0000000087886f20}: org/jetbrains/kotlin/gradle/targets/js/npm/NpmDependencyExtensionKt$defaultNpmDependencyDelegate$1BeanInfo> (0x0000000087886f20) 
thrown [s\src\hotspot\share\classfile\systemDictionary.cpp, line 256]
Event: 11.278 Thread 0x000001e4212f3540 Exception <a 'java/lang/ClassNotFoundException'{0x0000000087899bd8}: org/jetbrains/kotlin/gradle/targets/js/npm/NpmDependencyExtensionDelegateBeanInfo> (0x0000000087899bd8) 
thrown [s\src\hotspot\share\classfile\systemDictionary.cpp, line 256]
Event: 11.279 Thread 0x000001e4212f3540 Exception <a 'java/lang/ClassNotFoundException'{0x00000000878ac890}: org/jetbrains/kotlin/gradle/targets/js/npm/NpmDependencyExtensionDelegateCustomizer> (0x00000000878ac890) 
thrown [s\src\hotspot\share\classfile\systemDictionary.cpp, line 256]
Event: 11.280 Thread 0x000001e4212f3540 Exception <a 'java/lang/ClassNotFoundException'{0x00000000878e3bb8}: org/jetbrains/kotlin/gradle/targets/js/npm/NpmDependencyExtensionKt$defaultNpmDependencyDelegate$1Customizer> (0x00000000878e3bb8) 
thrown [s\src\hotspot\share\classfile\systemDictionary.cpp, line 256]
Event: 11.282 Thread 0x000001e4212f3540 Exception <a 'java/lang/ClassNotFoundException'{0x000000008772e078}: org/jetbrains/kotlin/gradle/targets/js/npm/DefaultDevNpmDependencyExtensionBeanInfo> (0x000000008772e078) 
thrown [s\src\hotspot\share\classfile\systemDictionary.cpp, line 256]
Event: 11.283 Thread 0x000001e4212f3540 Exception <a 'java/lang/ClassNotFoundException'{0x0000000087740d48}: org/jetbrains/kotlin/gradle/targets/js/npm/DefaultDevNpmDependencyExtensionCustomizer> (0x0000000087740d48) 
thrown [s\src\hotspot\share\classfile\systemDictionary.cpp, line 256]
Event: 11.285 Thread 0x000001e4212f3540 Exception <a 'java/lang/ClassNotFoundException'{0x0000000087791fc8}: org/jetbrains/kotlin/gradle/targets/js/npm/DefaultPeerNpmDependencyExtensionBeanInfo> (0x0000000087791fc8) 
thrown [s\src\hotspot\share\classfile\systemDictionary.cpp, line 256]
Event: 11.285 Thread 0x000001e4212f3540 Exception <a 'java/lang/ClassNotFoundException'{0x00000000877a4ca0}: org/jetbrains/kotlin/gradle/targets/js/npm/DefaultPeerNpmDependencyExtensionCustomizer> (0x00000000877a4ca0) 
thrown [s\src\hotspot\share\classfile\systemDictionary.cpp, line 256]
Event: 11.287 Thread 0x000001e4212f3540 Exception <a 'java/lang/ClassNotFoundException'{0x00000000877feea0}: org/jetbrains/kotlin/gradle/targets/js/npm/DefaultPeerNpmDependencyExtension$delegate$1BeanInfo> (0x00000000877feea0) 
thrown [s\src\hotspot\share\classfile\systemDictionary.cpp, line 256]
Event: 11.288 Thread 0x000001e4212f3540 Exception <a 'java/lang/ClassNotFoundException'{0x0000000087612250}: org/jetbrains/kotlin/gradle/targets/js/npm/DefaultPeerNpmDependencyExtension$delegate$1Customizer> (0x0000000087612250) 
thrown [s\src\hotspot\share\classfile\systemDictionary.cpp, line 256]
Event: 11.300 Thread 0x000001e4212f3540 Exception <a 'java/lang/NoSuchMethodError'{0x0000000087571ab8}: static Lorg/jetbrains/kotlin/gradle/plugin/internal/DefaultIdeaSyncDetector$createIdeaPropertiesEvaluator$1;.<clinit>()V> (0x0000000087571ab8) 
thrown [s\src\hotspot\share\prims\jni.cpp, line 1107]

VM Operations (20 events):
Event: 10.436 Executing VM operation: G1CollectForAllocation done
Event: 10.862 Executing VM operation: G1CollectForAllocation
Event: 10.865 Executing VM operation: G1CollectForAllocation done
Event: 10.899 Executing VM operation: G1PauseRemark
Event: 10.902 Executing VM operation: G1PauseRemark done
Event: 10.920 Executing VM operation: G1PauseCleanup
Event: 10.921 Executing VM operation: G1PauseCleanup done
Event: 11.101 Executing VM operation: HandshakeAllThreads
Event: 11.101 Executing VM operation: HandshakeAllThreads done
Event: 11.210 Executing VM operation: G1CollectForAllocation
Event: 11.213 Executing VM operation: G1CollectForAllocation done
Event: 11.233 Executing VM operation: G1CollectForAllocation
Event: 11.237 Executing VM operation: G1CollectForAllocation done
Event: 11.539 Executing VM operation: HandshakeAllThreads
Event: 11.539 Executing VM operation: HandshakeAllThreads done
Event: 11.597 Executing VM operation: HandshakeAllThreads
Event: 11.597 Executing VM operation: HandshakeAllThreads done
Event: 11.609 Executing VM operation: ICBufferFull
Event: 11.609 Executing VM operation: ICBufferFull done
Event: 11.699 Executing VM operation: G1CollectForAllocation

Events (20 events):
Event: 10.801 loading class com/sun/org/apache/xerces/internal/utils/XMLSecurityPropertyManager done
Event: 10.802 loading class com/sun/org/apache/xerces/internal/utils/XMLSecurityPropertyManager$State
Event: 10.802 loading class com/sun/org/apache/xerces/internal/utils/XMLSecurityPropertyManager$State done
Event: 10.802 loading class com/sun/org/apache/xerces/internal/utils/XMLSecurityPropertyManager$Property
Event: 10.802 loading class com/sun/org/apache/xerces/internal/utils/XMLSecurityPropertyManager$Property done
Event: 10.815 loading class java/util/regex/Pattern$SliceI
Event: 10.815 loading class java/util/regex/Pattern$SliceI done
Event: 10.832 Thread 0x000001e47fccf2f0 Thread added: 0x000001e47fccf2f0
Event: 10.834 loading class java/lang/Byte$ByteCache
Event: 10.834 loading class java/lang/Byte$ByteCache done
Event: 11.100 loading class java/util/AbstractList$ListItr
Event: 11.100 loading class java/util/AbstractList$ListItr done
Event: 11.160 loading class java/util/regex/Pattern$1
Event: 11.160 loading class java/util/regex/Pattern$1 done
Event: 11.532 loading class java/util/concurrent/LinkedBlockingDeque$Itr
Event: 11.532 loading class java/util/concurrent/LinkedBlockingDeque$AbstractItr
Event: 11.532 loading class java/util/concurrent/LinkedBlockingDeque$AbstractItr done
Event: 11.532 loading class java/util/concurrent/LinkedBlockingDeque$Itr done
Event: 11.597 Thread 0x000001e47f943370 flushing nmethod 0x000001e470c8a090
Event: 11.598 Thread 0x000001e47f943370 flushing nmethod 0x000001e470d4c890


Dynamic libraries:
0x00007ff7f6d80000 - 0x00007ff7f6d8e000 	C:\Program Files\Microsoft\jdk-17.0.8.7-hotspot\bin\java.exe
0x00007ffa3c9b0000 - 0x00007ffa3cbc7000 	C:\WINDOWS\SYSTEM32\ntdll.dll
0x00007ffa3b0c0000 - 0x00007ffa3b184000 	C:\WINDOWS\System32\KERNEL32.DLL
0x00007ffa3a2a0000 - 0x00007ffa3a64d000 	C:\WINDOWS\System32\KERNELBASE.dll
0x00007ffa39eb0000 - 0x00007ffa39fc1000 	C:\WINDOWS\System32\ucrtbase.dll
0x00007ffa1f390000 - 0x00007ffa1f3ab000 	C:\Program Files\Microsoft\jdk-17.0.8.7-hotspot\bin\VCRUNTIME140.dll
0x00007ffa23570000 - 0x00007ffa23587000 	C:\Program Files\Microsoft\jdk-17.0.8.7-hotspot\bin\jli.dll
0x00007ffa3be80000 - 0x00007ffa3c02e000 	C:\WINDOWS\System32\USER32.dll
0x00007ffa19250000 - 0x00007ffa194e3000 	C:\WINDOWS\WinSxS\amd64_microsoft.windows.common-controls_6595b64144ccf1df_6.0.22621.3672_none_2713b9d173822955\COMCTL32.dll
0x00007ffa3a6c0000 - 0x00007ffa3a6e6000 	C:\WINDOWS\System32\win32u.dll
0x00007ffa3c250000 - 0x00007ffa3c2f7000 	C:\WINDOWS\System32\msvcrt.dll
0x00007ffa3b1a0000 - 0x00007ffa3b1c9000 	C:\WINDOWS\System32\GDI32.dll
0x00007ffa39d90000 - 0x00007ffa39ea9000 	C:\WINDOWS\System32\gdi32full.dll
0x00007ffa3a200000 - 0x00007ffa3a29a000 	C:\WINDOWS\System32\msvcp_win.dll
0x00007ffa3c930000 - 0x00007ffa3c961000 	C:\WINDOWS\System32\IMM32.DLL
0x00007ffa36f20000 - 0x00007ffa36f2c000 	C:\Program Files\Microsoft\jdk-17.0.8.7-hotspot\bin\vcruntime140_1.dll
0x00007ff9fa750000 - 0x00007ff9fa7dd000 	C:\Program Files\Microsoft\jdk-17.0.8.7-hotspot\bin\msvcp140.dll
0x00007ff9b3c50000 - 0x00007ff9b48b5000 	C:\Program Files\Microsoft\jdk-17.0.8.7-hotspot\bin\server\jvm.dll
0x00007ffa3c0e0000 - 0x00007ffa3c192000 	C:\WINDOWS\System32\ADVAPI32.dll
0x00007ffa3c1a0000 - 0x00007ffa3c249000 	C:\WINDOWS\System32\sechost.dll
0x00007ffa39ce0000 - 0x00007ffa39d08000 	C:\WINDOWS\System32\bcrypt.dll
0x00007ffa3bc10000 - 0x00007ffa3bd24000 	C:\WINDOWS\System32\RPCRT4.dll
0x00007ffa392b0000 - 0x00007ffa392fd000 	C:\WINDOWS\SYSTEM32\POWRPROF.dll
0x00007ffa35760000 - 0x00007ffa35769000 	C:\WINDOWS\SYSTEM32\WSOCK32.dll
0x00007ffa35670000 - 0x00007ffa356a4000 	C:\WINDOWS\SYSTEM32\WINMM.dll
0x00007ffa3c5c0000 - 0x00007ffa3c631000 	C:\WINDOWS\System32\WS2_32.dll
0x00007ffa36250000 - 0x00007ffa3625a000 	C:\WINDOWS\SYSTEM32\VERSION.dll
0x00007ffa39270000 - 0x00007ffa39283000 	C:\WINDOWS\SYSTEM32\UMPDC.dll
0x00007ffa38d10000 - 0x00007ffa38d28000 	C:\WINDOWS\SYSTEM32\kernel.appcore.dll
0x00007ffa363e0000 - 0x00007ffa363ea000 	C:\Program Files\Microsoft\jdk-17.0.8.7-hotspot\bin\jimage.dll
0x00007ffa281d0000 - 0x00007ffa28402000 	C:\WINDOWS\SYSTEM32\DBGHELP.DLL
0x00007ffa3ab70000 - 0x00007ffa3aef8000 	C:\WINDOWS\System32\combase.dll
0x00007ffa3c740000 - 0x00007ffa3c817000 	C:\WINDOWS\System32\OLEAUT32.dll
0x00007ffa0ecc0000 - 0x00007ffa0ecf2000 	C:\WINDOWS\SYSTEM32\dbgcore.DLL
0x00007ffa39d10000 - 0x00007ffa39d8b000 	C:\WINDOWS\System32\bcryptPrimitives.dll
0x00007ffa36430000 - 0x00007ffa3643e000 	C:\Program Files\Microsoft\jdk-17.0.8.7-hotspot\bin\instrument.dll
0x00007ffa071e0000 - 0x00007ffa07205000 	C:\Program Files\Microsoft\jdk-17.0.8.7-hotspot\bin\java.dll
0x00007ff9b5040000 - 0x00007ff9b5117000 	C:\Program Files\Microsoft\jdk-17.0.8.7-hotspot\bin\jsvml.dll
0x00007ffa3b250000 - 0x00007ffa3baaf000 	C:\WINDOWS\System32\SHELL32.dll
0x00007ffa37c30000 - 0x00007ffa3852c000 	C:\WINDOWS\SYSTEM32\windows.storage.dll
0x00007ffa37af0000 - 0x00007ffa37c2f000 	C:\WINDOWS\SYSTEM32\wintypes.dll
0x00007ffa3c310000 - 0x00007ffa3c404000 	C:\WINDOWS\System32\SHCORE.dll
0x00007ffa3be00000 - 0x00007ffa3be5e000 	C:\WINDOWS\System32\shlwapi.dll
0x00007ffa39c10000 - 0x00007ffa39c31000 	C:\WINDOWS\SYSTEM32\profapi.dll
0x00007ffa0a9a0000 - 0x00007ffa0a9b8000 	C:\Program Files\Microsoft\jdk-17.0.8.7-hotspot\bin\zip.dll
0x00007ffa1d060000 - 0x00007ffa1d079000 	C:\Program Files\Microsoft\jdk-17.0.8.7-hotspot\bin\net.dll
0x00007ffa35c90000 - 0x00007ffa35dc6000 	C:\WINDOWS\SYSTEM32\WINHTTP.dll
0x00007ffa39200000 - 0x00007ffa39269000 	C:\WINDOWS\system32\mswsock.dll
0x00007ffa116c0000 - 0x00007ffa116d6000 	C:\Program Files\Microsoft\jdk-17.0.8.7-hotspot\bin\nio.dll
0x00007ffa35290000 - 0x00007ffa352a0000 	C:\Program Files\Microsoft\jdk-17.0.8.7-hotspot\bin\verify.dll
0x00007ffa11890000 - 0x00007ffa118b7000 	C:\Users\ASIM GOPE\.gradle\native\c067742578af261105cb4f569cf0c3c89f3d7b1fecec35dd04571415982c5e48\windows-amd64\native-platform.dll
0x00007ffa26b10000 - 0x00007ffa26c54000 	C:\Users\ASIM GOPE\.gradle\native\38dada09dfb8b06ba9b0570ebf7e218e3eb74d4ef43ca46872605cf95ebc2f47\windows-amd64\native-platform-file-events.dll
0x00007ffa11b40000 - 0x00007ffa11b49000 	C:\Program Files\Microsoft\jdk-17.0.8.7-hotspot\bin\management.dll
0x00007ffa11a00000 - 0x00007ffa11a0b000 	C:\Program Files\Microsoft\jdk-17.0.8.7-hotspot\bin\management_ext.dll
0x00007ffa3b190000 - 0x00007ffa3b198000 	C:\WINDOWS\System32\PSAPI.DLL
0x00007ffa394d0000 - 0x00007ffa394eb000 	C:\WINDOWS\SYSTEM32\CRYPTSP.dll
0x00007ffa38c70000 - 0x00007ffa38ca5000 	C:\WINDOWS\system32\rsaenh.dll
0x00007ffa39370000 - 0x00007ffa39398000 	C:\WINDOWS\SYSTEM32\USERENV.dll
0x00007ffa394f0000 - 0x00007ffa394fc000 	C:\WINDOWS\SYSTEM32\CRYPTBASE.dll
0x00007ffa387d0000 - 0x00007ffa387fd000 	C:\WINDOWS\SYSTEM32\IPHLPAPI.DLL
0x00007ffa3bda0000 - 0x00007ffa3bda9000 	C:\WINDOWS\System32\NSI.dll
0x00007ffa36210000 - 0x00007ffa36229000 	C:\WINDOWS\SYSTEM32\dhcpcsvc6.DLL
0x00007ffa361f0000 - 0x00007ffa3620f000 	C:\WINDOWS\SYSTEM32\dhcpcsvc.DLL
0x00007ffa38800000 - 0x00007ffa388f8000 	C:\WINDOWS\SYSTEM32\DNSAPI.dll
0x00007ffa35530000 - 0x00007ffa3553e000 	C:\Program Files\Microsoft\jdk-17.0.8.7-hotspot\bin\sunmscapi.dll
0x00007ffa3a090000 - 0x00007ffa3a1f7000 	C:\WINDOWS\System32\CRYPT32.dll
0x00007ffa39670000 - 0x00007ffa3969e000 	C:\WINDOWS\SYSTEM32\ncrypt.dll
0x00007ffa39630000 - 0x00007ffa39667000 	C:\WINDOWS\SYSTEM32\NTASN1.dll
0x00007ffa26850000 - 0x00007ffa26858000 	C:\WINDOWS\system32\wshunix.dll

dbghelp: loaded successfully - version: 4.0.5 - missing functions: none
symbol engine: initialized successfully - sym options: 0x614 - pdb path: .;C:\Program Files\Microsoft\jdk-17.0.8.7-hotspot\bin;C:\WINDOWS\SYSTEM32;C:\WINDOWS\WinSxS\amd64_microsoft.windows.common-controls_6595b64144ccf1df_6.0.22621.3672_none_2713b9d173822955;C:\Program Files\Microsoft\jdk-17.0.8.7-hotspot\bin\server;C:\Users\ASIM GOPE\.gradle\native\c067742578af261105cb4f569cf0c3c89f3d7b1fecec35dd04571415982c5e48\windows-amd64;C:\Users\ASIM GOPE\.gradle\native\38dada09dfb8b06ba9b0570ebf7e218e3eb74d4ef43ca46872605cf95ebc2f47\windows-amd64

VM Arguments:
jvm_args: -XX:MaxMetaspaceSize=512m --add-opens=java.base/java.util=ALL-UNNAMED --add-opens=java.base/java.lang=ALL-UNNAMED --add-opens=java.base/java.lang.invoke=ALL-UNNAMED --add-opens=java.prefs/java.util.prefs=ALL-UNNAMED --add-opens=java.base/java.nio.charset=ALL-UNNAMED --add-opens=java.base/java.net=ALL-UNNAMED --add-opens=java.base/java.util.concurrent.atomic=ALL-UNNAMED -Xmx2048m -Dfile.encoding=windows-1252 -Duser.country=IN -Duser.language=en -Duser.variant -javaagent:C:\Users\ASIM GOPE\.gradle\wrapper\dists\gradle-8.6-all\3mbtmo166bl6vumsh5k2lkq5h\gradle-8.6\lib\agents\gradle-instrumentation-agent-8.6.jar 
java_command: org.gradle.launcher.daemon.bootstrap.GradleDaemon 8.6
java_class_path (initial): C:\Users\ASIM GOPE\.gradle\wrapper\dists\gradle-8.6-all\3mbtmo166bl6vumsh5k2lkq5h\gradle-8.6\lib\gradle-launcher-8.6.jar
Launcher Type: SUN_STANDARD

[Global flags]
     intx CICompilerCount                          = 4                                         {product} {ergonomic}
   size_t CompressedClassSpaceSize                 = 436207616                                 {product} {ergonomic}
     uint ConcGCThreads                            = 2                                         {product} {ergonomic}
     uint G1ConcRefinementThreads                  = 8                                         {product} {ergonomic}
   size_t G1HeapRegionSize                         = 1048576                                   {product} {ergonomic}
    uintx GCDrainStackTargetSize                   = 64                                        {product} {ergonomic}
   size_t InitialHeapSize                          = 132120576                                 {product} {ergonomic}
   size_t MarkStackSize                            = 4194304                                   {product} {ergonomic}
   size_t MaxHeapSize                              = 2147483648                                {product} {command line}
   size_t MaxMetaspaceSize                         = 536870912                                 {product} {command line}
   size_t MaxNewSize                               = 1287651328                                {product} {ergonomic}
   size_t MinHeapDeltaBytes                        = 1048576                                   {product} {ergonomic}
   size_t MinHeapSize                              = 8388608                                   {product} {ergonomic}
    uintx NonNMethodCodeHeapSize                   = 5839372                                {pd product} {ergonomic}
    uintx NonProfiledCodeHeapSize                  = 122909434                              {pd product} {ergonomic}
    uintx ProfiledCodeHeapSize                     = 122909434                              {pd product} {ergonomic}
    uintx ReservedCodeCacheSize                    = 251658240                              {pd product} {ergonomic}
     bool SegmentedCodeCache                       = true                                      {product} {ergonomic}
   size_t SoftMaxHeapSize                          = 2147483648                             {manageable} {ergonomic}
     bool UseCompressedClassPointers               = true                           {product lp64_product} {ergonomic}
     bool UseCompressedOops                        = true                           {product lp64_product} {ergonomic}
     bool UseG1GC                                  = true                                      {product} {ergonomic}
     bool UseLargePagesIndividualAllocation        = false                                  {pd product} {ergonomic}

Logging:
Log output configuration:
 #0: stdout all=warning uptime,level,tags
 #1: stderr all=off uptime,level,tags

Environment Variables:
JAVA_HOME=C:\Program Files\Microsoft\jdk-17.0.8.7-hotspot\
CLASSPATH=A:\dev--\Saswatsir\Protime2\ProtimeESS\android\\gradle\wrapper\gradle-wrapper.jar
PATH=C:\Program Files\Common Files\Siemens\Automation\Simatic OAM\bin;C:\Program Files\Microsoft\jdk-17.0.8.7-hotspot\bin;C:\Python312\Scripts\;C:\Python312\;C:\oraclexe\app\oracle\product\11.2.0\server\bin;C:\Python310\Scripts\;C:\Python310\;C:\Program Files\Common Files\Oracle\Java\javapath;C:\Windows\system32;C:\Windows;C:\Windows\System32\Wbem;C:\Windows\System32\WindowsPowerShell\v1.0\;C:\Windows\System32\OpenSSH\;C:\Program Files (x86)\NVIDIA Corporation\PhysX\Common;C:\Program Files\NVIDIA Corporation\NVIDIA NvDLISR;C:\Program Files\Java\jdk-15.0.1\bin;C:\Program Files\Java\jdk-15.0.1;C:\MinGW\bin;C:\Program Files\Java\jdk-15.0.1\bin\;A:\asim\PUBGLite\PUBGLite;C:\Users\ASIM GOPE\AppData\Local\Programs\Microsoft VS Code\bin;C:\ProgramData\chocolatey\bin;C:\WINDOWS\system32;C:\WINDOWS;C:\WINDOWS\System32\Wbem;C:\WINDOWS\System32\WindowsPowerShell\v1.0\;C:\WINDOWS\System32\OpenSSH\;C:\Program Files\OpenJDK\openjdk-11.0.13_8\bin;C:\Program Files\Git\cmd;C:\Program Files\Microsoft SQL Server\150\Tools\Binn\;C:\Program Files\nodejs\;A:\bin;C:\Program Files\CMake\bin;C:\Program Files\Common Files\Siemens\Automation\Simatic OAM\bin;C:\Program Files\Microsoft\jdk-17.0.8.7-hotspot\bin;C:\Python312\Scripts\;C:\Python312\;C:\oraclexe\app\oracle\product\11.2.0\server\bin;C:\Python310\Scripts\;C:\Python310\;C:\Program Files\Common Files\Oracle\Java\javapath;C:\Windows\system32;C:\Windows;C:\Windows\System32\Wbem;C:\Windows\System32\WindowsPowerShell\v1.0\;C:\Windows\System32\OpenSSH\;C:\Program Files (x86)\NVIDIA Corporation\PhysX\Common;C:\Program Files\NVIDIA Corporation\NVIDIA NvDLISR;C:\Program Files\Java\jdk-15.0.1\bin;C:\Program Files\Java\jdk-15.0.1;C:\MinGW\bin;C:\Program Files\Java\jdk-15.0.1\bin\;A:\asim\PUBGLite\PUBGLite;C:\Users\ASIM GOPE\AppData\Local\Programs\Microsoft VS Code\bin;C:\ProgramData\chocolatey\bin;C:\WINDOWS\system32;C:\WINDOWS;C:\WINDOWS\System32\Wbem;C:\WINDOWS\System32\WindowsPowerShell\v1.0\;C:\WINDOWS\System32\OpenSSH\;C:\Program Files\OpenJDK\
USERNAME=ASIM GOPE
LANG=en_US.UTF-8
OS=Windows_NT
PROCESSOR_IDENTIFIER=Intel64 Family 6 Model 158 Stepping 13, GenuineIntel
TMP=C:\Users\ASIMGO~1\AppData\Local\Temp
TEMP=C:\Users\ASIMGO~1\AppData\Local\Temp



---------------  S Y S T E M  ---------------

OS:
 Windows 11 , 64 bit Build 22621 (10.0.22621.3672)
OS uptime: 0 days 18:17 hours

CPU: total 8 (initial active 8) (4 cores per cpu, 2 threads per core) family 6 model 158 stepping 13 microcode 0xde, cx8, cmov, fxsr, ht, mmx, 3dnowpref, sse, sse2, sse3, ssse3, sse4.1, sse4.2, popcnt, lzcnt, tsc, tscinvbit, avx, avx2, aes, erms, clmul, bmi1, bmi2, adx, fma, vzeroupper, clflush, clflushopt
Processor Information for all 8 processors :
  Max Mhz: 2401, Current Mhz: 2400, Mhz Limit: 2376

Memory: 4k page, system-wide physical 8036M (672M free)
TotalPageFile size 31131M (AvailPageFile size 21M)
current process WorkingSet (physical memory assigned to process): 326M, peak: 332M
current process commit charge ("private bytes"): 366M, peak: 443M

vm_info: OpenJDK 64-Bit Server VM (17.0.8+7-LTS) for windows-amd64 JRE (17.0.8+7-LTS), built on Jul  7 2023 17:21:55 by "MicrosoftCorporation" with MS VC++ 16.10 / 16.11 (VS2019)

END.
