#
# There is insufficient memory for the Java Runtime Environment to continue.
# Native memory allocation (mmap) failed to map 440401920 bytes for G1 virtual space
# Possible reasons:
#   The system is out of physical RAM or swap space
#   The process is running with CompressedOops enabled, and the Java Heap may be blocking the growth of the native heap
# Possible solutions:
#   Reduce memory load on the system
#   Increase physical memory or swap space
#   Check if swap backing store is full
#   Decrease Java heap size (-Xmx/-Xms)
#   Decrease number of Java threads
#   Decrease Java thread stack sizes (-Xss)
#   Set larger code cache with -XX:ReservedCodeCacheSize=
#   JVM is running with Unscaled Compressed Oops mode in which the Java heap is
#     placed in the first 4GB address space. The Java Heap base address is the
#     maximum limit for the native heap growth. Please use -XX:HeapBaseMinAddress
#     to set the Java Heap base and to place the Java Heap above 4GB virtual address.
# This output file may be truncated or incomplete.
#
#  Out of Memory Error (os_windows.cpp:3617), pid=4068, tid=4164
#
# JRE version: OpenJDK Runtime Environment Microsoft-8035246 (17.0.8+7) (build 17.0.8+7-LTS)
# Java VM: OpenJDK 64-Bit Server VM Microsoft-8035246 (17.0.8+7-LTS, mixed mode, sharing, tiered, compressed oops, compressed class ptrs, g1 gc, windows-amd64)
# No core dump will be written. Minidumps are not enabled by default on client versions of Windows
#

---------------  S U M M A R Y ------------

Command Line: -XX:MaxMetaspaceSize=512m --add-opens=java.base/java.util=ALL-UNNAMED --add-opens=java.base/java.lang=ALL-UNNAMED --add-opens=java.base/java.lang.invoke=ALL-UNNAMED --add-opens=java.prefs/java.util.prefs=ALL-UNNAMED --add-opens=java.base/java.nio.charset=ALL-UNNAMED --add-opens=java.base/java.net=ALL-UNNAMED --add-opens=java.base/java.util.concurrent.atomic=ALL-UNNAMED -Xmx2048m -Dfile.encoding=windows-1252 -Duser.country=IN -Duser.language=en -Duser.variant -javaagent:C:\Users\ASIM GOPE\.gradle\wrapper\dists\gradle-8.6-all\3mbtmo166bl6vumsh5k2lkq5h\gradle-8.6\lib\agents\gradle-instrumentation-agent-8.6.jar org.gradle.launcher.daemon.bootstrap.GradleDaemon 8.6

Host: Intel(R) Core(TM) i5-9300H CPU @ 2.40GHz, 8 cores, 7G,  Windows 11 , 64 bit Build 22621 (10.0.22621.3672)
Time: Wed Jul 24 11:32:58 2024 India Standard Time elapsed time: 20.603594 seconds (0d 0h 0m 20s)

---------------  T H R E A D  ---------------

Current thread (0x000001936ca00ea0):  VMThread "VM Thread" [stack: 0x000000735d000000,0x000000735d100000] [id=4164]

Stack: [0x000000735d000000,0x000000735d100000]
Native frames: (J=compiled Java code, j=interpreted, Vv=VM code, C=native code)
V  [jvm.dll+0x67bf3a]
V  [jvm.dll+0x83a024]
V  [jvm.dll+0x83b7ce]
V  [jvm.dll+0x83be33]
V  [jvm.dll+0x24785f]
V  [jvm.dll+0x678cb9]
V  [jvm.dll+0x66d54a]
V  [jvm.dll+0x308feb]
V  [jvm.dll+0x310496]
V  [jvm.dll+0x36019e]
V  [jvm.dll+0x3603cf]
V  [jvm.dll+0x2dff38]
V  [jvm.dll+0x2de114]
V  [jvm.dll+0x2dd71c]
V  [jvm.dll+0x32143b]
V  [jvm.dll+0x84032b]
V  [jvm.dll+0x841064]
V  [jvm.dll+0x84157d]
V  [jvm.dll+0x841954]
V  [jvm.dll+0x841a20]
V  [jvm.dll+0x7ea13a]
V  [jvm.dll+0x67ad85]
C  [ucrtbase.dll+0x29333]
C  [KERNEL32.DLL+0x1257d]
C  [ntdll.dll+0x5af28]

VM_Operation (0x000000735e9f5130): G1CollectForAllocation, mode: safepoint, requested by thread 0x000001936cc352c0


---------------  P R O C E S S  ---------------

Threads class SMR info:
_java_thread_list=0x0000019373b8e790, length=102, elements={
0x000001934e5b1690, 0x000001936ca08580, 0x000001936ca0a150, 0x000001936ca1f600,
0x000001936ca21fe0, 0x000001936ca228b0, 0x000001936ca23270, 0x000001936ca26020,
0x000001936ca39840, 0x000001936ca4d250, 0x000001936cc32f50, 0x000001936cc361f0,
0x000001936cc33e80, 0x000001936cc34390, 0x000001936cc348a0, 0x000001936cc32a40,
0x000001936cc33970, 0x000001936cc34db0, 0x000001936cc352c0, 0x000001936cc357d0,
0x000001936cc35ce0, 0x000001936cc33460, 0x0000019372c9c8f0, 0x0000019372c9b4b0,
0x0000019372c9f680, 0x0000019372c9ce00, 0x0000019372c9a070, 0x0000019372c9d310,
0x0000019372c9c3e0, 0x0000019372c9dd30, 0x0000019372c9bed0, 0x0000019372c9aa90,
0x0000019372c9f170, 0x0000019372c9afa0, 0x0000019372ca00a0, 0x0000019372ca05b0,
0x0000019372c9d820, 0x0000019372c99650, 0x0000019372ca0fd0, 0x0000019372c99b60,
0x0000019372c9a580, 0x00000193753c88f0, 0x00000193753c8e00, 0x00000193753c9310,
0x00000193753cac60, 0x00000193753c9820, 0x00000193753c9d30, 0x00000193753ca240,
0x00000193753ca750, 0x00000193753cb170, 0x00000193753cb680, 0x00000193753cbb90,
0x00000193753cc0a0, 0x0000019376940f20, 0x0000019376941940, 0x0000019376942360,
0x0000019376942870, 0x0000019376942d80, 0x0000019376941e50, 0x0000019376940a10,
0x000001937693fae0, 0x000001937693fff0, 0x0000019376941430, 0x0000019373c72d40,
0x0000019373c71e10, 0x0000019373c74ba0, 0x0000019373c73250, 0x0000019373c77420,
0x0000019373c72830, 0x0000019373c76f10, 0x0000019373c78d70, 0x0000019373c78350,
0x0000019373c750b0, 0x0000019373c76a00, 0x0000019373c77e40, 0x0000019373c764f0,
0x0000019373c73760, 0x0000019373c77930, 0x0000019373c73c70, 0x0000019373c74180,
0x0000019373c74690, 0x0000019373c78860, 0x0000019373c79280, 0x0000019373c75ad0,
0x0000019373c755c0, 0x0000019373c79790, 0x0000019373c72320, 0x0000019373c75fe0,
0x00000193769fe7a0, 0x00000193769fb500, 0x00000193769faff0, 0x00000193769fc940,
0x0000019376a02970, 0x0000019376a01020, 0x0000019376a000f0, 0x0000019376a01a40,
0x00000193767eea10, 0x00000193769ff1c0, 0x0000019376a00600, 0x00000193769fce50,
0x00000193769fba10, 0x0000019376a00b10
}

Java Threads: ( => current thread )
  0x000001934e5b1690 JavaThread "main" [_thread_blocked, id=25516, stack(0x000000735ca00000,0x000000735cb00000)]
  0x000001936ca08580 JavaThread "Reference Handler" daemon [_thread_blocked, id=26560, stack(0x000000735d100000,0x000000735d200000)]
  0x000001936ca0a150 JavaThread "Finalizer" daemon [_thread_blocked, id=14976, stack(0x000000735d200000,0x000000735d300000)]
  0x000001936ca1f600 JavaThread "Signal Dispatcher" daemon [_thread_blocked, id=15280, stack(0x000000735d300000,0x000000735d400000)]
  0x000001936ca21fe0 JavaThread "Attach Listener" daemon [_thread_blocked, id=26352, stack(0x000000735d400000,0x000000735d500000)]
  0x000001936ca228b0 JavaThread "Service Thread" daemon [_thread_blocked, id=22968, stack(0x000000735d500000,0x000000735d600000)]
  0x000001936ca23270 JavaThread "Monitor Deflation Thread" daemon [_thread_blocked, id=15700, stack(0x000000735d600000,0x000000735d700000)]
  0x000001936ca26020 JavaThread "C2 CompilerThread0" daemon [_thread_blocked, id=25748, stack(0x000000735d700000,0x000000735d800000)]
  0x000001936ca39840 JavaThread "C1 CompilerThread0" daemon [_thread_blocked, id=4748, stack(0x000000735d800000,0x000000735d900000)]
  0x000001936ca4d250 JavaThread "Sweeper thread" daemon [_thread_blocked, id=25872, stack(0x000000735d900000,0x000000735da00000)]
  0x000001936cc32f50 JavaThread "Common-Cleaner" daemon [_thread_blocked, id=26224, stack(0x000000735da00000,0x000000735db00000)]
  0x000001936cc361f0 JavaThread "Notification Thread" daemon [_thread_blocked, id=19052, stack(0x000000735db00000,0x000000735dc00000)]
  0x000001936cc33e80 JavaThread "Daemon health stats" [_thread_blocked, id=20340, stack(0x000000735e300000,0x000000735e400000)]
  0x000001936cc34390 JavaThread "Incoming local TCP Connector on port 59258" [_thread_in_native, id=9012, stack(0x000000735e400000,0x000000735e500000)]
  0x000001936cc348a0 JavaThread "Daemon periodic checks" [_thread_blocked, id=17084, stack(0x000000735e500000,0x000000735e600000)]
  0x000001936cc32a40 JavaThread "Daemon" [_thread_blocked, id=6940, stack(0x000000735e600000,0x000000735e700000)]
  0x000001936cc33970 JavaThread "Handler for socket connection from /127.0.0.1:59258 to /127.0.0.1:59259" [_thread_in_native, id=23528, stack(0x000000735e700000,0x000000735e800000)]
  0x000001936cc34db0 JavaThread "Cancel handler" [_thread_blocked, id=23288, stack(0x000000735e800000,0x000000735e900000)]
  0x000001936cc352c0 JavaThread "Daemon worker" [_thread_blocked, id=12404, stack(0x000000735e900000,0x000000735ea00000)]
  0x000001936cc357d0 JavaThread "Asynchronous log dispatcher for DefaultDaemonConnection: socket connection from /127.0.0.1:59258 to /127.0.0.1:59259" [_thread_blocked, id=5052, stack(0x000000735ea00000,0x000000735eb00000)]
  0x000001936cc35ce0 JavaThread "Stdin handler" [_thread_blocked, id=25688, stack(0x000000735eb00000,0x000000735ec00000)]
  0x000001936cc33460 JavaThread "Daemon client event forwarder" [_thread_blocked, id=23024, stack(0x000000735ec00000,0x000000735ed00000)]
  0x0000019372c9c8f0 JavaThread "Cache worker for journal cache (C:\Users\ASIM GOPE\.gradle\caches\journal-1)" [_thread_blocked, id=11148, stack(0x000000735ed00000,0x000000735ee00000)]
  0x0000019372c9b4b0 JavaThread "File lock request listener" [_thread_in_native, id=10592, stack(0x000000735ee00000,0x000000735ef00000)]
  0x0000019372c9f680 JavaThread "Cache worker for file hash cache (C:\Users\ASIM GOPE\.gradle\caches\8.6\fileHashes)" [_thread_blocked, id=21700, stack(0x000000735ef00000,0x000000735f000000)]
  0x0000019372c9ce00 JavaThread "File watcher server" daemon [_thread_blocked, id=8484, stack(0x000000735f300000,0x000000735f400000)]
  0x0000019372c9a070 JavaThread "File watcher consumer" daemon [_thread_blocked, id=12736, stack(0x000000735f400000,0x000000735f500000)]
  0x0000019372c9d310 JavaThread "Cache worker for checksums cache (A:\dev--\Saswatsir\Protime2\ProtimeESS\android\.gradle\8.6\checksums)" [_thread_blocked, id=17236, stack(0x000000735f500000,0x000000735f600000)]
  0x0000019372c9c3e0 JavaThread "Cache worker for file hash cache (A:\dev--\Saswatsir\Protime2\ProtimeESS\android\.gradle\8.6\fileHashes)" [_thread_blocked, id=26596, stack(0x000000735f700000,0x000000735f800000)]
  0x0000019372c9dd30 JavaThread "Cache worker for cache directory md-supplier (C:\Users\ASIM GOPE\.gradle\caches\8.6\md-supplier)" [_thread_blocked, id=21560, stack(0x000000735f800000,0x000000735f900000)]
  0x0000019372c9bed0 JavaThread "Cache worker for cache directory md-rule (C:\Users\ASIM GOPE\.gradle\caches\8.6\md-rule)" [_thread_blocked, id=25892, stack(0x000000735f900000,0x000000735fa00000)]
  0x0000019372c9aa90 JavaThread "Cache worker for file content cache (C:\Users\ASIM GOPE\.gradle\caches\8.6\fileContent)" [_thread_blocked, id=23400, stack(0x000000735de00000,0x000000735df00000)]
  0x0000019372c9f170 JavaThread "jar transforms" [_thread_blocked, id=24580, stack(0x000000735fb00000,0x000000735fc00000)]
  0x0000019372c9afa0 JavaThread "jar transforms Thread 2" [_thread_blocked, id=3896, stack(0x000000735fc00000,0x000000735fd00000)]
  0x0000019372ca00a0 JavaThread "jar transforms Thread 3" [_thread_blocked, id=26424, stack(0x000000735fd00000,0x000000735fe00000)]
  0x0000019372ca05b0 JavaThread "jar transforms Thread 4" [_thread_blocked, id=5296, stack(0x000000735fe00000,0x000000735ff00000)]
  0x0000019372c9d820 JavaThread "Exec process" [_thread_blocked, id=21368, stack(0x000000735ff00000,0x0000007360000000)]
  0x0000019372c99650 JavaThread "Exec process Thread 2" [_thread_blocked, id=25612, stack(0x0000007360000000,0x0000007360100000)]
  0x0000019372ca0fd0 JavaThread "Exec process Thread 3" [_thread_blocked, id=7724, stack(0x0000007360100000,0x0000007360200000)]
  0x0000019372c99b60 JavaThread "jar transforms Thread 5" [_thread_blocked, id=5148, stack(0x0000007360200000,0x0000007360300000)]
  0x0000019372c9a580 JavaThread "jar transforms Thread 6" [_thread_blocked, id=12180, stack(0x0000007360300000,0x0000007360400000)]
  0x00000193753c88f0 JavaThread "Unconstrained build operations" [_thread_blocked, id=25732, stack(0x0000007360400000,0x0000007360500000)]
  0x00000193753c8e00 JavaThread "Unconstrained build operations Thread 2" [_thread_blocked, id=3816, stack(0x0000007360500000,0x0000007360600000)]
  0x00000193753c9310 JavaThread "jar transforms Thread 7" [_thread_blocked, id=10004, stack(0x0000007360600000,0x0000007360700000)]
  0x00000193753cac60 JavaThread "jar transforms Thread 8" [_thread_blocked, id=8232, stack(0x0000007360700000,0x0000007360800000)]
  0x00000193753c9820 JavaThread "Cache worker for Build Output Cleanup Cache (A:\dev--\Saswatsir\Protime2\ProtimeESS\node_modules\@react-native\gradle-plugin\.gradle\buildOutputCleanup)" [_thread_blocked, id=19612, stack(0x0000007360800000,0x0000007360900000)]
  0x00000193753c9d30 JavaThread "Unconstrained build operations Thread 3" [_thread_blocked, id=19152, stack(0x0000007360900000,0x0000007360a00000)]
  0x00000193753ca240 JavaThread "Unconstrained build operations Thread 4" [_thread_blocked, id=26368, stack(0x0000007360a00000,0x0000007360b00000)]
  0x00000193753ca750 JavaThread "Unconstrained build operations Thread 5" [_thread_blocked, id=19668, stack(0x0000007360b00000,0x0000007360c00000)]
  0x00000193753cb170 JavaThread "Unconstrained build operations Thread 6" [_thread_blocked, id=26228, stack(0x0000007360c00000,0x0000007360d00000)]
  0x00000193753cb680 JavaThread "Unconstrained build operations Thread 7" [_thread_blocked, id=6068, stack(0x0000007360d00000,0x0000007360e00000)]
  0x00000193753cbb90 JavaThread "Unconstrained build operations Thread 8" [_thread_blocked, id=24360, stack(0x0000007360e00000,0x0000007360f00000)]
  0x00000193753cc0a0 JavaThread "Unconstrained build operations Thread 9" [_thread_blocked, id=12000, stack(0x0000007360f00000,0x0000007361000000)]
  0x0000019376940f20 JavaThread "build event listener" [_thread_blocked, id=10504, stack(0x0000007361000000,0x0000007361100000)]
  0x0000019376941940 JavaThread "Memory manager" [_thread_blocked, id=11828, stack(0x0000007361100000,0x0000007361200000)]
  0x0000019376942360 JavaThread "Cache worker for Build Output Cleanup Cache (A:\dev--\Saswatsir\Protime2\ProtimeESS\android\.gradle\buildOutputCleanup)" [_thread_blocked, id=6688, stack(0x0000007361200000,0x0000007361300000)]
  0x0000019376942870 JavaThread "ForkJoinPool.commonPool-worker-1" daemon [_thread_blocked, id=18864, stack(0x0000007361300000,0x0000007361400000)]
  0x0000019376942d80 JavaThread "ForkJoinPool.commonPool-worker-2" daemon [_thread_blocked, id=14908, stack(0x0000007361400000,0x0000007361500000)]
  0x0000019376941e50 JavaThread "ForkJoinPool.commonPool-worker-3" daemon [_thread_blocked, id=25760, stack(0x0000007361500000,0x0000007361600000)]
  0x0000019376940a10 JavaThread "ForkJoinPool.commonPool-worker-4" daemon [_thread_blocked, id=7008, stack(0x0000007361600000,0x0000007361700000)]
  0x000001937693fae0 JavaThread "ForkJoinPool.commonPool-worker-5" daemon [_thread_blocked, id=26464, stack(0x0000007361700000,0x0000007361800000)]
  0x000001937693fff0 JavaThread "ForkJoinPool.commonPool-worker-6" daemon [_thread_blocked, id=16224, stack(0x0000007361800000,0x0000007361900000)]
  0x0000019376941430 JavaThread "ForkJoinPool.commonPool-worker-7" daemon [_thread_blocked, id=22636, stack(0x0000007361900000,0x0000007361a00000)]
  0x0000019373c72d40 JavaThread "included builds" [_thread_blocked, id=26244, stack(0x000000735fa00000,0x000000735fb00000)]
  0x0000019373c71e10 JavaThread "Execution worker" [_thread_blocked, id=22476, stack(0x0000007361a00000,0x0000007361b00000)]
  0x0000019373c74ba0 JavaThread "Execution worker Thread 2" [_thread_blocked, id=1776, stack(0x0000007361b00000,0x0000007361c00000)]
  0x0000019373c73250 JavaThread "Execution worker Thread 3" [_thread_blocked, id=23640, stack(0x0000007361c00000,0x0000007361d00000)]
  0x0000019373c77420 JavaThread "Execution worker Thread 4" [_thread_blocked, id=12960, stack(0x0000007361d00000,0x0000007361e00000)]
  0x0000019373c72830 JavaThread "Execution worker Thread 5" [_thread_blocked, id=17384, stack(0x0000007361e00000,0x0000007361f00000)]
  0x0000019373c76f10 JavaThread "Execution worker Thread 6" [_thread_blocked, id=17952, stack(0x0000007361f00000,0x0000007362000000)]
  0x0000019373c78d70 JavaThread "Execution worker Thread 7" [_thread_blocked, id=23660, stack(0x0000007362000000,0x0000007362100000)]
  0x0000019373c78350 JavaThread "Cache worker for execution history cache (A:\dev--\Saswatsir\Protime2\ProtimeESS\node_modules\@react-native\gradle-plugin\.gradle\8.6\executionHistory)" [_thread_blocked, id=20604, stack(0x0000007362100000,0x0000007362200000)]
  0x0000019373c750b0 JavaThread "Unconstrained build operations Thread 10" [_thread_blocked, id=21352, stack(0x0000007362200000,0x0000007362300000)]
  0x0000019373c76a00 JavaThread "Unconstrained build operations Thread 11" [_thread_blocked, id=4188, stack(0x0000007362300000,0x0000007362400000)]
  0x0000019373c77e40 JavaThread "Unconstrained build operations Thread 12" [_thread_blocked, id=17724, stack(0x0000007362400000,0x0000007362500000)]
  0x0000019373c764f0 JavaThread "Unconstrained build operations Thread 13" [_thread_blocked, id=3324, stack(0x0000007362500000,0x0000007362600000)]
  0x0000019373c73760 JavaThread "Unconstrained build operations Thread 14" [_thread_blocked, id=17416, stack(0x0000007362600000,0x0000007362700000)]
  0x0000019373c77930 JavaThread "Unconstrained build operations Thread 15" [_thread_blocked, id=24652, stack(0x0000007362700000,0x0000007362800000)]
  0x0000019373c73c70 JavaThread "Unconstrained build operations Thread 16" [_thread_blocked, id=11268, stack(0x0000007362800000,0x0000007362900000)]
  0x0000019373c74180 JavaThread "Unconstrained build operations Thread 17" [_thread_blocked, id=11720, stack(0x0000007362900000,0x0000007362a00000)]
  0x0000019373c74690 JavaThread "Unconstrained build operations Thread 18" [_thread_blocked, id=17708, stack(0x0000007362a00000,0x0000007362b00000)]
  0x0000019373c78860 JavaThread "Unconstrained build operations Thread 19" [_thread_blocked, id=26548, stack(0x0000007362b00000,0x0000007362c00000)]
  0x0000019373c79280 JavaThread "Unconstrained build operations Thread 20" [_thread_blocked, id=2464, stack(0x0000007362c00000,0x0000007362d00000)]
  0x0000019373c75ad0 JavaThread "Unconstrained build operations Thread 21" [_thread_blocked, id=23448, stack(0x0000007362d00000,0x0000007362e00000)]
  0x0000019373c755c0 JavaThread "Unconstrained build operations Thread 22" [_thread_blocked, id=22072, stack(0x0000007362e00000,0x0000007362f00000)]
  0x0000019373c79790 JavaThread "Unconstrained build operations Thread 23" [_thread_blocked, id=17360, stack(0x0000007362f00000,0x0000007363000000)]
  0x0000019373c72320 JavaThread "Unconstrained build operations Thread 24" [_thread_blocked, id=16052, stack(0x0000007363000000,0x0000007363100000)]
  0x0000019373c75fe0 JavaThread "Unconstrained build operations Thread 25" [_thread_blocked, id=21460, stack(0x0000007363100000,0x0000007363200000)]
  0x00000193769fe7a0 JavaThread "Unconstrained build operations Thread 26" [_thread_blocked, id=13728, stack(0x0000007363200000,0x0000007363300000)]
  0x00000193769fb500 JavaThread "Unconstrained build operations Thread 27" [_thread_blocked, id=7936, stack(0x0000007363300000,0x0000007363400000)]
  0x00000193769faff0 JavaThread "Unconstrained build operations Thread 28" [_thread_blocked, id=25356, stack(0x0000007363400000,0x0000007363500000)]
  0x00000193769fc940 JavaThread "Unconstrained build operations Thread 29" [_thread_blocked, id=22312, stack(0x0000007363500000,0x0000007363600000)]
  0x0000019376a02970 JavaThread "Unconstrained build operations Thread 30" [_thread_blocked, id=16796, stack(0x0000007363600000,0x0000007363700000)]
  0x0000019376a01020 JavaThread "Unconstrained build operations Thread 31" [_thread_blocked, id=18524, stack(0x0000007363700000,0x0000007363800000)]
  0x0000019376a000f0 JavaThread "Unconstrained build operations Thread 32" [_thread_blocked, id=4416, stack(0x0000007363800000,0x0000007363900000)]
  0x0000019376a01a40 JavaThread "build event listener" [_thread_blocked, id=4964, stack(0x0000007363900000,0x0000007363a00000)]
  0x00000193767eea10 JavaThread "C2 CompilerThread1" daemon [_thread_blocked, id=20528, stack(0x000000735dd00000,0x000000735de00000)]
  0x00000193769ff1c0 JavaThread "Unconstrained build operations Thread 33" [_thread_blocked, id=1356, stack(0x0000007363a00000,0x0000007363b00000)]
  0x0000019376a00600 JavaThread "Unconstrained build operations Thread 34" [_thread_blocked, id=24372, stack(0x0000007363b00000,0x0000007363c00000)]
  0x00000193769fce50 JavaThread "Unconstrained build operations Thread 35" [_thread_blocked, id=12208, stack(0x0000007363c00000,0x0000007363d00000)]
  0x00000193769fba10 JavaThread "Unconstrained build operations Thread 36" [_thread_blocked, id=17884, stack(0x0000007363d00000,0x0000007363e00000)]
  0x0000019376a00b10 JavaThread "Unconstrained build operations Thread 37" [_thread_blocked, id=6452, stack(0x0000007363e00000,0x0000007363f00000)]

Other Threads:
=>0x000001936ca00ea0 VMThread "VM Thread" [stack: 0x000000735d000000,0x000000735d100000] [id=4164]
  0x000001934e62d800 WatcherThread [stack: 0x000000735dc00000,0x000000735dd00000] [id=24532]
  0x000001934e60ce40 GCTaskThread "GC Thread#0" [stack: 0x000000735cb00000,0x000000735cc00000] [id=18496]
  0x0000019371c1cf00 GCTaskThread "GC Thread#1" [stack: 0x000000735df00000,0x000000735e000000] [id=3884]
  0x00000193718a0630 GCTaskThread "GC Thread#2" [stack: 0x000000735e000000,0x000000735e100000] [id=8984]
  0x0000019371956190 GCTaskThread "GC Thread#3" [stack: 0x000000735e100000,0x000000735e200000] [id=4364]
  0x0000019371ac58b0 GCTaskThread "GC Thread#4" [stack: 0x000000735e200000,0x000000735e300000] [id=24968]
  0x00000193733a2590 GCTaskThread "GC Thread#5" [stack: 0x000000735f000000,0x000000735f100000] [id=19784]
  0x0000019372f09750 GCTaskThread "GC Thread#6" [stack: 0x000000735f100000,0x000000735f200000] [id=13900]
  0x0000019372ceecd0 GCTaskThread "GC Thread#7" [stack: 0x000000735f200000,0x000000735f300000] [id=26216]
  0x000001934e61dd90 ConcurrentGCThread "G1 Main Marker" [stack: 0x000000735cc00000,0x000000735cd00000] [id=15680]
  0x000001934e61ef40 ConcurrentGCThread "G1 Conc#0" [stack: 0x000000735cd00000,0x000000735ce00000] [id=12516]
  0x00000193742de080 ConcurrentGCThread "G1 Conc#1" [stack: 0x000000735f600000,0x000000735f700000] [id=25020]
  0x000001934e65dbb0 ConcurrentGCThread "G1 Refine#0" [stack: 0x000000735ce00000,0x000000735cf00000] [id=26360]
  0x000001934e65e5e0 ConcurrentGCThread "G1 Service" [stack: 0x000000735cf00000,0x000000735d000000] [id=19544]

Threads with active compile tasks:
C2 CompilerThread0    20628 10788       4       java.beans.Introspector::addMethod (196 bytes)
C2 CompilerThread1    20628 10967 %     4       org.gradle.internal.instantiation.generator.AbstractClassGenerator::inspectType @ 250 (560 bytes)

VM state: at safepoint (normal execution)

VM Mutex/Monitor currently owned by a thread:  ([mutex/lock_event])
[0x000001934e5ac440] Threads_lock - owner thread: 0x000001936ca00ea0
[0x000001934e5ad7f0] Heap_lock - owner thread: 0x000001936cc352c0

Heap address: 0x0000000080000000, size: 2048 MB, Compressed Oops mode: 32-bit

CDS archive(s) mapped at: [0x0000019300000000-0x0000019300bd0000-0x0000019300bd0000), size 12386304, SharedBaseAddress: 0x0000019300000000, ArchiveRelocationMode: 1.
Compressed class space mapped at: 0x0000019301000000-0x000001931b000000, reserved size: 436207616
Narrow klass base: 0x0000019300000000, Narrow klass shift: 0, Narrow klass range: 0x100000000

GC Precious Log:
 CPUs: 8 total, 8 available
 Memory: 8036M
 Large Page Support: Disabled
 NUMA Support: Disabled
 Compressed Oops: Enabled (32-bit)
 Heap Region Size: 1M
 Heap Min Capacity: 8M
 Heap Initial Capacity: 126M
 Heap Max Capacity: 2G
 Pre-touch: Disabled
 Parallel Workers: 8
 Concurrent Workers: 2
 Concurrent Refinement Workers: 8
 Periodic GC: Disabled

Heap:
 garbage-first heap   total 215040K, used 114487K [0x0000000080000000, 0x0000000100000000)
  region size 1024K, 7 young (7168K), 7 survivors (7168K)
 Metaspace       used 91818K, committed 92736K, reserved 557056K
  class space    used 13030K, committed 13440K, reserved 425984K

Heap Regions: E=young(eden), S=young(survivor), O=old, HS=humongous(starts), HC=humongous(continues), CS=collection set, F=free, OA=open archive, CA=closed archive, TAMS=top-at-mark-start (previous, next)
|   0|0x0000000080000000, 0x0000000080100000, 0x0000000080100000|100%|HS|  |TAMS 0x0000000080100000, 0x0000000080000000| Complete 
|   1|0x0000000080100000, 0x0000000080200000, 0x0000000080200000|100%|HC|  |TAMS 0x0000000080200000, 0x0000000080100000| Complete 
|   2|0x0000000080200000, 0x0000000080300000, 0x0000000080300000|100%|HC|  |TAMS 0x0000000080300000, 0x0000000080200000| Complete 
|   3|0x0000000080300000, 0x0000000080400000, 0x0000000080400000|100%|HC|  |TAMS 0x0000000080400000, 0x0000000080300000| Complete 
|   4|0x0000000080400000, 0x0000000080500000, 0x0000000080500000|100%| O|  |TAMS 0x0000000080500000, 0x0000000080400000| Untracked 
|   5|0x0000000080500000, 0x0000000080600000, 0x0000000080600000|100%| O|  |TAMS 0x0000000080600000, 0x0000000080500000| Untracked 
|   6|0x0000000080600000, 0x0000000080700000, 0x0000000080700000|100%| O|  |TAMS 0x0000000080700000, 0x0000000080600000| Untracked 
|   7|0x0000000080700000, 0x0000000080800000, 0x0000000080800000|100%| O|  |TAMS 0x0000000080800000, 0x0000000080700000| Untracked 
|   8|0x0000000080800000, 0x0000000080900000, 0x0000000080900000|100%| O|  |TAMS 0x0000000080900000, 0x0000000080800000| Untracked 
|   9|0x0000000080900000, 0x0000000080a00000, 0x0000000080a00000|100%| O|  |TAMS 0x0000000080a00000, 0x0000000080900000| Untracked 
|  10|0x0000000080a00000, 0x0000000080b00000, 0x0000000080b00000|100%| O|  |TAMS 0x0000000080b00000, 0x0000000080a00000| Untracked 
|  11|0x0000000080b00000, 0x0000000080c00000, 0x0000000080c00000|100%| O|  |TAMS 0x0000000080c00000, 0x0000000080b00000| Untracked 
|  12|0x0000000080c00000, 0x0000000080d00000, 0x0000000080d00000|100%| O|  |TAMS 0x0000000080d00000, 0x0000000080c00000| Untracked 
|  13|0x0000000080d00000, 0x0000000080e00000, 0x0000000080e00000|100%| O|  |TAMS 0x0000000080e00000, 0x0000000080d00000| Untracked 
|  14|0x0000000080e00000, 0x0000000080f00000, 0x0000000080f00000|100%| O|  |TAMS 0x0000000080f00000, 0x0000000080e00000| Untracked 
|  15|0x0000000080f00000, 0x0000000081000000, 0x0000000081000000|100%| O|  |TAMS 0x0000000081000000, 0x0000000080f00000| Untracked 
|  16|0x0000000081000000, 0x0000000081100000, 0x0000000081100000|100%| O|  |TAMS 0x0000000081100000, 0x0000000081000000| Untracked 
|  17|0x0000000081100000, 0x0000000081200000, 0x0000000081200000|100%| O|  |TAMS 0x0000000081200000, 0x0000000081100000| Untracked 
|  18|0x0000000081200000, 0x0000000081300000, 0x0000000081300000|100%| O|  |TAMS 0x0000000081300000, 0x0000000081200000| Untracked 
|  19|0x0000000081300000, 0x0000000081400000, 0x0000000081400000|100%| O|  |TAMS 0x0000000081400000, 0x0000000081300000| Untracked 
|  20|0x0000000081400000, 0x0000000081500000, 0x0000000081500000|100%| O|  |TAMS 0x0000000081500000, 0x0000000081400000| Untracked 
|  21|0x0000000081500000, 0x0000000081600000, 0x0000000081600000|100%| O|  |TAMS 0x0000000081600000, 0x0000000081500000| Untracked 
|  22|0x0000000081600000, 0x0000000081700000, 0x0000000081700000|100%| O|  |TAMS 0x0000000081700000, 0x0000000081600000| Untracked 
|  23|0x0000000081700000, 0x0000000081800000, 0x0000000081800000|100%| O|  |TAMS 0x0000000081800000, 0x0000000081700000| Untracked 
|  24|0x0000000081800000, 0x0000000081900000, 0x0000000081900000|100%| O|  |TAMS 0x0000000081900000, 0x0000000081800000| Untracked 
|  25|0x0000000081900000, 0x0000000081a00000, 0x0000000081a00000|100%| O|  |TAMS 0x0000000081a00000, 0x0000000081900000| Untracked 
|  26|0x0000000081a00000, 0x0000000081b00000, 0x0000000081b00000|100%| O|  |TAMS 0x0000000081b00000, 0x0000000081a00000| Untracked 
|  27|0x0000000081b00000, 0x0000000081c00000, 0x0000000081c00000|100%| O|  |TAMS 0x0000000081c00000, 0x0000000081b00000| Untracked 
|  28|0x0000000081c00000, 0x0000000081d00000, 0x0000000081d00000|100%| O|  |TAMS 0x0000000081d00000, 0x0000000081c00000| Untracked 
|  29|0x0000000081d00000, 0x0000000081e00000, 0x0000000081e00000|100%| O|  |TAMS 0x0000000081e00000, 0x0000000081d00000| Untracked 
|  30|0x0000000081e00000, 0x0000000081f00000, 0x0000000081f00000|100%| O|  |TAMS 0x0000000081f00000, 0x0000000081e00000| Untracked 
|  31|0x0000000081f00000, 0x0000000082000000, 0x0000000082000000|100%| O|  |TAMS 0x0000000082000000, 0x0000000081f00000| Untracked 
|  32|0x0000000082000000, 0x0000000082100000, 0x0000000082100000|100%| O|  |TAMS 0x0000000082100000, 0x0000000082000000| Untracked 
|  33|0x0000000082100000, 0x0000000082200000, 0x0000000082200000|100%| O|  |TAMS 0x0000000082200000, 0x0000000082100000| Untracked 
|  34|0x0000000082200000, 0x0000000082300000, 0x0000000082300000|100%| O|  |TAMS 0x0000000082300000, 0x0000000082200000| Untracked 
|  35|0x0000000082300000, 0x0000000082400000, 0x0000000082400000|100%| O|  |TAMS 0x0000000082400000, 0x0000000082300000| Untracked 
|  36|0x0000000082400000, 0x0000000082500000, 0x0000000082500000|100%| O|  |TAMS 0x0000000082500000, 0x0000000082400000| Untracked 
|  37|0x0000000082500000, 0x0000000082600000, 0x0000000082600000|100%| O|  |TAMS 0x0000000082600000, 0x0000000082500000| Untracked 
|  38|0x0000000082600000, 0x0000000082700000, 0x0000000082700000|100%| O|  |TAMS 0x0000000082700000, 0x0000000082600000| Untracked 
|  39|0x0000000082700000, 0x0000000082800000, 0x0000000082800000|100%| O|  |TAMS 0x0000000082800000, 0x0000000082700000| Untracked 
|  40|0x0000000082800000, 0x0000000082900000, 0x0000000082900000|100%| O|  |TAMS 0x0000000082900000, 0x0000000082800000| Untracked 
|  41|0x0000000082900000, 0x0000000082a00000, 0x0000000082a00000|100%|HS|  |TAMS 0x0000000082a00000, 0x0000000082900000| Complete 
|  42|0x0000000082a00000, 0x0000000082b00000, 0x0000000082b00000|100%|HC|  |TAMS 0x0000000082b00000, 0x0000000082a00000| Complete 
|  43|0x0000000082b00000, 0x0000000082c00000, 0x0000000082c00000|100%|HS|  |TAMS 0x0000000082c00000, 0x0000000082b00000| Complete 
|  44|0x0000000082c00000, 0x0000000082d00000, 0x0000000082d00000|100%|HC|  |TAMS 0x0000000082d00000, 0x0000000082c00000| Complete 
|  45|0x0000000082d00000, 0x0000000082e00000, 0x0000000082e00000|100%| O|  |TAMS 0x0000000082e00000, 0x0000000082d00000| Untracked 
|  46|0x0000000082e00000, 0x0000000082f00000, 0x0000000082f00000|100%| O|  |TAMS 0x0000000082e54200, 0x0000000082e00000| Untracked 
|  47|0x0000000082f00000, 0x0000000083000000, 0x0000000083000000|100%| O|  |TAMS 0x0000000082f00000, 0x0000000082f00000| Untracked 
|  48|0x0000000083000000, 0x0000000083100000, 0x0000000083100000|100%| O|  |TAMS 0x0000000083100000, 0x0000000083000000| Untracked 
|  49|0x0000000083100000, 0x0000000083200000, 0x0000000083200000|100%| O|  |TAMS 0x0000000083200000, 0x0000000083100000| Untracked 
|  50|0x0000000083200000, 0x0000000083300000, 0x0000000083300000|100%| O|  |TAMS 0x0000000083300000, 0x0000000083200000| Untracked 
|  51|0x0000000083300000, 0x0000000083400000, 0x0000000083400000|100%|HS|  |TAMS 0x0000000083400000, 0x0000000083300000| Complete 
|  52|0x0000000083400000, 0x0000000083500000, 0x0000000083500000|100%|HC|  |TAMS 0x0000000083500000, 0x0000000083400000| Complete 
|  53|0x0000000083500000, 0x0000000083600000, 0x0000000083600000|100%|HC|  |TAMS 0x0000000083600000, 0x0000000083500000| Complete 
|  54|0x0000000083600000, 0x0000000083700000, 0x0000000083700000|100%|HC|  |TAMS 0x0000000083700000, 0x0000000083600000| Complete 
|  55|0x0000000083700000, 0x0000000083800000, 0x0000000083800000|100%|HS|  |TAMS 0x0000000083800000, 0x0000000083700000| Complete 
|  56|0x0000000083800000, 0x0000000083900000, 0x0000000083900000|100%|HC|  |TAMS 0x0000000083900000, 0x0000000083800000| Complete 
|  57|0x0000000083900000, 0x0000000083a00000, 0x0000000083a00000|100%|HC|  |TAMS 0x0000000083a00000, 0x0000000083900000| Complete 
|  58|0x0000000083a00000, 0x0000000083b00000, 0x0000000083b00000|100%|HC|  |TAMS 0x0000000083b00000, 0x0000000083a00000| Complete 
|  59|0x0000000083b00000, 0x0000000083c00000, 0x0000000083c00000|100%| O|  |TAMS 0x0000000083c00000, 0x0000000083b00000| Untracked 
|  60|0x0000000083c00000, 0x0000000083d00000, 0x0000000083d00000|100%| O|  |TAMS 0x0000000083d00000, 0x0000000083c00000| Untracked 
|  61|0x0000000083d00000, 0x0000000083e00000, 0x0000000083e00000|100%| O|  |TAMS 0x0000000083e00000, 0x0000000083d00000| Untracked 
|  62|0x0000000083e00000, 0x0000000083f00000, 0x0000000083f00000|100%| O|  |TAMS 0x0000000083f00000, 0x0000000083e00000| Untracked 
|  63|0x0000000083f00000, 0x0000000084000000, 0x0000000084000000|100%| O|  |TAMS 0x0000000084000000, 0x0000000083f00000| Untracked 
|  64|0x0000000084000000, 0x0000000084100000, 0x0000000084100000|100%| O|  |TAMS 0x0000000084100000, 0x0000000084000000| Untracked 
|  65|0x0000000084100000, 0x0000000084200000, 0x0000000084200000|100%| O|  |TAMS 0x0000000084200000, 0x0000000084100000| Untracked 
|  66|0x0000000084200000, 0x0000000084200000, 0x0000000084300000|  0%| F|  |TAMS 0x0000000084200000, 0x0000000084200000| Untracked 
|  67|0x0000000084300000, 0x0000000084400000, 0x0000000084400000|100%| O|  |TAMS 0x0000000084400000, 0x0000000084300000| Untracked 
|  68|0x0000000084400000, 0x0000000084500000, 0x0000000084500000|100%| O|  |TAMS 0x0000000084500000, 0x0000000084400000| Untracked 
|  69|0x0000000084500000, 0x0000000084600000, 0x0000000084600000|100%| O|  |TAMS 0x0000000084600000, 0x0000000084500000| Untracked 
|  70|0x0000000084600000, 0x0000000084700000, 0x0000000084700000|100%| O|  |TAMS 0x0000000084700000, 0x0000000084600000| Untracked 
|  71|0x0000000084700000, 0x0000000084800000, 0x0000000084800000|100%| O|  |TAMS 0x0000000084800000, 0x0000000084700000| Untracked 
|  72|0x0000000084800000, 0x0000000084900000, 0x0000000084900000|100%| O|  |TAMS 0x0000000084900000, 0x0000000084800000| Untracked 
|  73|0x0000000084900000, 0x0000000084a00000, 0x0000000084a00000|100%|HS|  |TAMS 0x0000000084a00000, 0x0000000084900000| Complete 
|  74|0x0000000084a00000, 0x0000000084b00000, 0x0000000084b00000|100%|HS|  |TAMS 0x0000000084b00000, 0x0000000084a00000| Complete 
|  75|0x0000000084b00000, 0x0000000084c00000, 0x0000000084c00000|100%|HS|  |TAMS 0x0000000084c00000, 0x0000000084b00000| Complete 
|  76|0x0000000084c00000, 0x0000000084d00000, 0x0000000084d00000|100%| O|  |TAMS 0x0000000084d00000, 0x0000000084c00000| Untracked 
|  77|0x0000000084d00000, 0x0000000084e00000, 0x0000000084e00000|100%|HS|  |TAMS 0x0000000084e00000, 0x0000000084d00000| Complete 
|  78|0x0000000084e00000, 0x0000000084f00000, 0x0000000084f00000|100%|HS|  |TAMS 0x0000000084f00000, 0x0000000084e00000| Complete 
|  79|0x0000000084f00000, 0x0000000085000000, 0x0000000085000000|100%| O|  |TAMS 0x0000000084f00000, 0x0000000084f00000| Untracked 
|  80|0x0000000085000000, 0x0000000085100000, 0x0000000085100000|100%| O|  |TAMS 0x0000000085100000, 0x0000000085000000| Untracked 
|  81|0x0000000085100000, 0x0000000085200000, 0x0000000085200000|100%| O|  |TAMS 0x0000000085100000, 0x0000000085100000| Untracked 
|  82|0x0000000085200000, 0x0000000085300000, 0x0000000085300000|100%| O|  |TAMS 0x0000000085200000, 0x0000000085200000| Untracked 
|  83|0x0000000085300000, 0x0000000085400000, 0x0000000085400000|100%| O|  |TAMS 0x0000000085400000, 0x0000000085300000| Untracked 
|  84|0x0000000085400000, 0x0000000085500000, 0x0000000085500000|100%| O|  |TAMS 0x0000000085400000, 0x0000000085400000| Untracked 
|  85|0x0000000085500000, 0x0000000085600000, 0x0000000085600000|100%| O|  |TAMS 0x0000000085600000, 0x0000000085500000| Untracked 
|  86|0x0000000085600000, 0x0000000085700000, 0x0000000085700000|100%| O|  |TAMS 0x0000000085700000, 0x0000000085600000| Untracked 
|  87|0x0000000085700000, 0x0000000085700000, 0x0000000085800000|  0%| F|  |TAMS 0x0000000085700000, 0x0000000085700000| Untracked 
|  88|0x0000000085800000, 0x0000000085900000, 0x0000000085900000|100%| O|  |TAMS 0x0000000085900000, 0x0000000085800000| Untracked 
|  89|0x0000000085900000, 0x0000000085a00000, 0x0000000085a00000|100%| O|  |TAMS 0x0000000085a00000, 0x0000000085900000| Untracked 
|  90|0x0000000085a00000, 0x0000000085b00000, 0x0000000085b00000|100%| O|  |TAMS 0x0000000085b00000, 0x0000000085a00000| Untracked 
|  91|0x0000000085b00000, 0x0000000085c00000, 0x0000000085c00000|100%| O|  |TAMS 0x0000000085c00000, 0x0000000085b00000| Untracked 
|  92|0x0000000085c00000, 0x0000000085d00000, 0x0000000085d00000|100%| O|  |TAMS 0x0000000085d00000, 0x0000000085c00000| Untracked 
|  93|0x0000000085d00000, 0x0000000085e00000, 0x0000000085e00000|100%| O|  |TAMS 0x0000000085e00000, 0x0000000085d00000| Untracked 
|  94|0x0000000085e00000, 0x0000000085f00000, 0x0000000085f00000|100%| O|  |TAMS 0x0000000085f00000, 0x0000000085e00000| Untracked 
|  95|0x0000000085f00000, 0x0000000086000000, 0x0000000086000000|100%| O|  |TAMS 0x0000000086000000, 0x0000000085f00000| Untracked 
|  96|0x0000000086000000, 0x0000000086100000, 0x0000000086100000|100%| O|  |TAMS 0x0000000086100000, 0x0000000086000000| Untracked 
|  97|0x0000000086100000, 0x0000000086200000, 0x0000000086200000|100%| O|  |TAMS 0x0000000086200000, 0x0000000086100000| Untracked 
|  98|0x0000000086200000, 0x0000000086300000, 0x0000000086300000|100%| O|  |TAMS 0x0000000086200000, 0x0000000086200000| Untracked 
|  99|0x0000000086300000, 0x0000000086400000, 0x0000000086400000|100%| O|  |TAMS 0x0000000086300000, 0x0000000086300000| Untracked 
| 100|0x0000000086400000, 0x0000000086500000, 0x0000000086500000|100%| O|  |TAMS 0x0000000086400000, 0x0000000086400000| Untracked 
| 101|0x0000000086500000, 0x0000000086600000, 0x0000000086600000|100%| O|  |TAMS 0x0000000086500000, 0x0000000086500000| Untracked 
| 102|0x0000000086600000, 0x0000000086700000, 0x0000000086700000|100%| O|  |TAMS 0x0000000086600000, 0x0000000086600000| Untracked 
| 103|0x0000000086700000, 0x0000000086800000, 0x0000000086800000|100%| O|  |TAMS 0x0000000086700000, 0x0000000086700000| Untracked 
| 104|0x0000000086800000, 0x0000000086900000, 0x0000000086900000|100%| O|  |TAMS 0x0000000086800000, 0x0000000086800000| Untracked 
| 105|0x0000000086900000, 0x0000000086a00000, 0x0000000086a00000|100%| O|  |TAMS 0x0000000086900000, 0x0000000086900000| Untracked 
| 106|0x0000000086a00000, 0x0000000086acee00, 0x0000000086b00000| 80%| O|  |TAMS 0x0000000086a00000, 0x0000000086a00000| Untracked 
| 107|0x0000000086b00000, 0x0000000086b00000, 0x0000000086c00000|  0%| F|  |TAMS 0x0000000086b00000, 0x0000000086b00000| Untracked 
| 108|0x0000000086c00000, 0x0000000086c00000, 0x0000000086d00000|  0%| F|  |TAMS 0x0000000086c00000, 0x0000000086c00000| Untracked 
| 109|0x0000000086d00000, 0x0000000086d00000, 0x0000000086e00000|  0%| F|  |TAMS 0x0000000086d00000, 0x0000000086d00000| Untracked 
| 110|0x0000000086e00000, 0x0000000086e00000, 0x0000000086f00000|  0%| F|  |TAMS 0x0000000086e00000, 0x0000000086e00000| Untracked 
| 111|0x0000000086f00000, 0x0000000086f00000, 0x0000000087000000|  0%| F|  |TAMS 0x0000000086f00000, 0x0000000086f00000| Untracked 
| 112|0x0000000087000000, 0x0000000087000000, 0x0000000087100000|  0%| F|  |TAMS 0x0000000087000000, 0x0000000087000000| Untracked 
| 113|0x0000000087100000, 0x0000000087100000, 0x0000000087200000|  0%| F|  |TAMS 0x0000000087100000, 0x0000000087100000| Untracked 
| 114|0x0000000087200000, 0x0000000087200000, 0x0000000087300000|  0%| F|  |TAMS 0x0000000087200000, 0x0000000087200000| Untracked 
| 115|0x0000000087300000, 0x0000000087300000, 0x0000000087400000|  0%| F|  |TAMS 0x0000000087300000, 0x0000000087300000| Untracked 
| 116|0x0000000087400000, 0x0000000087400000, 0x0000000087500000|  0%| F|  |TAMS 0x0000000087400000, 0x0000000087400000| Untracked 
| 117|0x0000000087500000, 0x0000000087500000, 0x0000000087600000|  0%| F|  |TAMS 0x0000000087500000, 0x0000000087500000| Untracked 
| 118|0x0000000087600000, 0x0000000087600000, 0x0000000087700000|  0%| F|  |TAMS 0x0000000087600000, 0x0000000087600000| Untracked 
| 119|0x0000000087700000, 0x0000000087700000, 0x0000000087800000|  0%| F|  |TAMS 0x0000000087700000, 0x0000000087700000| Untracked 
| 120|0x0000000087800000, 0x0000000087800000, 0x0000000087900000|  0%| F|  |TAMS 0x0000000087800000, 0x0000000087800000| Untracked 
| 121|0x0000000087900000, 0x0000000087900000, 0x0000000087a00000|  0%| F|  |TAMS 0x0000000087900000, 0x0000000087900000| Untracked 
| 122|0x0000000087a00000, 0x0000000087a00000, 0x0000000087b00000|  0%| F|  |TAMS 0x0000000087a00000, 0x0000000087a00000| Untracked 
| 123|0x0000000087b00000, 0x0000000087b00000, 0x0000000087c00000|  0%| F|  |TAMS 0x0000000087b00000, 0x0000000087b00000| Untracked 
| 124|0x0000000087c00000, 0x0000000087c00000, 0x0000000087d00000|  0%| F|  |TAMS 0x0000000087c00000, 0x0000000087c00000| Untracked 
| 125|0x0000000087d00000, 0x0000000087d00000, 0x0000000087e00000|  0%| F|  |TAMS 0x0000000087d00000, 0x0000000087d00000| Untracked 
| 126|0x0000000087e00000, 0x0000000087e00000, 0x0000000087f00000|  0%| F|  |TAMS 0x0000000087e00000, 0x0000000087e00000| Untracked 
| 127|0x0000000087f00000, 0x0000000087f00000, 0x0000000088000000|  0%| F|  |TAMS 0x0000000087f00000, 0x0000000087f00000| Untracked 
| 128|0x0000000088000000, 0x0000000088000000, 0x0000000088100000|  0%| F|  |TAMS 0x0000000088000000, 0x0000000088000000| Untracked 
| 129|0x0000000088100000, 0x0000000088100000, 0x0000000088200000|  0%| F|  |TAMS 0x0000000088100000, 0x0000000088100000| Untracked 
| 130|0x0000000088200000, 0x0000000088200000, 0x0000000088300000|  0%| F|  |TAMS 0x0000000088200000, 0x0000000088200000| Untracked 
| 131|0x0000000088300000, 0x0000000088300000, 0x0000000088400000|  0%| F|  |TAMS 0x0000000088300000, 0x0000000088300000| Untracked 
| 132|0x0000000088400000, 0x0000000088400000, 0x0000000088500000|  0%| F|  |TAMS 0x0000000088400000, 0x0000000088400000| Untracked 
| 133|0x0000000088500000, 0x0000000088500000, 0x0000000088600000|  0%| F|  |TAMS 0x0000000088500000, 0x0000000088500000| Untracked 
| 134|0x0000000088600000, 0x0000000088600000, 0x0000000088700000|  0%| F|  |TAMS 0x0000000088600000, 0x0000000088600000| Untracked 
| 135|0x0000000088700000, 0x00000000887ff078, 0x0000000088800000| 99%| S|CS|TAMS 0x0000000088700000, 0x0000000088700000| Complete 
| 136|0x0000000088800000, 0x0000000088900000, 0x0000000088900000|100%| S|CS|TAMS 0x0000000088800000, 0x0000000088800000| Complete 
| 137|0x0000000088900000, 0x0000000088a00000, 0x0000000088a00000|100%| S|CS|TAMS 0x0000000088900000, 0x0000000088900000| Complete 
| 138|0x0000000088a00000, 0x0000000088b00000, 0x0000000088b00000|100%| S|CS|TAMS 0x0000000088a00000, 0x0000000088a00000| Complete 
| 139|0x0000000088b00000, 0x0000000088c00000, 0x0000000088c00000|100%| S|CS|TAMS 0x0000000088b00000, 0x0000000088b00000| Complete 
| 140|0x0000000088c00000, 0x0000000088d00000, 0x0000000088d00000|100%| S|CS|TAMS 0x0000000088c00000, 0x0000000088c00000| Complete 
| 141|0x0000000088d00000, 0x0000000088e00000, 0x0000000088e00000|100%| S|CS|TAMS 0x0000000088d00000, 0x0000000088d00000| Complete 
| 142|0x0000000088e00000, 0x0000000088e00000, 0x0000000088f00000|  0%| F|  |TAMS 0x0000000088e00000, 0x0000000088e00000| Untracked 
| 143|0x0000000088f00000, 0x0000000088f00000, 0x0000000089000000|  0%| F|  |TAMS 0x0000000088f00000, 0x0000000088f00000| Untracked 
| 144|0x0000000089000000, 0x0000000089000000, 0x0000000089100000|  0%| F|  |TAMS 0x0000000089000000, 0x0000000089000000| Untracked 
| 145|0x0000000089100000, 0x0000000089100000, 0x0000000089200000|  0%| F|  |TAMS 0x0000000089100000, 0x0000000089100000| Untracked 
| 146|0x0000000089200000, 0x0000000089200000, 0x0000000089300000|  0%| F|  |TAMS 0x0000000089200000, 0x0000000089200000| Untracked 
| 147|0x0000000089300000, 0x0000000089300000, 0x0000000089400000|  0%| F|  |TAMS 0x0000000089300000, 0x0000000089300000| Untracked 
| 148|0x0000000089400000, 0x0000000089400000, 0x0000000089500000|  0%| F|  |TAMS 0x0000000089400000, 0x0000000089400000| Untracked 
| 149|0x0000000089500000, 0x0000000089500000, 0x0000000089600000|  0%| F|  |TAMS 0x0000000089500000, 0x0000000089500000| Untracked 
| 150|0x0000000089600000, 0x0000000089600000, 0x0000000089700000|  0%| F|  |TAMS 0x0000000089600000, 0x0000000089600000| Untracked 
| 151|0x0000000089700000, 0x0000000089700000, 0x0000000089800000|  0%| F|  |TAMS 0x0000000089700000, 0x0000000089700000| Untracked 
| 152|0x0000000089800000, 0x0000000089800000, 0x0000000089900000|  0%| F|  |TAMS 0x0000000089800000, 0x0000000089800000| Untracked 
| 153|0x0000000089900000, 0x0000000089900000, 0x0000000089a00000|  0%| F|  |TAMS 0x0000000089900000, 0x0000000089900000| Untracked 
| 154|0x0000000089a00000, 0x0000000089a00000, 0x0000000089b00000|  0%| F|  |TAMS 0x0000000089a00000, 0x0000000089a00000| Untracked 
| 155|0x0000000089b00000, 0x0000000089b00000, 0x0000000089c00000|  0%| F|  |TAMS 0x0000000089b00000, 0x0000000089b00000| Untracked 
| 156|0x0000000089c00000, 0x0000000089c00000, 0x0000000089d00000|  0%| F|  |TAMS 0x0000000089c00000, 0x0000000089c00000| Untracked 
| 157|0x0000000089d00000, 0x0000000089d00000, 0x0000000089e00000|  0%| F|  |TAMS 0x0000000089d00000, 0x0000000089d00000| Untracked 
| 158|0x0000000089e00000, 0x0000000089e00000, 0x0000000089f00000|  0%| F|  |TAMS 0x0000000089e00000, 0x0000000089e00000| Untracked 
| 159|0x0000000089f00000, 0x0000000089f00000, 0x000000008a000000|  0%| F|  |TAMS 0x0000000089f00000, 0x0000000089f00000| Untracked 
| 160|0x000000008a000000, 0x000000008a000000, 0x000000008a100000|  0%| F|  |TAMS 0x000000008a000000, 0x000000008a000000| Untracked 
| 161|0x000000008a100000, 0x000000008a100000, 0x000000008a200000|  0%| F|  |TAMS 0x000000008a100000, 0x000000008a100000| Untracked 
| 162|0x000000008a200000, 0x000000008a200000, 0x000000008a300000|  0%| F|  |TAMS 0x000000008a200000, 0x000000008a200000| Untracked 
| 163|0x000000008a300000, 0x000000008a300000, 0x000000008a400000|  0%| F|  |TAMS 0x000000008a300000, 0x000000008a300000| Untracked 
| 164|0x000000008a400000, 0x000000008a400000, 0x000000008a500000|  0%| F|  |TAMS 0x000000008a400000, 0x000000008a400000| Untracked 
| 165|0x000000008a500000, 0x000000008a500000, 0x000000008a600000|  0%| F|  |TAMS 0x000000008a500000, 0x000000008a500000| Untracked 
| 166|0x000000008a600000, 0x000000008a600000, 0x000000008a700000|  0%| F|  |TAMS 0x000000008a600000, 0x000000008a600000| Untracked 
| 167|0x000000008a700000, 0x000000008a700000, 0x000000008a800000|  0%| F|  |TAMS 0x000000008a700000, 0x000000008a700000| Untracked 
| 168|0x000000008a800000, 0x000000008a800000, 0x000000008a900000|  0%| F|  |TAMS 0x000000008a800000, 0x000000008a800000| Untracked 
| 169|0x000000008a900000, 0x000000008a900000, 0x000000008aa00000|  0%| F|  |TAMS 0x000000008a900000, 0x000000008a900000| Untracked 
| 170|0x000000008aa00000, 0x000000008aa00000, 0x000000008ab00000|  0%| F|  |TAMS 0x000000008aa00000, 0x000000008aa00000| Untracked 
| 171|0x000000008ab00000, 0x000000008ab00000, 0x000000008ac00000|  0%| F|  |TAMS 0x000000008ab00000, 0x000000008ab00000| Untracked 
| 172|0x000000008ac00000, 0x000000008ac00000, 0x000000008ad00000|  0%| F|  |TAMS 0x000000008ac00000, 0x000000008ac00000| Untracked 
| 173|0x000000008ad00000, 0x000000008ad00000, 0x000000008ae00000|  0%| F|  |TAMS 0x000000008ad00000, 0x000000008ad00000| Untracked 
| 174|0x000000008ae00000, 0x000000008ae00000, 0x000000008af00000|  0%| F|  |TAMS 0x000000008ae00000, 0x000000008ae00000| Untracked 
| 175|0x000000008af00000, 0x000000008af00000, 0x000000008b000000|  0%| F|  |TAMS 0x000000008af00000, 0x000000008af00000| Untracked 
| 176|0x000000008b000000, 0x000000008b000000, 0x000000008b100000|  0%| F|  |TAMS 0x000000008b000000, 0x000000008b000000| Untracked 
| 177|0x000000008b100000, 0x000000008b100000, 0x000000008b200000|  0%| F|  |TAMS 0x000000008b100000, 0x000000008b100000| Untracked 
| 178|0x000000008b200000, 0x000000008b200000, 0x000000008b300000|  0%| F|  |TAMS 0x000000008b200000, 0x000000008b200000| Untracked 
| 179|0x000000008b300000, 0x000000008b300000, 0x000000008b400000|  0%| F|  |TAMS 0x000000008b300000, 0x000000008b300000| Untracked 
| 180|0x000000008b400000, 0x000000008b400000, 0x000000008b500000|  0%| F|  |TAMS 0x000000008b400000, 0x000000008b400000| Untracked 
| 181|0x000000008b500000, 0x000000008b500000, 0x000000008b600000|  0%| F|  |TAMS 0x000000008b500000, 0x000000008b500000| Untracked 
| 182|0x000000008b600000, 0x000000008b600000, 0x000000008b700000|  0%| F|  |TAMS 0x000000008b600000, 0x000000008b600000| Untracked 
| 183|0x000000008b700000, 0x000000008b700000, 0x000000008b800000|  0%| F|  |TAMS 0x000000008b700000, 0x000000008b700000| Untracked 
| 184|0x000000008b800000, 0x000000008b800000, 0x000000008b900000|  0%| F|  |TAMS 0x000000008b800000, 0x000000008b800000| Untracked 
| 185|0x000000008b900000, 0x000000008b900000, 0x000000008ba00000|  0%| F|  |TAMS 0x000000008b900000, 0x000000008b900000| Untracked 
| 186|0x000000008ba00000, 0x000000008ba00000, 0x000000008bb00000|  0%| F|  |TAMS 0x000000008ba00000, 0x000000008ba00000| Untracked 
| 187|0x000000008bb00000, 0x000000008bb00000, 0x000000008bc00000|  0%| F|  |TAMS 0x000000008bb00000, 0x000000008bb00000| Untracked 
| 188|0x000000008bc00000, 0x000000008bc00000, 0x000000008bd00000|  0%| F|  |TAMS 0x000000008bc00000, 0x000000008bc00000| Untracked 
| 189|0x000000008bd00000, 0x000000008bd00000, 0x000000008be00000|  0%| F|  |TAMS 0x000000008bd00000, 0x000000008bd00000| Untracked 
| 190|0x000000008be00000, 0x000000008be00000, 0x000000008bf00000|  0%| F|  |TAMS 0x000000008be00000, 0x000000008be00000| Untracked 
| 191|0x000000008bf00000, 0x000000008bf00000, 0x000000008c000000|  0%| F|  |TAMS 0x000000008bf00000, 0x000000008bf00000| Untracked 
| 192|0x000000008c000000, 0x000000008c000000, 0x000000008c100000|  0%| F|  |TAMS 0x000000008c000000, 0x000000008c000000| Untracked 
| 193|0x000000008c100000, 0x000000008c100000, 0x000000008c200000|  0%| F|  |TAMS 0x000000008c100000, 0x000000008c100000| Untracked 
| 194|0x000000008c200000, 0x000000008c200000, 0x000000008c300000|  0%| F|  |TAMS 0x000000008c200000, 0x000000008c200000| Untracked 
| 195|0x000000008c300000, 0x000000008c300000, 0x000000008c400000|  0%| F|  |TAMS 0x000000008c300000, 0x000000008c300000| Untracked 
| 196|0x000000008c400000, 0x000000008c400000, 0x000000008c500000|  0%| F|  |TAMS 0x000000008c400000, 0x000000008c400000| Untracked 
| 197|0x000000008c500000, 0x000000008c500000, 0x000000008c600000|  0%| F|  |TAMS 0x000000008c500000, 0x000000008c500000| Untracked 
| 198|0x000000008c600000, 0x000000008c600000, 0x000000008c700000|  0%| F|  |TAMS 0x000000008c600000, 0x000000008c600000| Untracked 
| 199|0x000000008c700000, 0x000000008c700000, 0x000000008c800000|  0%| F|  |TAMS 0x000000008c700000, 0x000000008c700000| Untracked 
| 200|0x000000008c800000, 0x000000008c800000, 0x000000008c900000|  0%| F|  |TAMS 0x000000008c800000, 0x000000008c800000| Untracked 
| 201|0x000000008c900000, 0x000000008c900000, 0x000000008ca00000|  0%| F|  |TAMS 0x000000008c900000, 0x000000008c900000| Untracked 
| 202|0x000000008ca00000, 0x000000008ca00000, 0x000000008cb00000|  0%| F|  |TAMS 0x000000008ca00000, 0x000000008ca00000| Untracked 
| 203|0x000000008cb00000, 0x000000008cb00000, 0x000000008cc00000|  0%| F|  |TAMS 0x000000008cb00000, 0x000000008cb00000| Untracked 
| 204|0x000000008cc00000, 0x000000008cc00000, 0x000000008cd00000|  0%| F|  |TAMS 0x000000008cc00000, 0x000000008cc00000| Untracked 
| 205|0x000000008cd00000, 0x000000008cd00000, 0x000000008ce00000|  0%| F|  |TAMS 0x000000008cd00000, 0x000000008cd00000| Untracked 
| 206|0x000000008ce00000, 0x000000008ce00000, 0x000000008cf00000|  0%| F|  |TAMS 0x000000008ce00000, 0x000000008ce00000| Untracked 
| 207|0x000000008cf00000, 0x000000008cf00000, 0x000000008d000000|  0%| F|  |TAMS 0x000000008cf00000, 0x000000008cf00000| Untracked 
| 208|0x000000008d000000, 0x000000008d000000, 0x000000008d100000|  0%| F|  |TAMS 0x000000008d000000, 0x000000008d000000| Untracked 
| 209|0x000000008d100000, 0x000000008d100000, 0x000000008d200000|  0%| F|  |TAMS 0x000000008d100000, 0x000000008d100000| Untracked 

Card table byte_map: [0x00000193657d0000,0x0000019365bd0000] _byte_map_base: 0x00000193653d0000

Marking Bits (Prev, Next): (CMBitMap*) 0x000001934e60d460, (CMBitMap*) 0x000001934e60d4a0
 Prev Bits: [0x0000019365fd0000, 0x0000019367fd0000)
 Next Bits: [0x0000019367fd0000, 0x0000019369fd0000)

Polling page: 0x000001934dd60000

Metaspace:

Usage:
  Non-class:     76.94 MB used.
      Class:     12.73 MB used.
       Both:     89.67 MB used.

Virtual space:
  Non-class space:      128.00 MB reserved,      77.44 MB ( 60%) committed,  2 nodes.
      Class space:      416.00 MB reserved,      13.12 MB (  3%) committed,  1 nodes.
             Both:      544.00 MB reserved,      90.56 MB ( 17%) committed. 

Chunk freelists:
   Non-Class:  2.09 MB
       Class:  2.89 MB
        Both:  4.98 MB

MaxMetaspaceSize: 512.00 MB
CompressedClassSpaceSize: 416.00 MB
Initial GC threshold: 21.00 MB
Current GC threshold: 139.69 MB
CDS: on
MetaspaceReclaimPolicy: balanced
 - commit_granule_bytes: 65536.
 - commit_granule_words: 8192.
 - virtual_space_node_default_size: 8388608.
 - enlarge_chunks_in_place: 1.
 - new_chunks_are_fully_committed: 0.
 - uncommit_free_chunks: 1.
 - use_allocation_guard: 0.
 - handle_deallocations: 1.


Internal statistics:

num_allocs_failed_limit: 6.
num_arena_births: 1160.
num_arena_deaths: 0.
num_vsnodes_births: 3.
num_vsnodes_deaths: 0.
num_space_committed: 1449.
num_space_uncommitted: 0.
num_chunks_returned_to_freelist: 6.
num_chunks_taken_from_freelist: 5132.
num_chunk_merges: 6.
num_chunk_splits: 3356.
num_chunks_enlarged: 2171.
num_inconsistent_stats: 0.

CodeHeap 'non-profiled nmethods': size=120000Kb used=5789Kb max_used=5789Kb free=114210Kb
 bounds [0x000001935db70000, 0x000001935e130000, 0x00000193650a0000]
CodeHeap 'profiled nmethods': size=120000Kb used=18712Kb max_used=18712Kb free=101287Kb
 bounds [0x00000193560a0000, 0x00000193572f0000, 0x000001935d5d0000]
CodeHeap 'non-nmethods': size=5760Kb used=2397Kb max_used=2491Kb free=3362Kb
 bounds [0x000001935d5d0000, 0x000001935d850000, 0x000001935db70000]
 total_blobs=10358 nmethods=9428 adapters=842
 compilation: enabled
              stopped_count=0, restarted_count=0
 full_count=0

Compilation events (20 events):
Event: 20.586 Thread 0x000001936ca39840 10957       3       org.objectweb.asm.SymbolTable::addConstantClass (8 bytes)
Event: 20.586 Thread 0x000001936ca39840 nmethod 10957 0x0000019356988810 code [0x00000193569889a0, 0x0000019356988ae8]
Event: 20.586 Thread 0x000001936ca39840 10959       3       org.objectweb.asm.MethodWriter::<init> (232 bytes)
Event: 20.587 Thread 0x000001936ca39840 nmethod 10959 0x00000193572e5e10 code [0x00000193572e60a0, 0x00000193572e6e38]
Event: 20.587 Thread 0x000001936ca39840 10960       3       org.objectweb.asm.MethodVisitor::<init> (7 bytes)
Event: 20.587 Thread 0x000001936ca39840 nmethod 10960 0x00000193569a1710 code [0x00000193569a18c0, 0x00000193569a1a08]
Event: 20.587 Thread 0x000001936ca39840 10961       3       org.objectweb.asm.commons.GeneratorAdapter::<init> (29 bytes)
Event: 20.587 Thread 0x000001936ca39840 nmethod 10961 0x00000193572e7310 code [0x00000193572e74c0, 0x00000193572e7778]
Event: 20.587 Thread 0x000001936ca39840 10962       3       org.objectweb.asm.commons.GeneratorAdapter::<init> (50 bytes)
Event: 20.588 Thread 0x000001936ca39840 nmethod 10962 0x00000193572e7890 code [0x00000193572e7ac0, 0x00000193572e8218]
Event: 20.588 Thread 0x000001936ca39840 10964       3       org.objectweb.asm.commons.GeneratorAdapter::returnValue (18 bytes)
Event: 20.588 Thread 0x000001936ca39840 nmethod 10964 0x00000193572e8510 code [0x00000193572e86c0, 0x00000193572e88d8]
Event: 20.588 Thread 0x000001936ca39840 10965       3       org.objectweb.asm.MethodWriter::putMethodInfo (1274 bytes)
Event: 20.588 Thread 0x00000193767eea10 nmethod 10927% 0x000001935dc91e10 code [0x000001935dc91fa0, 0x000001935dc92558]
Event: 20.588 Thread 0x00000193767eea10 10966       4       java.lang.CharacterDataLatin1::isUpperCase (16 bytes)
Event: 20.588 Thread 0x00000193767eea10 nmethod 10966 0x000001935dea6f90 code [0x000001935dea7100, 0x000001935dea71b8]
Event: 20.588 Thread 0x00000193767eea10 10967 %     4       org.gradle.internal.instantiation.generator.AbstractClassGenerator::inspectType @ 250 (560 bytes)
Event: 20.591 Thread 0x000001936ca39840 nmethod 10965 0x00000193572e8a10 code [0x00000193572e90c0, 0x00000193572eb7e8]
Event: 20.591 Thread 0x000001936ca39840 10958       3       org.objectweb.asm.commons.GeneratorAdapter::dup (10 bytes)
Event: 20.591 Thread 0x000001936ca39840 nmethod 10958 0x00000193572ecb10 code [0x00000193572eccc0, 0x00000193572ecea8]

GC Heap History (20 events):
Event: 12.033 GC heap after
{Heap after GC invocations=30 (full 0):
 garbage-first heap   total 215040K, used 68682K [0x0000000080000000, 0x0000000100000000)
  region size 1024K, 1 young (1024K), 1 survivors (1024K)
 Metaspace       used 62507K, committed 63232K, reserved 491520K
  class space    used 8863K, committed 9216K, reserved 425984K
}
Event: 13.188 GC heap before
{Heap before GC invocations=30 (full 0):
 garbage-first heap   total 215040K, used 154698K [0x0000000080000000, 0x0000000100000000)
  region size 1024K, 86 young (88064K), 1 survivors (1024K)
 Metaspace       used 67162K, committed 67840K, reserved 491520K
  class space    used 9606K, committed 9984K, reserved 425984K
}
Event: 13.195 GC heap after
{Heap after GC invocations=31 (full 0):
 garbage-first heap   total 215040K, used 77202K [0x0000000080000000, 0x0000000100000000)
  region size 1024K, 9 young (9216K), 9 survivors (9216K)
 Metaspace       used 67162K, committed 67840K, reserved 491520K
  class space    used 9606K, committed 9984K, reserved 425984K
}
Event: 13.428 GC heap before
{Heap before GC invocations=31 (full 0):
 garbage-first heap   total 215040K, used 124306K [0x0000000080000000, 0x0000000100000000)
  region size 1024K, 57 young (58368K), 9 survivors (9216K)
 Metaspace       used 67816K, committed 68544K, reserved 491520K
  class space    used 9700K, committed 10048K, reserved 425984K
}
Event: 13.435 GC heap after
{Heap after GC invocations=32 (full 0):
 garbage-first heap   total 215040K, used 79122K [0x0000000080000000, 0x0000000100000000)
  region size 1024K, 5 young (5120K), 5 survivors (5120K)
 Metaspace       used 67816K, committed 68544K, reserved 491520K
  class space    used 9700K, committed 10048K, reserved 425984K
}
Event: 14.042 GC heap before
{Heap before GC invocations=33 (full 0):
 garbage-first heap   total 215040K, used 173330K [0x0000000080000000, 0x0000000100000000)
  region size 1024K, 86 young (88064K), 5 survivors (5120K)
 Metaspace       used 73711K, committed 74496K, reserved 491520K
  class space    used 10378K, committed 10752K, reserved 425984K
}
Event: 14.048 GC heap after
{Heap after GC invocations=34 (full 0):
 garbage-first heap   total 215040K, used 99586K [0x0000000080000000, 0x0000000100000000)
  region size 1024K, 11 young (11264K), 11 survivors (11264K)
 Metaspace       used 73711K, committed 74496K, reserved 491520K
  class space    used 10378K, committed 10752K, reserved 425984K
}
Event: 14.049 GC heap before
{Heap before GC invocations=34 (full 0):
 garbage-first heap   total 215040K, used 100610K [0x0000000080000000, 0x0000000100000000)
  region size 1024K, 12 young (12288K), 11 survivors (11264K)
 Metaspace       used 73711K, committed 74496K, reserved 491520K
  class space    used 10378K, committed 10752K, reserved 425984K
}
Event: 14.054 GC heap after
{Heap after GC invocations=35 (full 0):
 garbage-first heap   total 215040K, used 99224K [0x0000000080000000, 0x0000000100000000)
  region size 1024K, 2 young (2048K), 2 survivors (2048K)
 Metaspace       used 73711K, committed 74496K, reserved 491520K
  class space    used 10378K, committed 10752K, reserved 425984K
}
Event: 14.500 GC heap before
{Heap before GC invocations=35 (full 0):
 garbage-first heap   total 215040K, used 167832K [0x0000000080000000, 0x0000000100000000)
  region size 1024K, 69 young (70656K), 2 survivors (2048K)
 Metaspace       used 78483K, committed 79232K, reserved 557056K
  class space    used 11035K, committed 11392K, reserved 425984K
}
Event: 14.503 GC heap after
{Heap after GC invocations=36 (full 0):
 garbage-first heap   total 215040K, used 103464K [0x0000000080000000, 0x0000000100000000)
  region size 1024K, 6 young (6144K), 6 survivors (6144K)
 Metaspace       used 78483K, committed 79232K, reserved 557056K
  class space    used 11035K, committed 11392K, reserved 425984K
}
Event: 14.862 GC heap before
{Heap before GC invocations=36 (full 0):
 garbage-first heap   total 215040K, used 171048K [0x0000000080000000, 0x0000000100000000)
  region size 1024K, 72 young (73728K), 6 survivors (6144K)
 Metaspace       used 82190K, committed 82944K, reserved 557056K
  class space    used 11537K, committed 11904K, reserved 425984K
}
Event: 14.869 GC heap after
{Heap after GC invocations=37 (full 0):
 garbage-first heap   total 215040K, used 107077K [0x0000000080000000, 0x0000000100000000)
  region size 1024K, 9 young (9216K), 9 survivors (9216K)
 Metaspace       used 82190K, committed 82944K, reserved 557056K
  class space    used 11537K, committed 11904K, reserved 425984K
}
Event: 19.653 GC heap before
{Heap before GC invocations=37 (full 0):
 garbage-first heap   total 215040K, used 165445K [0x0000000080000000, 0x0000000100000000)
  region size 1024K, 67 young (68608K), 9 survivors (9216K)
 Metaspace       used 84518K, committed 85376K, reserved 557056K
  class space    used 11861K, committed 12288K, reserved 425984K
}
Event: 19.660 GC heap after
{Heap after GC invocations=38 (full 0):
 garbage-first heap   total 215040K, used 111031K [0x0000000080000000, 0x0000000100000000)
  region size 1024K, 8 young (8192K), 8 survivors (8192K)
 Metaspace       used 84518K, committed 85376K, reserved 557056K
  class space    used 11861K, committed 12288K, reserved 425984K
}
Event: 20.137 GC heap before
{Heap before GC invocations=39 (full 0):
 garbage-first heap   total 215040K, used 172471K [0x0000000080000000, 0x0000000100000000)
  region size 1024K, 71 young (72704K), 8 survivors (8192K)
 Metaspace       used 88869K, committed 89728K, reserved 557056K
  class space    used 12632K, committed 13056K, reserved 425984K
}
Event: 20.143 GC heap after
{Heap after GC invocations=40 (full 0):
 garbage-first heap   total 215040K, used 108862K [0x0000000080000000, 0x0000000100000000)
  region size 1024K, 6 young (6144K), 6 survivors (6144K)
 Metaspace       used 88869K, committed 89728K, reserved 557056K
  class space    used 12632K, committed 13056K, reserved 425984K
}
Event: 20.165 GC heap before
{Heap before GC invocations=40 (full 0):
 garbage-first heap   total 215040K, used 112958K [0x0000000080000000, 0x0000000100000000)
  region size 1024K, 10 young (10240K), 6 survivors (6144K)
 Metaspace       used 89089K, committed 89920K, reserved 557056K
  class space    used 12664K, committed 13056K, reserved 425984K
}
Event: 20.169 GC heap after
{Heap after GC invocations=41 (full 0):
 garbage-first heap   total 215040K, used 108347K [0x0000000080000000, 0x0000000100000000)
  region size 1024K, 1 young (1024K), 1 survivors (1024K)
 Metaspace       used 89089K, committed 89920K, reserved 557056K
  class space    used 12664K, committed 13056K, reserved 425984K
}
Event: 20.595 GC heap before
{Heap before GC invocations=41 (full 0):
 garbage-first heap   total 215040K, used 176955K [0x0000000080000000, 0x0000000100000000)
  region size 1024K, 68 young (69632K), 1 survivors (1024K)
 Metaspace       used 91818K, committed 92736K, reserved 557056K
  class space    used 13030K, committed 13440K, reserved 425984K
}

Dll operation events (14 events):
Event: 0.007 Loaded shared library C:\Program Files\Microsoft\jdk-17.0.8.7-hotspot\bin\java.dll
Event: 0.026 Loaded shared library C:\Program Files\Microsoft\jdk-17.0.8.7-hotspot\bin\jsvml.dll
Event: 0.069 Loaded shared library C:\Program Files\Microsoft\jdk-17.0.8.7-hotspot\bin\zip.dll
Event: 0.071 Loaded shared library C:\Program Files\Microsoft\jdk-17.0.8.7-hotspot\bin\instrument.dll
Event: 0.075 Loaded shared library C:\Program Files\Microsoft\jdk-17.0.8.7-hotspot\bin\net.dll
Event: 0.076 Loaded shared library C:\Program Files\Microsoft\jdk-17.0.8.7-hotspot\bin\nio.dll
Event: 0.078 Loaded shared library C:\Program Files\Microsoft\jdk-17.0.8.7-hotspot\bin\zip.dll
Event: 0.226 Loaded shared library C:\Program Files\Microsoft\jdk-17.0.8.7-hotspot\bin\jimage.dll
Event: 0.281 Loaded shared library C:\Program Files\Microsoft\jdk-17.0.8.7-hotspot\bin\verify.dll
Event: 0.387 Loaded shared library C:\Users\ASIM GOPE\.gradle\native\c067742578af261105cb4f569cf0c3c89f3d7b1fecec35dd04571415982c5e48\windows-amd64\native-platform.dll
Event: 0.392 Loaded shared library C:\Users\ASIM GOPE\.gradle\native\38dada09dfb8b06ba9b0570ebf7e218e3eb74d4ef43ca46872605cf95ebc2f47\windows-amd64\native-platform-file-events.dll
Event: 1.082 Loaded shared library C:\Program Files\Microsoft\jdk-17.0.8.7-hotspot\bin\management.dll
Event: 1.084 Loaded shared library C:\Program Files\Microsoft\jdk-17.0.8.7-hotspot\bin\management_ext.dll
Event: 1.425 Loaded shared library C:\Program Files\Microsoft\jdk-17.0.8.7-hotspot\bin\sunmscapi.dll

Deoptimization events (20 events):
Event: 20.413 Thread 0x000001936cc352c0 Uncommon trap: trap_request=0xffffff45 fr.pc=0x000001935e0006b4 relative=0x0000000000000214
Event: 20.413 Thread 0x000001936cc352c0 Uncommon trap: reason=unstable_if action=reinterpret pc=0x000001935e0006b4 method=org.gradle.internal.instantiation.generator.AbstractClassGenerator.isNameProperty(Lorg/gradle/internal/instantiation/generator/AbstractClassGenerator$PropertyMetadata;)Z @ 2
Event: 20.413 Thread 0x000001936cc352c0 DEOPT PACKING pc=0x000001935e0006b4 sp=0x000000735e9f03f0
Event: 20.413 Thread 0x000001936cc352c0 DEOPT UNPACKING pc=0x000001935d6269a3 sp=0x000000735e9f0380 mode 2
Event: 20.417 Thread 0x000001936cc352c0 Uncommon trap: trap_request=0xffffff45 fr.pc=0x000001935e0bd268 relative=0x0000000000002328
Event: 20.417 Thread 0x000001936cc352c0 Uncommon trap: reason=unstable_if action=reinterpret pc=0x000001935e0bd268 method=org.objectweb.asm.ByteVector.putInt(I)Lorg/objectweb/asm/ByteVector; @ 13 c2
Event: 20.417 Thread 0x000001936cc352c0 DEOPT PACKING pc=0x000001935e0bd268 sp=0x000000735e9efde0
Event: 20.417 Thread 0x000001936cc352c0 DEOPT UNPACKING pc=0x000001935d6269a3 sp=0x000000735e9efc68 mode 2
Event: 20.448 Thread 0x000001936cc352c0 DEOPT PACKING pc=0x00000193571cd71e sp=0x000000735e9f0a40
Event: 20.448 Thread 0x000001936cc352c0 DEOPT UNPACKING pc=0x000001935d627143 sp=0x000000735e9effe0 mode 0
Event: 20.468 Thread 0x0000019372ca00a0 Uncommon trap: trap_request=0xffffffcc fr.pc=0x000001935e0f9af0 relative=0x00000000000002d0
Event: 20.468 Thread 0x0000019372ca00a0 Uncommon trap: reason=intrinsic_or_type_checked_inlining action=make_not_entrant pc=0x000001935e0f9af0 method=java.util.Arrays.copyOfRange([Ljava/lang/Object;IILjava/lang/Class;)[Ljava/lang/Object; @ 84 c2
Event: 20.468 Thread 0x0000019372ca00a0 DEOPT PACKING pc=0x000001935e0f9af0 sp=0x000000735fdfdc00
Event: 20.468 Thread 0x0000019372ca00a0 DEOPT UNPACKING pc=0x000001935d6269a3 sp=0x000000735fdfdb80 mode 2
Event: 20.482 Thread 0x000001936cc352c0 Uncommon trap: trap_request=0xffffff45 fr.pc=0x000001935dc4598c relative=0x00000000000002ac
Event: 20.482 Thread 0x000001936cc352c0 Uncommon trap: reason=unstable_if action=reinterpret pc=0x000001935dc4598c method=org.gradle.internal.reflect.PropertyAccessorType.of(Ljava/lang/reflect/Method;)Lorg/gradle/internal/reflect/PropertyAccessorType; @ 74 c2
Event: 20.482 Thread 0x000001936cc352c0 DEOPT PACKING pc=0x000001935dc4598c sp=0x000000735e9f63f0
Event: 20.482 Thread 0x000001936cc352c0 DEOPT UNPACKING pc=0x000001935d6269a3 sp=0x000000735e9f63b0 mode 2
Event: 20.519 Thread 0x000001936cc352c0 DEOPT PACKING pc=0x0000019356151359 sp=0x000000735e9f8e60
Event: 20.519 Thread 0x000001936cc352c0 DEOPT UNPACKING pc=0x000001935d627143 sp=0x000000735e9f8358 mode 0

Classes unloaded (0 events):
No events

Classes redefined (0 events):
No events

Internal exceptions (20 events):
Event: 20.445 Thread 0x000001936cc352c0 Exception <a 'java/lang/ClassNotFoundException'{0x000000008a1e2748}: com/android/build/gradle/internal/lint/AndroidLintAnalysisTaskCustomizer> (0x000000008a1e2748) 
thrown [s\src\hotspot\share\classfile\systemDictionary.cpp, line 256]
Event: 20.446 Thread 0x000001936cc352c0 Exception <a 'java/lang/ClassNotFoundException'{0x000000008a01db80}: com/android/build/gradle/internal/lint/AndroidLintAnalysisTask_DecoratedCustomizer> (0x000000008a01db80) 
thrown [s\src\hotspot\share\classfile\systemDictionary.cpp, line 256]
Event: 20.454 Thread 0x000001936cc352c0 Exception <a 'java/lang/ClassNotFoundException'{0x0000000089fab6a8}: com/android/build/gradle/internal/lint/LintModelWriterTask_DecoratedBeanInfo> (0x0000000089fab6a8) 
thrown [s\src\hotspot\share\classfile\systemDictionary.cpp, line 256]
Event: 20.454 Thread 0x000001936cc352c0 Exception <a 'java/lang/ClassNotFoundException'{0x0000000089fbb678}: com/android/build/gradle/internal/lint/LintModelWriterTaskBeanInfo> (0x0000000089fbb678) 
thrown [s\src\hotspot\share\classfile\systemDictionary.cpp, line 256]
Event: 20.455 Thread 0x000001936cc352c0 Exception <a 'java/lang/ClassNotFoundException'{0x0000000089fcb628}: com/android/build/gradle/internal/lint/LintModelWriterTaskCustomizer> (0x0000000089fcb628) 
thrown [s\src\hotspot\share\classfile\systemDictionary.cpp, line 256]
Event: 20.456 Thread 0x000001936cc352c0 Exception <a 'java/lang/ClassNotFoundException'{0x0000000089ff1458}: com/android/build/gradle/internal/lint/LintModelWriterTask_DecoratedCustomizer> (0x0000000089ff1458) 
thrown [s\src\hotspot\share\classfile\systemDictionary.cpp, line 256]
Event: 20.471 Thread 0x000001936cc352c0 Exception <a 'java/lang/ClassNotFoundException'{0x0000000089c4a8e8}: build_2v3l14dxbqr096wua153gddsuBeanInfo> (0x0000000089c4a8e8) 
thrown [s\src\hotspot\share\classfile\systemDictionary.cpp, line 256]
Event: 20.471 Thread 0x000001936cc352c0 Exception <a 'java/lang/ClassNotFoundException'{0x0000000089c51248}: build_2v3l14dxbqr096wua153gddsuCustomizer> (0x0000000089c51248) 
thrown [s\src\hotspot\share\classfile\systemDictionary.cpp, line 256]
Event: 20.483 Thread 0x000001936cc352c0 Exception <a 'java/lang/ClassNotFoundException'{0x0000000089b626b0}: config_4ikoys9sb70wfhp789tbmsc9rBeanInfo> (0x0000000089b626b0) 
thrown [s\src\hotspot\share\classfile\systemDictionary.cpp, line 256]
Event: 20.484 Thread 0x000001936cc352c0 Exception <a 'java/lang/ClassNotFoundException'{0x0000000089b6a2e8}: config_4ikoys9sb70wfhp789tbmsc9rCustomizer> (0x0000000089b6a2e8) 
thrown [s\src\hotspot\share\classfile\systemDictionary.cpp, line 256]
Event: 20.492 Thread 0x000001936cc352c0 Exception <a 'java/lang/ClassNotFoundException'{0x0000000089a3e758}: java/util/LinkedHashMapBeanInfo> (0x0000000089a3e758) 
thrown [s\src\hotspot\share\classfile\systemDictionary.cpp, line 256]
Event: 20.492 Thread 0x000001936cc352c0 Exception <a 'java/lang/ClassNotFoundException'{0x0000000089a43608}: java/util/LinkedHashMapCustomizer> (0x0000000089a43608) 
thrown [s\src\hotspot\share\classfile\systemDictionary.cpp, line 256]
Event: 20.529 Thread 0x000001936cc352c0 Exception <a 'java/lang/ClassNotFoundException'{0x00000000896cb310}: build_2v3l14dxbqr096wua153gddsuBeanInfo> (0x00000000896cb310) 
thrown [s\src\hotspot\share\classfile\systemDictionary.cpp, line 256]
Event: 20.530 Thread 0x000001936cc352c0 Exception <a 'java/lang/ClassNotFoundException'{0x00000000896d1c10}: build_2v3l14dxbqr096wua153gddsuCustomizer> (0x00000000896d1c10) 
thrown [s\src\hotspot\share\classfile\systemDictionary.cpp, line 256]
Event: 20.546 Thread 0x000001936cc352c0 Exception <a 'java/lang/ClassNotFoundException'{0x00000000892892e0}: org/gradle/api/internal/artifacts/configurations/DefaultConfigurationContainer_DecoratedBeanInfo> (0x00000000892892e0) 
thrown [s\src\hotspot\share\classfile\systemDictionary.cpp, line 256]
Event: 20.548 Thread 0x000001936cc352c0 Exception <a 'java/lang/ClassNotFoundException'{0x00000000892a2630}: org/gradle/api/internal/artifacts/configurations/DefaultConfigurationContainerBeanInfo> (0x00000000892a2630) 
thrown [s\src\hotspot\share\classfile\systemDictionary.cpp, line 256]
Event: 20.550 Thread 0x000001936cc352c0 Exception <a 'java/lang/ClassNotFoundException'{0x00000000892b8608}: org/gradle/api/internal/AbstractValidatingNamedDomainObjectContainerBeanInfo> (0x00000000892b8608) 
thrown [s\src\hotspot\share\classfile\systemDictionary.cpp, line 256]
Event: 20.551 Thread 0x000001936cc352c0 Exception <a 'java/lang/ClassNotFoundException'{0x00000000892ce620}: org/gradle/api/internal/AbstractValidatingNamedDomainObjectContainerCustomizer> (0x00000000892ce620) 
thrown [s\src\hotspot\share\classfile\systemDictionary.cpp, line 256]
Event: 20.553 Thread 0x000001936cc352c0 Exception <a 'java/lang/ClassNotFoundException'{0x00000000892f2e90}: org/gradle/api/internal/artifacts/configurations/DefaultConfigurationContainerCustomizer> (0x00000000892f2e90) 
thrown [s\src\hotspot\share\classfile\systemDictionary.cpp, line 256]
Event: 20.555 Thread 0x000001936cc352c0 Exception <a 'java/lang/ClassNotFoundException'{0x000000008913a2b8}: org/gradle/api/internal/artifacts/configurations/DefaultConfigurationContainer_DecoratedCustomizer> (0x000000008913a2b8) 
thrown [s\src\hotspot\share\classfile\systemDictionary.cpp, line 256]

VM Operations (20 events):
Event: 17.880 Executing VM operation: Cleanup done
Event: 19.453 Executing VM operation: HandshakeAllThreads
Event: 19.453 Executing VM operation: HandshakeAllThreads done
Event: 19.453 Executing VM operation: Cleanup
Event: 19.453 Executing VM operation: Cleanup done
Event: 19.513 Executing VM operation: HandshakeAllThreads
Event: 19.513 Executing VM operation: HandshakeAllThreads done
Event: 19.653 Executing VM operation: G1TryInitiateConcMark
Event: 19.660 Executing VM operation: G1TryInitiateConcMark done
Event: 19.718 Executing VM operation: G1PauseRemark
Event: 19.722 Executing VM operation: G1PauseRemark done
Event: 19.758 Executing VM operation: G1PauseCleanup
Event: 19.758 Executing VM operation: G1PauseCleanup done
Event: 20.137 Executing VM operation: G1CollectForAllocation
Event: 20.143 Executing VM operation: G1CollectForAllocation done
Event: 20.165 Executing VM operation: G1CollectForAllocation
Event: 20.169 Executing VM operation: G1CollectForAllocation done
Event: 20.437 Executing VM operation: ICBufferFull
Event: 20.437 Executing VM operation: ICBufferFull done
Event: 20.595 Executing VM operation: G1CollectForAllocation

Events (20 events):
Event: 20.328 loading class java/util/AbstractList$SubList
Event: 20.328 loading class java/util/AbstractList$SubList done
Event: 20.328 loading class java/util/AbstractList$RandomAccessSubList done
Event: 20.328 loading class java/util/AbstractList$SubList$1
Event: 20.328 loading class java/util/AbstractList$SubList$1 done
Event: 20.354 loading class java/io/FilterReader
Event: 20.354 loading class java/io/FilterReader done
Event: 20.492 loading class java/util/LinkedHashMapBeanInfo
Event: 20.492 loading class java/util/LinkedHashMapBeanInfo done
Event: 20.492 loading class java/util/LinkedHashMapBeanInfo
Event: 20.492 loading class java/util/LinkedHashMapBeanInfo done
Event: 20.492 loading class java/util/LinkedHashMapCustomizer
Event: 20.492 loading class java/util/LinkedHashMapCustomizer done
Event: 20.492 loading class java/util/LinkedHashMapCustomizer
Event: 20.492 loading class java/util/LinkedHashMapCustomizer done
Event: 20.510 Thread 0x00000193769ff1c0 Thread added: 0x00000193769ff1c0
Event: 20.511 Thread 0x0000019376a00600 Thread added: 0x0000019376a00600
Event: 20.511 Thread 0x00000193769fce50 Thread added: 0x00000193769fce50
Event: 20.513 Thread 0x00000193769fba10 Thread added: 0x00000193769fba10
Event: 20.513 Thread 0x0000019376a00b10 Thread added: 0x0000019376a00b10


Dynamic libraries:
0x00007ff7f6d80000 - 0x00007ff7f6d8e000 	C:\Program Files\Microsoft\jdk-17.0.8.7-hotspot\bin\java.exe
0x00007ffa3c9b0000 - 0x00007ffa3cbc7000 	C:\WINDOWS\SYSTEM32\ntdll.dll
0x00007ffa3b0c0000 - 0x00007ffa3b184000 	C:\WINDOWS\System32\KERNEL32.DLL
0x00007ffa3a2a0000 - 0x00007ffa3a64d000 	C:\WINDOWS\System32\KERNELBASE.dll
0x00007ffa39eb0000 - 0x00007ffa39fc1000 	C:\WINDOWS\System32\ucrtbase.dll
0x00007ffa1f390000 - 0x00007ffa1f3ab000 	C:\Program Files\Microsoft\jdk-17.0.8.7-hotspot\bin\VCRUNTIME140.dll
0x00007ffa23570000 - 0x00007ffa23587000 	C:\Program Files\Microsoft\jdk-17.0.8.7-hotspot\bin\jli.dll
0x00007ffa3be80000 - 0x00007ffa3c02e000 	C:\WINDOWS\System32\USER32.dll
0x00007ffa3a6c0000 - 0x00007ffa3a6e6000 	C:\WINDOWS\System32\win32u.dll
0x00007ffa19250000 - 0x00007ffa194e3000 	C:\WINDOWS\WinSxS\amd64_microsoft.windows.common-controls_6595b64144ccf1df_6.0.22621.3672_none_2713b9d173822955\COMCTL32.dll
0x00007ffa3b1a0000 - 0x00007ffa3b1c9000 	C:\WINDOWS\System32\GDI32.dll
0x00007ffa3c250000 - 0x00007ffa3c2f7000 	C:\WINDOWS\System32\msvcrt.dll
0x00007ffa39d90000 - 0x00007ffa39ea9000 	C:\WINDOWS\System32\gdi32full.dll
0x00007ffa3a200000 - 0x00007ffa3a29a000 	C:\WINDOWS\System32\msvcp_win.dll
0x00007ffa3c930000 - 0x00007ffa3c961000 	C:\WINDOWS\System32\IMM32.DLL
0x00007ffa36f20000 - 0x00007ffa36f2c000 	C:\Program Files\Microsoft\jdk-17.0.8.7-hotspot\bin\vcruntime140_1.dll
0x00007ff9fa750000 - 0x00007ff9fa7dd000 	C:\Program Files\Microsoft\jdk-17.0.8.7-hotspot\bin\msvcp140.dll
0x00007ff9b3c50000 - 0x00007ff9b48b5000 	C:\Program Files\Microsoft\jdk-17.0.8.7-hotspot\bin\server\jvm.dll
0x00007ffa3c0e0000 - 0x00007ffa3c192000 	C:\WINDOWS\System32\ADVAPI32.dll
0x00007ffa3c1a0000 - 0x00007ffa3c249000 	C:\WINDOWS\System32\sechost.dll
0x00007ffa39ce0000 - 0x00007ffa39d08000 	C:\WINDOWS\System32\bcrypt.dll
0x00007ffa3bc10000 - 0x00007ffa3bd24000 	C:\WINDOWS\System32\RPCRT4.dll
0x00007ffa392b0000 - 0x00007ffa392fd000 	C:\WINDOWS\SYSTEM32\POWRPROF.dll
0x00007ffa35760000 - 0x00007ffa35769000 	C:\WINDOWS\SYSTEM32\WSOCK32.dll
0x00007ffa35670000 - 0x00007ffa356a4000 	C:\WINDOWS\SYSTEM32\WINMM.dll
0x00007ffa3c5c0000 - 0x00007ffa3c631000 	C:\WINDOWS\System32\WS2_32.dll
0x00007ffa36250000 - 0x00007ffa3625a000 	C:\WINDOWS\SYSTEM32\VERSION.dll
0x00007ffa39270000 - 0x00007ffa39283000 	C:\WINDOWS\SYSTEM32\UMPDC.dll
0x00007ffa38d10000 - 0x00007ffa38d28000 	C:\WINDOWS\SYSTEM32\kernel.appcore.dll
0x00007ffa363e0000 - 0x00007ffa363ea000 	C:\Program Files\Microsoft\jdk-17.0.8.7-hotspot\bin\jimage.dll
0x00007ffa281d0000 - 0x00007ffa28402000 	C:\WINDOWS\SYSTEM32\DBGHELP.DLL
0x00007ffa3ab70000 - 0x00007ffa3aef8000 	C:\WINDOWS\System32\combase.dll
0x00007ffa3c740000 - 0x00007ffa3c817000 	C:\WINDOWS\System32\OLEAUT32.dll
0x00007ffa0ecc0000 - 0x00007ffa0ecf2000 	C:\WINDOWS\SYSTEM32\dbgcore.DLL
0x00007ffa39d10000 - 0x00007ffa39d8b000 	C:\WINDOWS\System32\bcryptPrimitives.dll
0x00007ffa267b0000 - 0x00007ffa267be000 	C:\Program Files\Microsoft\jdk-17.0.8.7-hotspot\bin\instrument.dll
0x00007ffa071e0000 - 0x00007ffa07205000 	C:\Program Files\Microsoft\jdk-17.0.8.7-hotspot\bin\java.dll
0x00007ff9b5040000 - 0x00007ff9b5117000 	C:\Program Files\Microsoft\jdk-17.0.8.7-hotspot\bin\jsvml.dll
0x00007ffa3b250000 - 0x00007ffa3baaf000 	C:\WINDOWS\System32\SHELL32.dll
0x00007ffa37c30000 - 0x00007ffa3852c000 	C:\WINDOWS\SYSTEM32\windows.storage.dll
0x00007ffa37af0000 - 0x00007ffa37c2f000 	C:\WINDOWS\SYSTEM32\wintypes.dll
0x00007ffa3c310000 - 0x00007ffa3c404000 	C:\WINDOWS\System32\SHCORE.dll
0x00007ffa3be00000 - 0x00007ffa3be5e000 	C:\WINDOWS\System32\shlwapi.dll
0x00007ffa39c10000 - 0x00007ffa39c31000 	C:\WINDOWS\SYSTEM32\profapi.dll
0x00007ffa0a9a0000 - 0x00007ffa0a9b8000 	C:\Program Files\Microsoft\jdk-17.0.8.7-hotspot\bin\zip.dll
0x00007ffa1d060000 - 0x00007ffa1d079000 	C:\Program Files\Microsoft\jdk-17.0.8.7-hotspot\bin\net.dll
0x00007ffa35c90000 - 0x00007ffa35dc6000 	C:\WINDOWS\SYSTEM32\WINHTTP.dll
0x00007ffa39200000 - 0x00007ffa39269000 	C:\WINDOWS\system32\mswsock.dll
0x00007ffa116c0000 - 0x00007ffa116d6000 	C:\Program Files\Microsoft\jdk-17.0.8.7-hotspot\bin\nio.dll
0x00007ffa35290000 - 0x00007ffa352a0000 	C:\Program Files\Microsoft\jdk-17.0.8.7-hotspot\bin\verify.dll
0x00007ffa11890000 - 0x00007ffa118b7000 	C:\Users\ASIM GOPE\.gradle\native\c067742578af261105cb4f569cf0c3c89f3d7b1fecec35dd04571415982c5e48\windows-amd64\native-platform.dll
0x00007ff9b7c90000 - 0x00007ff9b7dd4000 	C:\Users\ASIM GOPE\.gradle\native\38dada09dfb8b06ba9b0570ebf7e218e3eb74d4ef43ca46872605cf95ebc2f47\windows-amd64\native-platform-file-events.dll
0x00007ffa11b40000 - 0x00007ffa11b49000 	C:\Program Files\Microsoft\jdk-17.0.8.7-hotspot\bin\management.dll
0x00007ffa11a00000 - 0x00007ffa11a0b000 	C:\Program Files\Microsoft\jdk-17.0.8.7-hotspot\bin\management_ext.dll
0x00007ffa3b190000 - 0x00007ffa3b198000 	C:\WINDOWS\System32\PSAPI.DLL
0x00007ffa394d0000 - 0x00007ffa394eb000 	C:\WINDOWS\SYSTEM32\CRYPTSP.dll
0x00007ffa38c70000 - 0x00007ffa38ca5000 	C:\WINDOWS\system32\rsaenh.dll
0x00007ffa39370000 - 0x00007ffa39398000 	C:\WINDOWS\SYSTEM32\USERENV.dll
0x00007ffa394f0000 - 0x00007ffa394fc000 	C:\WINDOWS\SYSTEM32\CRYPTBASE.dll
0x00007ffa387d0000 - 0x00007ffa387fd000 	C:\WINDOWS\SYSTEM32\IPHLPAPI.DLL
0x00007ffa3bda0000 - 0x00007ffa3bda9000 	C:\WINDOWS\System32\NSI.dll
0x00007ffa36210000 - 0x00007ffa36229000 	C:\WINDOWS\SYSTEM32\dhcpcsvc6.DLL
0x00007ffa361f0000 - 0x00007ffa3620f000 	C:\WINDOWS\SYSTEM32\dhcpcsvc.DLL
0x00007ffa38800000 - 0x00007ffa388f8000 	C:\WINDOWS\SYSTEM32\DNSAPI.dll
0x00007ffa35530000 - 0x00007ffa3553e000 	C:\Program Files\Microsoft\jdk-17.0.8.7-hotspot\bin\sunmscapi.dll
0x00007ffa3a090000 - 0x00007ffa3a1f7000 	C:\WINDOWS\System32\CRYPT32.dll
0x00007ffa39670000 - 0x00007ffa3969e000 	C:\WINDOWS\SYSTEM32\ncrypt.dll
0x00007ffa39630000 - 0x00007ffa39667000 	C:\WINDOWS\SYSTEM32\NTASN1.dll
0x00007ffa26850000 - 0x00007ffa26858000 	C:\WINDOWS\system32\wshunix.dll
0x00007ffa0ad30000 - 0x00007ffa0ad47000 	C:\WINDOWS\system32\napinsp.dll
0x00007ffa0ad10000 - 0x00007ffa0ad2b000 	C:\WINDOWS\system32\pnrpnsp.dll
0x00007ffa0acf0000 - 0x00007ffa0ad01000 	C:\WINDOWS\System32\winrnr.dll
0x00007ffa0acd0000 - 0x00007ffa0ace5000 	C:\WINDOWS\system32\wshbth.dll
0x00007ffa0aca0000 - 0x00007ffa0acc7000 	C:\WINDOWS\system32\nlansp_c.dll
0x00007ffa32560000 - 0x00007ffa3256a000 	C:\Windows\System32\rasadhlp.dll
0x00007ffa337e0000 - 0x00007ffa33863000 	C:\WINDOWS\System32\fwpuclnt.dll

dbghelp: loaded successfully - version: 4.0.5 - missing functions: none
symbol engine: initialized successfully - sym options: 0x614 - pdb path: .;C:\Program Files\Microsoft\jdk-17.0.8.7-hotspot\bin;C:\WINDOWS\SYSTEM32;C:\WINDOWS\WinSxS\amd64_microsoft.windows.common-controls_6595b64144ccf1df_6.0.22621.3672_none_2713b9d173822955;C:\Program Files\Microsoft\jdk-17.0.8.7-hotspot\bin\server;C:\Users\ASIM GOPE\.gradle\native\c067742578af261105cb4f569cf0c3c89f3d7b1fecec35dd04571415982c5e48\windows-amd64;C:\Users\ASIM GOPE\.gradle\native\38dada09dfb8b06ba9b0570ebf7e218e3eb74d4ef43ca46872605cf95ebc2f47\windows-amd64

VM Arguments:
jvm_args: -XX:MaxMetaspaceSize=512m --add-opens=java.base/java.util=ALL-UNNAMED --add-opens=java.base/java.lang=ALL-UNNAMED --add-opens=java.base/java.lang.invoke=ALL-UNNAMED --add-opens=java.prefs/java.util.prefs=ALL-UNNAMED --add-opens=java.base/java.nio.charset=ALL-UNNAMED --add-opens=java.base/java.net=ALL-UNNAMED --add-opens=java.base/java.util.concurrent.atomic=ALL-UNNAMED -Xmx2048m -Dfile.encoding=windows-1252 -Duser.country=IN -Duser.language=en -Duser.variant -javaagent:C:\Users\ASIM GOPE\.gradle\wrapper\dists\gradle-8.6-all\3mbtmo166bl6vumsh5k2lkq5h\gradle-8.6\lib\agents\gradle-instrumentation-agent-8.6.jar 
java_command: org.gradle.launcher.daemon.bootstrap.GradleDaemon 8.6
java_class_path (initial): C:\Users\ASIM GOPE\.gradle\wrapper\dists\gradle-8.6-all\3mbtmo166bl6vumsh5k2lkq5h\gradle-8.6\lib\gradle-launcher-8.6.jar
Launcher Type: SUN_STANDARD

[Global flags]
     intx CICompilerCount                          = 4                                         {product} {ergonomic}
   size_t CompressedClassSpaceSize                 = 436207616                                 {product} {ergonomic}
     uint ConcGCThreads                            = 2                                         {product} {ergonomic}
     uint G1ConcRefinementThreads                  = 8                                         {product} {ergonomic}
   size_t G1HeapRegionSize                         = 1048576                                   {product} {ergonomic}
    uintx GCDrainStackTargetSize                   = 64                                        {product} {ergonomic}
   size_t InitialHeapSize                          = 132120576                                 {product} {ergonomic}
   size_t MarkStackSize                            = 4194304                                   {product} {ergonomic}
   size_t MaxHeapSize                              = 2147483648                                {product} {command line}
   size_t MaxMetaspaceSize                         = 536870912                                 {product} {command line}
   size_t MaxNewSize                               = 1287651328                                {product} {ergonomic}
   size_t MinHeapDeltaBytes                        = 1048576                                   {product} {ergonomic}
   size_t MinHeapSize                              = 8388608                                   {product} {ergonomic}
    uintx NonNMethodCodeHeapSize                   = 5839372                                {pd product} {ergonomic}
    uintx NonProfiledCodeHeapSize                  = 122909434                              {pd product} {ergonomic}
    uintx ProfiledCodeHeapSize                     = 122909434                              {pd product} {ergonomic}
    uintx ReservedCodeCacheSize                    = 251658240                              {pd product} {ergonomic}
     bool SegmentedCodeCache                       = true                                      {product} {ergonomic}
   size_t SoftMaxHeapSize                          = 2147483648                             {manageable} {ergonomic}
     bool UseCompressedClassPointers               = true                           {product lp64_product} {ergonomic}
     bool UseCompressedOops                        = true                           {product lp64_product} {ergonomic}
     bool UseG1GC                                  = true                                      {product} {ergonomic}
     bool UseLargePagesIndividualAllocation        = false                                  {pd product} {ergonomic}

Logging:
Log output configuration:
 #0: stdout all=warning uptime,level,tags
 #1: stderr all=off uptime,level,tags

Environment Variables:
JAVA_HOME=C:\Program Files\Microsoft\jdk-17.0.8.7-hotspot\
CLASSPATH=A:\dev--\Saswatsir\Protime2\ProtimeESS\android\\gradle\wrapper\gradle-wrapper.jar
PATH=C:\Program Files\Common Files\Siemens\Automation\Simatic OAM\bin;C:\Program Files\Microsoft\jdk-17.0.8.7-hotspot\bin;C:\Python312\Scripts\;C:\Python312\;C:\oraclexe\app\oracle\product\11.2.0\server\bin;C:\Python310\Scripts\;C:\Python310\;C:\Program Files\Common Files\Oracle\Java\javapath;C:\Windows\system32;C:\Windows;C:\Windows\System32\Wbem;C:\Windows\System32\WindowsPowerShell\v1.0\;C:\Windows\System32\OpenSSH\;C:\Program Files (x86)\NVIDIA Corporation\PhysX\Common;C:\Program Files\NVIDIA Corporation\NVIDIA NvDLISR;C:\Program Files\Java\jdk-15.0.1\bin;C:\Program Files\Java\jdk-15.0.1;C:\MinGW\bin;C:\Program Files\Java\jdk-15.0.1\bin\;A:\asim\PUBGLite\PUBGLite;C:\Users\ASIM GOPE\AppData\Local\Programs\Microsoft VS Code\bin;C:\ProgramData\chocolatey\bin;C:\WINDOWS\system32;C:\WINDOWS;C:\WINDOWS\System32\Wbem;C:\WINDOWS\System32\WindowsPowerShell\v1.0\;C:\WINDOWS\System32\OpenSSH\;C:\Program Files\OpenJDK\openjdk-11.0.13_8\bin;C:\Program Files\Git\cmd;C:\Program Files\Microsoft SQL Server\150\Tools\Binn\;C:\Program Files\nodejs\;A:\bin;C:\Program Files\CMake\bin;C:\Program Files\Common Files\Siemens\Automation\Simatic OAM\bin;C:\Program Files\Microsoft\jdk-17.0.8.7-hotspot\bin;C:\Python312\Scripts\;C:\Python312\;C:\oraclexe\app\oracle\product\11.2.0\server\bin;C:\Python310\Scripts\;C:\Python310\;C:\Program Files\Common Files\Oracle\Java\javapath;C:\Windows\system32;C:\Windows;C:\Windows\System32\Wbem;C:\Windows\System32\WindowsPowerShell\v1.0\;C:\Windows\System32\OpenSSH\;C:\Program Files (x86)\NVIDIA Corporation\PhysX\Common;C:\Program Files\NVIDIA Corporation\NVIDIA NvDLISR;C:\Program Files\Java\jdk-15.0.1\bin;C:\Program Files\Java\jdk-15.0.1;C:\MinGW\bin;C:\Program Files\Java\jdk-15.0.1\bin\;A:\asim\PUBGLite\PUBGLite;C:\Users\ASIM GOPE\AppData\Local\Programs\Microsoft VS Code\bin;C:\ProgramData\chocolatey\bin;C:\WINDOWS\system32;C:\WINDOWS;C:\WINDOWS\System32\Wbem;C:\WINDOWS\System32\WindowsPowerShell\v1.0\;C:\WINDOWS\System32\OpenSSH\;C:\Program Files\OpenJDK\
USERNAME=ASIM GOPE
LANG=en_US.UTF-8
OS=Windows_NT
PROCESSOR_IDENTIFIER=Intel64 Family 6 Model 158 Stepping 13, GenuineIntel
TMP=C:\Users\ASIMGO~1\AppData\Local\Temp
TEMP=C:\Users\ASIMGO~1\AppData\Local\Temp



---------------  S Y S T E M  ---------------

OS:
 Windows 11 , 64 bit Build 22621 (10.0.22621.3672)
OS uptime: 0 days 17:54 hours

CPU: total 8 (initial active 8) (4 cores per cpu, 2 threads per core) family 6 model 158 stepping 13 microcode 0xde, cx8, cmov, fxsr, ht, mmx, 3dnowpref, sse, sse2, sse3, ssse3, sse4.1, sse4.2, popcnt, lzcnt, tsc, tscinvbit, avx, avx2, aes, erms, clmul, bmi1, bmi2, adx, fma, vzeroupper, clflush, clflushopt
Processor Information for all 8 processors :
  Max Mhz: 2401, Current Mhz: 2400, Mhz Limit: 2376

Memory: 4k page, system-wide physical 8036M (490M free)
TotalPageFile size 31019M (AvailPageFile size 294M)
current process WorkingSet (physical memory assigned to process): 468M, peak: 475M
current process commit charge ("private bytes"): 508M, peak: 928M

vm_info: OpenJDK 64-Bit Server VM (17.0.8+7-LTS) for windows-amd64 JRE (17.0.8+7-LTS), built on Jul  7 2023 17:21:55 by "MicrosoftCorporation" with MS VC++ 16.10 / 16.11 (VS2019)

END.
